[+] Containers:
 |- [+] Container: /Game/ThirdPerson/Maps/ThirdPersonMap2
 |   |- [+] ActorDescs:
 |   |   |- Guid:0AD7E4FB4861DB8D3C153297802CF0A5 BaseClass: NativeClass:/Script/Engine.StaticMeshActor Name:StaticMeshActor_UAID_D843AE06D09DFCF701_1610773356 Label:Floor_400x412 SpatiallyLoaded:1 Bounds:IsValid=true, Min=(X=-1008.000 Y=-599.000 Z=-19.000), Max=(X=-608.000 Y=-199.000 Z=1.000) RuntimeGrid:None EditorOnly:0 RuntimeOnly:0 HLODRelevant:1 ListedInSceneOutliner:1 IsMainWorldOnly:0
 |   |   |- Guid:340BADB642F890218736F7B7124F7696 BaseClass: NativeClass:/Script/Engine.WorldDataLayers Name:WorldDataLayers Label:WorldDataLayers SpatiallyLoaded:0 Bounds:Invalid RuntimeGrid:None EditorOnly:0 RuntimeOnly:0 HLODRelevant:0 ListedInSceneOutliner:1 IsMainWorldOnly:1
 |   |   |- Guid:40F9F46B42F728A2FA3E4C8301795733 BaseClass: NativeClass:/Script/Engine.VolumetricCloud Name:VolumetricCloud_0 Label:VolumetricCloud SpatiallyLoaded:0 Bounds:IsValid=true, Min=(X=-3270.000 Y=0.000 Z=820.000), Max=(X=-3270.000 Y=0.000 Z=820.000) RuntimeGrid:None EditorOnly:0 RuntimeOnly:0 HLODRelevant:0 ListedInSceneOutliner:1 IsMainWorldOnly:0 FolderPath:Lighting FolderGuid:963EC3EB4002CCE9759E2EBA541A873A
 |   |   |- Guid:4103838A4E463EB691B5D99A631F2159 BaseClass: NativeClass:/Script/Engine.StaticMeshActor Name:StaticMeshActor_UAID_D843AE06D09DFCF701_1630215358 Label:Floor_400x414 SpatiallyLoaded:1 Bounds:IsValid=true, Min=(X=-1008.000 Y=201.000 Z=-19.000), Max=(X=-608.000 Y=601.000 Z=1.000) RuntimeGrid:None EditorOnly:0 RuntimeOnly:0 HLODRelevant:1 ListedInSceneOutliner:1 IsMainWorldOnly:0
 |   |   |- Guid:49D057AC467752644B2265B07F870A3A BaseClass: NativeClass:/Script/Engine.StaticMeshActor Name:StaticMeshActor_UAID_D843AE06D09DFCF701_1598454354 Label:Floor_400x410 SpatiallyLoaded:1 Bounds:IsValid=true, Min=(X=-1008.000 Y=-999.000 Z=-19.000), Max=(X=-608.000 Y=-599.000 Z=1.000) RuntimeGrid:None EditorOnly:0 RuntimeOnly:0 HLODRelevant:1 ListedInSceneOutliner:1 IsMainWorldOnly:0
 |   |   |- Guid:4A0E71F44C960F63B3C8F1AF81FB3EC6 BaseClass:/Game/FollowMeLibrary/Companion/BTCompanion/Companion_BP.Companion_BP_C NativeClass:/Script/Engine.Character Name:Companion_BP_C_UAID_D843AE06D09D18F101_1961433889 Label:Companion_BP SpatiallyLoaded:1 Bounds:IsValid=true, Min=(X=-942.536 Y=-1032.000 Z=-1.000), Max=(X=-871.000 Y=-964.000 Z=181.912) RuntimeGrid:None EditorOnly:0 RuntimeOnly:0 HLODRelevant:0 ListedInSceneOutliner:1 IsMainWorldOnly:0
 |   |   |- Guid:58CD38D045509749716EE7BB37CE9C03 BaseClass: NativeClass:/Script/NavigationSystem.NavMeshBoundsVolume Name:NavMeshBoundsVolume_UAID_D843AE06D09D55EE01_2145601601 Label:NavMeshBoundsVolume SpatiallyLoaded:0 Bounds:IsValid=true, Min=(X=-4570.000 Y=-1644.000 Z=-800.000), Max=(X=3630.000 Y=10156.000 Z=1200.000) RuntimeGrid:None EditorOnly:0 RuntimeOnly:0 HLODRelevant:0 ListedInSceneOutliner:1 IsMainWorldOnly:0
 |   |   |- Guid:596F98224266DE8E81275E8874BE0792 BaseClass: NativeClass:/Script/Engine.SkyAtmosphere Name:SkyAtmosphere_0 Label:SkyAtmosphere SpatiallyLoaded:0 Bounds:IsValid=true, Min=(X=-3270.000 Y=0.000 Z=1020.000), Max=(X=-3270.000 Y=0.000 Z=1020.000) RuntimeGrid:None EditorOnly:0 RuntimeOnly:0 HLODRelevant:0 ListedInSceneOutliner:1 IsMainWorldOnly:0 FolderPath:Lighting FolderGuid:963EC3EB4002CCE9759E2EBA541A873A
 |   |   |- Guid:613574F7462AA7B27EAF3DA4A03CC872 BaseClass: NativeClass:/Script/Engine.StaticMeshActor Name:StaticMeshActor_UAID_D843AE06D09DFDF701_2080367524 Label:Floor_400x417 SpatiallyLoaded:1 Bounds:IsValid=true, Min=(X=-1405.000 Y=201.000 Z=-19.000), Max=(X=-1005.000 Y=601.000 Z=1.000) RuntimeGrid:None EditorOnly:0 RuntimeOnly:0 HLODRelevant:1 ListedInSceneOutliner:1 IsMainWorldOnly:0
 |   |   |- Guid:642585AF4AD7C4C33CD647B24428DFAB BaseClass: NativeClass:/Script/Engine.SkyLight Name:SkyLight_1 Label:SkyLight SpatiallyLoaded:0 Bounds:IsValid=true, Min=(X=-3270.000 Y=0.000 Z=690.000), Max=(X=-3270.000 Y=0.000 Z=690.000) RuntimeGrid:None EditorOnly:0 RuntimeOnly:0 HLODRelevant:0 ListedInSceneOutliner:1 IsMainWorldOnly:0 FolderPath:Lighting FolderGuid:963EC3EB4002CCE9759E2EBA541A873A
 |   |   |- Guid:76A134474BE2E9B9AA9EAD8690F9ACAC BaseClass: NativeClass:/Script/Engine.StaticMeshActor Name:StaticMeshActor_UAID_D843AE06D09DFDF701_2110067526 Label:Floor_400x419 SpatiallyLoaded:1 Bounds:IsValid=true, Min=(X=-1807.000 Y=-199.000 Z=-19.000), Max=(X=-1407.000 Y=201.000 Z=1.000) RuntimeGrid:None EditorOnly:0 RuntimeOnly:0 HLODRelevant:1 ListedInSceneOutliner:1 IsMainWorldOnly:0
 |   |   |- Guid:78D6C53A43A8ABEB7BD93783CCF65931 BaseClass: NativeClass:/Script/Engine.StaticMeshActor Name:StaticMeshActor_UAID_D843AE06D09DFDF701_2089511525 Label:Floor_400x418 SpatiallyLoaded:1 Bounds:IsValid=true, Min=(X=-1805.000 Y=201.000 Z=-19.000), Max=(X=-1405.000 Y=601.000 Z=1.000) RuntimeGrid:None EditorOnly:0 RuntimeOnly:0 HLODRelevant:1 ListedInSceneOutliner:1 IsMainWorldOnly:0
 |   |   |- Guid:798798694A735D4F5DB4DB8E032C65E7 BaseClass: NativeClass:/Script/Engine.DirectionalLight Name:DirectionalLight_0 Label:DirectionalLight SpatiallyLoaded:0 Bounds:IsValid=true, Min=(X=-4398046511104.000 Y=-4398046511104.000 Z=-4398046511104.000), Max=(X=4398046511104.000 Y=4398046511104.000 Z=4398046511104.000) RuntimeGrid:None EditorOnly:0 RuntimeOnly:0 HLODRelevant:0 ListedInSceneOutliner:1 IsMainWorldOnly:0 FolderPath:Lighting FolderGuid:963EC3EB4002CCE9759E2EBA541A873A
 |   |   |- Guid:90F563B5463D4F6F56AA4F9B25589DC6 BaseClass: NativeClass:/Script/Engine.StaticMeshActor Name:StaticMeshActor_UAID_A4AE111137DC5EFB00_1110535423 Label:SM_SkySphere SpatiallyLoaded:0 Bounds:IsValid=true, Min=(X=-1641670.000 Y=-1638400.000 Z=-1638400.000), Max=(X=1635130.000 Y=1638400.000 Z=1638400.000) RuntimeGrid:None EditorOnly:0 RuntimeOnly:0 HLODRelevant:1 ListedInSceneOutliner:1 IsMainWorldOnly:0 FolderPath:Lighting FolderGuid:963EC3EB4002CCE9759E2EBA541A873A
 |   |   |- Guid:A3C91E6F42BBB31114BC499A1931CD06 BaseClass: NativeClass:/Script/Engine.StaticMeshActor Name:StaticMeshActor_UAID_D843AE06D09DFCF701_1618996357 Label:Floor_400x413 SpatiallyLoaded:1 Bounds:IsValid=true, Min=(X=-1008.000 Y=-199.000 Z=-19.000), Max=(X=-608.000 Y=201.000 Z=1.000) RuntimeGrid:None EditorOnly:0 RuntimeOnly:0 HLODRelevant:1 ListedInSceneOutliner:1 IsMainWorldOnly:0
 |   |   |- Guid:B60C952747593C6C648FDDA858057FDA BaseClass: NativeClass:/Script/Engine.PostProcessVolume Name:PostProcessVolume_0 Label:PostProcessVolume SpatiallyLoaded:0 Bounds:IsValid=true, Min=(X=-3270.000 Y=0.000 Z=400.000), Max=(X=-3070.000 Y=200.000 Z=600.000) RuntimeGrid:None EditorOnly:0 RuntimeOnly:0 HLODRelevant:0 ListedInSceneOutliner:1 IsMainWorldOnly:0 FolderPath:Lighting FolderGuid:963EC3EB4002CCE9759E2EBA541A873A
 |   |   |- Guid:BE87DEF54FA7C08A373DE49F9B7B4852 BaseClass: NativeClass:/Script/Engine.StaticMeshActor Name:StaticMeshActor_UAID_D843AE06D09DFCF701_1598456355 Label:Floor_400x411 SpatiallyLoaded:1 Bounds:IsValid=true, Min=(X=-1008.000 Y=-1399.000 Z=-19.000), Max=(X=-608.000 Y=-999.000 Z=1.000) RuntimeGrid:None EditorOnly:0 RuntimeOnly:0 HLODRelevant:1 ListedInSceneOutliner:1 IsMainWorldOnly:0
 |   |   |- Guid:C5F7D3DE49120354D5993EAF5A600D71 BaseClass: NativeClass:/Script/Engine.ExponentialHeightFog Name:ExponentialHeightFog_0 Label:ExponentialHeightFog SpatiallyLoaded:0 Bounds:IsValid=true, Min=(X=-8870.000 Y=-50.000 Z=-6850.000), Max=(X=-8870.000 Y=-50.000 Z=-6850.000) RuntimeGrid:None EditorOnly:0 RuntimeOnly:0 HLODRelevant:0 ListedInSceneOutliner:1 IsMainWorldOnly:0 FolderPath:Lighting FolderGuid:963EC3EB4002CCE9759E2EBA541A873A
 |   |   |- Guid:D23E83104658629D63FA94A5A4F910FF BaseClass: NativeClass:/Script/Engine.StaticMeshActor Name:StaticMeshActor_UAID_D843AE06D09DFDF701_2039571522 Label:Floor_400x415 SpatiallyLoaded:1 Bounds:IsValid=true, Min=(X=-1407.000 Y=-599.000 Z=-19.000), Max=(X=-1007.000 Y=-199.000 Z=1.000) RuntimeGrid:None EditorOnly:0 RuntimeOnly:0 HLODRelevant:1 ListedInSceneOutliner:1 IsMainWorldOnly:0
 |   |   |- Guid:D5BCC33C4631F4818E361C9F9AEE3891 BaseClass: NativeClass:/Script/NavigationSystem.RecastNavMesh Name:RecastNavMesh_UAID_D843AE06D09D55EE01-Default Label:RecastNavMesh-Default SpatiallyLoaded:0 Bounds:IsValid=true, Min=(X=0.000 Y=0.000 Z=0.000), Max=(X=0.000 Y=0.000 Z=0.000) RuntimeGrid:None EditorOnly:0 RuntimeOnly:0 HLODRelevant:0 ListedInSceneOutliner:1 IsMainWorldOnly:0
 |   |   |- Guid:EA70F62F441439331A19498DFFCEA02D BaseClass:/Game/FollowMeLibrary/Player/ThirdPersonCharacter.ThirdPersonCharacter_C NativeClass:/Script/Engine.Character Name:ThirdPersonCharacter_C_UAID_D843AE06D09D17F101_2025650710 Label:ThirdPersonCharacter SpatiallyLoaded:1 Bounds:IsValid=true, Min=(X=-798.000 Y=-1076.000 Z=0.000), Max=(X=-730.000 Y=-1004.409 Z=181.336) RuntimeGrid:None EditorOnly:0 RuntimeOnly:0 HLODRelevant:0 ListedInSceneOutliner:1 IsMainWorldOnly:0
 |   |   |- Guid:F58CA27E4540837AEA3F549E2A256C1F BaseClass: NativeClass:/Script/Engine.TextRenderActor Name:TextRenderActor_1 Label:TextRenderActor SpatiallyLoaded:1 Bounds:IsValid=true, Min=(X=-2610.100 Y=1100.000 Z=65.013), Max=(X=-2610.100 Y=2392.308 Z=215.013) RuntimeGrid:None EditorOnly:0 RuntimeOnly:0 HLODRelevant:0 ListedInSceneOutliner:1 IsMainWorldOnly:0
 |   |   |- Guid:FBDCEDA74A63EA041A0389AA6FE4B564 BaseClass: NativeClass:/Script/Engine.StaticMeshActor Name:StaticMeshActor_UAID_D843AE06D09DFDF701_2055476523 Label:Floor_400x416 SpatiallyLoaded:1 Bounds:IsValid=true, Min=(X=-1807.000 Y=-599.000 Z=-19.000), Max=(X=-1407.000 Y=-199.000 Z=1.000) RuntimeGrid:None EditorOnly:0 RuntimeOnly:0 HLODRelevant:1 ListedInSceneOutliner:1 IsMainWorldOnly:0
 |   |- [+] Clusters:
 |   |   |- [+] [  0]
 |   |   |   |- Guid:0AD7E4FB4861DB8D3C153297802CF0A5 BaseClass: NativeClass:/Script/Engine.StaticMeshActor Name:StaticMeshActor_UAID_D843AE06D09DFCF701_1610773356 Label:Floor_400x412 SpatiallyLoaded:1 Bounds:IsValid=true, Min=(X=-1008.000 Y=-599.000 Z=-19.000), Max=(X=-608.000 Y=-199.000 Z=1.000) RuntimeGrid:None EditorOnly:0 RuntimeOnly:0 HLODRelevant:1 ListedInSceneOutliner:1 IsMainWorldOnly:0
 |   |   |- [+] [  1]
 |   |   |   |- Guid:340BADB642F890218736F7B7124F7696 BaseClass: NativeClass:/Script/Engine.WorldDataLayers Name:WorldDataLayers Label:WorldDataLayers SpatiallyLoaded:0 Bounds:Invalid RuntimeGrid:None EditorOnly:0 RuntimeOnly:0 HLODRelevant:0 ListedInSceneOutliner:1 IsMainWorldOnly:1
 |   |   |- [+] [  2]
 |   |   |   |- Guid:40F9F46B42F728A2FA3E4C8301795733 BaseClass: NativeClass:/Script/Engine.VolumetricCloud Name:VolumetricCloud_0 Label:VolumetricCloud SpatiallyLoaded:0 Bounds:IsValid=true, Min=(X=-3270.000 Y=0.000 Z=820.000), Max=(X=-3270.000 Y=0.000 Z=820.000) RuntimeGrid:None EditorOnly:0 RuntimeOnly:0 HLODRelevant:0 ListedInSceneOutliner:1 IsMainWorldOnly:0 FolderPath:Lighting FolderGuid:963EC3EB4002CCE9759E2EBA541A873A
 |   |   |- [+] [  3]
 |   |   |   |- Guid:4103838A4E463EB691B5D99A631F2159 BaseClass: NativeClass:/Script/Engine.StaticMeshActor Name:StaticMeshActor_UAID_D843AE06D09DFCF701_1630215358 Label:Floor_400x414 SpatiallyLoaded:1 Bounds:IsValid=true, Min=(X=-1008.000 Y=201.000 Z=-19.000), Max=(X=-608.000 Y=601.000 Z=1.000) RuntimeGrid:None EditorOnly:0 RuntimeOnly:0 HLODRelevant:1 ListedInSceneOutliner:1 IsMainWorldOnly:0
 |   |   |- [+] [  4]
 |   |   |   |- Guid:49D057AC467752644B2265B07F870A3A BaseClass: NativeClass:/Script/Engine.StaticMeshActor Name:StaticMeshActor_UAID_D843AE06D09DFCF701_1598454354 Label:Floor_400x410 SpatiallyLoaded:1 Bounds:IsValid=true, Min=(X=-1008.000 Y=-999.000 Z=-19.000), Max=(X=-608.000 Y=-599.000 Z=1.000) RuntimeGrid:None EditorOnly:0 RuntimeOnly:0 HLODRelevant:1 ListedInSceneOutliner:1 IsMainWorldOnly:0
 |   |   |- [+] [  5]
 |   |   |   |- Guid:4A0E71F44C960F63B3C8F1AF81FB3EC6 BaseClass:/Game/FollowMeLibrary/Companion/BTCompanion/Companion_BP.Companion_BP_C NativeClass:/Script/Engine.Character Name:Companion_BP_C_UAID_D843AE06D09D18F101_1961433889 Label:Companion_BP SpatiallyLoaded:1 Bounds:IsValid=true, Min=(X=-942.536 Y=-1032.000 Z=-1.000), Max=(X=-871.000 Y=-964.000 Z=181.912) RuntimeGrid:None EditorOnly:0 RuntimeOnly:0 HLODRelevant:0 ListedInSceneOutliner:1 IsMainWorldOnly:0
 |   |   |   |- Guid:EA70F62F441439331A19498DFFCEA02D BaseClass:/Game/FollowMeLibrary/Player/ThirdPersonCharacter.ThirdPersonCharacter_C NativeClass:/Script/Engine.Character Name:ThirdPersonCharacter_C_UAID_D843AE06D09D17F101_2025650710 Label:ThirdPersonCharacter SpatiallyLoaded:1 Bounds:IsValid=true, Min=(X=-798.000 Y=-1076.000 Z=0.000), Max=(X=-730.000 Y=-1004.409 Z=181.336) RuntimeGrid:None EditorOnly:0 RuntimeOnly:0 HLODRelevant:0 ListedInSceneOutliner:1 IsMainWorldOnly:0
 |   |   |- [+] [  6]
 |   |   |   |- Guid:58CD38D045509749716EE7BB37CE9C03 BaseClass: NativeClass:/Script/NavigationSystem.NavMeshBoundsVolume Name:NavMeshBoundsVolume_UAID_D843AE06D09D55EE01_2145601601 Label:NavMeshBoundsVolume SpatiallyLoaded:0 Bounds:IsValid=true, Min=(X=-4570.000 Y=-1644.000 Z=-800.000), Max=(X=3630.000 Y=10156.000 Z=1200.000) RuntimeGrid:None EditorOnly:0 RuntimeOnly:0 HLODRelevant:0 ListedInSceneOutliner:1 IsMainWorldOnly:0
 |   |   |- [+] [  7]
 |   |   |   |- Guid:596F98224266DE8E81275E8874BE0792 BaseClass: NativeClass:/Script/Engine.SkyAtmosphere Name:SkyAtmosphere_0 Label:SkyAtmosphere SpatiallyLoaded:0 Bounds:IsValid=true, Min=(X=-3270.000 Y=0.000 Z=1020.000), Max=(X=-3270.000 Y=0.000 Z=1020.000) RuntimeGrid:None EditorOnly:0 RuntimeOnly:0 HLODRelevant:0 ListedInSceneOutliner:1 IsMainWorldOnly:0 FolderPath:Lighting FolderGuid:963EC3EB4002CCE9759E2EBA541A873A
 |   |   |- [+] [  8]
 |   |   |   |- Guid:613574F7462AA7B27EAF3DA4A03CC872 BaseClass: NativeClass:/Script/Engine.StaticMeshActor Name:StaticMeshActor_UAID_D843AE06D09DFDF701_2080367524 Label:Floor_400x417 SpatiallyLoaded:1 Bounds:IsValid=true, Min=(X=-1405.000 Y=201.000 Z=-19.000), Max=(X=-1005.000 Y=601.000 Z=1.000) RuntimeGrid:None EditorOnly:0 RuntimeOnly:0 HLODRelevant:1 ListedInSceneOutliner:1 IsMainWorldOnly:0
 |   |   |- [+] [  9]
 |   |   |   |- Guid:642585AF4AD7C4C33CD647B24428DFAB BaseClass: NativeClass:/Script/Engine.SkyLight Name:SkyLight_1 Label:SkyLight SpatiallyLoaded:0 Bounds:IsValid=true, Min=(X=-3270.000 Y=0.000 Z=690.000), Max=(X=-3270.000 Y=0.000 Z=690.000) RuntimeGrid:None EditorOnly:0 RuntimeOnly:0 HLODRelevant:0 ListedInSceneOutliner:1 IsMainWorldOnly:0 FolderPath:Lighting FolderGuid:963EC3EB4002CCE9759E2EBA541A873A
 |   |   |- [+] [ 10]
 |   |   |   |- Guid:76A134474BE2E9B9AA9EAD8690F9ACAC BaseClass: NativeClass:/Script/Engine.StaticMeshActor Name:StaticMeshActor_UAID_D843AE06D09DFDF701_2110067526 Label:Floor_400x419 SpatiallyLoaded:1 Bounds:IsValid=true, Min=(X=-1807.000 Y=-199.000 Z=-19.000), Max=(X=-1407.000 Y=201.000 Z=1.000) RuntimeGrid:None EditorOnly:0 RuntimeOnly:0 HLODRelevant:1 ListedInSceneOutliner:1 IsMainWorldOnly:0
 |   |   |- [+] [ 11]
 |   |   |   |- Guid:78D6C53A43A8ABEB7BD93783CCF65931 BaseClass: NativeClass:/Script/Engine.StaticMeshActor Name:StaticMeshActor_UAID_D843AE06D09DFDF701_2089511525 Label:Floor_400x418 SpatiallyLoaded:1 Bounds:IsValid=true, Min=(X=-1805.000 Y=201.000 Z=-19.000), Max=(X=-1405.000 Y=601.000 Z=1.000) RuntimeGrid:None EditorOnly:0 RuntimeOnly:0 HLODRelevant:1 ListedInSceneOutliner:1 IsMainWorldOnly:0
 |   |   |- [+] [ 12]
 |   |   |   |- Guid:798798694A735D4F5DB4DB8E032C65E7 BaseClass: NativeClass:/Script/Engine.DirectionalLight Name:DirectionalLight_0 Label:DirectionalLight SpatiallyLoaded:0 Bounds:IsValid=true, Min=(X=-4398046511104.000 Y=-4398046511104.000 Z=-4398046511104.000), Max=(X=4398046511104.000 Y=4398046511104.000 Z=4398046511104.000) RuntimeGrid:None EditorOnly:0 RuntimeOnly:0 HLODRelevant:0 ListedInSceneOutliner:1 IsMainWorldOnly:0 FolderPath:Lighting FolderGuid:963EC3EB4002CCE9759E2EBA541A873A
 |   |   |- [+] [ 13]
 |   |   |   |- Guid:90F563B5463D4F6F56AA4F9B25589DC6 BaseClass: NativeClass:/Script/Engine.StaticMeshActor Name:StaticMeshActor_UAID_A4AE111137DC5EFB00_1110535423 Label:SM_SkySphere SpatiallyLoaded:0 Bounds:IsValid=true, Min=(X=-1641670.000 Y=-1638400.000 Z=-1638400.000), Max=(X=1635130.000 Y=1638400.000 Z=1638400.000) RuntimeGrid:None EditorOnly:0 RuntimeOnly:0 HLODRelevant:1 ListedInSceneOutliner:1 IsMainWorldOnly:0 FolderPath:Lighting FolderGuid:963EC3EB4002CCE9759E2EBA541A873A
 |   |   |- [+] [ 14]
 |   |   |   |- Guid:A3C91E6F42BBB31114BC499A1931CD06 BaseClass: NativeClass:/Script/Engine.StaticMeshActor Name:StaticMeshActor_UAID_D843AE06D09DFCF701_1618996357 Label:Floor_400x413 SpatiallyLoaded:1 Bounds:IsValid=true, Min=(X=-1008.000 Y=-199.000 Z=-19.000), Max=(X=-608.000 Y=201.000 Z=1.000) RuntimeGrid:None EditorOnly:0 RuntimeOnly:0 HLODRelevant:1 ListedInSceneOutliner:1 IsMainWorldOnly:0
 |   |   |- [+] [ 15]
 |   |   |   |- Guid:B60C952747593C6C648FDDA858057FDA BaseClass: NativeClass:/Script/Engine.PostProcessVolume Name:PostProcessVolume_0 Label:PostProcessVolume SpatiallyLoaded:0 Bounds:IsValid=true, Min=(X=-3270.000 Y=0.000 Z=400.000), Max=(X=-3070.000 Y=200.000 Z=600.000) RuntimeGrid:None EditorOnly:0 RuntimeOnly:0 HLODRelevant:0 ListedInSceneOutliner:1 IsMainWorldOnly:0 FolderPath:Lighting FolderGuid:963EC3EB4002CCE9759E2EBA541A873A
 |   |   |- [+] [ 16]
 |   |   |   |- Guid:BE87DEF54FA7C08A373DE49F9B7B4852 BaseClass: NativeClass:/Script/Engine.StaticMeshActor Name:StaticMeshActor_UAID_D843AE06D09DFCF701_1598456355 Label:Floor_400x411 SpatiallyLoaded:1 Bounds:IsValid=true, Min=(X=-1008.000 Y=-1399.000 Z=-19.000), Max=(X=-608.000 Y=-999.000 Z=1.000) RuntimeGrid:None EditorOnly:0 RuntimeOnly:0 HLODRelevant:1 ListedInSceneOutliner:1 IsMainWorldOnly:0
 |   |   |- [+] [ 17]
 |   |   |   |- Guid:C5F7D3DE49120354D5993EAF5A600D71 BaseClass: NativeClass:/Script/Engine.ExponentialHeightFog Name:ExponentialHeightFog_0 Label:ExponentialHeightFog SpatiallyLoaded:0 Bounds:IsValid=true, Min=(X=-8870.000 Y=-50.000 Z=-6850.000), Max=(X=-8870.000 Y=-50.000 Z=-6850.000) RuntimeGrid:None EditorOnly:0 RuntimeOnly:0 HLODRelevant:0 ListedInSceneOutliner:1 IsMainWorldOnly:0 FolderPath:Lighting FolderGuid:963EC3EB4002CCE9759E2EBA541A873A
 |   |   |- [+] [ 18]
 |   |   |   |- Guid:D23E83104658629D63FA94A5A4F910FF BaseClass: NativeClass:/Script/Engine.StaticMeshActor Name:StaticMeshActor_UAID_D843AE06D09DFDF701_2039571522 Label:Floor_400x415 SpatiallyLoaded:1 Bounds:IsValid=true, Min=(X=-1407.000 Y=-599.000 Z=-19.000), Max=(X=-1007.000 Y=-199.000 Z=1.000) RuntimeGrid:None EditorOnly:0 RuntimeOnly:0 HLODRelevant:1 ListedInSceneOutliner:1 IsMainWorldOnly:0
 |   |   |- [+] [ 19]
 |   |   |   |- Guid:D5BCC33C4631F4818E361C9F9AEE3891 BaseClass: NativeClass:/Script/NavigationSystem.RecastNavMesh Name:RecastNavMesh_UAID_D843AE06D09D55EE01-Default Label:RecastNavMesh-Default SpatiallyLoaded:0 Bounds:IsValid=true, Min=(X=0.000 Y=0.000 Z=0.000), Max=(X=0.000 Y=0.000 Z=0.000) RuntimeGrid:None EditorOnly:0 RuntimeOnly:0 HLODRelevant:0 ListedInSceneOutliner:1 IsMainWorldOnly:0
 |   |   |- [+] [ 20]
 |   |   |   |- Guid:F58CA27E4540837AEA3F549E2A256C1F BaseClass: NativeClass:/Script/Engine.TextRenderActor Name:TextRenderActor_1 Label:TextRenderActor SpatiallyLoaded:1 Bounds:IsValid=true, Min=(X=-2610.100 Y=1100.000 Z=65.013), Max=(X=-2610.100 Y=2392.308 Z=215.013) RuntimeGrid:None EditorOnly:0 RuntimeOnly:0 HLODRelevant:0 ListedInSceneOutliner:1 IsMainWorldOnly:0
 |   |   |- [+] [ 21]
 |   |   |   |- Guid:FBDCEDA74A63EA041A0389AA6FE4B564 BaseClass: NativeClass:/Script/Engine.StaticMeshActor Name:StaticMeshActor_UAID_D843AE06D09DFDF701_2055476523 Label:Floor_400x416 SpatiallyLoaded:1 Bounds:IsValid=true, Min=(X=-1807.000 Y=-599.000 Z=-19.000), Max=(X=-1407.000 Y=-199.000 Z=1.000) RuntimeGrid:None EditorOnly:0 RuntimeOnly:0 HLODRelevant:1 ListedInSceneOutliner:1 IsMainWorldOnly:0
 |- ContainerInstances:
 |- [+] MainContainer:
 |   |-        ID: 00000000000000000000000000000000
 |   |-  ParentID: 00000000000000000000000000000000
 |   |-    Bounds: IsValid=false, Min=(X=0.000 Y=0.000 Z=0.000), Max=(X=0.000 Y=0.000 Z=0.000)
 |   |- Transform: 0.000000,0.000000,0.000000|0.000000,0.000000,-0.000000|1.000000,1.000000,1.000000
 |   |- Container: /Game/ThirdPerson/Maps/ThirdPersonMap2
----------------------------------------------------------------------------------------------------------------
ThirdPersonMap2 - Persistent Level
----------------------------------------------------------------------------------------------------------------
[+] Content of ThirdPersonMap2 Persistent Level
 |- Always loaded Actor Count: 30 
 |- Actor Path: /Game/ThirdPerson/Maps/ThirdPersonMap2.ThirdPersonMap2:PersistentLevel.AbstractNavData-Default
 |- Actor Package: /Game/ThirdPerson/Maps/ThirdPersonMap2
 |- Actor Path: /Game/ThirdPerson/Maps/ThirdPersonMap2.ThirdPersonMap2:PersistentLevel.Brush_0
 |- Actor Package: /Game/ThirdPerson/Maps/ThirdPersonMap2
 |- Actor Path: /Game/ThirdPerson/Maps/ThirdPersonMap2.ThirdPersonMap2:PersistentLevel.Companion_BP_C_UAID_D843AE06D09D18F101_1961433889
 |- Actor Package: /Game/__ExternalActors__/ThirdPerson/Maps/ThirdPersonMap2/A/A9/WKV450HRY2ALNX1XI0E1ZQ
 |- Actor Path: /Game/ThirdPerson/Maps/ThirdPersonMap2.ThirdPersonMap2:PersistentLevel.DefaultPhysicsVolume_0
 |- Actor Package: /Game/ThirdPerson/Maps/ThirdPersonMap2
 |- Actor Path: /Game/ThirdPerson/Maps/ThirdPersonMap2.ThirdPersonMap2:PersistentLevel.DirectionalLight_0
 |- Actor Package: /Game/__ExternalActors__/ThirdPerson/Maps/ThirdPersonMap2/E/PF/R3F51PZ1WU6QF8T6Y8IHNE
 |- Actor Path: /Game/ThirdPerson/Maps/ThirdPersonMap2.ThirdPersonMap2:PersistentLevel.ExponentialHeightFog_0
 |- Actor Package: /Game/__ExternalActors__/ThirdPerson/Maps/ThirdPersonMap2/4/PF/LZJBSMLZII0URADBRVQGN8
 |- Actor Path: /Game/ThirdPerson/Maps/ThirdPersonMap2.ThirdPersonMap2:PersistentLevel.GameplayDebuggerPlayerManager_0
 |- Actor Package: /Game/ThirdPerson/Maps/ThirdPersonMap2
 |- Actor Path: /Game/ThirdPerson/Maps/ThirdPersonMap2.ThirdPersonMap2:PersistentLevel.NavMeshBoundsVolume_UAID_D843AE06D09D55EE01_2145601601
 |- Actor Package: /Game/__ExternalActors__/ThirdPerson/Maps/ThirdPersonMap2/3/2V/ZF90TC42NBFKJIVXTMCEBU
 |- Actor Path: /Game/ThirdPerson/Maps/ThirdPersonMap2.ThirdPersonMap2:PersistentLevel.PostProcessVolume_0
 |- Actor Package: /Game/__ExternalActors__/ThirdPerson/Maps/ThirdPersonMap2/5/JP/9KFZPMAG7W6MZ67IF5KJZ5
 |- Actor Path: /Game/ThirdPerson/Maps/ThirdPersonMap2.ThirdPersonMap2:PersistentLevel.RecastNavMesh_UAID_D843AE06D09D55EE01-Default
 |- Actor Package: /Game/__ExternalActors__/ThirdPerson/Maps/ThirdPersonMap2/D/B1/99DTIM5MANMZQJSOM1DM7W
 |- Actor Path: /Game/ThirdPerson/Maps/ThirdPersonMap2.ThirdPersonMap2:PersistentLevel.SkyAtmosphere_0
 |- Actor Package: /Game/__ExternalActors__/ThirdPerson/Maps/ThirdPersonMap2/A/OU/RFN82VFHORS33WTCTS994C
 |- Actor Path: /Game/ThirdPerson/Maps/ThirdPersonMap2.ThirdPersonMap2:PersistentLevel.SkyLight_1
 |- Actor Package: /Game/__ExternalActors__/ThirdPerson/Maps/ThirdPersonMap2/8/26/CG70PUX1MUT4UB6X4W060Z
 |- Actor Path: /Game/ThirdPerson/Maps/ThirdPersonMap2.ThirdPersonMap2:PersistentLevel.StaticMeshActor_UAID_A4AE111137DC5EFB00_1110535423
 |- Actor Package: /Game/__ExternalActors__/ThirdPerson/Maps/ThirdPersonMap2/B/QZ/PSM7WCSNGTY86E00KH1X53
 |- Actor Path: /Game/ThirdPerson/Maps/ThirdPersonMap2.ThirdPersonMap2:PersistentLevel.StaticMeshActor_UAID_D843AE06D09DFCF701_1598454354
 |- Actor Package: /Game/__ExternalActors__/ThirdPerson/Maps/ThirdPersonMap2/4/Z9/0QCJARV3LI86PCZ3XROEAQ
 |- Actor Path: /Game/ThirdPerson/Maps/ThirdPersonMap2.ThirdPersonMap2:PersistentLevel.StaticMeshActor_UAID_D843AE06D09DFCF701_1598456355
 |- Actor Package: /Game/__ExternalActors__/ThirdPerson/Maps/ThirdPersonMap2/5/IK/BQ549K4DIL9QTDCD5ZXIGE
 |- Actor Path: /Game/ThirdPerson/Maps/ThirdPersonMap2.ThirdPersonMap2:PersistentLevel.StaticMeshActor_UAID_D843AE06D09DFCF701_1610773356
 |- Actor Package: /Game/__ExternalActors__/ThirdPerson/Maps/ThirdPersonMap2/C/SV/68GAJWFD271C1N4LYHJFKP
 |- Actor Path: /Game/ThirdPerson/Maps/ThirdPersonMap2.ThirdPersonMap2:PersistentLevel.StaticMeshActor_UAID_D843AE06D09DFCF701_1618996357
 |- Actor Package: /Game/__ExternalActors__/ThirdPerson/Maps/ThirdPersonMap2/D/3J/01CTBIQ3LJPW4AU91HY9C2
 |- Actor Path: /Game/ThirdPerson/Maps/ThirdPersonMap2.ThirdPersonMap2:PersistentLevel.StaticMeshActor_UAID_D843AE06D09DFCF701_1630215358
 |- Actor Package: /Game/__ExternalActors__/ThirdPerson/Maps/ThirdPersonMap2/C/IA/2999QR98P5FWT3MT3YXCUH
 |- Actor Path: /Game/ThirdPerson/Maps/ThirdPersonMap2.ThirdPersonMap2:PersistentLevel.StaticMeshActor_UAID_D843AE06D09DFDF701_2039571522
 |- Actor Package: /Game/__ExternalActors__/ThirdPerson/Maps/ThirdPersonMap2/C/SB/VZ9IYKIK3H8MZ28K0FEM9M
 |- Actor Path: /Game/ThirdPerson/Maps/ThirdPersonMap2.ThirdPersonMap2:PersistentLevel.StaticMeshActor_UAID_D843AE06D09DFDF701_2055476523
 |- Actor Package: /Game/__ExternalActors__/ThirdPerson/Maps/ThirdPersonMap2/C/L6/4XE1R8MUIBC3GCVTP3BYH0
 |- Actor Path: /Game/ThirdPerson/Maps/ThirdPersonMap2.ThirdPersonMap2:PersistentLevel.StaticMeshActor_UAID_D843AE06D09DFDF701_2080367524
 |- Actor Package: /Game/__ExternalActors__/ThirdPerson/Maps/ThirdPersonMap2/B/D8/0XP4ZYR57KAVEW2BPMJSHD
 |- Actor Path: /Game/ThirdPerson/Maps/ThirdPersonMap2.ThirdPersonMap2:PersistentLevel.StaticMeshActor_UAID_D843AE06D09DFDF701_2089511525
 |- Actor Package: /Game/__ExternalActors__/ThirdPerson/Maps/ThirdPersonMap2/2/3N/JD8UBTAQQE4HPHUOT3SUBB
 |- Actor Path: /Game/ThirdPerson/Maps/ThirdPersonMap2.ThirdPersonMap2:PersistentLevel.StaticMeshActor_UAID_D843AE06D09DFDF701_2110067526
 |- Actor Package: /Game/__ExternalActors__/ThirdPerson/Maps/ThirdPersonMap2/7/GQ/DR1OR6X6DKNLOEKZJD90KQ
 |- Actor Path: /Game/ThirdPerson/Maps/ThirdPersonMap2.ThirdPersonMap2:PersistentLevel.TextRenderActor_1
 |- Actor Package: /Game/__ExternalActors__/ThirdPerson/Maps/ThirdPersonMap2/B/JG/R77X5Q63CRHE10AIOX0U4Q
 |- Actor Path: /Game/ThirdPerson/Maps/ThirdPersonMap2.ThirdPersonMap2:PersistentLevel.ThirdPersonCharacter_C_UAID_D843AE06D09D17F101_2025650710
 |- Actor Package: /Game/__ExternalActors__/ThirdPerson/Maps/ThirdPersonMap2/7/A0/A8C7YC6DN2QVRXWXBE83HZ
 |- Actor Path: /Game/ThirdPerson/Maps/ThirdPersonMap2.ThirdPersonMap2:PersistentLevel.ThirdPersonMap2_C_1
 |- Actor Package: /Game/ThirdPerson/Maps/ThirdPersonMap2
 |- Actor Path: /Game/ThirdPerson/Maps/ThirdPersonMap2.ThirdPersonMap2:PersistentLevel.VolumetricCloud_0
 |- Actor Package: /Game/__ExternalActors__/ThirdPerson/Maps/ThirdPersonMap2/A/CJ/C4U0L71VVJNQUZKBAFJUDR
 |- Actor Path: /Game/ThirdPerson/Maps/ThirdPersonMap2.ThirdPersonMap2:PersistentLevel.WorldDataLayers
 |- Actor Package: /Game/__ExternalActors__/ThirdPerson/Maps/ThirdPersonMap2/2/HR/WVGCUH49KOU5NTX63LZNG1
 |- Actor Path: /Game/ThirdPerson/Maps/ThirdPersonMap2.ThirdPersonMap2:PersistentLevel.WorldInfo_0
 |- Actor Package: /Game/ThirdPerson/Maps/ThirdPersonMap2
 |- Actor Path: /Game/ThirdPerson/Maps/ThirdPersonMap2.ThirdPersonMap2:PersistentLevel.WorldPartitionMiniMap_0
 |- Actor Package: /Game/__ExternalActors__/ThirdPerson/Maps/ThirdPersonMap2/4/J2/AV2NNX5DC4XYHJSI5JRPY2

----------------------------------------------------------------------------------------------------------------
ThirdPersonMap2 - Runtime Spatial Hash - Streaming Grid - MainGrid
----------------------------------------------------------------------------------------------------------------
            Origin: X=0.000 Y=0.000 Z=0.000
         Cell Size: 12800
      World Bounds: IsValid=false, Min=(X=0.000 Y=0.000 Z=0.000), Max=(X=0.000 Y=0.000 Z=0.000)
     Loading Range: 25600.00
Block Slow Loading: No
 ClientOnlyVisible: No
            Origin: X=0.000 Y=0.000 Z=0.000

[+] Grid Levels: 1
 |- Level  0: Cell Count    0 | Cell Size   12800 | Actor Count    0 (0.0%)

[+] Content of Grid Level 0

