[+] Containers:
 |- [+] Container: /Game/FollowMeLibrary/Levels/Level01
 |   |- [+] ActorDescs:
 |   |   |- Guid:01EE608C4CBCAE0521C8448A5E01C212 BaseClass:/Game/FollowMeLibrary/Companion/BTCompanion/Companion_BP.Companion_BP_C NativeClass:/Script/Engine.Character Name:Companion_BP_C_UAID_D843AE06D09D2CF101_1466955412 Label:Companion_BP SpatiallyLoaded:1 Bounds:IsValid=true, Min=(X=-2354.000 Y=-1774.000 Z=-0.146), Max=(X=-2282.409 Y=-1706.000 Z=180.336) RuntimeGrid:None EditorOnly:0 RuntimeOnly:0 HLODRelevant:0 ListedInSceneOutliner:1 IsMainWorldOnly:0
 |   |   |- Guid:17549D3F436F279A30EBA2B6B13766EC BaseClass: NativeClass:/Script/Engine.DirectionalLight Name:DirectionalLight_0 Label:DirectionalLight SpatiallyLoaded:0 Bounds:IsValid=true, Min=(X=-4398046511104.000 Y=-4398046511104.000 Z=-4398046511104.000), Max=(X=4398046511104.000 Y=4398046511104.000 Z=4398046511104.000) RuntimeGrid:None EditorOnly:0 RuntimeOnly:0 HLODRelevant:0 ListedInSceneOutliner:1 IsMainWorldOnly:0 FolderPath:Lighting FolderGuid:963EC3EB4002CCE9759E2EBA541A873A
 |   |   |- Guid:4A6007D3429DBA5B64EABF972BA0D5B4 BaseClass: NativeClass:/Script/Engine.StaticMeshActor Name:StaticMeshActor_UAID_A4AE111137DC5EFB00_1110535423 Label:SM_SkySphere SpatiallyLoaded:0 Bounds:IsValid=true, Min=(X=-2461530.000 Y=-2458320.000 Z=-2457600.000), Max=(X=2453670.000 Y=2456880.000 Z=2457600.000) RuntimeGrid:None EditorOnly:0 RuntimeOnly:0 HLODRelevant:1 ListedInSceneOutliner:1 IsMainWorldOnly:0 FolderPath:Lighting FolderGuid:963EC3EB4002CCE9759E2EBA541A873A
 |   |   |- Guid:4A61F6AE41286BFC797CE2AEEC3697AC BaseClass:/Engine/EngineSky/BP_Sky_Sphere.BP_Sky_Sphere_C NativeClass:/Script/Engine.Actor Name:BP_Sky_Sphere_C_UAID_D843AE06D09DBBF101_1986582724 Label:BP_Sky_Sphere SpatiallyLoaded:0 Bounds:IsValid=true, Min=(X=-1639410.000 Y=-1640470.000 Z=-1637550.000), Max=(X=1637390.000 Y=1636330.000 Z=1639250.000) RuntimeGrid:None EditorOnly:0 RuntimeOnly:0 HLODRelevant:0 ListedInSceneOutliner:1 IsMainWorldOnly:0 FolderPath:Lighting FolderGuid:963EC3EB4002CCE9759E2EBA541A873A
 |   |   |- Guid:523C762442488B5F21537BBB7D584F3D BaseClass: NativeClass:/Script/Engine.StaticMeshActor Name:StaticMeshActor_UAID_D843AE06D09DBCF101_1985000903 Label:Floor_400x401 SpatiallyLoaded:1 Bounds:IsValid=true, Min=(X=-3250.000 Y=-3580.000 Z=-40.000), Max=(X=1150.000 Y=3220.000 Z=-20.000) RuntimeGrid:None EditorOnly:0 RuntimeOnly:0 HLODRelevant:1 ListedInSceneOutliner:1 IsMainWorldOnly:0
 |   |   |- Guid:528130094F7D9391ED187995CA327B48 BaseClass:/Game/FollowMeLibrary/Mechanic/Escape_BP.Escape_BP_C NativeClass:/Script/Engine.Actor Name:Escape_BP_C_UAID_D843AE06D09D74EE01_2044721911 Label:Escape_BP SpatiallyLoaded:1 Bounds:IsValid=true, Min=(X=-1546.000 Y=-590.000 Z=-14.000), Max=(X=-1034.000 Y=-270.000 Z=114.000) RuntimeGrid:None EditorOnly:0 RuntimeOnly:0 HLODRelevant:0 ListedInSceneOutliner:1 IsMainWorldOnly:0
 |   |   |- Guid:6B5583DB485D1D20367989BE24F839D1 BaseClass: NativeClass:/Script/Engine.PostProcessVolume Name:PostProcessVolume_0 Label:PostProcessVolume SpatiallyLoaded:0 Bounds:IsValid=true, Min=(X=-3270.000 Y=0.000 Z=400.000), Max=(X=-3070.000 Y=200.000 Z=600.000) RuntimeGrid:None EditorOnly:0 RuntimeOnly:0 HLODRelevant:0 ListedInSceneOutliner:1 IsMainWorldOnly:0 FolderPath:Lighting FolderGuid:963EC3EB4002CCE9759E2EBA541A873A
 |   |   |- Guid:72C4998C49631DB2A1CB09865B170AAD BaseClass: NativeClass:/Script/Engine.ExponentialHeightFog Name:ExponentialHeightFog_0 Label:ExponentialHeightFog SpatiallyLoaded:0 Bounds:IsValid=true, Min=(X=-8870.000 Y=-50.000 Z=-6850.000), Max=(X=-8870.000 Y=-50.000 Z=-6850.000) RuntimeGrid:None EditorOnly:0 RuntimeOnly:0 HLODRelevant:0 ListedInSceneOutliner:1 IsMainWorldOnly:0 FolderPath:Lighting FolderGuid:963EC3EB4002CCE9759E2EBA541A873A
 |   |   |- Guid:9B3891AB444AD54EAD53D98C428CF882 BaseClass: NativeClass:/Script/Engine.StaticMeshActor Name:StaticMeshActor_UAID_D843AE06D09DBCF101_1790882901 Label:Floor_400x400 SpatiallyLoaded:1 Bounds:IsValid=true, Min=(X=-20870.000 Y=-33370.000 Z=-470.000), Max=(X=99130.000 Y=86630.000 Z=-450.000) RuntimeGrid:None EditorOnly:0 RuntimeOnly:0 HLODRelevant:1 ListedInSceneOutliner:1 IsMainWorldOnly:0
 |   |   |- Guid:A4E876EC4F8F8541AEB12C879ABB9DDC BaseClass: NativeClass:/Script/NavigationSystem.RecastNavMesh Name:RecastNavMesh_UAID_D843AE06D09D55EE01-Default Label:RecastNavMesh-Default SpatiallyLoaded:0 Bounds:IsValid=true, Min=(X=0.000 Y=0.000 Z=0.000), Max=(X=0.000 Y=0.000 Z=0.000) RuntimeGrid:None EditorOnly:0 RuntimeOnly:0 HLODRelevant:0 ListedInSceneOutliner:1 IsMainWorldOnly:0
 |   |   |- Guid:A7152FDC4291BDB59248D0A2D45EB4FA BaseClass:/Game/FollowMeLibrary/Mechanic/PuzzleItem_BP.PuzzleItem_BP_C NativeClass:/Script/Engine.Actor Name:PuzzleItem_BP_C_UAID_D843AE06D09D72EE01_1632963557 Label:PuzzleItem_BP SpatiallyLoaded:1 Bounds:IsValid=true, Min=(X=-1312.000 Y=-1750.000 Z=40.000), Max=(X=-1248.000 Y=-1650.000 Z=140.000) RuntimeGrid:None EditorOnly:0 RuntimeOnly:0 HLODRelevant:0 ListedInSceneOutliner:1 IsMainWorldOnly:0
 |   |   |- Guid:AC492D024E81BE9C3CDC758CD53BA36E BaseClass: NativeClass:/Script/Engine.VolumetricCloud Name:VolumetricCloud_0 Label:VolumetricCloud SpatiallyLoaded:0 Bounds:IsValid=true, Min=(X=-3270.000 Y=0.000 Z=820.000), Max=(X=-3270.000 Y=0.000 Z=820.000) RuntimeGrid:None EditorOnly:0 RuntimeOnly:0 HLODRelevant:0 ListedInSceneOutliner:1 IsMainWorldOnly:0 FolderPath:Lighting FolderGuid:963EC3EB4002CCE9759E2EBA541A873A
 |   |   |- Guid:B172E5474E20378A480D3994DCD73C3B BaseClass: NativeClass:/Script/Engine.TextRenderActor Name:TextRenderActor_1 Label:TextRenderActor SpatiallyLoaded:1 Bounds:IsValid=true, Min=(X=-2610.100 Y=-1400.000 Z=65.013), Max=(X=-2610.100 Y=-107.692 Z=215.013) RuntimeGrid:None EditorOnly:0 RuntimeOnly:0 HLODRelevant:0 ListedInSceneOutliner:1 IsMainWorldOnly:0
 |   |   |- Guid:C65E6F094C9A3302ECFE4681A99E65D0 BaseClass: NativeClass:/Script/Engine.WorldDataLayers Name:WorldDataLayers Label:WorldDataLayers SpatiallyLoaded:0 Bounds:Invalid RuntimeGrid:None EditorOnly:0 RuntimeOnly:0 HLODRelevant:0 ListedInSceneOutliner:1 IsMainWorldOnly:1
 |   |   |- Guid:CAAB189747B7BDDF365EF4A33773F4DD BaseClass: NativeClass:/Script/Engine.SkyAtmosphere Name:SkyAtmosphere_0 Label:SkyAtmosphere SpatiallyLoaded:0 Bounds:IsValid=true, Min=(X=-3270.000 Y=0.000 Z=1020.000), Max=(X=-3270.000 Y=0.000 Z=1020.000) RuntimeGrid:None EditorOnly:0 RuntimeOnly:0 HLODRelevant:0 ListedInSceneOutliner:1 IsMainWorldOnly:0 FolderPath:Lighting FolderGuid:963EC3EB4002CCE9759E2EBA541A873A
 |   |   |- Guid:CBC727C2465A08348F20ADA018BCBC7A BaseClass:/Game/FollowMeLibrary/Mechanic/PuzzleGate_BP.PuzzleGate_BP_C NativeClass:/Script/Engine.Actor Name:PuzzleGate_BP_C_UAID_D843AE06D09D72EE01_1563527556 Label:PuzzleGate_BP SpatiallyLoaded:1 Bounds:IsValid=true, Min=(X=-1373.993 Y=-1204.814 Z=0.000), Max=(X=-1146.007 Y=-1117.581 Z=317.995) RuntimeGrid:None EditorOnly:0 RuntimeOnly:0 HLODRelevant:0 ListedInSceneOutliner:1 IsMainWorldOnly:0
 |   |   |- Guid:D4516EC44B9E170F34D1C6A7593652B3 BaseClass:/Game/FollowMeLibrary/Player/ThirdPersonCharacter.ThirdPersonCharacter_C NativeClass:/Script/Engine.Character Name:ThirdPersonCharacter_C_UAID_D843AE06D09D2CF101_1588167416 Label:ThirdPersonCharacter SpatiallyLoaded:1 Bounds:IsValid=true, Min=(X=-1330.000 Y=-2440.000 Z=-0.146), Max=(X=-1190.000 Y=-2300.000 Z=589.000) RuntimeGrid:None EditorOnly:0 RuntimeOnly:0 HLODRelevant:0 ListedInSceneOutliner:1 IsMainWorldOnly:0
 |   |   |- Guid:E817781B46C53695E0E925AAE6BE0F9A BaseClass: NativeClass:/Script/Engine.SkyLight Name:SkyLight_1 Label:SkyLight SpatiallyLoaded:0 Bounds:IsValid=true, Min=(X=-3270.000 Y=0.000 Z=690.000), Max=(X=-3270.000 Y=0.000 Z=690.000) RuntimeGrid:None EditorOnly:0 RuntimeOnly:0 HLODRelevant:0 ListedInSceneOutliner:1 IsMainWorldOnly:0 FolderPath:Lighting FolderGuid:963EC3EB4002CCE9759E2EBA541A873A
 |   |   |- Guid:F387BC484BF374959065259FEBC89BCD BaseClass: NativeClass:/Script/NavigationSystem.NavMeshBoundsVolume Name:NavMeshBoundsVolume_UAID_D843AE06D09D55EE01_2145601601 Label:NavMeshBoundsVolume SpatiallyLoaded:0 Bounds:IsValid=true, Min=(X=-3320.000 Y=-3600.000 Z=-200.000), Max=(X=1080.000 Y=3400.000 Z=600.000) RuntimeGrid:None EditorOnly:0 RuntimeOnly:0 HLODRelevant:0 ListedInSceneOutliner:1 IsMainWorldOnly:0
 |   |- [+] Clusters:
 |   |   |- [+] [  0]
 |   |   |   |- Guid:01EE608C4CBCAE0521C8448A5E01C212 BaseClass:/Game/FollowMeLibrary/Companion/BTCompanion/Companion_BP.Companion_BP_C NativeClass:/Script/Engine.Character Name:Companion_BP_C_UAID_D843AE06D09D2CF101_1466955412 Label:Companion_BP SpatiallyLoaded:1 Bounds:IsValid=true, Min=(X=-2354.000 Y=-1774.000 Z=-0.146), Max=(X=-2282.409 Y=-1706.000 Z=180.336) RuntimeGrid:None EditorOnly:0 RuntimeOnly:0 HLODRelevant:0 ListedInSceneOutliner:1 IsMainWorldOnly:0
 |   |   |   |- Guid:D4516EC44B9E170F34D1C6A7593652B3 BaseClass:/Game/FollowMeLibrary/Player/ThirdPersonCharacter.ThirdPersonCharacter_C NativeClass:/Script/Engine.Character Name:ThirdPersonCharacter_C_UAID_D843AE06D09D2CF101_1588167416 Label:ThirdPersonCharacter SpatiallyLoaded:1 Bounds:IsValid=true, Min=(X=-1330.000 Y=-2440.000 Z=-0.146), Max=(X=-1190.000 Y=-2300.000 Z=589.000) RuntimeGrid:None EditorOnly:0 RuntimeOnly:0 HLODRelevant:0 ListedInSceneOutliner:1 IsMainWorldOnly:0
 |   |   |- [+] [  1]
 |   |   |   |- Guid:17549D3F436F279A30EBA2B6B13766EC BaseClass: NativeClass:/Script/Engine.DirectionalLight Name:DirectionalLight_0 Label:DirectionalLight SpatiallyLoaded:0 Bounds:IsValid=true, Min=(X=-4398046511104.000 Y=-4398046511104.000 Z=-4398046511104.000), Max=(X=4398046511104.000 Y=4398046511104.000 Z=4398046511104.000) RuntimeGrid:None EditorOnly:0 RuntimeOnly:0 HLODRelevant:0 ListedInSceneOutliner:1 IsMainWorldOnly:0 FolderPath:Lighting FolderGuid:963EC3EB4002CCE9759E2EBA541A873A
 |   |   |- [+] [  2]
 |   |   |   |- Guid:4A6007D3429DBA5B64EABF972BA0D5B4 BaseClass: NativeClass:/Script/Engine.StaticMeshActor Name:StaticMeshActor_UAID_A4AE111137DC5EFB00_1110535423 Label:SM_SkySphere SpatiallyLoaded:0 Bounds:IsValid=true, Min=(X=-2461530.000 Y=-2458320.000 Z=-2457600.000), Max=(X=2453670.000 Y=2456880.000 Z=2457600.000) RuntimeGrid:None EditorOnly:0 RuntimeOnly:0 HLODRelevant:1 ListedInSceneOutliner:1 IsMainWorldOnly:0 FolderPath:Lighting FolderGuid:963EC3EB4002CCE9759E2EBA541A873A
 |   |   |- [+] [  3]
 |   |   |   |- Guid:4A61F6AE41286BFC797CE2AEEC3697AC BaseClass:/Engine/EngineSky/BP_Sky_Sphere.BP_Sky_Sphere_C NativeClass:/Script/Engine.Actor Name:BP_Sky_Sphere_C_UAID_D843AE06D09DBBF101_1986582724 Label:BP_Sky_Sphere SpatiallyLoaded:0 Bounds:IsValid=true, Min=(X=-1639410.000 Y=-1640470.000 Z=-1637550.000), Max=(X=1637390.000 Y=1636330.000 Z=1639250.000) RuntimeGrid:None EditorOnly:0 RuntimeOnly:0 HLODRelevant:0 ListedInSceneOutliner:1 IsMainWorldOnly:0 FolderPath:Lighting FolderGuid:963EC3EB4002CCE9759E2EBA541A873A
 |   |   |- [+] [  4]
 |   |   |   |- Guid:523C762442488B5F21537BBB7D584F3D BaseClass: NativeClass:/Script/Engine.StaticMeshActor Name:StaticMeshActor_UAID_D843AE06D09DBCF101_1985000903 Label:Floor_400x401 SpatiallyLoaded:1 Bounds:IsValid=true, Min=(X=-3250.000 Y=-3580.000 Z=-40.000), Max=(X=1150.000 Y=3220.000 Z=-20.000) RuntimeGrid:None EditorOnly:0 RuntimeOnly:0 HLODRelevant:1 ListedInSceneOutliner:1 IsMainWorldOnly:0
 |   |   |- [+] [  5]
 |   |   |   |- Guid:528130094F7D9391ED187995CA327B48 BaseClass:/Game/FollowMeLibrary/Mechanic/Escape_BP.Escape_BP_C NativeClass:/Script/Engine.Actor Name:Escape_BP_C_UAID_D843AE06D09D74EE01_2044721911 Label:Escape_BP SpatiallyLoaded:1 Bounds:IsValid=true, Min=(X=-1546.000 Y=-590.000 Z=-14.000), Max=(X=-1034.000 Y=-270.000 Z=114.000) RuntimeGrid:None EditorOnly:0 RuntimeOnly:0 HLODRelevant:0 ListedInSceneOutliner:1 IsMainWorldOnly:0
 |   |   |- [+] [  6]
 |   |   |   |- Guid:6B5583DB485D1D20367989BE24F839D1 BaseClass: NativeClass:/Script/Engine.PostProcessVolume Name:PostProcessVolume_0 Label:PostProcessVolume SpatiallyLoaded:0 Bounds:IsValid=true, Min=(X=-3270.000 Y=0.000 Z=400.000), Max=(X=-3070.000 Y=200.000 Z=600.000) RuntimeGrid:None EditorOnly:0 RuntimeOnly:0 HLODRelevant:0 ListedInSceneOutliner:1 IsMainWorldOnly:0 FolderPath:Lighting FolderGuid:963EC3EB4002CCE9759E2EBA541A873A
 |   |   |- [+] [  7]
 |   |   |   |- Guid:72C4998C49631DB2A1CB09865B170AAD BaseClass: NativeClass:/Script/Engine.ExponentialHeightFog Name:ExponentialHeightFog_0 Label:ExponentialHeightFog SpatiallyLoaded:0 Bounds:IsValid=true, Min=(X=-8870.000 Y=-50.000 Z=-6850.000), Max=(X=-8870.000 Y=-50.000 Z=-6850.000) RuntimeGrid:None EditorOnly:0 RuntimeOnly:0 HLODRelevant:0 ListedInSceneOutliner:1 IsMainWorldOnly:0 FolderPath:Lighting FolderGuid:963EC3EB4002CCE9759E2EBA541A873A
 |   |   |- [+] [  8]
 |   |   |   |- Guid:9B3891AB444AD54EAD53D98C428CF882 BaseClass: NativeClass:/Script/Engine.StaticMeshActor Name:StaticMeshActor_UAID_D843AE06D09DBCF101_1790882901 Label:Floor_400x400 SpatiallyLoaded:1 Bounds:IsValid=true, Min=(X=-20870.000 Y=-33370.000 Z=-470.000), Max=(X=99130.000 Y=86630.000 Z=-450.000) RuntimeGrid:None EditorOnly:0 RuntimeOnly:0 HLODRelevant:1 ListedInSceneOutliner:1 IsMainWorldOnly:0
 |   |   |- [+] [  9]
 |   |   |   |- Guid:A4E876EC4F8F8541AEB12C879ABB9DDC BaseClass: NativeClass:/Script/NavigationSystem.RecastNavMesh Name:RecastNavMesh_UAID_D843AE06D09D55EE01-Default Label:RecastNavMesh-Default SpatiallyLoaded:0 Bounds:IsValid=true, Min=(X=0.000 Y=0.000 Z=0.000), Max=(X=0.000 Y=0.000 Z=0.000) RuntimeGrid:None EditorOnly:0 RuntimeOnly:0 HLODRelevant:0 ListedInSceneOutliner:1 IsMainWorldOnly:0
 |   |   |- [+] [ 10]
 |   |   |   |- Guid:A7152FDC4291BDB59248D0A2D45EB4FA BaseClass:/Game/FollowMeLibrary/Mechanic/PuzzleItem_BP.PuzzleItem_BP_C NativeClass:/Script/Engine.Actor Name:PuzzleItem_BP_C_UAID_D843AE06D09D72EE01_1632963557 Label:PuzzleItem_BP SpatiallyLoaded:1 Bounds:IsValid=true, Min=(X=-1312.000 Y=-1750.000 Z=40.000), Max=(X=-1248.000 Y=-1650.000 Z=140.000) RuntimeGrid:None EditorOnly:0 RuntimeOnly:0 HLODRelevant:0 ListedInSceneOutliner:1 IsMainWorldOnly:0
 |   |   |- [+] [ 11]
 |   |   |   |- Guid:AC492D024E81BE9C3CDC758CD53BA36E BaseClass: NativeClass:/Script/Engine.VolumetricCloud Name:VolumetricCloud_0 Label:VolumetricCloud SpatiallyLoaded:0 Bounds:IsValid=true, Min=(X=-3270.000 Y=0.000 Z=820.000), Max=(X=-3270.000 Y=0.000 Z=820.000) RuntimeGrid:None EditorOnly:0 RuntimeOnly:0 HLODRelevant:0 ListedInSceneOutliner:1 IsMainWorldOnly:0 FolderPath:Lighting FolderGuid:963EC3EB4002CCE9759E2EBA541A873A
 |   |   |- [+] [ 12]
 |   |   |   |- Guid:B172E5474E20378A480D3994DCD73C3B BaseClass: NativeClass:/Script/Engine.TextRenderActor Name:TextRenderActor_1 Label:TextRenderActor SpatiallyLoaded:1 Bounds:IsValid=true, Min=(X=-2610.100 Y=-1400.000 Z=65.013), Max=(X=-2610.100 Y=-107.692 Z=215.013) RuntimeGrid:None EditorOnly:0 RuntimeOnly:0 HLODRelevant:0 ListedInSceneOutliner:1 IsMainWorldOnly:0
 |   |   |- [+] [ 13]
 |   |   |   |- Guid:C65E6F094C9A3302ECFE4681A99E65D0 BaseClass: NativeClass:/Script/Engine.WorldDataLayers Name:WorldDataLayers Label:WorldDataLayers SpatiallyLoaded:0 Bounds:Invalid RuntimeGrid:None EditorOnly:0 RuntimeOnly:0 HLODRelevant:0 ListedInSceneOutliner:1 IsMainWorldOnly:1
 |   |   |- [+] [ 14]
 |   |   |   |- Guid:CAAB189747B7BDDF365EF4A33773F4DD BaseClass: NativeClass:/Script/Engine.SkyAtmosphere Name:SkyAtmosphere_0 Label:SkyAtmosphere SpatiallyLoaded:0 Bounds:IsValid=true, Min=(X=-3270.000 Y=0.000 Z=1020.000), Max=(X=-3270.000 Y=0.000 Z=1020.000) RuntimeGrid:None EditorOnly:0 RuntimeOnly:0 HLODRelevant:0 ListedInSceneOutliner:1 IsMainWorldOnly:0 FolderPath:Lighting FolderGuid:963EC3EB4002CCE9759E2EBA541A873A
 |   |   |- [+] [ 15]
 |   |   |   |- Guid:CBC727C2465A08348F20ADA018BCBC7A BaseClass:/Game/FollowMeLibrary/Mechanic/PuzzleGate_BP.PuzzleGate_BP_C NativeClass:/Script/Engine.Actor Name:PuzzleGate_BP_C_UAID_D843AE06D09D72EE01_1563527556 Label:PuzzleGate_BP SpatiallyLoaded:1 Bounds:IsValid=true, Min=(X=-1373.993 Y=-1204.814 Z=0.000), Max=(X=-1146.007 Y=-1117.581 Z=317.995) RuntimeGrid:None EditorOnly:0 RuntimeOnly:0 HLODRelevant:0 ListedInSceneOutliner:1 IsMainWorldOnly:0
 |   |   |- [+] [ 16]
 |   |   |   |- Guid:E817781B46C53695E0E925AAE6BE0F9A BaseClass: NativeClass:/Script/Engine.SkyLight Name:SkyLight_1 Label:SkyLight SpatiallyLoaded:0 Bounds:IsValid=true, Min=(X=-3270.000 Y=0.000 Z=690.000), Max=(X=-3270.000 Y=0.000 Z=690.000) RuntimeGrid:None EditorOnly:0 RuntimeOnly:0 HLODRelevant:0 ListedInSceneOutliner:1 IsMainWorldOnly:0 FolderPath:Lighting FolderGuid:963EC3EB4002CCE9759E2EBA541A873A
 |   |   |- [+] [ 17]
 |   |   |   |- Guid:F387BC484BF374959065259FEBC89BCD BaseClass: NativeClass:/Script/NavigationSystem.NavMeshBoundsVolume Name:NavMeshBoundsVolume_UAID_D843AE06D09D55EE01_2145601601 Label:NavMeshBoundsVolume SpatiallyLoaded:0 Bounds:IsValid=true, Min=(X=-3320.000 Y=-3600.000 Z=-200.000), Max=(X=1080.000 Y=3400.000 Z=600.000) RuntimeGrid:None EditorOnly:0 RuntimeOnly:0 HLODRelevant:0 ListedInSceneOutliner:1 IsMainWorldOnly:0
 |- ContainerInstances:
 |- [+] MainContainer:
 |   |-        ID: 00000000000000000000000000000000
 |   |-  ParentID: 00000000000000000000000000000000
 |   |-    Bounds: IsValid=false, Min=(X=0.000 Y=0.000 Z=0.000), Max=(X=0.000 Y=0.000 Z=0.000)
 |   |- Transform: 0.000000,0.000000,0.000000|0.000000,0.000000,-0.000000|1.000000,1.000000,1.000000
 |   |- Container: /Game/FollowMeLibrary/Levels/Level01
----------------------------------------------------------------------------------------------------------------
Level01 - Persistent Level
----------------------------------------------------------------------------------------------------------------
[+] Content of Level01 Persistent Level
 |- Always loaded Actor Count: 26 
 |- Actor Path: /Game/FollowMeLibrary/Levels/Level01.Level01:PersistentLevel.AbstractNavData-Default
 |- Actor Package: /Game/FollowMeLibrary/Levels/Level01
 |- Actor Path: /Game/FollowMeLibrary/Levels/Level01.Level01:PersistentLevel.BP_Sky_Sphere_C_UAID_D843AE06D09DBBF101_1986582724
 |- Actor Package: /Game/__ExternalActors__/FollowMeLibrary/Levels/Level01/2/6R/DDYL078VO52A1VFZVOVIE7
 |- Actor Path: /Game/FollowMeLibrary/Levels/Level01.Level01:PersistentLevel.Brush_0
 |- Actor Package: /Game/FollowMeLibrary/Levels/Level01
 |- Actor Path: /Game/FollowMeLibrary/Levels/Level01.Level01:PersistentLevel.Companion_BP_C_UAID_D843AE06D09D2CF101_1466955412
 |- Actor Package: /Game/__ExternalActors__/FollowMeLibrary/Levels/Level01/7/0E/7FJITJSMXEW1HHBQY25FWY
 |- Actor Path: /Game/FollowMeLibrary/Levels/Level01.Level01:PersistentLevel.DefaultPhysicsVolume_0
 |- Actor Package: /Game/FollowMeLibrary/Levels/Level01
 |- Actor Path: /Game/FollowMeLibrary/Levels/Level01.Level01:PersistentLevel.DirectionalLight_0
 |- Actor Package: /Game/__ExternalActors__/FollowMeLibrary/Levels/Level01/9/8A/SBFY867TCFKI2Q1C0VYM06
 |- Actor Path: /Game/FollowMeLibrary/Levels/Level01.Level01:PersistentLevel.Escape_BP_C_UAID_D843AE06D09D74EE01_2044721911
 |- Actor Package: /Game/__ExternalActors__/FollowMeLibrary/Levels/Level01/C/SP/AQJSEONAQS68WQY0GL5CN2
 |- Actor Path: /Game/FollowMeLibrary/Levels/Level01.Level01:PersistentLevel.ExponentialHeightFog_0
 |- Actor Package: /Game/__ExternalActors__/FollowMeLibrary/Levels/Level01/B/P5/1QA7OX9CF0N8JM4Q2QUWGU
 |- Actor Path: /Game/FollowMeLibrary/Levels/Level01.Level01:PersistentLevel.GameplayDebuggerPlayerManager_0
 |- Actor Package: /Game/FollowMeLibrary/Levels/Level01
 |- Actor Path: /Game/FollowMeLibrary/Levels/Level01.Level01:PersistentLevel.Level01_C_1
 |- Actor Package: /Game/FollowMeLibrary/Levels/Level01
 |- Actor Path: /Game/FollowMeLibrary/Levels/Level01.Level01:PersistentLevel.NavMeshBoundsVolume_UAID_D843AE06D09D55EE01_2145601601
 |- Actor Package: /Game/__ExternalActors__/FollowMeLibrary/Levels/Level01/D/RM/UOQ0WLCD3J06BT4T3DZLTL
 |- Actor Path: /Game/FollowMeLibrary/Levels/Level01.Level01:PersistentLevel.PostProcessVolume_0
 |- Actor Package: /Game/__ExternalActors__/FollowMeLibrary/Levels/Level01/E/JJ/9KFD64XQDYXAU6U8UO0FAP
 |- Actor Path: /Game/FollowMeLibrary/Levels/Level01.Level01:PersistentLevel.PuzzleGate_BP_C_UAID_D843AE06D09D72EE01_1563527556
 |- Actor Package: /Game/__ExternalActors__/FollowMeLibrary/Levels/Level01/9/JK/CMS8J4G7UU6ZD5UDBLDDFF
 |- Actor Path: /Game/FollowMeLibrary/Levels/Level01.Level01:PersistentLevel.PuzzleItem_BP_C_UAID_D843AE06D09D72EE01_1632963557
 |- Actor Package: /Game/__ExternalActors__/FollowMeLibrary/Levels/Level01/7/CL/MLCXIPFGTGMFJZXIRC3N7F
 |- Actor Path: /Game/FollowMeLibrary/Levels/Level01.Level01:PersistentLevel.RecastNavMesh_UAID_D843AE06D09D55EE01-Default
 |- Actor Package: /Game/__ExternalActors__/FollowMeLibrary/Levels/Level01/4/56/SS9QDWU9OVZAX1T5OMSZYK
 |- Actor Path: /Game/FollowMeLibrary/Levels/Level01.Level01:PersistentLevel.SkyAtmosphere_0
 |- Actor Package: /Game/__ExternalActors__/FollowMeLibrary/Levels/Level01/D/JO/AFV2IDQ9BMSULZNTDRMPRJ
 |- Actor Path: /Game/FollowMeLibrary/Levels/Level01.Level01:PersistentLevel.SkyLight_1
 |- Actor Package: /Game/__ExternalActors__/FollowMeLibrary/Levels/Level01/8/60/C9X3LS22VLHB6W91AJ2SDR
 |- Actor Path: /Game/FollowMeLibrary/Levels/Level01.Level01:PersistentLevel.StaticMeshActor_UAID_A4AE111137DC5EFB00_1110535423
 |- Actor Package: /Game/__ExternalActors__/FollowMeLibrary/Levels/Level01/1/1Z/JGCPWT3L51XMJKVA3OAKQL
 |- Actor Path: /Game/FollowMeLibrary/Levels/Level01.Level01:PersistentLevel.StaticMeshActor_UAID_D843AE06D09DBCF101_1790882901
 |- Actor Package: /Game/__ExternalActors__/FollowMeLibrary/Levels/Level01/6/52/9VAWPC5BKJN9OZ3ELC8TLK
 |- Actor Path: /Game/FollowMeLibrary/Levels/Level01.Level01:PersistentLevel.StaticMeshActor_UAID_D843AE06D09DBCF101_1985000903
 |- Actor Package: /Game/__ExternalActors__/FollowMeLibrary/Levels/Level01/0/HI/RO6HANM0F9QA79AZKAT5HL
 |- Actor Path: /Game/FollowMeLibrary/Levels/Level01.Level01:PersistentLevel.TextRenderActor_1
 |- Actor Package: /Game/__ExternalActors__/FollowMeLibrary/Levels/Level01/5/SD/O5QSHD7IVW4ZGJ57SC6MZP
 |- Actor Path: /Game/FollowMeLibrary/Levels/Level01.Level01:PersistentLevel.ThirdPersonCharacter_C_UAID_D843AE06D09D2CF101_1588167416
 |- Actor Package: /Game/__ExternalActors__/FollowMeLibrary/Levels/Level01/D/L5/JNARU4SXSJILIMT3ABKYWH
 |- Actor Path: /Game/FollowMeLibrary/Levels/Level01.Level01:PersistentLevel.VolumetricCloud_0
 |- Actor Package: /Game/__ExternalActors__/FollowMeLibrary/Levels/Level01/9/Y9/IXIB2EXBYL3QUFZT2CZDTP
 |- Actor Path: /Game/FollowMeLibrary/Levels/Level01.Level01:PersistentLevel.WorldDataLayers
 |- Actor Package: /Game/__ExternalActors__/FollowMeLibrary/Levels/Level01/E/B0/TUPAOQAQ9YVLXI0RBBFGRS
 |- Actor Path: /Game/FollowMeLibrary/Levels/Level01.Level01:PersistentLevel.WorldInfo_0
 |- Actor Package: /Game/FollowMeLibrary/Levels/Level01
 |- Actor Path: /Game/FollowMeLibrary/Levels/Level01.Level01:PersistentLevel.WorldPartitionMiniMap_0
 |- Actor Package: /Game/__ExternalActors__/FollowMeLibrary/Levels/Level01/6/LX/59NQ4MW2A8CLXTHY27R9SS

----------------------------------------------------------------------------------------------------------------
Level01 - Runtime Spatial Hash - Streaming Grid - MainGrid
----------------------------------------------------------------------------------------------------------------
            Origin: X=0.000 Y=0.000 Z=0.000
         Cell Size: 12800
      World Bounds: IsValid=false, Min=(X=0.000 Y=0.000 Z=0.000), Max=(X=0.000 Y=0.000 Z=0.000)
     Loading Range: 25600.00
Block Slow Loading: No
 ClientOnlyVisible: No
            Origin: X=0.000 Y=0.000 Z=0.000

[+] Grid Levels: 1
 |- Level  0: Cell Count    0 | Cell Size   12800 | Actor Count    0 (0.0%)

[+] Content of Grid Level 0

