[+] Containers:
 |- [+] Container: /Game/ThirdPerson/Maps/TheSchool
 |   |- [+] ActorDescs:
 |   |   |- Guid:03A50CD94873DA899557E6AC354C62D8 BaseClass: NativeClass:/Script/Engine.StaticMeshActor Name:StaticMeshActor_UAID_D843AE06D09D8DF501_1873904253 Label:Grass3 SpatiallyLoaded:1 Bounds:IsValid=true, Min=(X=9331.000 Y=-565.000 Z=-187.000), Max=(X=14931.000 Y=3435.000 Z=-167.000) RuntimeGrid:None EditorOnly:0 RuntimeOnly:0 HLODRelevant:1 ListedInSceneOutliner:1 IsMainWorldOnly:0 FolderPath:Grass FolderGuid:0D65C67C48187702EF84E2A9C1667C5F
 |   |   |- Guid:0B9516C349397946BC6264AA44993253 BaseClass: NativeClass:/Script/Engine.StaticMeshActor Name:StaticMeshActor_UAID_D843AE06D09D25F601_1502506448 Label:TheSchool SpatiallyLoaded:1 Bounds:IsValid=true, Min=(X=4066.000 Y=-268.000 Z=-168.000), Max=(X=9272.000 Y=3092.000 Z=272.000) RuntimeGrid:None EditorOnly:0 RuntimeOnly:0 HLODRelevant:1 ListedInSceneOutliner:1 IsMainWorldOnly:0 FolderPath:TheSchool FolderGuid:909EB71D4994197FE8129B98230C3588
 |   |   |- Guid:0FCBBEE44677D7EA94B965B97B09B698 BaseClass: NativeClass:/Script/Engine.StaticMeshActor Name:StaticMeshActor_UAID_D843AE06D09DE7F401_1306635489 Label:Grass SpatiallyLoaded:1 Bounds:IsValid=true, Min=(X=-1070.000 Y=-570.000 Z=-187.000), Max=(X=4130.000 Y=3430.000 Z=-167.000) RuntimeGrid:None EditorOnly:0 RuntimeOnly:0 HLODRelevant:1 ListedInSceneOutliner:1 IsMainWorldOnly:0 FolderPath:Grass FolderGuid:0D65C67C48187702EF84E2A9C1667C5F
 |   |   |- Guid:146327A74C9E4A693E6F9A94D695F512 BaseClass: NativeClass:/Script/Engine.StaticMeshActor Name:StaticMeshActor_UAID_D843AE06D09D25F601_1584465449 Label:TheParkingLot SpatiallyLoaded:1 Bounds:IsValid=true, Min=(X=9258.000 Y=-929.000 Z=-193.161), Max=(X=14939.115 Y=3639.000 Z=326.536) RuntimeGrid:None EditorOnly:0 RuntimeOnly:0 HLODRelevant:1 ListedInSceneOutliner:1 IsMainWorldOnly:0
 |   |   |- Guid:1805CA494B122A3BC65EF78E0F4D9FEA BaseClass: NativeClass:/Script/Engine.SkyLight Name:SkyLight_1 Label:SkyLight SpatiallyLoaded:0 Bounds:IsValid=true, Min=(X=0.000 Y=0.000 Z=0.000), Max=(X=0.000 Y=0.000 Z=0.000) RuntimeGrid:None EditorOnly:0 RuntimeOnly:0 HLODRelevant:0 ListedInSceneOutliner:1 IsMainWorldOnly:0 FolderPath:Lighting FolderGuid:963EC3EB4002CCE9759E2EBA541A873A
 |   |   |- Guid:192024854452A3E09769FC904D1BA978 BaseClass: NativeClass:/Script/Engine.WorldDataLayers Name:WorldDataLayers Label:WorldDataLayers SpatiallyLoaded:0 Bounds:Invalid RuntimeGrid:None EditorOnly:0 RuntimeOnly:0 HLODRelevant:0 ListedInSceneOutliner:1 IsMainWorldOnly:1 FolderPath:NavMesh FolderGuid:A6E81EF048CC3D644F7CFFA5B6DB642A
 |   |   |- Guid:413957F14FB8670D921EE6B3E71FF4F4 BaseClass:/Game/FollowMeLibrary/Environment/Lights/Lights_BP.Lights_BP_C NativeClass:/Script/Engine.Actor Name:Lights_BP_C_UAID_D843AE06D09DA6F601_2118967151 Label:Lights_BP SpatiallyLoaded:1 Bounds:IsValid=true, Min=(X=3668.000 Y=1412.000 Z=248.645), Max=(X=3728.000 Y=1472.000 Z=257.355) RuntimeGrid:None EditorOnly:0 RuntimeOnly:0 HLODRelevant:0 ListedInSceneOutliner:1 IsMainWorldOnly:0
 |   |   |- Guid:418F54884846ED96A1043189B7944BC5 BaseClass: NativeClass:/Script/Engine.StaticMeshActor Name:StaticMeshActor_UAID_A4AE111137DC5EFB00_1110535423 Label:SM_SkySphere SpatiallyLoaded:0 Bounds:IsValid=true, Min=(X=-1641670.000 Y=-1638400.000 Z=-1638400.000), Max=(X=1635130.000 Y=1638400.000 Z=1638400.000) RuntimeGrid:None EditorOnly:0 RuntimeOnly:0 HLODRelevant:1 ListedInSceneOutliner:1 IsMainWorldOnly:0 FolderPath:Lighting FolderGuid:963EC3EB4002CCE9759E2EBA541A873A
 |   |   |- Guid:62D5D86E4F4C8F0E806DFF8AB27F8756 BaseClass: NativeClass:/Script/Engine.DirectionalLight Name:DirectionalLight_0 Label:DirectionalLight SpatiallyLoaded:0 Bounds:IsValid=true, Min=(X=-4398046511104.000 Y=-4398046511104.000 Z=-4398046511104.000), Max=(X=4398046511104.000 Y=4398046511104.000 Z=4398046511104.000) RuntimeGrid:None EditorOnly:0 RuntimeOnly:0 HLODRelevant:0 ListedInSceneOutliner:1 IsMainWorldOnly:0 FolderPath:Lighting FolderGuid:963EC3EB4002CCE9759E2EBA541A873A
 |   |   |- Guid:6E684A314A003E80FED909A0292116AE BaseClass: NativeClass:/Script/NavigationSystem.RecastNavMesh Name:RecastNavMesh_UAID_D843AE06D09D55EE01-Default Label:RecastNavMesh-Default SpatiallyLoaded:0 Bounds:IsValid=true, Min=(X=0.000 Y=0.000 Z=0.000), Max=(X=0.000 Y=0.000 Z=0.000) RuntimeGrid:None EditorOnly:0 RuntimeOnly:0 HLODRelevant:0 ListedInSceneOutliner:1 IsMainWorldOnly:0
 |   |   |- Guid:75DFDD464A40A2C11C3612A02D0E261D BaseClass: NativeClass:/Script/NavigationSystem.NavMeshBoundsVolume Name:NavMeshBoundsVolume_UAID_D843AE06D09DD9F401_2024537016 Label:NavMeshBoundsVolume SpatiallyLoaded:0 Bounds:IsValid=true, Min=(X=-1713.000 Y=-784.846 Z=-354.769), Max=(X=15087.000 Y=3522.846 Z=506.769) RuntimeGrid:None EditorOnly:0 RuntimeOnly:0 HLODRelevant:0 ListedInSceneOutliner:1 IsMainWorldOnly:0 FolderPath:NavMesh FolderGuid:A6E81EF048CC3D644F7CFFA5B6DB642A
 |   |   |- Guid:825E2C6A41ED362D395B188948686A7F BaseClass:/Game/FollowMeLibrary/Player/ThirdPersonCharacter.ThirdPersonCharacter_C NativeClass:/Script/Engine.Character Name:ThirdPersonCharacter_C_UAID_D843AE06D09D17F101_2025650710 Label:ThirdPersonCharacter SpatiallyLoaded:1 Bounds:IsValid=true, Min=(X=-61.000 Y=0.000 Z=-143.146), Max=(X=10.591 Y=68.000 Z=37.237) RuntimeGrid:None EditorOnly:0 RuntimeOnly:0 HLODRelevant:0 ListedInSceneOutliner:1 IsMainWorldOnly:0 FolderPath:MyPlayer FolderGuid:EAEE21B84BF20B1F98098185499D2D8C
 |   |   |- Guid:894586DB4AE6F14D6E5FEFBF2CE2ECFE BaseClass: NativeClass:/Script/Engine.PostProcessVolume Name:PostProcessVolume_0 Label:PostProcessVolume SpatiallyLoaded:0 Bounds:IsValid=true, Min=(X=-3270.000 Y=0.000 Z=400.000), Max=(X=-3070.000 Y=200.000 Z=600.000) RuntimeGrid:None EditorOnly:0 RuntimeOnly:0 HLODRelevant:0 ListedInSceneOutliner:1 IsMainWorldOnly:0 FolderPath:Lighting FolderGuid:963EC3EB4002CCE9759E2EBA541A873A
 |   |   |- Guid:9D1212594B261A2FFDA5C4A35E95DFB2 BaseClass: NativeClass:/Script/Engine.SkyAtmosphere Name:SkyAtmosphere_0 Label:SkyAtmosphere SpatiallyLoaded:0 Bounds:IsValid=true, Min=(X=0.000 Y=0.000 Z=0.000), Max=(X=0.000 Y=0.000 Z=0.000) RuntimeGrid:None EditorOnly:0 RuntimeOnly:0 HLODRelevant:0 ListedInSceneOutliner:1 IsMainWorldOnly:0 FolderPath:Lighting FolderGuid:963EC3EB4002CCE9759E2EBA541A873A
 |   |   |- Guid:A55B6EFB4BAFABB3AD0BBE9E8FB33BCE BaseClass: NativeClass:/Script/Engine.StaticMeshActor Name:StaticMeshActor_UAID_D843AE06D09DA7F601_1109420330 Label:SM_Door SpatiallyLoaded:1 Bounds:IsValid=true, Min=(X=3254.758 Y=1375.000 Z=-147.000), Max=(X=3273.242 Y=1501.000 Z=53.000) RuntimeGrid:None EditorOnly:0 RuntimeOnly:0 HLODRelevant:1 ListedInSceneOutliner:1 IsMainWorldOnly:0
 |   |   |- Guid:B6A0110B4A917301F4076D89260D1E0F BaseClass:/Game/FollowMeLibrary/Companion/BTCompanion/Companion_BP.Companion_BP_C NativeClass:/Script/Engine.Character Name:Companion_BP_C_UAID_D843AE06D09D2DF501_1973985800 Label:Companion_BP SpatiallyLoaded:1 Bounds:IsValid=true, Min=(X=-114.000 Y=2606.000 Z=-152.146), Max=(X=-42.409 Y=2674.000 Z=28.237) RuntimeGrid:None EditorOnly:0 RuntimeOnly:0 HLODRelevant:0 ListedInSceneOutliner:1 IsMainWorldOnly:0 FolderPath:MyPlayer FolderGuid:EAEE21B84BF20B1F98098185499D2D8C
 |   |   |- Guid:BBFF1DA0458DBFA64F520395F42E72F8 BaseClass: NativeClass:/Script/Engine.StaticMeshActor Name:StaticMeshActor_UAID_D843AE06D09D25F601_1405013447 Label:TheDorm SpatiallyLoaded:1 Bounds:IsValid=true, Min=(X=-647.000 Y=-190.000 Z=-167.000), Max=(X=4105.000 Y=3049.000 Z=273.000) RuntimeGrid:None EditorOnly:0 RuntimeOnly:0 HLODRelevant:1 ListedInSceneOutliner:1 IsMainWorldOnly:0 FolderPath:TheDorm FolderGuid:C73F09FC4215536B1DCE2A9E0A830C70
 |   |   |- Guid:C615731047FCB07D04614EAB25146393 BaseClass: NativeClass:/Script/Engine.StaticMeshActor Name:StaticMeshActor_UAID_D843AE06D09D8AF501_1712065453 Label:Grass2 SpatiallyLoaded:1 Bounds:IsValid=true, Min=(X=4130.000 Y=-570.000 Z=-187.000), Max=(X=9330.000 Y=3430.000 Z=-167.000) RuntimeGrid:None EditorOnly:0 RuntimeOnly:0 HLODRelevant:1 ListedInSceneOutliner:1 IsMainWorldOnly:0 FolderPath:Grass FolderGuid:0D65C67C48187702EF84E2A9C1667C5F
 |   |   |- Guid:C86036D54E6C3E877441BA9AE5A88277 BaseClass:/Game/FollowMeLibrary/Mechanic/Doors/Door_BP.Door_BP_C NativeClass:/Script/Engine.Actor Name:Door_BP_C_UAID_D843AE06D09DA7F601_1195462331 Label:Door_BP SpatiallyLoaded:1 Bounds:IsValid=true, Min=(X=3982.000 Y=1358.205 Z=-158.440), Max=(X=4206.000 Y=1517.795 Z=72.440) RuntimeGrid:None EditorOnly:0 RuntimeOnly:0 HLODRelevant:0 ListedInSceneOutliner:1 IsMainWorldOnly:0
 |   |   |- Guid:D2A839EC43C50530A162D79DC0D0D4FA BaseClass: NativeClass:/Script/Engine.TextRenderActor Name:TextRenderActor_1 Label:TextRenderActor SpatiallyLoaded:1 Bounds:IsValid=true, Min=(X=-2610.100 Y=1100.000 Z=65.013), Max=(X=-2610.100 Y=2392.308 Z=215.013) RuntimeGrid:None EditorOnly:0 RuntimeOnly:0 HLODRelevant:0 ListedInSceneOutliner:1 IsMainWorldOnly:0 FolderPath:Lighting FolderGuid:963EC3EB4002CCE9759E2EBA541A873A
 |   |   |- Guid:D3CF7F684CD2AC6EE05EDF85ED730C2A BaseClass:/Engine/EngineSky/BP_Sky_Sphere.BP_Sky_Sphere_C NativeClass:/Script/Engine.Actor Name:BP_Sky_Sphere_C_UAID_D843AE06D09D5BF401_1835930983 Label:BP_Sky_Sphere SpatiallyLoaded:0 Bounds:IsValid=true, Min=(X=-1330577.970 Y=-1329959.970 Z=-1331187.970), Max=(X=1331821.970 Y=1332439.970 Z=1331211.970) RuntimeGrid:None EditorOnly:0 RuntimeOnly:0 HLODRelevant:0 ListedInSceneOutliner:1 IsMainWorldOnly:0 FolderPath:Lighting FolderGuid:963EC3EB4002CCE9759E2EBA541A873A
 |   |   |- Guid:D726543542108093EDD96BA2E3631E22 BaseClass: NativeClass:/Script/Engine.StaticMeshActor Name:StaticMeshActor_UAID_D843AE06D09DA7F601_1109399329 Label:SM_DoorFrame SpatiallyLoaded:1 Bounds:IsValid=true, Min=(X=3250.581 Y=1358.205 Z=-147.000), Max=(X=3275.419 Y=1517.795 Z=64.996) RuntimeGrid:None EditorOnly:0 RuntimeOnly:0 HLODRelevant:1 ListedInSceneOutliner:1 IsMainWorldOnly:0
 |   |   |- Guid:ED6338A245B304A05770D0934237FDAE BaseClass: NativeClass:/Script/Engine.VolumetricCloud Name:VolumetricCloud_0 Label:VolumetricCloud SpatiallyLoaded:0 Bounds:IsValid=true, Min=(X=-3270.000 Y=0.000 Z=820.000), Max=(X=-3270.000 Y=0.000 Z=820.000) RuntimeGrid:None EditorOnly:0 RuntimeOnly:0 HLODRelevant:0 ListedInSceneOutliner:1 IsMainWorldOnly:0 FolderPath:Lighting FolderGuid:963EC3EB4002CCE9759E2EBA541A873A
 |   |   |- Guid:F4384C314A885780198AAB800EC6E51C BaseClass: NativeClass:/Script/Engine.ExponentialHeightFog Name:ExponentialHeightFog_0 Label:ExponentialHeightFog SpatiallyLoaded:0 Bounds:IsValid=true, Min=(X=-8870.000 Y=-50.000 Z=-6850.000), Max=(X=-8870.000 Y=-50.000 Z=-6850.000) RuntimeGrid:None EditorOnly:0 RuntimeOnly:0 HLODRelevant:0 ListedInSceneOutliner:1 IsMainWorldOnly:0 FolderPath:Lighting FolderGuid:963EC3EB4002CCE9759E2EBA541A873A
 |   |   |- Guid:F7C7B14E4C7B2CA12E1FBEB5D8C4652B BaseClass: NativeClass:/Script/NavigationSystem.RecastNavMesh Name:RecastNavMesh_UAID_D843AE06D09DD9F401-Default Label:RecastNavMesh-Default SpatiallyLoaded:0 Bounds:IsValid=true, Min=(X=0.000 Y=0.000 Z=0.000), Max=(X=0.000 Y=0.000 Z=0.000) RuntimeGrid:None EditorOnly:0 RuntimeOnly:0 HLODRelevant:0 ListedInSceneOutliner:1 IsMainWorldOnly:0 FolderPath:NavMesh FolderGuid:A6E81EF048CC3D644F7CFFA5B6DB642A
 |   |- [+] Clusters:
 |   |   |- [+] [  0]
 |   |   |   |- Guid:03A50CD94873DA899557E6AC354C62D8 BaseClass: NativeClass:/Script/Engine.StaticMeshActor Name:StaticMeshActor_UAID_D843AE06D09D8DF501_1873904253 Label:Grass3 SpatiallyLoaded:1 Bounds:IsValid=true, Min=(X=9331.000 Y=-565.000 Z=-187.000), Max=(X=14931.000 Y=3435.000 Z=-167.000) RuntimeGrid:None EditorOnly:0 RuntimeOnly:0 HLODRelevant:1 ListedInSceneOutliner:1 IsMainWorldOnly:0 FolderPath:Grass FolderGuid:0D65C67C48187702EF84E2A9C1667C5F
 |   |   |- [+] [  1]
 |   |   |   |- Guid:0B9516C349397946BC6264AA44993253 BaseClass: NativeClass:/Script/Engine.StaticMeshActor Name:StaticMeshActor_UAID_D843AE06D09D25F601_1502506448 Label:TheSchool SpatiallyLoaded:1 Bounds:IsValid=true, Min=(X=4066.000 Y=-268.000 Z=-168.000), Max=(X=9272.000 Y=3092.000 Z=272.000) RuntimeGrid:None EditorOnly:0 RuntimeOnly:0 HLODRelevant:1 ListedInSceneOutliner:1 IsMainWorldOnly:0 FolderPath:TheSchool FolderGuid:909EB71D4994197FE8129B98230C3588
 |   |   |- [+] [  2]
 |   |   |   |- Guid:0FCBBEE44677D7EA94B965B97B09B698 BaseClass: NativeClass:/Script/Engine.StaticMeshActor Name:StaticMeshActor_UAID_D843AE06D09DE7F401_1306635489 Label:Grass SpatiallyLoaded:1 Bounds:IsValid=true, Min=(X=-1070.000 Y=-570.000 Z=-187.000), Max=(X=4130.000 Y=3430.000 Z=-167.000) RuntimeGrid:None EditorOnly:0 RuntimeOnly:0 HLODRelevant:1 ListedInSceneOutliner:1 IsMainWorldOnly:0 FolderPath:Grass FolderGuid:0D65C67C48187702EF84E2A9C1667C5F
 |   |   |- [+] [  3]
 |   |   |   |- Guid:146327A74C9E4A693E6F9A94D695F512 BaseClass: NativeClass:/Script/Engine.StaticMeshActor Name:StaticMeshActor_UAID_D843AE06D09D25F601_1584465449 Label:TheParkingLot SpatiallyLoaded:1 Bounds:IsValid=true, Min=(X=9258.000 Y=-929.000 Z=-193.161), Max=(X=14939.115 Y=3639.000 Z=326.536) RuntimeGrid:None EditorOnly:0 RuntimeOnly:0 HLODRelevant:1 ListedInSceneOutliner:1 IsMainWorldOnly:0
 |   |   |- [+] [  4]
 |   |   |   |- Guid:1805CA494B122A3BC65EF78E0F4D9FEA BaseClass: NativeClass:/Script/Engine.SkyLight Name:SkyLight_1 Label:SkyLight SpatiallyLoaded:0 Bounds:IsValid=true, Min=(X=0.000 Y=0.000 Z=0.000), Max=(X=0.000 Y=0.000 Z=0.000) RuntimeGrid:None EditorOnly:0 RuntimeOnly:0 HLODRelevant:0 ListedInSceneOutliner:1 IsMainWorldOnly:0 FolderPath:Lighting FolderGuid:963EC3EB4002CCE9759E2EBA541A873A
 |   |   |- [+] [  5]
 |   |   |   |- Guid:192024854452A3E09769FC904D1BA978 BaseClass: NativeClass:/Script/Engine.WorldDataLayers Name:WorldDataLayers Label:WorldDataLayers SpatiallyLoaded:0 Bounds:Invalid RuntimeGrid:None EditorOnly:0 RuntimeOnly:0 HLODRelevant:0 ListedInSceneOutliner:1 IsMainWorldOnly:1 FolderPath:NavMesh FolderGuid:A6E81EF048CC3D644F7CFFA5B6DB642A
 |   |   |- [+] [  6]
 |   |   |   |- Guid:413957F14FB8670D921EE6B3E71FF4F4 BaseClass:/Game/FollowMeLibrary/Environment/Lights/Lights_BP.Lights_BP_C NativeClass:/Script/Engine.Actor Name:Lights_BP_C_UAID_D843AE06D09DA6F601_2118967151 Label:Lights_BP SpatiallyLoaded:1 Bounds:IsValid=true, Min=(X=3668.000 Y=1412.000 Z=248.645), Max=(X=3728.000 Y=1472.000 Z=257.355) RuntimeGrid:None EditorOnly:0 RuntimeOnly:0 HLODRelevant:0 ListedInSceneOutliner:1 IsMainWorldOnly:0
 |   |   |- [+] [  7]
 |   |   |   |- Guid:418F54884846ED96A1043189B7944BC5 BaseClass: NativeClass:/Script/Engine.StaticMeshActor Name:StaticMeshActor_UAID_A4AE111137DC5EFB00_1110535423 Label:SM_SkySphere SpatiallyLoaded:0 Bounds:IsValid=true, Min=(X=-1641670.000 Y=-1638400.000 Z=-1638400.000), Max=(X=1635130.000 Y=1638400.000 Z=1638400.000) RuntimeGrid:None EditorOnly:0 RuntimeOnly:0 HLODRelevant:1 ListedInSceneOutliner:1 IsMainWorldOnly:0 FolderPath:Lighting FolderGuid:963EC3EB4002CCE9759E2EBA541A873A
 |   |   |- [+] [  8]
 |   |   |   |- Guid:62D5D86E4F4C8F0E806DFF8AB27F8756 BaseClass: NativeClass:/Script/Engine.DirectionalLight Name:DirectionalLight_0 Label:DirectionalLight SpatiallyLoaded:0 Bounds:IsValid=true, Min=(X=-4398046511104.000 Y=-4398046511104.000 Z=-4398046511104.000), Max=(X=4398046511104.000 Y=4398046511104.000 Z=4398046511104.000) RuntimeGrid:None EditorOnly:0 RuntimeOnly:0 HLODRelevant:0 ListedInSceneOutliner:1 IsMainWorldOnly:0 FolderPath:Lighting FolderGuid:963EC3EB4002CCE9759E2EBA541A873A
 |   |   |- [+] [  9]
 |   |   |   |- Guid:6E684A314A003E80FED909A0292116AE BaseClass: NativeClass:/Script/NavigationSystem.RecastNavMesh Name:RecastNavMesh_UAID_D843AE06D09D55EE01-Default Label:RecastNavMesh-Default SpatiallyLoaded:0 Bounds:IsValid=true, Min=(X=0.000 Y=0.000 Z=0.000), Max=(X=0.000 Y=0.000 Z=0.000) RuntimeGrid:None EditorOnly:0 RuntimeOnly:0 HLODRelevant:0 ListedInSceneOutliner:1 IsMainWorldOnly:0
 |   |   |- [+] [ 10]
 |   |   |   |- Guid:75DFDD464A40A2C11C3612A02D0E261D BaseClass: NativeClass:/Script/NavigationSystem.NavMeshBoundsVolume Name:NavMeshBoundsVolume_UAID_D843AE06D09DD9F401_2024537016 Label:NavMeshBoundsVolume SpatiallyLoaded:0 Bounds:IsValid=true, Min=(X=-1713.000 Y=-784.846 Z=-354.769), Max=(X=15087.000 Y=3522.846 Z=506.769) RuntimeGrid:None EditorOnly:0 RuntimeOnly:0 HLODRelevant:0 ListedInSceneOutliner:1 IsMainWorldOnly:0 FolderPath:NavMesh FolderGuid:A6E81EF048CC3D644F7CFFA5B6DB642A
 |   |   |- [+] [ 11]
 |   |   |   |- Guid:825E2C6A41ED362D395B188948686A7F BaseClass:/Game/FollowMeLibrary/Player/ThirdPersonCharacter.ThirdPersonCharacter_C NativeClass:/Script/Engine.Character Name:ThirdPersonCharacter_C_UAID_D843AE06D09D17F101_2025650710 Label:ThirdPersonCharacter SpatiallyLoaded:1 Bounds:IsValid=true, Min=(X=-61.000 Y=0.000 Z=-143.146), Max=(X=10.591 Y=68.000 Z=37.237) RuntimeGrid:None EditorOnly:0 RuntimeOnly:0 HLODRelevant:0 ListedInSceneOutliner:1 IsMainWorldOnly:0 FolderPath:MyPlayer FolderGuid:EAEE21B84BF20B1F98098185499D2D8C
 |   |   |   |- Guid:B6A0110B4A917301F4076D89260D1E0F BaseClass:/Game/FollowMeLibrary/Companion/BTCompanion/Companion_BP.Companion_BP_C NativeClass:/Script/Engine.Character Name:Companion_BP_C_UAID_D843AE06D09D2DF501_1973985800 Label:Companion_BP SpatiallyLoaded:1 Bounds:IsValid=true, Min=(X=-114.000 Y=2606.000 Z=-152.146), Max=(X=-42.409 Y=2674.000 Z=28.237) RuntimeGrid:None EditorOnly:0 RuntimeOnly:0 HLODRelevant:0 ListedInSceneOutliner:1 IsMainWorldOnly:0 FolderPath:MyPlayer FolderGuid:EAEE21B84BF20B1F98098185499D2D8C
 |   |   |- [+] [ 12]
 |   |   |   |- Guid:894586DB4AE6F14D6E5FEFBF2CE2ECFE BaseClass: NativeClass:/Script/Engine.PostProcessVolume Name:PostProcessVolume_0 Label:PostProcessVolume SpatiallyLoaded:0 Bounds:IsValid=true, Min=(X=-3270.000 Y=0.000 Z=400.000), Max=(X=-3070.000 Y=200.000 Z=600.000) RuntimeGrid:None EditorOnly:0 RuntimeOnly:0 HLODRelevant:0 ListedInSceneOutliner:1 IsMainWorldOnly:0 FolderPath:Lighting FolderGuid:963EC3EB4002CCE9759E2EBA541A873A
 |   |   |- [+] [ 13]
 |   |   |   |- Guid:9D1212594B261A2FFDA5C4A35E95DFB2 BaseClass: NativeClass:/Script/Engine.SkyAtmosphere Name:SkyAtmosphere_0 Label:SkyAtmosphere SpatiallyLoaded:0 Bounds:IsValid=true, Min=(X=0.000 Y=0.000 Z=0.000), Max=(X=0.000 Y=0.000 Z=0.000) RuntimeGrid:None EditorOnly:0 RuntimeOnly:0 HLODRelevant:0 ListedInSceneOutliner:1 IsMainWorldOnly:0 FolderPath:Lighting FolderGuid:963EC3EB4002CCE9759E2EBA541A873A
 |   |   |- [+] [ 14]
 |   |   |   |- Guid:A55B6EFB4BAFABB3AD0BBE9E8FB33BCE BaseClass: NativeClass:/Script/Engine.StaticMeshActor Name:StaticMeshActor_UAID_D843AE06D09DA7F601_1109420330 Label:SM_Door SpatiallyLoaded:1 Bounds:IsValid=true, Min=(X=3254.758 Y=1375.000 Z=-147.000), Max=(X=3273.242 Y=1501.000 Z=53.000) RuntimeGrid:None EditorOnly:0 RuntimeOnly:0 HLODRelevant:1 ListedInSceneOutliner:1 IsMainWorldOnly:0
 |   |   |- [+] [ 15]
 |   |   |   |- Guid:BBFF1DA0458DBFA64F520395F42E72F8 BaseClass: NativeClass:/Script/Engine.StaticMeshActor Name:StaticMeshActor_UAID_D843AE06D09D25F601_1405013447 Label:TheDorm SpatiallyLoaded:1 Bounds:IsValid=true, Min=(X=-647.000 Y=-190.000 Z=-167.000), Max=(X=4105.000 Y=3049.000 Z=273.000) RuntimeGrid:None EditorOnly:0 RuntimeOnly:0 HLODRelevant:1 ListedInSceneOutliner:1 IsMainWorldOnly:0 FolderPath:TheDorm FolderGuid:C73F09FC4215536B1DCE2A9E0A830C70
 |   |   |- [+] [ 16]
 |   |   |   |- Guid:C615731047FCB07D04614EAB25146393 BaseClass: NativeClass:/Script/Engine.StaticMeshActor Name:StaticMeshActor_UAID_D843AE06D09D8AF501_1712065453 Label:Grass2 SpatiallyLoaded:1 Bounds:IsValid=true, Min=(X=4130.000 Y=-570.000 Z=-187.000), Max=(X=9330.000 Y=3430.000 Z=-167.000) RuntimeGrid:None EditorOnly:0 RuntimeOnly:0 HLODRelevant:1 ListedInSceneOutliner:1 IsMainWorldOnly:0 FolderPath:Grass FolderGuid:0D65C67C48187702EF84E2A9C1667C5F
 |   |   |- [+] [ 17]
 |   |   |   |- Guid:C86036D54E6C3E877441BA9AE5A88277 BaseClass:/Game/FollowMeLibrary/Mechanic/Doors/Door_BP.Door_BP_C NativeClass:/Script/Engine.Actor Name:Door_BP_C_UAID_D843AE06D09DA7F601_1195462331 Label:Door_BP SpatiallyLoaded:1 Bounds:IsValid=true, Min=(X=3982.000 Y=1358.205 Z=-158.440), Max=(X=4206.000 Y=1517.795 Z=72.440) RuntimeGrid:None EditorOnly:0 RuntimeOnly:0 HLODRelevant:0 ListedInSceneOutliner:1 IsMainWorldOnly:0
 |   |   |- [+] [ 18]
 |   |   |   |- Guid:D2A839EC43C50530A162D79DC0D0D4FA BaseClass: NativeClass:/Script/Engine.TextRenderActor Name:TextRenderActor_1 Label:TextRenderActor SpatiallyLoaded:1 Bounds:IsValid=true, Min=(X=-2610.100 Y=1100.000 Z=65.013), Max=(X=-2610.100 Y=2392.308 Z=215.013) RuntimeGrid:None EditorOnly:0 RuntimeOnly:0 HLODRelevant:0 ListedInSceneOutliner:1 IsMainWorldOnly:0 FolderPath:Lighting FolderGuid:963EC3EB4002CCE9759E2EBA541A873A
 |   |   |- [+] [ 19]
 |   |   |   |- Guid:D3CF7F684CD2AC6EE05EDF85ED730C2A BaseClass:/Engine/EngineSky/BP_Sky_Sphere.BP_Sky_Sphere_C NativeClass:/Script/Engine.Actor Name:BP_Sky_Sphere_C_UAID_D843AE06D09D5BF401_1835930983 Label:BP_Sky_Sphere SpatiallyLoaded:0 Bounds:IsValid=true, Min=(X=-1330577.970 Y=-1329959.970 Z=-1331187.970), Max=(X=1331821.970 Y=1332439.970 Z=1331211.970) RuntimeGrid:None EditorOnly:0 RuntimeOnly:0 HLODRelevant:0 ListedInSceneOutliner:1 IsMainWorldOnly:0 FolderPath:Lighting FolderGuid:963EC3EB4002CCE9759E2EBA541A873A
 |   |   |- [+] [ 20]
 |   |   |   |- Guid:D726543542108093EDD96BA2E3631E22 BaseClass: NativeClass:/Script/Engine.StaticMeshActor Name:StaticMeshActor_UAID_D843AE06D09DA7F601_1109399329 Label:SM_DoorFrame SpatiallyLoaded:1 Bounds:IsValid=true, Min=(X=3250.581 Y=1358.205 Z=-147.000), Max=(X=3275.419 Y=1517.795 Z=64.996) RuntimeGrid:None EditorOnly:0 RuntimeOnly:0 HLODRelevant:1 ListedInSceneOutliner:1 IsMainWorldOnly:0
 |   |   |- [+] [ 21]
 |   |   |   |- Guid:ED6338A245B304A05770D0934237FDAE BaseClass: NativeClass:/Script/Engine.VolumetricCloud Name:VolumetricCloud_0 Label:VolumetricCloud SpatiallyLoaded:0 Bounds:IsValid=true, Min=(X=-3270.000 Y=0.000 Z=820.000), Max=(X=-3270.000 Y=0.000 Z=820.000) RuntimeGrid:None EditorOnly:0 RuntimeOnly:0 HLODRelevant:0 ListedInSceneOutliner:1 IsMainWorldOnly:0 FolderPath:Lighting FolderGuid:963EC3EB4002CCE9759E2EBA541A873A
 |   |   |- [+] [ 22]
 |   |   |   |- Guid:F4384C314A885780198AAB800EC6E51C BaseClass: NativeClass:/Script/Engine.ExponentialHeightFog Name:ExponentialHeightFog_0 Label:ExponentialHeightFog SpatiallyLoaded:0 Bounds:IsValid=true, Min=(X=-8870.000 Y=-50.000 Z=-6850.000), Max=(X=-8870.000 Y=-50.000 Z=-6850.000) RuntimeGrid:None EditorOnly:0 RuntimeOnly:0 HLODRelevant:0 ListedInSceneOutliner:1 IsMainWorldOnly:0 FolderPath:Lighting FolderGuid:963EC3EB4002CCE9759E2EBA541A873A
 |   |   |- [+] [ 23]
 |   |   |   |- Guid:F7C7B14E4C7B2CA12E1FBEB5D8C4652B BaseClass: NativeClass:/Script/NavigationSystem.RecastNavMesh Name:RecastNavMesh_UAID_D843AE06D09DD9F401-Default Label:RecastNavMesh-Default SpatiallyLoaded:0 Bounds:IsValid=true, Min=(X=0.000 Y=0.000 Z=0.000), Max=(X=0.000 Y=0.000 Z=0.000) RuntimeGrid:None EditorOnly:0 RuntimeOnly:0 HLODRelevant:0 ListedInSceneOutliner:1 IsMainWorldOnly:0 FolderPath:NavMesh FolderGuid:A6E81EF048CC3D644F7CFFA5B6DB642A
 |- ContainerInstances:
 |- [+] MainContainer:
 |   |-        ID: 00000000000000000000000000000000
 |   |-  ParentID: 00000000000000000000000000000000
 |   |-    Bounds: IsValid=false, Min=(X=0.000 Y=0.000 Z=0.000), Max=(X=0.000 Y=0.000 Z=0.000)
 |   |- Transform: 0.000000,0.000000,0.000000|0.000000,0.000000,-0.000000|1.000000,1.000000,1.000000
 |   |- Container: /Game/ThirdPerson/Maps/TheSchool
----------------------------------------------------------------------------------------------------------------
TheSchool - Persistent Level
----------------------------------------------------------------------------------------------------------------
[+] Content of TheSchool Persistent Level
 |- Always loaded Actor Count: 31 
 |- Actor Path: /Game/ThirdPerson/Maps/TheSchool.TheSchool:PersistentLevel.AbstractNavData-Default
 |- Actor Package: /Game/ThirdPerson/Maps/TheSchool
 |- Actor Path: /Game/ThirdPerson/Maps/TheSchool.TheSchool:PersistentLevel.BP_Sky_Sphere_C_UAID_D843AE06D09D5BF401_1835930983
 |- Actor Package: /Game/__ExternalActors__/ThirdPerson/Maps/TheSchool/7/9E/C5S5IAKMSHYV4Z9RIUQ2LY
 |- Actor Path: /Game/ThirdPerson/Maps/TheSchool.TheSchool:PersistentLevel.Brush_0
 |- Actor Package: /Game/ThirdPerson/Maps/TheSchool
 |- Actor Path: /Game/ThirdPerson/Maps/TheSchool.TheSchool:PersistentLevel.Companion_BP_C_UAID_D843AE06D09D2DF501_1973985800
 |- Actor Package: /Game/__ExternalActors__/ThirdPerson/Maps/TheSchool/8/6E/B575LU5FY3E7F7P0IK3GOC
 |- Actor Path: /Game/ThirdPerson/Maps/TheSchool.TheSchool:PersistentLevel.DefaultPhysicsVolume_0
 |- Actor Package: /Game/ThirdPerson/Maps/TheSchool
 |- Actor Path: /Game/ThirdPerson/Maps/TheSchool.TheSchool:PersistentLevel.DirectionalLight_0
 |- Actor Package: /Game/__ExternalActors__/ThirdPerson/Maps/TheSchool/8/5J/O414AHTC5TGI202KIY32B2
 |- Actor Path: /Game/ThirdPerson/Maps/TheSchool.TheSchool:PersistentLevel.Door_BP_C_UAID_D843AE06D09DA7F601_1195462331
 |- Actor Package: /Game/__ExternalActors__/ThirdPerson/Maps/TheSchool/B/R7/KTG9D2QHUG0B4O5DECE4PW
 |- Actor Path: /Game/ThirdPerson/Maps/TheSchool.TheSchool:PersistentLevel.ExponentialHeightFog_0
 |- Actor Package: /Game/__ExternalActors__/ThirdPerson/Maps/TheSchool/D/4D/KTJC727ASLIWT351PZ01H2
 |- Actor Path: /Game/ThirdPerson/Maps/TheSchool.TheSchool:PersistentLevel.GameplayDebuggerPlayerManager_0
 |- Actor Package: /Game/ThirdPerson/Maps/TheSchool
 |- Actor Path: /Game/ThirdPerson/Maps/TheSchool.TheSchool:PersistentLevel.Lights_BP_C_UAID_D843AE06D09DA6F601_2118967151
 |- Actor Package: /Game/__ExternalActors__/ThirdPerson/Maps/TheSchool/D/ES/EYUDTJFXMWXE6OBEYY7D2X
 |- Actor Path: /Game/ThirdPerson/Maps/TheSchool.TheSchool:PersistentLevel.NavMeshBoundsVolume_UAID_D843AE06D09DD9F401_2024537016
 |- Actor Package: /Game/__ExternalActors__/ThirdPerson/Maps/TheSchool/1/4Z/KEXQTE3PQ4X3XEVVM65UGC
 |- Actor Path: /Game/ThirdPerson/Maps/TheSchool.TheSchool:PersistentLevel.PostProcessVolume_0
 |- Actor Package: /Game/__ExternalActors__/ThirdPerson/Maps/TheSchool/E/PX/A8CBVBEVG6AJEA0Y4G859V
 |- Actor Path: /Game/ThirdPerson/Maps/TheSchool.TheSchool:PersistentLevel.RecastNavMesh_UAID_D843AE06D09DD9F401-Default
 |- Actor Package: /Game/__ExternalActors__/ThirdPerson/Maps/TheSchool/D/BU/JVHULZ2INURW9ATAR5IK13
 |- Actor Path: /Game/ThirdPerson/Maps/TheSchool.TheSchool:PersistentLevel.SkyAtmosphere_0
 |- Actor Package: /Game/__ExternalActors__/ThirdPerson/Maps/TheSchool/B/SM/28HDZFTDPYPKPUQR9G99T1
 |- Actor Path: /Game/ThirdPerson/Maps/TheSchool.TheSchool:PersistentLevel.SkyLight_1
 |- Actor Package: /Game/__ExternalActors__/ThirdPerson/Maps/TheSchool/4/0H/0A3UUNQQWTZFQEH2IWA8DI
 |- Actor Path: /Game/ThirdPerson/Maps/TheSchool.TheSchool:PersistentLevel.StaticMeshActor_UAID_A4AE111137DC5EFB00_1110535423
 |- Actor Package: /Game/__ExternalActors__/ThirdPerson/Maps/TheSchool/E/96/X5CN89KF41MO87ASQYLW6D
 |- Actor Path: /Game/ThirdPerson/Maps/TheSchool.TheSchool:PersistentLevel.StaticMeshActor_UAID_D843AE06D09D25F601_1405013447
 |- Actor Package: /Game/__ExternalActors__/ThirdPerson/Maps/TheSchool/D/KZ/VGLO5KI66B7FTS70JJ7HJY
 |- Actor Path: /Game/ThirdPerson/Maps/TheSchool.TheSchool:PersistentLevel.StaticMeshActor_UAID_D843AE06D09D25F601_1502506448
 |- Actor Package: /Game/__ExternalActors__/ThirdPerson/Maps/TheSchool/E/KN/AST7A0PJKBX1SXGZFJXA8D
 |- Actor Path: /Game/ThirdPerson/Maps/TheSchool.TheSchool:PersistentLevel.StaticMeshActor_UAID_D843AE06D09D25F601_1584465449
 |- Actor Package: /Game/__ExternalActors__/ThirdPerson/Maps/TheSchool/8/CK/ZB2OWBFVMUUHZNB6WHLWUW
 |- Actor Path: /Game/ThirdPerson/Maps/TheSchool.TheSchool:PersistentLevel.StaticMeshActor_UAID_D843AE06D09D8AF501_1712065453
 |- Actor Package: /Game/__ExternalActors__/ThirdPerson/Maps/TheSchool/7/TH/7QUTJ1SX051JEESGQTC2X7
 |- Actor Path: /Game/ThirdPerson/Maps/TheSchool.TheSchool:PersistentLevel.StaticMeshActor_UAID_D843AE06D09D8DF501_1873904253
 |- Actor Package: /Game/__ExternalActors__/ThirdPerson/Maps/TheSchool/7/V8/JV8NHICIT4DELQPR2MOWUI
 |- Actor Path: /Game/ThirdPerson/Maps/TheSchool.TheSchool:PersistentLevel.StaticMeshActor_UAID_D843AE06D09DA7F601_1109399329
 |- Actor Package: /Game/__ExternalActors__/ThirdPerson/Maps/TheSchool/2/H3/ARR6DSRYTO71DA9JMZGIJB
 |- Actor Path: /Game/ThirdPerson/Maps/TheSchool.TheSchool:PersistentLevel.StaticMeshActor_UAID_D843AE06D09DA7F601_1109420330
 |- Actor Package: /Game/__ExternalActors__/ThirdPerson/Maps/TheSchool/C/FV/WKDBF1N85NVRK2W85NTWHB
 |- Actor Path: /Game/ThirdPerson/Maps/TheSchool.TheSchool:PersistentLevel.StaticMeshActor_UAID_D843AE06D09DE7F401_1306635489
 |- Actor Package: /Game/__ExternalActors__/ThirdPerson/Maps/TheSchool/E/VW/DXUH0BZ11GUHHH5LNAJ83I
 |- Actor Path: /Game/ThirdPerson/Maps/TheSchool.TheSchool:PersistentLevel.TextRenderActor_1
 |- Actor Package: /Game/__ExternalActors__/ThirdPerson/Maps/TheSchool/B/X5/KFYEQHGY3APIMLEX88NPYP
 |- Actor Path: /Game/ThirdPerson/Maps/TheSchool.TheSchool:PersistentLevel.TheSchool_C_1
 |- Actor Package: /Game/ThirdPerson/Maps/TheSchool
 |- Actor Path: /Game/ThirdPerson/Maps/TheSchool.TheSchool:PersistentLevel.ThirdPersonCharacter_C_UAID_D843AE06D09D17F101_2025650710
 |- Actor Package: /Game/__ExternalActors__/ThirdPerson/Maps/TheSchool/A/IQ/VHD1VVTL3P0Q9GFGSJC7RA
 |- Actor Path: /Game/ThirdPerson/Maps/TheSchool.TheSchool:PersistentLevel.VolumetricCloud_0
 |- Actor Package: /Game/__ExternalActors__/ThirdPerson/Maps/TheSchool/5/OT/DIC0WCVI2HLWL8VRU83BPJ
 |- Actor Path: /Game/ThirdPerson/Maps/TheSchool.TheSchool:PersistentLevel.WorldDataLayers
 |- Actor Package: /Game/__ExternalActors__/ThirdPerson/Maps/TheSchool/2/UE/0PLYV41Z6RQNZHI5LJJ54R
 |- Actor Path: /Game/ThirdPerson/Maps/TheSchool.TheSchool:PersistentLevel.WorldInfo_0
 |- Actor Package: /Game/ThirdPerson/Maps/TheSchool
 |- Actor Path: /Game/ThirdPerson/Maps/TheSchool.TheSchool:PersistentLevel.WorldPartitionMiniMap_0
 |- Actor Package: /Game/__ExternalActors__/ThirdPerson/Maps/TheSchool/D/I1/8K5T17FLUSDD3SJOT41GN2

----------------------------------------------------------------------------------------------------------------
TheSchool - Runtime Spatial Hash - Streaming Grid - MainGrid
----------------------------------------------------------------------------------------------------------------
            Origin: X=0.000 Y=0.000 Z=0.000
         Cell Size: 12800
      World Bounds: IsValid=false, Min=(X=0.000 Y=0.000 Z=0.000), Max=(X=0.000 Y=0.000 Z=0.000)
     Loading Range: 25600.00
Block Slow Loading: No
 ClientOnlyVisible: No
            Origin: X=0.000 Y=0.000 Z=0.000

[+] Grid Levels: 1
 |- Level  0: Cell Count    0 | Cell Size   12800 | Actor Count    0 (0.0%)

[+] Content of Grid Level 0

