[+] Containers:
 |- [+] Container: /Game/ThirdPerson/Maps/Level02
 |   |- [+] ActorDescs:
 |   |   |- Guid:0D227F444DE1C34525FA798B9EA94C2A BaseClass: NativeClass:/Script/Engine.WorldDataLayers Name:WorldDataLayers Label:WorldDataLayers SpatiallyLoaded:0 Bounds:Invalid RuntimeGrid:None EditorOnly:0 RuntimeOnly:0 HLODRelevant:0 ListedInSceneOutliner:1 IsMainWorldOnly:1
 |   |   |- Guid:11E830F64FA269511B5CEAA596A784C5 BaseClass: NativeClass:/Script/Engine.StaticMeshActor Name:StaticMeshActor_UAID_A4AE111137DC5EFB00_1110535423 Label:SM_SkySphere SpatiallyLoaded:0 Bounds:IsValid=true, Min=(X=-1641670.000 Y=-1638400.000 Z=-1638400.000), Max=(X=1635130.000 Y=1638400.000 Z=1638400.000) RuntimeGrid:None EditorOnly:0 RuntimeOnly:0 HLODRelevant:1 ListedInSceneOutliner:1 IsMainWorldOnly:0 FolderPath:Lighting FolderGuid:963EC3EB4002CCE9759E2EBA541A873A
 |   |   |- Guid:1827C2A647EC7BF60B92F491CAEAFF99 BaseClass:/Game/FollowMeLibrary/Passerby/AI_Passerby.AI_Passerby_C NativeClass:/Script/Engine.Character Name:AI_Passerby_C_UAID_D843AE06D09D96EE01_1813284924 Label:AI_Passerby SpatiallyLoaded:1 Bounds:IsValid=true, Min=(X=-205.000 Y=65.000 Z=-0.146), Max=(X=-132.409 Y=135.000 Z=180.237) RuntimeGrid:None EditorOnly:0 RuntimeOnly:0 HLODRelevant:0 ListedInSceneOutliner:1 IsMainWorldOnly:0
 |   |   |- Guid:22029C0B47F7904B5374B48D8DE30F2B BaseClass: NativeClass:/Script/NavigationSystem.NavMeshBoundsVolume Name:NavMeshBoundsVolume_UAID_D843AE06D09D55EE01_2145601601 Label:NavMeshBoundsVolume SpatiallyLoaded:0 Bounds:IsValid=true, Min=(X=-1270.000 Y=-2280.000 Z=-200.000), Max=(X=330.000 Y=1720.000 Z=600.000) RuntimeGrid:None EditorOnly:0 RuntimeOnly:0 HLODRelevant:0 ListedInSceneOutliner:1 IsMainWorldOnly:0
 |   |   |- Guid:286B328947C06C11C90ADF8C60822525 BaseClass: NativeClass:/Script/Engine.StaticMeshActor Name:StaticMeshActor_UAID_D843AE06D09D8AEE01_2014486784 Label:Shape_Cube5 SpatiallyLoaded:1 Bounds:IsValid=true, Min=(X=-60.000 Y=220.000 Z=0.000), Max=(X=140.000 Y=420.000 Z=200.000) RuntimeGrid:None EditorOnly:0 RuntimeOnly:0 HLODRelevant:1 ListedInSceneOutliner:1 IsMainWorldOnly:0
 |   |   |- Guid:2BF92F53414C9041AE017791B4C8B8ED BaseClass: NativeClass:/Script/Engine.StaticMeshActor Name:StaticMeshActor_5 Label:SM_Cube2 SpatiallyLoaded:1 Bounds:IsValid=true, Min=(X=-1460.000 Y=-1480.000 Z=0.000), Max=(X=560.000 Y=-1380.000 Z=400.000) RuntimeGrid:None EditorOnly:0 RuntimeOnly:0 HLODRelevant:1 ListedInSceneOutliner:1 IsMainWorldOnly:0 FolderPath:Playground FolderGuid:C73F09FC4215536B1DCE2A9E0A830C70
 |   |   |- Guid:2CFC72E3498C4F1DC0669C9C7F793913 BaseClass:/Game/FollowMeLibrary/Passerby/AI_Passerby.AI_Passerby_C NativeClass:/Script/Engine.Character Name:AI_Passerby_C_UAID_D843AE06D09D98EE01_2125078279 Label:AI_Passerby4 SpatiallyLoaded:1 Bounds:IsValid=true, Min=(X=-955.000 Y=-805.000 Z=-0.146), Max=(X=-882.409 Y=-735.000 Z=180.237) RuntimeGrid:None EditorOnly:0 RuntimeOnly:0 HLODRelevant:0 ListedInSceneOutliner:1 IsMainWorldOnly:0
 |   |   |- Guid:37B671314F529255910A3E9273326B2C BaseClass: NativeClass:/Script/Engine.StaticMeshActor Name:StaticMeshActor_6 Label:SM_Cube3 SpatiallyLoaded:1 Bounds:IsValid=true, Min=(X=-1460.000 Y=1620.000 Z=0.000), Max=(X=560.000 Y=1720.000 Z=400.000) RuntimeGrid:None EditorOnly:0 RuntimeOnly:0 HLODRelevant:1 ListedInSceneOutliner:1 IsMainWorldOnly:0 FolderPath:Playground FolderGuid:C73F09FC4215536B1DCE2A9E0A830C70
 |   |   |- Guid:3D093E8546951F9E79F210B805AAAAB0 BaseClass: NativeClass:/Script/Engine.StaticMeshActor Name:StaticMeshActor_UAID_D843AE06D09D8AEE01_1875433783 Label:Shape_Cube4 SpatiallyLoaded:1 Bounds:IsValid=true, Min=(X=-60.000 Y=-680.000 Z=0.000), Max=(X=140.000 Y=-480.000 Z=200.000) RuntimeGrid:None EditorOnly:0 RuntimeOnly:0 HLODRelevant:1 ListedInSceneOutliner:1 IsMainWorldOnly:0
 |   |   |- Guid:3D3F2F774C93B37509250CBAFD5E052B BaseClass:/Game/FollowMeLibrary/Mechanic/PuzzleItem_BP.PuzzleItem_BP_C NativeClass:/Script/Engine.Actor Name:PuzzleItem_BP_C_UAID_D843AE06D09D72EE01_1632963557 Label:PuzzleItem_BP SpatiallyLoaded:1 Bounds:IsValid=true, Min=(X=-982.000 Y=-60.000 Z=10.000), Max=(X=-918.000 Y=40.000 Z=110.000) RuntimeGrid:None EditorOnly:0 RuntimeOnly:0 HLODRelevant:0 ListedInSceneOutliner:1 IsMainWorldOnly:0
 |   |   |- Guid:3D54EFA9414F9B014CA22F8181F18818 BaseClass: NativeClass:/Script/Engine.StaticMeshActor Name:StaticMeshActor_UAID_D843AE06D09D8AEE01_1289077777 Label:Wall_400x201 SpatiallyLoaded:1 Bounds:IsValid=true, Min=(X=-340.000 Y=680.000 Z=0.000), Max=(X=60.000 Y=700.000 Z=300.000) RuntimeGrid:None EditorOnly:0 RuntimeOnly:0 HLODRelevant:1 ListedInSceneOutliner:1 IsMainWorldOnly:0
 |   |   |- Guid:47F642F2432C6CE524DA09B3AC26DA07 BaseClass:/Game/FollowMeLibrary/Mechanic/Escape_BP.Escape_BP_C NativeClass:/Script/Engine.Actor Name:Escape_BP_C_UAID_D843AE06D09D74EE01_2044721911 Label:Escape_BP SpatiallyLoaded:1 Bounds:IsValid=true, Min=(X=-636.000 Y=990.000 Z=16.000), Max=(X=-124.000 Y=1310.000 Z=144.000) RuntimeGrid:None EditorOnly:0 RuntimeOnly:0 HLODRelevant:0 ListedInSceneOutliner:1 IsMainWorldOnly:0
 |   |   |- Guid:4A2073AC48C7D0B38B2745AE44BA8CF5 BaseClass: NativeClass:/Script/Engine.StaticMeshActor Name:StaticMeshActor_4 Label:SM_Cube6 SpatiallyLoaded:1 Bounds:IsValid=true, Min=(X=460.000 Y=-1380.000 Z=0.000), Max=(X=560.000 Y=1620.000 Z=400.000) RuntimeGrid:None EditorOnly:0 RuntimeOnly:0 HLODRelevant:1 ListedInSceneOutliner:1 IsMainWorldOnly:0 FolderPath:Playground FolderGuid:C73F09FC4215536B1DCE2A9E0A830C70
 |   |   |- Guid:5050137A4426829F598805B60C3BC51D BaseClass: NativeClass:/Script/Engine.StaticMeshActor Name:StaticMeshActor_UAID_D843AE06D09D8AEE01_1266619776 Label:Wall_400x200 SpatiallyLoaded:1 Bounds:IsValid=true, Min=(X=60.000 Y=680.000 Z=0.000), Max=(X=460.000 Y=700.000 Z=300.000) RuntimeGrid:None EditorOnly:0 RuntimeOnly:0 HLODRelevant:1 ListedInSceneOutliner:1 IsMainWorldOnly:0
 |   |   |- Guid:53C78DEE4E48C55F73FB48BD6B0B2A35 BaseClass:/Game/FollowMeLibrary/Passerby/AI_Passerby.AI_Passerby_C NativeClass:/Script/Engine.Character Name:AI_Passerby_C_UAID_D843AE06D09D98EE01_2127898280 Label:AI_Passerby5 SpatiallyLoaded:1 Bounds:IsValid=true, Min=(X=-185.000 Y=-715.000 Z=-0.146), Max=(X=-112.409 Y=-645.000 Z=180.237) RuntimeGrid:None EditorOnly:0 RuntimeOnly:0 HLODRelevant:0 ListedInSceneOutliner:1 IsMainWorldOnly:0
 |   |   |- Guid:5462A8BE4EEA45591530308FB6C878E5 BaseClass: NativeClass:/Script/Engine.SkyLight Name:SkyLight_1 Label:SkyLight SpatiallyLoaded:0 Bounds:IsValid=true, Min=(X=-3270.000 Y=0.000 Z=690.000), Max=(X=-3270.000 Y=0.000 Z=690.000) RuntimeGrid:None EditorOnly:0 RuntimeOnly:0 HLODRelevant:0 ListedInSceneOutliner:1 IsMainWorldOnly:0 FolderPath:Lighting FolderGuid:963EC3EB4002CCE9759E2EBA541A873A
 |   |   |- Guid:651B97204C68C3708A5DEC8DB62A5E82 BaseClass: NativeClass:/Script/Engine.StaticMeshActor Name:StaticMeshActor_UAID_D843AE06D09D8AEE01_1858588782 Label:Shape_Cube3 SpatiallyLoaded:1 Bounds:IsValid=true, Min=(X=-1060.000 Y=-680.000 Z=0.000), Max=(X=-860.000 Y=-480.000 Z=200.000) RuntimeGrid:None EditorOnly:0 RuntimeOnly:0 HLODRelevant:1 ListedInSceneOutliner:1 IsMainWorldOnly:0
 |   |   |- Guid:6838A0644894692136206B8CB09FFD58 BaseClass: NativeClass:/Script/Engine.PostProcessVolume Name:PostProcessVolume_0 Label:PostProcessVolume SpatiallyLoaded:0 Bounds:IsValid=true, Min=(X=-3270.000 Y=0.000 Z=400.000), Max=(X=-3070.000 Y=200.000 Z=600.000) RuntimeGrid:None EditorOnly:0 RuntimeOnly:0 HLODRelevant:0 ListedInSceneOutliner:1 IsMainWorldOnly:0 FolderPath:Lighting FolderGuid:963EC3EB4002CCE9759E2EBA541A873A
 |   |   |- Guid:6DCB6E0B4540569603B33A992EBBF965 BaseClass: NativeClass:/Script/Engine.SkyAtmosphere Name:SkyAtmosphere_0 Label:SkyAtmosphere SpatiallyLoaded:0 Bounds:IsValid=true, Min=(X=-3270.000 Y=0.000 Z=1020.000), Max=(X=-3270.000 Y=0.000 Z=1020.000) RuntimeGrid:None EditorOnly:0 RuntimeOnly:0 HLODRelevant:0 ListedInSceneOutliner:1 IsMainWorldOnly:0 FolderPath:Lighting FolderGuid:963EC3EB4002CCE9759E2EBA541A873A
 |   |   |- Guid:70B0AE8845DB07803E9DFDAA6D585DE1 BaseClass: NativeClass:/Script/Engine.StaticMeshActor Name:StaticMeshActor_UAID_D843AE06D09D8AEE01_1845680781 Label:Shape_Cube2 SpatiallyLoaded:1 Bounds:IsValid=true, Min=(X=-560.000 Y=-180.000 Z=0.000), Max=(X=-360.000 Y=20.000 Z=200.000) RuntimeGrid:None EditorOnly:0 RuntimeOnly:0 HLODRelevant:1 ListedInSceneOutliner:1 IsMainWorldOnly:0
 |   |   |- Guid:88D0CA7243CA7CD93E1A06B448CED179 BaseClass: NativeClass:/Script/Engine.TextRenderActor Name:TextRenderActor_1 Label:TextRenderActor SpatiallyLoaded:1 Bounds:IsValid=true, Min=(X=-2610.100 Y=1100.000 Z=65.013), Max=(X=-2610.100 Y=2392.308 Z=215.013) RuntimeGrid:None EditorOnly:0 RuntimeOnly:0 HLODRelevant:0 ListedInSceneOutliner:1 IsMainWorldOnly:0
 |   |   |- Guid:8908274C455958D72C8054A28DC0820A BaseClass: NativeClass:/Script/Engine.ExponentialHeightFog Name:ExponentialHeightFog_0 Label:ExponentialHeightFog SpatiallyLoaded:0 Bounds:IsValid=true, Min=(X=-8870.000 Y=-50.000 Z=-6850.000), Max=(X=-8870.000 Y=-50.000 Z=-6850.000) RuntimeGrid:None EditorOnly:0 RuntimeOnly:0 HLODRelevant:0 ListedInSceneOutliner:1 IsMainWorldOnly:0 FolderPath:Lighting FolderGuid:963EC3EB4002CCE9759E2EBA541A873A
 |   |   |- Guid:9C9B55314172EDFAB24450B902E10E73 BaseClass: NativeClass:/Script/Engine.StaticMeshActor Name:StaticMeshActor_UAID_D843AE06D09D8AEE01_1737833780 Label:Shape_Cube SpatiallyLoaded:1 Bounds:IsValid=true, Min=(X=-1060.000 Y=130.000 Z=0.000), Max=(X=-860.000 Y=330.000 Z=200.000) RuntimeGrid:None EditorOnly:0 RuntimeOnly:0 HLODRelevant:1 ListedInSceneOutliner:1 IsMainWorldOnly:0
 |   |   |- Guid:A62C141A496AAFDD808F0E9DE8FD9A21 BaseClass: NativeClass:/Script/NavigationSystem.RecastNavMesh Name:RecastNavMesh_UAID_D843AE06D09D55EE01-Default Label:RecastNavMesh-Default SpatiallyLoaded:0 Bounds:IsValid=true, Min=(X=0.000 Y=0.000 Z=0.000), Max=(X=0.000 Y=0.000 Z=0.000) RuntimeGrid:None EditorOnly:0 RuntimeOnly:0 HLODRelevant:0 ListedInSceneOutliner:1 IsMainWorldOnly:0
 |   |   |- Guid:AB728D5E42EF70F64C63EEA07661B657 BaseClass: NativeClass:/Script/Engine.VolumetricCloud Name:VolumetricCloud_0 Label:VolumetricCloud SpatiallyLoaded:0 Bounds:IsValid=true, Min=(X=-3270.000 Y=0.000 Z=820.000), Max=(X=-3270.000 Y=0.000 Z=820.000) RuntimeGrid:None EditorOnly:0 RuntimeOnly:0 HLODRelevant:0 ListedInSceneOutliner:1 IsMainWorldOnly:0 FolderPath:Lighting FolderGuid:963EC3EB4002CCE9759E2EBA541A873A
 |   |   |- Guid:B2077D9B47AFF3048B8F4F8895B485C8 BaseClass: NativeClass:/Script/Engine.StaticMeshActor Name:StaticMeshActor_1 Label:SM_Cube SpatiallyLoaded:1 Bounds:IsValid=true, Min=(X=-1460.000 Y=-1480.000 Z=-50.000), Max=(X=560.000 Y=1720.000 Z=0.000) RuntimeGrid:None EditorOnly:0 RuntimeOnly:0 HLODRelevant:1 ListedInSceneOutliner:1 IsMainWorldOnly:0 FolderPath:Playground FolderGuid:C73F09FC4215536B1DCE2A9E0A830C70
 |   |   |- Guid:B6395EC14E8216883196088D045F0FF8 BaseClass:/Game/FollowMeLibrary/Passerby/AI_Passerby.AI_Passerby_C NativeClass:/Script/Engine.Character Name:AI_Passerby_C_UAID_D843AE06D09D98EE01_2116550277 Label:AI_Passerby2 SpatiallyLoaded:1 Bounds:IsValid=true, Min=(X=-765.000 Y=65.000 Z=-0.146), Max=(X=-692.409 Y=135.000 Z=180.237) RuntimeGrid:None EditorOnly:0 RuntimeOnly:0 HLODRelevant:0 ListedInSceneOutliner:1 IsMainWorldOnly:0
 |   |   |- Guid:CA61BC394DF245847197FFBC7EB9F2B8 BaseClass:/Game/FollowMeLibrary/Mechanic/PuzzleGate_BP.PuzzleGate_BP_C NativeClass:/Script/Engine.Actor Name:PuzzleGate_BP_C_UAID_D843AE06D09D72EE01_1563527556 Label:PuzzleGate_BP SpatiallyLoaded:1 Bounds:IsValid=true, Min=(X=-563.993 Y=615.186 Z=0.000), Max=(X=-336.007 Y=702.419 Z=317.995) RuntimeGrid:None EditorOnly:0 RuntimeOnly:0 HLODRelevant:0 ListedInSceneOutliner:1 IsMainWorldOnly:0
 |   |   |- Guid:D2B2BE71421B7F90F7B9BBA1AF2FD966 BaseClass: NativeClass:/Script/Engine.PlayerStart Name:PlayerStart_0 Label:PlayerStart SpatiallyLoaded:0 Bounds:IsValid=true, Min=(X=-70.000 Y=-1160.000 Z=0.013), Max=(X=10.000 Y=-1080.000 Z=184.013) RuntimeGrid:None EditorOnly:0 RuntimeOnly:0 HLODRelevant:0 ListedInSceneOutliner:1 IsMainWorldOnly:0
 |   |   |- Guid:D9B4E8114E7BCFC7962C0D8C89B4F07F BaseClass: NativeClass:/Script/Engine.StaticMeshActor Name:StaticMeshActor_UAID_D843AE06D09D8AEE01_1300378778 Label:Wall_400x202 SpatiallyLoaded:1 Bounds:IsValid=true, Min=(X=-960.000 Y=680.000 Z=0.000), Max=(X=-560.000 Y=700.000 Z=300.000) RuntimeGrid:None EditorOnly:0 RuntimeOnly:0 HLODRelevant:1 ListedInSceneOutliner:1 IsMainWorldOnly:0
 |   |   |- Guid:E38DC91E4347EBA8893B88BC26F2625A BaseClass: NativeClass:/Script/Engine.DirectionalLight Name:DirectionalLight_0 Label:DirectionalLight SpatiallyLoaded:0 Bounds:IsValid=true, Min=(X=-4398046511104.000 Y=-4398046511104.000 Z=-4398046511104.000), Max=(X=4398046511104.000 Y=4398046511104.000 Z=4398046511104.000) RuntimeGrid:None EditorOnly:0 RuntimeOnly:0 HLODRelevant:0 ListedInSceneOutliner:1 IsMainWorldOnly:0 FolderPath:Lighting FolderGuid:963EC3EB4002CCE9759E2EBA541A873A
 |   |   |- Guid:E55EB76D4ABB4BD31F0A90BCE236BBFA BaseClass: NativeClass:/Script/Engine.StaticMeshActor Name:StaticMeshActor_UAID_D843AE06D09D8AEE01_1310666779 Label:Wall_400x203 SpatiallyLoaded:1 Bounds:IsValid=true, Min=(X=-1360.000 Y=680.000 Z=0.000), Max=(X=-960.000 Y=700.000 Z=300.000) RuntimeGrid:None EditorOnly:0 RuntimeOnly:0 HLODRelevant:1 ListedInSceneOutliner:1 IsMainWorldOnly:0
 |   |   |- Guid:EF6BB4A549EA3D9DFDB792A6C592FC18 BaseClass:/Game/FollowMeLibrary/Passerby/AI_Passerby.AI_Passerby_C NativeClass:/Script/Engine.Character Name:AI_Passerby_C_UAID_D843AE06D09D98EE01_2121408278 Label:AI_Passerby3 SpatiallyLoaded:1 Bounds:IsValid=true, Min=(X=-555.000 Y=-535.000 Z=-0.146), Max=(X=-482.409 Y=-465.000 Z=180.237) RuntimeGrid:None EditorOnly:0 RuntimeOnly:0 HLODRelevant:0 ListedInSceneOutliner:1 IsMainWorldOnly:0
 |   |   |- Guid:F57CCE874FAACBBB5D2654BA1A0A6AF4 BaseClass:/Game/FollowMeLibrary/Companion/AI_Companion.AI_Companion_C NativeClass:/Script/Engine.Character Name:AI_Companion_C_UAID_D843AE06D09D74EE01_1755256910 Label:AI_Companion SpatiallyLoaded:1 Bounds:IsValid=true, Min=(X=-1145.000 Y=-1195.000 Z=-0.146), Max=(X=-1072.409 Y=-1125.000 Z=180.237) RuntimeGrid:None EditorOnly:0 RuntimeOnly:0 HLODRelevant:0 ListedInSceneOutliner:1 IsMainWorldOnly:0
 |   |   |- Guid:F5ACFE6E41AB6B517A7D539BF96F2DEB BaseClass: NativeClass:/Script/Engine.StaticMeshActor Name:StaticMeshActor_0 Label:SM_Cube5 SpatiallyLoaded:1 Bounds:IsValid=true, Min=(X=-1460.000 Y=-1380.000 Z=0.000), Max=(X=-1360.000 Y=1620.000 Z=400.000) RuntimeGrid:None EditorOnly:0 RuntimeOnly:0 HLODRelevant:1 ListedInSceneOutliner:1 IsMainWorldOnly:0 FolderPath:Playground FolderGuid:C73F09FC4215536B1DCE2A9E0A830C70
 |   |- [+] Clusters:
 |   |   |- [+] [  0]
 |   |   |   |- Guid:0D227F444DE1C34525FA798B9EA94C2A BaseClass: NativeClass:/Script/Engine.WorldDataLayers Name:WorldDataLayers Label:WorldDataLayers SpatiallyLoaded:0 Bounds:Invalid RuntimeGrid:None EditorOnly:0 RuntimeOnly:0 HLODRelevant:0 ListedInSceneOutliner:1 IsMainWorldOnly:1
 |   |   |- [+] [  1]
 |   |   |   |- Guid:11E830F64FA269511B5CEAA596A784C5 BaseClass: NativeClass:/Script/Engine.StaticMeshActor Name:StaticMeshActor_UAID_A4AE111137DC5EFB00_1110535423 Label:SM_SkySphere SpatiallyLoaded:0 Bounds:IsValid=true, Min=(X=-1641670.000 Y=-1638400.000 Z=-1638400.000), Max=(X=1635130.000 Y=1638400.000 Z=1638400.000) RuntimeGrid:None EditorOnly:0 RuntimeOnly:0 HLODRelevant:1 ListedInSceneOutliner:1 IsMainWorldOnly:0 FolderPath:Lighting FolderGuid:963EC3EB4002CCE9759E2EBA541A873A
 |   |   |- [+] [  2]
 |   |   |   |- Guid:1827C2A647EC7BF60B92F491CAEAFF99 BaseClass:/Game/FollowMeLibrary/Passerby/AI_Passerby.AI_Passerby_C NativeClass:/Script/Engine.Character Name:AI_Passerby_C_UAID_D843AE06D09D96EE01_1813284924 Label:AI_Passerby SpatiallyLoaded:1 Bounds:IsValid=true, Min=(X=-205.000 Y=65.000 Z=-0.146), Max=(X=-132.409 Y=135.000 Z=180.237) RuntimeGrid:None EditorOnly:0 RuntimeOnly:0 HLODRelevant:0 ListedInSceneOutliner:1 IsMainWorldOnly:0
 |   |   |- [+] [  3]
 |   |   |   |- Guid:22029C0B47F7904B5374B48D8DE30F2B BaseClass: NativeClass:/Script/NavigationSystem.NavMeshBoundsVolume Name:NavMeshBoundsVolume_UAID_D843AE06D09D55EE01_2145601601 Label:NavMeshBoundsVolume SpatiallyLoaded:0 Bounds:IsValid=true, Min=(X=-1270.000 Y=-2280.000 Z=-200.000), Max=(X=330.000 Y=1720.000 Z=600.000) RuntimeGrid:None EditorOnly:0 RuntimeOnly:0 HLODRelevant:0 ListedInSceneOutliner:1 IsMainWorldOnly:0
 |   |   |- [+] [  4]
 |   |   |   |- Guid:286B328947C06C11C90ADF8C60822525 BaseClass: NativeClass:/Script/Engine.StaticMeshActor Name:StaticMeshActor_UAID_D843AE06D09D8AEE01_2014486784 Label:Shape_Cube5 SpatiallyLoaded:1 Bounds:IsValid=true, Min=(X=-60.000 Y=220.000 Z=0.000), Max=(X=140.000 Y=420.000 Z=200.000) RuntimeGrid:None EditorOnly:0 RuntimeOnly:0 HLODRelevant:1 ListedInSceneOutliner:1 IsMainWorldOnly:0
 |   |   |- [+] [  5]
 |   |   |   |- Guid:2BF92F53414C9041AE017791B4C8B8ED BaseClass: NativeClass:/Script/Engine.StaticMeshActor Name:StaticMeshActor_5 Label:SM_Cube2 SpatiallyLoaded:1 Bounds:IsValid=true, Min=(X=-1460.000 Y=-1480.000 Z=0.000), Max=(X=560.000 Y=-1380.000 Z=400.000) RuntimeGrid:None EditorOnly:0 RuntimeOnly:0 HLODRelevant:1 ListedInSceneOutliner:1 IsMainWorldOnly:0 FolderPath:Playground FolderGuid:C73F09FC4215536B1DCE2A9E0A830C70
 |   |   |- [+] [  6]
 |   |   |   |- Guid:2CFC72E3498C4F1DC0669C9C7F793913 BaseClass:/Game/FollowMeLibrary/Passerby/AI_Passerby.AI_Passerby_C NativeClass:/Script/Engine.Character Name:AI_Passerby_C_UAID_D843AE06D09D98EE01_2125078279 Label:AI_Passerby4 SpatiallyLoaded:1 Bounds:IsValid=true, Min=(X=-955.000 Y=-805.000 Z=-0.146), Max=(X=-882.409 Y=-735.000 Z=180.237) RuntimeGrid:None EditorOnly:0 RuntimeOnly:0 HLODRelevant:0 ListedInSceneOutliner:1 IsMainWorldOnly:0
 |   |   |- [+] [  7]
 |   |   |   |- Guid:37B671314F529255910A3E9273326B2C BaseClass: NativeClass:/Script/Engine.StaticMeshActor Name:StaticMeshActor_6 Label:SM_Cube3 SpatiallyLoaded:1 Bounds:IsValid=true, Min=(X=-1460.000 Y=1620.000 Z=0.000), Max=(X=560.000 Y=1720.000 Z=400.000) RuntimeGrid:None EditorOnly:0 RuntimeOnly:0 HLODRelevant:1 ListedInSceneOutliner:1 IsMainWorldOnly:0 FolderPath:Playground FolderGuid:C73F09FC4215536B1DCE2A9E0A830C70
 |   |   |- [+] [  8]
 |   |   |   |- Guid:3D093E8546951F9E79F210B805AAAAB0 BaseClass: NativeClass:/Script/Engine.StaticMeshActor Name:StaticMeshActor_UAID_D843AE06D09D8AEE01_1875433783 Label:Shape_Cube4 SpatiallyLoaded:1 Bounds:IsValid=true, Min=(X=-60.000 Y=-680.000 Z=0.000), Max=(X=140.000 Y=-480.000 Z=200.000) RuntimeGrid:None EditorOnly:0 RuntimeOnly:0 HLODRelevant:1 ListedInSceneOutliner:1 IsMainWorldOnly:0
 |   |   |- [+] [  9]
 |   |   |   |- Guid:3D3F2F774C93B37509250CBAFD5E052B BaseClass:/Game/FollowMeLibrary/Mechanic/PuzzleItem_BP.PuzzleItem_BP_C NativeClass:/Script/Engine.Actor Name:PuzzleItem_BP_C_UAID_D843AE06D09D72EE01_1632963557 Label:PuzzleItem_BP SpatiallyLoaded:1 Bounds:IsValid=true, Min=(X=-982.000 Y=-60.000 Z=10.000), Max=(X=-918.000 Y=40.000 Z=110.000) RuntimeGrid:None EditorOnly:0 RuntimeOnly:0 HLODRelevant:0 ListedInSceneOutliner:1 IsMainWorldOnly:0
 |   |   |- [+] [ 10]
 |   |   |   |- Guid:3D54EFA9414F9B014CA22F8181F18818 BaseClass: NativeClass:/Script/Engine.StaticMeshActor Name:StaticMeshActor_UAID_D843AE06D09D8AEE01_1289077777 Label:Wall_400x201 SpatiallyLoaded:1 Bounds:IsValid=true, Min=(X=-340.000 Y=680.000 Z=0.000), Max=(X=60.000 Y=700.000 Z=300.000) RuntimeGrid:None EditorOnly:0 RuntimeOnly:0 HLODRelevant:1 ListedInSceneOutliner:1 IsMainWorldOnly:0
 |   |   |- [+] [ 11]
 |   |   |   |- Guid:47F642F2432C6CE524DA09B3AC26DA07 BaseClass:/Game/FollowMeLibrary/Mechanic/Escape_BP.Escape_BP_C NativeClass:/Script/Engine.Actor Name:Escape_BP_C_UAID_D843AE06D09D74EE01_2044721911 Label:Escape_BP SpatiallyLoaded:1 Bounds:IsValid=true, Min=(X=-636.000 Y=990.000 Z=16.000), Max=(X=-124.000 Y=1310.000 Z=144.000) RuntimeGrid:None EditorOnly:0 RuntimeOnly:0 HLODRelevant:0 ListedInSceneOutliner:1 IsMainWorldOnly:0
 |   |   |- [+] [ 12]
 |   |   |   |- Guid:4A2073AC48C7D0B38B2745AE44BA8CF5 BaseClass: NativeClass:/Script/Engine.StaticMeshActor Name:StaticMeshActor_4 Label:SM_Cube6 SpatiallyLoaded:1 Bounds:IsValid=true, Min=(X=460.000 Y=-1380.000 Z=0.000), Max=(X=560.000 Y=1620.000 Z=400.000) RuntimeGrid:None EditorOnly:0 RuntimeOnly:0 HLODRelevant:1 ListedInSceneOutliner:1 IsMainWorldOnly:0 FolderPath:Playground FolderGuid:C73F09FC4215536B1DCE2A9E0A830C70
 |   |   |- [+] [ 13]
 |   |   |   |- Guid:5050137A4426829F598805B60C3BC51D BaseClass: NativeClass:/Script/Engine.StaticMeshActor Name:StaticMeshActor_UAID_D843AE06D09D8AEE01_1266619776 Label:Wall_400x200 SpatiallyLoaded:1 Bounds:IsValid=true, Min=(X=60.000 Y=680.000 Z=0.000), Max=(X=460.000 Y=700.000 Z=300.000) RuntimeGrid:None EditorOnly:0 RuntimeOnly:0 HLODRelevant:1 ListedInSceneOutliner:1 IsMainWorldOnly:0
 |   |   |- [+] [ 14]
 |   |   |   |- Guid:53C78DEE4E48C55F73FB48BD6B0B2A35 BaseClass:/Game/FollowMeLibrary/Passerby/AI_Passerby.AI_Passerby_C NativeClass:/Script/Engine.Character Name:AI_Passerby_C_UAID_D843AE06D09D98EE01_2127898280 Label:AI_Passerby5 SpatiallyLoaded:1 Bounds:IsValid=true, Min=(X=-185.000 Y=-715.000 Z=-0.146), Max=(X=-112.409 Y=-645.000 Z=180.237) RuntimeGrid:None EditorOnly:0 RuntimeOnly:0 HLODRelevant:0 ListedInSceneOutliner:1 IsMainWorldOnly:0
 |   |   |- [+] [ 15]
 |   |   |   |- Guid:5462A8BE4EEA45591530308FB6C878E5 BaseClass: NativeClass:/Script/Engine.SkyLight Name:SkyLight_1 Label:SkyLight SpatiallyLoaded:0 Bounds:IsValid=true, Min=(X=-3270.000 Y=0.000 Z=690.000), Max=(X=-3270.000 Y=0.000 Z=690.000) RuntimeGrid:None EditorOnly:0 RuntimeOnly:0 HLODRelevant:0 ListedInSceneOutliner:1 IsMainWorldOnly:0 FolderPath:Lighting FolderGuid:963EC3EB4002CCE9759E2EBA541A873A
 |   |   |- [+] [ 16]
 |   |   |   |- Guid:651B97204C68C3708A5DEC8DB62A5E82 BaseClass: NativeClass:/Script/Engine.StaticMeshActor Name:StaticMeshActor_UAID_D843AE06D09D8AEE01_1858588782 Label:Shape_Cube3 SpatiallyLoaded:1 Bounds:IsValid=true, Min=(X=-1060.000 Y=-680.000 Z=0.000), Max=(X=-860.000 Y=-480.000 Z=200.000) RuntimeGrid:None EditorOnly:0 RuntimeOnly:0 HLODRelevant:1 ListedInSceneOutliner:1 IsMainWorldOnly:0
 |   |   |- [+] [ 17]
 |   |   |   |- Guid:6838A0644894692136206B8CB09FFD58 BaseClass: NativeClass:/Script/Engine.PostProcessVolume Name:PostProcessVolume_0 Label:PostProcessVolume SpatiallyLoaded:0 Bounds:IsValid=true, Min=(X=-3270.000 Y=0.000 Z=400.000), Max=(X=-3070.000 Y=200.000 Z=600.000) RuntimeGrid:None EditorOnly:0 RuntimeOnly:0 HLODRelevant:0 ListedInSceneOutliner:1 IsMainWorldOnly:0 FolderPath:Lighting FolderGuid:963EC3EB4002CCE9759E2EBA541A873A
 |   |   |- [+] [ 18]
 |   |   |   |- Guid:6DCB6E0B4540569603B33A992EBBF965 BaseClass: NativeClass:/Script/Engine.SkyAtmosphere Name:SkyAtmosphere_0 Label:SkyAtmosphere SpatiallyLoaded:0 Bounds:IsValid=true, Min=(X=-3270.000 Y=0.000 Z=1020.000), Max=(X=-3270.000 Y=0.000 Z=1020.000) RuntimeGrid:None EditorOnly:0 RuntimeOnly:0 HLODRelevant:0 ListedInSceneOutliner:1 IsMainWorldOnly:0 FolderPath:Lighting FolderGuid:963EC3EB4002CCE9759E2EBA541A873A
 |   |   |- [+] [ 19]
 |   |   |   |- Guid:70B0AE8845DB07803E9DFDAA6D585DE1 BaseClass: NativeClass:/Script/Engine.StaticMeshActor Name:StaticMeshActor_UAID_D843AE06D09D8AEE01_1845680781 Label:Shape_Cube2 SpatiallyLoaded:1 Bounds:IsValid=true, Min=(X=-560.000 Y=-180.000 Z=0.000), Max=(X=-360.000 Y=20.000 Z=200.000) RuntimeGrid:None EditorOnly:0 RuntimeOnly:0 HLODRelevant:1 ListedInSceneOutliner:1 IsMainWorldOnly:0
 |   |   |- [+] [ 20]
 |   |   |   |- Guid:88D0CA7243CA7CD93E1A06B448CED179 BaseClass: NativeClass:/Script/Engine.TextRenderActor Name:TextRenderActor_1 Label:TextRenderActor SpatiallyLoaded:1 Bounds:IsValid=true, Min=(X=-2610.100 Y=1100.000 Z=65.013), Max=(X=-2610.100 Y=2392.308 Z=215.013) RuntimeGrid:None EditorOnly:0 RuntimeOnly:0 HLODRelevant:0 ListedInSceneOutliner:1 IsMainWorldOnly:0
 |   |   |- [+] [ 21]
 |   |   |   |- Guid:8908274C455958D72C8054A28DC0820A BaseClass: NativeClass:/Script/Engine.ExponentialHeightFog Name:ExponentialHeightFog_0 Label:ExponentialHeightFog SpatiallyLoaded:0 Bounds:IsValid=true, Min=(X=-8870.000 Y=-50.000 Z=-6850.000), Max=(X=-8870.000 Y=-50.000 Z=-6850.000) RuntimeGrid:None EditorOnly:0 RuntimeOnly:0 HLODRelevant:0 ListedInSceneOutliner:1 IsMainWorldOnly:0 FolderPath:Lighting FolderGuid:963EC3EB4002CCE9759E2EBA541A873A
 |   |   |- [+] [ 22]
 |   |   |   |- Guid:9C9B55314172EDFAB24450B902E10E73 BaseClass: NativeClass:/Script/Engine.StaticMeshActor Name:StaticMeshActor_UAID_D843AE06D09D8AEE01_1737833780 Label:Shape_Cube SpatiallyLoaded:1 Bounds:IsValid=true, Min=(X=-1060.000 Y=130.000 Z=0.000), Max=(X=-860.000 Y=330.000 Z=200.000) RuntimeGrid:None EditorOnly:0 RuntimeOnly:0 HLODRelevant:1 ListedInSceneOutliner:1 IsMainWorldOnly:0
 |   |   |- [+] [ 23]
 |   |   |   |- Guid:A62C141A496AAFDD808F0E9DE8FD9A21 BaseClass: NativeClass:/Script/NavigationSystem.RecastNavMesh Name:RecastNavMesh_UAID_D843AE06D09D55EE01-Default Label:RecastNavMesh-Default SpatiallyLoaded:0 Bounds:IsValid=true, Min=(X=0.000 Y=0.000 Z=0.000), Max=(X=0.000 Y=0.000 Z=0.000) RuntimeGrid:None EditorOnly:0 RuntimeOnly:0 HLODRelevant:0 ListedInSceneOutliner:1 IsMainWorldOnly:0
 |   |   |- [+] [ 24]
 |   |   |   |- Guid:AB728D5E42EF70F64C63EEA07661B657 BaseClass: NativeClass:/Script/Engine.VolumetricCloud Name:VolumetricCloud_0 Label:VolumetricCloud SpatiallyLoaded:0 Bounds:IsValid=true, Min=(X=-3270.000 Y=0.000 Z=820.000), Max=(X=-3270.000 Y=0.000 Z=820.000) RuntimeGrid:None EditorOnly:0 RuntimeOnly:0 HLODRelevant:0 ListedInSceneOutliner:1 IsMainWorldOnly:0 FolderPath:Lighting FolderGuid:963EC3EB4002CCE9759E2EBA541A873A
 |   |   |- [+] [ 25]
 |   |   |   |- Guid:B2077D9B47AFF3048B8F4F8895B485C8 BaseClass: NativeClass:/Script/Engine.StaticMeshActor Name:StaticMeshActor_1 Label:SM_Cube SpatiallyLoaded:1 Bounds:IsValid=true, Min=(X=-1460.000 Y=-1480.000 Z=-50.000), Max=(X=560.000 Y=1720.000 Z=0.000) RuntimeGrid:None EditorOnly:0 RuntimeOnly:0 HLODRelevant:1 ListedInSceneOutliner:1 IsMainWorldOnly:0 FolderPath:Playground FolderGuid:C73F09FC4215536B1DCE2A9E0A830C70
 |   |   |- [+] [ 26]
 |   |   |   |- Guid:B6395EC14E8216883196088D045F0FF8 BaseClass:/Game/FollowMeLibrary/Passerby/AI_Passerby.AI_Passerby_C NativeClass:/Script/Engine.Character Name:AI_Passerby_C_UAID_D843AE06D09D98EE01_2116550277 Label:AI_Passerby2 SpatiallyLoaded:1 Bounds:IsValid=true, Min=(X=-765.000 Y=65.000 Z=-0.146), Max=(X=-692.409 Y=135.000 Z=180.237) RuntimeGrid:None EditorOnly:0 RuntimeOnly:0 HLODRelevant:0 ListedInSceneOutliner:1 IsMainWorldOnly:0
 |   |   |- [+] [ 27]
 |   |   |   |- Guid:CA61BC394DF245847197FFBC7EB9F2B8 BaseClass:/Game/FollowMeLibrary/Mechanic/PuzzleGate_BP.PuzzleGate_BP_C NativeClass:/Script/Engine.Actor Name:PuzzleGate_BP_C_UAID_D843AE06D09D72EE01_1563527556 Label:PuzzleGate_BP SpatiallyLoaded:1 Bounds:IsValid=true, Min=(X=-563.993 Y=615.186 Z=0.000), Max=(X=-336.007 Y=702.419 Z=317.995) RuntimeGrid:None EditorOnly:0 RuntimeOnly:0 HLODRelevant:0 ListedInSceneOutliner:1 IsMainWorldOnly:0
 |   |   |- [+] [ 28]
 |   |   |   |- Guid:D2B2BE71421B7F90F7B9BBA1AF2FD966 BaseClass: NativeClass:/Script/Engine.PlayerStart Name:PlayerStart_0 Label:PlayerStart SpatiallyLoaded:0 Bounds:IsValid=true, Min=(X=-70.000 Y=-1160.000 Z=0.013), Max=(X=10.000 Y=-1080.000 Z=184.013) RuntimeGrid:None EditorOnly:0 RuntimeOnly:0 HLODRelevant:0 ListedInSceneOutliner:1 IsMainWorldOnly:0
 |   |   |- [+] [ 29]
 |   |   |   |- Guid:D9B4E8114E7BCFC7962C0D8C89B4F07F BaseClass: NativeClass:/Script/Engine.StaticMeshActor Name:StaticMeshActor_UAID_D843AE06D09D8AEE01_1300378778 Label:Wall_400x202 SpatiallyLoaded:1 Bounds:IsValid=true, Min=(X=-960.000 Y=680.000 Z=0.000), Max=(X=-560.000 Y=700.000 Z=300.000) RuntimeGrid:None EditorOnly:0 RuntimeOnly:0 HLODRelevant:1 ListedInSceneOutliner:1 IsMainWorldOnly:0
 |   |   |- [+] [ 30]
 |   |   |   |- Guid:E38DC91E4347EBA8893B88BC26F2625A BaseClass: NativeClass:/Script/Engine.DirectionalLight Name:DirectionalLight_0 Label:DirectionalLight SpatiallyLoaded:0 Bounds:IsValid=true, Min=(X=-4398046511104.000 Y=-4398046511104.000 Z=-4398046511104.000), Max=(X=4398046511104.000 Y=4398046511104.000 Z=4398046511104.000) RuntimeGrid:None EditorOnly:0 RuntimeOnly:0 HLODRelevant:0 ListedInSceneOutliner:1 IsMainWorldOnly:0 FolderPath:Lighting FolderGuid:963EC3EB4002CCE9759E2EBA541A873A
 |   |   |- [+] [ 31]
 |   |   |   |- Guid:E55EB76D4ABB4BD31F0A90BCE236BBFA BaseClass: NativeClass:/Script/Engine.StaticMeshActor Name:StaticMeshActor_UAID_D843AE06D09D8AEE01_1310666779 Label:Wall_400x203 SpatiallyLoaded:1 Bounds:IsValid=true, Min=(X=-1360.000 Y=680.000 Z=0.000), Max=(X=-960.000 Y=700.000 Z=300.000) RuntimeGrid:None EditorOnly:0 RuntimeOnly:0 HLODRelevant:1 ListedInSceneOutliner:1 IsMainWorldOnly:0
 |   |   |- [+] [ 32]
 |   |   |   |- Guid:EF6BB4A549EA3D9DFDB792A6C592FC18 BaseClass:/Game/FollowMeLibrary/Passerby/AI_Passerby.AI_Passerby_C NativeClass:/Script/Engine.Character Name:AI_Passerby_C_UAID_D843AE06D09D98EE01_2121408278 Label:AI_Passerby3 SpatiallyLoaded:1 Bounds:IsValid=true, Min=(X=-555.000 Y=-535.000 Z=-0.146), Max=(X=-482.409 Y=-465.000 Z=180.237) RuntimeGrid:None EditorOnly:0 RuntimeOnly:0 HLODRelevant:0 ListedInSceneOutliner:1 IsMainWorldOnly:0
 |   |   |- [+] [ 33]
 |   |   |   |- Guid:F57CCE874FAACBBB5D2654BA1A0A6AF4 BaseClass:/Game/FollowMeLibrary/Companion/AI_Companion.AI_Companion_C NativeClass:/Script/Engine.Character Name:AI_Companion_C_UAID_D843AE06D09D74EE01_1755256910 Label:AI_Companion SpatiallyLoaded:1 Bounds:IsValid=true, Min=(X=-1145.000 Y=-1195.000 Z=-0.146), Max=(X=-1072.409 Y=-1125.000 Z=180.237) RuntimeGrid:None EditorOnly:0 RuntimeOnly:0 HLODRelevant:0 ListedInSceneOutliner:1 IsMainWorldOnly:0
 |   |   |- [+] [ 34]
 |   |   |   |- Guid:F5ACFE6E41AB6B517A7D539BF96F2DEB BaseClass: NativeClass:/Script/Engine.StaticMeshActor Name:StaticMeshActor_0 Label:SM_Cube5 SpatiallyLoaded:1 Bounds:IsValid=true, Min=(X=-1460.000 Y=-1380.000 Z=0.000), Max=(X=-1360.000 Y=1620.000 Z=400.000) RuntimeGrid:None EditorOnly:0 RuntimeOnly:0 HLODRelevant:1 ListedInSceneOutliner:1 IsMainWorldOnly:0 FolderPath:Playground FolderGuid:C73F09FC4215536B1DCE2A9E0A830C70
 |- ContainerInstances:
 |- [+] MainContainer:
 |   |-        ID: 00000000000000000000000000000000
 |   |-  ParentID: 00000000000000000000000000000000
 |   |-    Bounds: IsValid=false, Min=(X=0.000 Y=0.000 Z=0.000), Max=(X=0.000 Y=0.000 Z=0.000)
 |   |- Transform: 0.000000,0.000000,0.000000|0.000000,0.000000,-0.000000|1.000000,1.000000,1.000000
 |   |- Container: /Game/ThirdPerson/Maps/Level02
----------------------------------------------------------------------------------------------------------------
Level02 - Persistent Level
----------------------------------------------------------------------------------------------------------------
[+] Content of Level02 Persistent Level
 |- Always loaded Actor Count: 42 
 |- Actor Path: /Game/ThirdPerson/Maps/UEDPIE_0_Level02.Level02:PersistentLevel.AI_Companion_C_UAID_D843AE06D09D74EE01_1755256910
 |- Actor Package: /Game/ThirdPerson/Maps/UEDPIE_0_Level02_InstanceOf_/Game/__ExternalActors__/ThirdPerson/Maps/Level02/7/L8/9VPB0F11HGFU0D6J30TV6P
 |- Actor Path: /Game/ThirdPerson/Maps/UEDPIE_0_Level02.Level02:PersistentLevel.AI_Passerby_C_UAID_D843AE06D09D96EE01_1813284924
 |- Actor Package: /Game/ThirdPerson/Maps/UEDPIE_0_Level02_InstanceOf_/Game/__ExternalActors__/ThirdPerson/Maps/Level02/D/8Q/E743S4TG2IK9WZBRF0ZS45
 |- Actor Path: /Game/ThirdPerson/Maps/UEDPIE_0_Level02.Level02:PersistentLevel.AI_Passerby_C_UAID_D843AE06D09D98EE01_2116550277
 |- Actor Package: /Game/ThirdPerson/Maps/UEDPIE_0_Level02_InstanceOf_/Game/__ExternalActors__/ThirdPerson/Maps/Level02/4/YB/4QJJZAOXF70SRK8CKMUP0Y
 |- Actor Path: /Game/ThirdPerson/Maps/UEDPIE_0_Level02.Level02:PersistentLevel.AI_Passerby_C_UAID_D843AE06D09D98EE01_2121408278
 |- Actor Package: /Game/ThirdPerson/Maps/UEDPIE_0_Level02_InstanceOf_/Game/__ExternalActors__/ThirdPerson/Maps/Level02/9/05/SG8WKM22S2TYFZYYF1UOXM
 |- Actor Path: /Game/ThirdPerson/Maps/UEDPIE_0_Level02.Level02:PersistentLevel.AI_Passerby_C_UAID_D843AE06D09D98EE01_2125078279
 |- Actor Package: /Game/ThirdPerson/Maps/UEDPIE_0_Level02_InstanceOf_/Game/__ExternalActors__/ThirdPerson/Maps/Level02/E/NN/8D2SHAJLGZYPA15NZUIEPB
 |- Actor Path: /Game/ThirdPerson/Maps/UEDPIE_0_Level02.Level02:PersistentLevel.AI_Passerby_C_UAID_D843AE06D09D98EE01_2127898280
 |- Actor Package: /Game/ThirdPerson/Maps/UEDPIE_0_Level02_InstanceOf_/Game/__ExternalActors__/ThirdPerson/Maps/Level02/A/OK/YZZX7VXWNEKUW1ND1VD63T
 |- Actor Path: /Game/ThirdPerson/Maps/UEDPIE_0_Level02.Level02:PersistentLevel.Brush_0
 |- Actor Package: /Game/ThirdPerson/Maps/UEDPIE_0_Level02
 |- Actor Path: /Game/ThirdPerson/Maps/UEDPIE_0_Level02.Level02:PersistentLevel.ChaosDebugDrawActor
 |- Actor Package: /Game/ThirdPerson/Maps/UEDPIE_0_Level02
 |- Actor Path: /Game/ThirdPerson/Maps/UEDPIE_0_Level02.Level02:PersistentLevel.DefaultPhysicsVolume_0
 |- Actor Package: /Game/ThirdPerson/Maps/UEDPIE_0_Level02
 |- Actor Path: /Game/ThirdPerson/Maps/UEDPIE_0_Level02.Level02:PersistentLevel.DirectionalLight_0
 |- Actor Package: /Game/ThirdPerson/Maps/UEDPIE_0_Level02_InstanceOf_/Game/__ExternalActors__/ThirdPerson/Maps/Level02/3/VH/UEJXHCCPKM24LSOK1TE8BS
 |- Actor Path: /Game/ThirdPerson/Maps/UEDPIE_0_Level02.Level02:PersistentLevel.Escape_BP_C_UAID_D843AE06D09D74EE01_2044721911
 |- Actor Package: /Game/ThirdPerson/Maps/UEDPIE_0_Level02_InstanceOf_/Game/__ExternalActors__/ThirdPerson/Maps/Level02/0/41/RL8CMNZBOFOO3K7EHZ2WWR
 |- Actor Path: /Game/ThirdPerson/Maps/UEDPIE_0_Level02.Level02:PersistentLevel.ExponentialHeightFog_0
 |- Actor Package: /Game/ThirdPerson/Maps/UEDPIE_0_Level02_InstanceOf_/Game/__ExternalActors__/ThirdPerson/Maps/Level02/9/MM/50XNU5FBQ0MA80PFEDCM9D
 |- Actor Path: /Game/ThirdPerson/Maps/UEDPIE_0_Level02.Level02:PersistentLevel.GameplayDebuggerPlayerManager_0
 |- Actor Package: /Game/ThirdPerson/Maps/UEDPIE_0_Level02
 |- Actor Path: /Game/ThirdPerson/Maps/UEDPIE_0_Level02.Level02:PersistentLevel.Level1_C_1
 |- Actor Package: /Game/ThirdPerson/Maps/UEDPIE_0_Level02
 |- Actor Path: /Game/ThirdPerson/Maps/UEDPIE_0_Level02.Level02:PersistentLevel.NavMeshBoundsVolume_UAID_D843AE06D09D55EE01_2145601601
 |- Actor Package: /Game/ThirdPerson/Maps/UEDPIE_0_Level02_InstanceOf_/Game/__ExternalActors__/ThirdPerson/Maps/Level02/2/74/E7K166QUV58MDV060HD94A
 |- Actor Path: /Game/ThirdPerson/Maps/UEDPIE_0_Level02.Level02:PersistentLevel.PlayerStart_0
 |- Actor Package: /Game/ThirdPerson/Maps/UEDPIE_0_Level02_InstanceOf_/Game/__ExternalActors__/ThirdPerson/Maps/Level02/C/6X/X59UA42KUZMZX2SVFBCE7L
 |- Actor Path: /Game/ThirdPerson/Maps/UEDPIE_0_Level02.Level02:PersistentLevel.PostProcessVolume_0
 |- Actor Package: /Game/ThirdPerson/Maps/UEDPIE_0_Level02_InstanceOf_/Game/__ExternalActors__/ThirdPerson/Maps/Level02/5/H6/6SKKQ7AX6TSPWHEZ1WSN6B
 |- Actor Path: /Game/ThirdPerson/Maps/UEDPIE_0_Level02.Level02:PersistentLevel.PuzzleGate_BP_C_UAID_D843AE06D09D72EE01_1563527556
 |- Actor Package: /Game/ThirdPerson/Maps/UEDPIE_0_Level02_InstanceOf_/Game/__ExternalActors__/ThirdPerson/Maps/Level02/D/FL/LEV244OPEEQFDXT2F2Z0KC
 |- Actor Path: /Game/ThirdPerson/Maps/UEDPIE_0_Level02.Level02:PersistentLevel.PuzzleItem_BP_C_UAID_D843AE06D09D72EE01_1632963557
 |- Actor Package: /Game/ThirdPerson/Maps/UEDPIE_0_Level02_InstanceOf_/Game/__ExternalActors__/ThirdPerson/Maps/Level02/8/FV/D9KX02YH1BMGD7U09H23MH
 |- Actor Path: /Game/ThirdPerson/Maps/UEDPIE_0_Level02.Level02:PersistentLevel.RecastNavMesh_UAID_D843AE06D09D55EE01-Default
 |- Actor Package: /Game/ThirdPerson/Maps/UEDPIE_0_Level02_InstanceOf_/Game/__ExternalActors__/ThirdPerson/Maps/Level02/0/B8/NZLDTLRGM8GXLNVV35G0K1
 |- Actor Path: /Game/ThirdPerson/Maps/UEDPIE_0_Level02.Level02:PersistentLevel.SkyAtmosphere_0
 |- Actor Package: /Game/ThirdPerson/Maps/UEDPIE_0_Level02_InstanceOf_/Game/__ExternalActors__/ThirdPerson/Maps/Level02/D/9E/1NX7QHEMODM7PS9GKBLGJQ
 |- Actor Path: /Game/ThirdPerson/Maps/UEDPIE_0_Level02.Level02:PersistentLevel.SkyLight_1
 |- Actor Package: /Game/ThirdPerson/Maps/UEDPIE_0_Level02_InstanceOf_/Game/__ExternalActors__/ThirdPerson/Maps/Level02/4/7T/O9GML5ZD9EL24XDBFXJV7E
 |- Actor Path: /Game/ThirdPerson/Maps/UEDPIE_0_Level02.Level02:PersistentLevel.StaticMeshActor_0
 |- Actor Package: /Game/ThirdPerson/Maps/UEDPIE_0_Level02_InstanceOf_/Game/__ExternalActors__/ThirdPerson/Maps/Level02/9/EH/M4Y1NOU80ODBZSZVVU1DFX
 |- Actor Path: /Game/ThirdPerson/Maps/UEDPIE_0_Level02.Level02:PersistentLevel.StaticMeshActor_1
 |- Actor Package: /Game/ThirdPerson/Maps/UEDPIE_0_Level02_InstanceOf_/Game/__ExternalActors__/ThirdPerson/Maps/Level02/6/YK/886MK0R80GF54SH38ENPC5
 |- Actor Path: /Game/ThirdPerson/Maps/UEDPIE_0_Level02.Level02:PersistentLevel.StaticMeshActor_4
 |- Actor Package: /Game/ThirdPerson/Maps/UEDPIE_0_Level02_InstanceOf_/Game/__ExternalActors__/ThirdPerson/Maps/Level02/7/9W/H7EY9J6X8EXJ084M4V1U7N
 |- Actor Path: /Game/ThirdPerson/Maps/UEDPIE_0_Level02.Level02:PersistentLevel.StaticMeshActor_5
 |- Actor Package: /Game/ThirdPerson/Maps/UEDPIE_0_Level02_InstanceOf_/Game/__ExternalActors__/ThirdPerson/Maps/Level02/5/OW/B4OWZPCSN2LR68P4MRC913
 |- Actor Path: /Game/ThirdPerson/Maps/UEDPIE_0_Level02.Level02:PersistentLevel.StaticMeshActor_6
 |- Actor Package: /Game/ThirdPerson/Maps/UEDPIE_0_Level02_InstanceOf_/Game/__ExternalActors__/ThirdPerson/Maps/Level02/7/9W/X79ES0WIA2HIWMDCNULHI0
 |- Actor Path: /Game/ThirdPerson/Maps/UEDPIE_0_Level02.Level02:PersistentLevel.StaticMeshActor_UAID_A4AE111137DC5EFB00_1110535423
 |- Actor Package: /Game/ThirdPerson/Maps/UEDPIE_0_Level02_InstanceOf_/Game/__ExternalActors__/ThirdPerson/Maps/Level02/C/4N/D6G5DTCFQ5KXEX1O9A8EC1
 |- Actor Path: /Game/ThirdPerson/Maps/UEDPIE_0_Level02.Level02:PersistentLevel.StaticMeshActor_UAID_D843AE06D09D8AEE01_1266619776
 |- Actor Package: /Game/ThirdPerson/Maps/UEDPIE_0_Level02_InstanceOf_/Game/__ExternalActors__/ThirdPerson/Maps/Level02/B/MU/DXMYZPCMH3IA5E3QBXQIB0
 |- Actor Path: /Game/ThirdPerson/Maps/UEDPIE_0_Level02.Level02:PersistentLevel.StaticMeshActor_UAID_D843AE06D09D8AEE01_1289077777
 |- Actor Package: /Game/ThirdPerson/Maps/UEDPIE_0_Level02_InstanceOf_/Game/__ExternalActors__/ThirdPerson/Maps/Level02/1/I2/GD3D09T7DH0SID1SA25X1M
 |- Actor Path: /Game/ThirdPerson/Maps/UEDPIE_0_Level02.Level02:PersistentLevel.StaticMeshActor_UAID_D843AE06D09D8AEE01_1300378778
 |- Actor Package: /Game/ThirdPerson/Maps/UEDPIE_0_Level02_InstanceOf_/Game/__ExternalActors__/ThirdPerson/Maps/Level02/6/LM/F1KJEQ9NT2Q1GBZCDG490W
 |- Actor Path: /Game/ThirdPerson/Maps/UEDPIE_0_Level02.Level02:PersistentLevel.StaticMeshActor_UAID_D843AE06D09D8AEE01_1310666779
 |- Actor Package: /Game/ThirdPerson/Maps/UEDPIE_0_Level02_InstanceOf_/Game/__ExternalActors__/ThirdPerson/Maps/Level02/7/WV/D29R5MWUN3P4AQA1YGEKDM
 |- Actor Path: /Game/ThirdPerson/Maps/UEDPIE_0_Level02.Level02:PersistentLevel.StaticMeshActor_UAID_D843AE06D09D8AEE01_1737833780
 |- Actor Package: /Game/ThirdPerson/Maps/UEDPIE_0_Level02_InstanceOf_/Game/__ExternalActors__/ThirdPerson/Maps/Level02/6/09/7H2LO6G81WO6NSNFRTJH0G
 |- Actor Path: /Game/ThirdPerson/Maps/UEDPIE_0_Level02.Level02:PersistentLevel.StaticMeshActor_UAID_D843AE06D09D8AEE01_1845680781
 |- Actor Package: /Game/ThirdPerson/Maps/UEDPIE_0_Level02_InstanceOf_/Game/__ExternalActors__/ThirdPerson/Maps/Level02/6/BT/6DIRTKLRZ80EMH4YQKQVUZ
 |- Actor Path: /Game/ThirdPerson/Maps/UEDPIE_0_Level02.Level02:PersistentLevel.StaticMeshActor_UAID_D843AE06D09D8AEE01_1858588782
 |- Actor Package: /Game/ThirdPerson/Maps/UEDPIE_0_Level02_InstanceOf_/Game/__ExternalActors__/ThirdPerson/Maps/Level02/4/50/C512VVIN2M611RT1QXXG2K
 |- Actor Path: /Game/ThirdPerson/Maps/UEDPIE_0_Level02.Level02:PersistentLevel.StaticMeshActor_UAID_D843AE06D09D8AEE01_1875433783
 |- Actor Package: /Game/ThirdPerson/Maps/UEDPIE_0_Level02_InstanceOf_/Game/__ExternalActors__/ThirdPerson/Maps/Level02/B/JK/6L1WL6EI0C96NAQ1FF26XC
 |- Actor Path: /Game/ThirdPerson/Maps/UEDPIE_0_Level02.Level02:PersistentLevel.StaticMeshActor_UAID_D843AE06D09D8AEE01_2014486784
 |- Actor Package: /Game/ThirdPerson/Maps/UEDPIE_0_Level02_InstanceOf_/Game/__ExternalActors__/ThirdPerson/Maps/Level02/C/GN/2WKPB75JW1VMGAB8NN5Y1C
 |- Actor Path: /Game/ThirdPerson/Maps/UEDPIE_0_Level02.Level02:PersistentLevel.TextRenderActor_1
 |- Actor Package: /Game/ThirdPerson/Maps/UEDPIE_0_Level02_InstanceOf_/Game/__ExternalActors__/ThirdPerson/Maps/Level02/A/DU/801DTCAI130PVQOA421M2W
 |- Actor Path: /Game/ThirdPerson/Maps/UEDPIE_0_Level02.Level02:PersistentLevel.VolumetricCloud_0
 |- Actor Package: /Game/ThirdPerson/Maps/UEDPIE_0_Level02_InstanceOf_/Game/__ExternalActors__/ThirdPerson/Maps/Level02/7/IU/LV77AQG3VV6SA0KUU7EWIS
 |- Actor Path: /Game/ThirdPerson/Maps/UEDPIE_0_Level02.Level02:PersistentLevel.WorldDataLayers
 |- Actor Package: /Game/__ExternalActors__/ThirdPerson/Maps/Level02/B/60/DSGKWVZQHQ6KJ8BRNA8742
 |- Actor Path: /Game/ThirdPerson/Maps/UEDPIE_0_Level02.Level02:PersistentLevel.WorldInfo_0
 |- Actor Package: /Game/ThirdPerson/Maps/UEDPIE_0_Level02
 |- Actor Path: /Game/ThirdPerson/Maps/UEDPIE_0_Level02.Level02:PersistentLevel.WorldPartitionReplay
 |- Actor Package: /Game/ThirdPerson/Maps/UEDPIE_0_Level02

----------------------------------------------------------------------------------------------------------------
Level02 - Runtime Spatial Hash - Streaming Grid - MainGrid
----------------------------------------------------------------------------------------------------------------
            Origin: X=0.000 Y=0.000 Z=0.000
         Cell Size: 12800
      World Bounds: IsValid=false, Min=(X=0.000 Y=0.000 Z=0.000), Max=(X=0.000 Y=0.000 Z=0.000)
     Loading Range: 25600.00
Block Slow Loading: No
 ClientOnlyVisible: No
            Origin: X=0.000 Y=0.000 Z=0.000

[+] Grid Levels: 1
 |- Level  0: Cell Count    0 | Cell Size   12800 | Actor Count    0 (0.0%)

[+] Content of Grid Level 0

