[+] Containers:
 |- [+] Container: /Game/ThirdPerson/Maps/Map1
 |   |- [+] ActorDescs:
 |   |   |- Guid:01A372B949EBADAE38B97AB447BD9609 BaseClass: NativeClass:/Script/Engine.AmbientSound Name:AmbientSound_UAID_D843AE06D09DF6F801_1925917343 Label:MusicPlayer SpatiallyLoaded:1 Bounds:IsValid=true, Min=(X=0.000 Y=0.000 Z=0.000), Max=(X=0.000 Y=0.000 Z=0.000) RuntimeGrid:None EditorOnly:0 RuntimeOnly:0 HLODRelevant:0 ListedInSceneOutliner:1 IsMainWorldOnly:0 FolderPath:Playground FolderGuid:C73F09FC4215536B1DCE2A9E0A830C70
 |   |   |- Guid:0534F22D47EA5734362600AF402E2D33 BaseClass: NativeClass:/Script/Engine.DirectionalLight Name:DirectionalLight_UAID_D843AE06D09D7DFD01_1917407328 Label:DirectionalLight SpatiallyLoaded:0 Bounds:IsValid=true, Min=(X=-4398046511104.000 Y=-4398046511104.000 Z=-4398046511104.000), Max=(X=4398046511104.000 Y=4398046511104.000 Z=4398046511104.000) RuntimeGrid:None EditorOnly:0 RuntimeOnly:0 HLODRelevant:0 ListedInSceneOutliner:1 IsMainWorldOnly:0 FolderPath:BasicEnvironment FolderGuid:963EC3EB4002CCE9759E2EBA541A873A
 |   |   |- Guid:14E2BE6C4572F4C9F09ECEA957BCDD82 BaseClass: NativeClass:/Script/Landscape.LandscapeStreamingProxy Name:LandscapeStreamingProxy_EV8PO9AJZ9QOWUKM61LWFVHLD_126_3_3_0 Label:LandscapeStreamingProxy_3_3_0 SpatiallyLoaded:1 Bounds:IsValid=true, Min=(X=12600.000 Y=12600.000 Z=-1661.562), Max=(X=25200.000 Y=25200.000 Z=-1461.562) RuntimeGrid:None EditorOnly:0 RuntimeOnly:0 HLODRelevant:1 ListedInSceneOutliner:1 IsMainWorldOnly:0
 |   |   |- Guid:14E874234DECBF153D9F6494C3A9C747 BaseClass: NativeClass:/Script/Landscape.LandscapeStreamingProxy Name:LandscapeStreamingProxy_EV8PO9AJZ9QOWUKM61LWFVHLD_126_0_0_0 Label:LandscapeStreamingProxy_0_0_0 SpatiallyLoaded:1 Bounds:IsValid=true, Min=(X=-25200.000 Y=-25200.000 Z=-1661.562), Max=(X=-12600.000 Y=-12600.000 Z=-1214.688) RuntimeGrid:None EditorOnly:0 RuntimeOnly:0 HLODRelevant:1 ListedInSceneOutliner:1 IsMainWorldOnly:0
 |   |   |- Guid:1B09E93A4C3BDB8965223EA379077BAE BaseClass: NativeClass:/Script/Landscape.LandscapeStreamingProxy Name:LandscapeStreamingProxy_EV8PO9AJZ9QOWUKM61LWFVHLD_126_3_1_0 Label:LandscapeStreamingProxy_3_1_0 SpatiallyLoaded:1 Bounds:IsValid=true, Min=(X=12600.000 Y=-12600.000 Z=-1661.562), Max=(X=25200.000 Y=0.000 Z=-832.656) RuntimeGrid:None EditorOnly:0 RuntimeOnly:0 HLODRelevant:1 ListedInSceneOutliner:1 IsMainWorldOnly:0
 |   |   |- Guid:1C39FC7B4028AE16C5EF348D5EF46948 BaseClass: NativeClass:/Script/NavigationSystem.RecastNavMesh Name:RecastNavMesh_UAID_D843AE06D09D55EE01-Default Label:RecastNavMesh-Default SpatiallyLoaded:0 Bounds:IsValid=true, Min=(X=0.000 Y=0.000 Z=0.000), Max=(X=0.000 Y=0.000 Z=0.000) RuntimeGrid:None EditorOnly:0 RuntimeOnly:0 HLODRelevant:0 ListedInSceneOutliner:1 IsMainWorldOnly:0 FolderPath:Playground FolderGuid:C73F09FC4215536B1DCE2A9E0A830C70
 |   |   |- Guid:1CA4AC2A479A82A975B313BE221D319E BaseClass: NativeClass:/Script/Landscape.LandscapeStreamingProxy Name:LandscapeStreamingProxy_EV8PO9AJZ9QOWUKM61LWFVHLD_126_1_2_0 Label:LandscapeStreamingProxy_1_2_0 SpatiallyLoaded:1 Bounds:IsValid=true, Min=(X=-12600.000 Y=0.000 Z=-1186.562), Max=(X=0.000 Y=12600.000 Z=475.938) RuntimeGrid:None EditorOnly:0 RuntimeOnly:0 HLODRelevant:1 ListedInSceneOutliner:1 IsMainWorldOnly:0
 |   |   |- Guid:29AD7993409DE3956E0CCD8E8B734BA8 BaseClass: NativeClass:/Script/Engine.PostProcessVolume Name:PostProcessVolume_UAID_D843AE06D09D7DFD01_1983657331 Label:PostProcessVolume SpatiallyLoaded:0 Bounds:IsValid=true, Min=(X=1126.000 Y=154.000 Z=678.000), Max=(X=1326.000 Y=354.000 Z=878.000) RuntimeGrid:None EditorOnly:0 RuntimeOnly:0 HLODRelevant:0 ListedInSceneOutliner:1 IsMainWorldOnly:0 FolderPath:BasicEnvironment FolderGuid:963EC3EB4002CCE9759E2EBA541A873A
 |   |   |- Guid:2BC9F4DB4803FB3EF1C440BB740C92B0 BaseClass:/Game/FollowMeLibrary/Companion/BTCompanion/Companion_BP.Companion_BP_C NativeClass:/Script/Engine.Character Name:Companion_BP_C_UAID_D843AE06D09D18F101_1961433889 Label:Companion_BP SpatiallyLoaded:1 Bounds:IsValid=true, Min=(X=7755.000 Y=-187.937 Z=459.969), Max=(X=7823.000 Y=-84.063 Z=640.138) RuntimeGrid:None EditorOnly:0 RuntimeOnly:0 HLODRelevant:0 ListedInSceneOutliner:1 IsMainWorldOnly:0 FolderPath:MyPlayer FolderGuid:EAEE21B84BF20B1F98098185499D2D8C
 |   |   |- Guid:3C72C4844D481A7E0FCB37A3B1615731 BaseClass: NativeClass:/Script/Engine.SkyAtmosphere Name:SkyAtmosphere_UAID_D843AE06D09D7DFD01_1964248330 Label:SkyAtmosphere SpatiallyLoaded:0 Bounds:IsValid=true, Min=(X=1447.000 Y=148.000 Z=756.000), Max=(X=1447.000 Y=148.000 Z=756.000) RuntimeGrid:None EditorOnly:0 RuntimeOnly:0 HLODRelevant:0 ListedInSceneOutliner:1 IsMainWorldOnly:0 FolderPath:BasicEnvironment FolderGuid:963EC3EB4002CCE9759E2EBA541A873A
 |   |   |- Guid:3E9FC34C421FAE83BC40BEA3501AD5E4 BaseClass: NativeClass:/Script/Water.WaterBodyOcean Name:WaterBodyOcean_UAID_D843AE06D09D7EFD01_2041859510 Label:WaterBodyOcean SpatiallyLoaded:0 Bounds:IsValid=true, Min=(X=-25720.000 Y=-25200.000 Z=-19564.000), Max=(X=25200.000 Y=25702.000 Z=2436.000) RuntimeGrid:None EditorOnly:0 RuntimeOnly:0 HLODRelevant:1 ListedInSceneOutliner:1 IsMainWorldOnly:0 FolderPath:BasicEnvironment FolderGuid:963EC3EB4002CCE9759E2EBA541A873A
 |   |   |- Guid:42E0453A481CA2C793D5F29D4BCB24F9 BaseClass:/Engine/EngineSky/BP_Sky_Sphere.BP_Sky_Sphere_C NativeClass:/Script/Engine.Actor Name:BP_Sky_Sphere_C_UAID_D843AE06D09D7DFD01_2032182332 Label:BP_Sky_Sphere SpatiallyLoaded:0 Bounds:IsValid=true, Min=(X=-1636882.000 Y=-1637893.000 Z=-1637514.000), Max=(X=1639918.000 Y=1638907.000 Z=1639286.000) RuntimeGrid:None EditorOnly:0 RuntimeOnly:0 HLODRelevant:0 ListedInSceneOutliner:1 IsMainWorldOnly:0 FolderPath:BasicEnvironment FolderGuid:963EC3EB4002CCE9759E2EBA541A873A
 |   |   |- Guid:4772B7B24FECFB023F9126AE4462C08D BaseClass: NativeClass:/Script/Landscape.LandscapeStreamingProxy Name:LandscapeStreamingProxy_EV8PO9AJZ9QOWUKM61LWFVHLD_126_2_2_0 Label:LandscapeStreamingProxy_2_2_0 SpatiallyLoaded:1 Bounds:IsValid=true, Min=(X=0.000 Y=0.000 Z=-1561.562), Max=(X=12600.000 Y=12600.000 Z=536.875) RuntimeGrid:None EditorOnly:0 RuntimeOnly:0 HLODRelevant:1 ListedInSceneOutliner:1 IsMainWorldOnly:0
 |   |   |- Guid:5B97F4A64FB21F77EFC44386BF705B4C BaseClass: NativeClass:/Script/Engine.TextRenderActor Name:TextRenderActor_1 Label:TextRenderActor SpatiallyLoaded:1 Bounds:IsValid=true, Min=(X=-2610.100 Y=1100.000 Z=65.013), Max=(X=-2610.100 Y=2392.308 Z=215.013) RuntimeGrid:None EditorOnly:0 RuntimeOnly:0 HLODRelevant:0 ListedInSceneOutliner:1 IsMainWorldOnly:0 FolderPath:Playground FolderGuid:C73F09FC4215536B1DCE2A9E0A830C70
 |   |   |- Guid:6BAF4DDD444C60371492D3919DB42C97 BaseClass: NativeClass:/Script/Engine.WorldDataLayers Name:WorldDataLayers Label:WorldDataLayers SpatiallyLoaded:0 Bounds:Invalid RuntimeGrid:None EditorOnly:0 RuntimeOnly:0 HLODRelevant:0 ListedInSceneOutliner:1 IsMainWorldOnly:1 FolderPath:Playground FolderGuid:C73F09FC4215536B1DCE2A9E0A830C70
 |   |   |- Guid:7A1FE27D4C52C7B41EB10AA8463295A8 BaseClass: NativeClass:/Script/Landscape.Landscape Name:Landscape_UAID_D843AE06D09D7DFD01_2072201333 Label:Landscape SpatiallyLoaded:0 Bounds:IsValid=true, Min=(X=-25200.000 Y=-25200.000 Z=415.000), Max=(X=-25200.000 Y=-25200.000 Z=415.000) RuntimeGrid:None EditorOnly:0 RuntimeOnly:0 HLODRelevant:0 ListedInSceneOutliner:1 IsMainWorldOnly:0 FolderPath:BasicEnvironment FolderGuid:963EC3EB4002CCE9759E2EBA541A873A
 |   |   |- Guid:7B33826245A13CE28CE34697966ED086 BaseClass: NativeClass:/Script/Landscape.LandscapeStreamingProxy Name:LandscapeStreamingProxy_EV8PO9AJZ9QOWUKM61LWFVHLD_126_0_1_0 Label:LandscapeStreamingProxy_0_1_0 SpatiallyLoaded:1 Bounds:IsValid=true, Min=(X=-25200.000 Y=-12600.000 Z=-1661.562), Max=(X=-12600.000 Y=0.000 Z=253.281) RuntimeGrid:None EditorOnly:0 RuntimeOnly:0 HLODRelevant:1 ListedInSceneOutliner:1 IsMainWorldOnly:0
 |   |   |- Guid:8B98289940223FF025BE4DB73238C79A BaseClass: NativeClass:/Script/Landscape.LandscapeStreamingProxy Name:LandscapeStreamingProxy_EV8PO9AJZ9QOWUKM61LWFVHLD_126_2_1_0 Label:LandscapeStreamingProxy_2_1_0 SpatiallyLoaded:1 Bounds:IsValid=true, Min=(X=0.000 Y=-12600.000 Z=-1561.562), Max=(X=12600.000 Y=0.000 Z=536.875) RuntimeGrid:None EditorOnly:0 RuntimeOnly:0 HLODRelevant:1 ListedInSceneOutliner:1 IsMainWorldOnly:0
 |   |   |- Guid:A6669971456F8650B87E0FA561457BFB BaseClass: NativeClass:/Script/Water.WaterBodyExclusionVolume Name:WaterBodyExclusionVolume_UAID_D843AE06D09D7EFD01_2020783509 Label:WaterBodyExclusionVolume SpatiallyLoaded:1 Bounds:IsValid=true, Min=(X=98.000 Y=20.000 Z=425.000), Max=(X=298.000 Y=220.000 Z=625.000) RuntimeGrid:None EditorOnly:0 RuntimeOnly:0 HLODRelevant:0 ListedInSceneOutliner:1 IsMainWorldOnly:0 FolderPath:BasicEnvironment FolderGuid:963EC3EB4002CCE9759E2EBA541A873A
 |   |   |- Guid:A6988AC74962D15B7AFDC482678B96BF BaseClass: NativeClass:/Script/Water.WaterZone Name:WaterZone_UAID_D843AE06D09D7EFD01_1914904508 Label:WaterZone SpatiallyLoaded:0 Bounds:IsValid=true, Min=(X=-25200.000 Y=-25200.000 Z=-25200.000), Max=(X=25200.000 Y=25200.000 Z=25200.000) RuntimeGrid:None EditorOnly:0 RuntimeOnly:0 HLODRelevant:0 ListedInSceneOutliner:1 IsMainWorldOnly:0 FolderPath:BasicEnvironment FolderGuid:963EC3EB4002CCE9759E2EBA541A873A
 |   |   |- Guid:AD0C19C348627F456A824286E7A60787 BaseClass: NativeClass:/Script/Engine.SkyLight Name:SkyLight_UAID_D843AE06D09D7DFD01_1926152329 Label:SkyLight SpatiallyLoaded:0 Bounds:IsValid=true, Min=(X=-1599.000 Y=-418.000 Z=828.000), Max=(X=-1599.000 Y=-418.000 Z=828.000) RuntimeGrid:None EditorOnly:0 RuntimeOnly:0 HLODRelevant:0 ListedInSceneOutliner:1 IsMainWorldOnly:0 FolderPath:BasicEnvironment FolderGuid:963EC3EB4002CCE9759E2EBA541A873A
 |   |   |- Guid:C33F64AD4BA04D96A42F28A01B29CC28 BaseClass: NativeClass:/Script/Landscape.LandscapeStreamingProxy Name:LandscapeStreamingProxy_EV8PO9AJZ9QOWUKM61LWFVHLD_126_1_3_0 Label:LandscapeStreamingProxy_1_3_0 SpatiallyLoaded:1 Bounds:IsValid=true, Min=(X=-12600.000 Y=12600.000 Z=-1661.562), Max=(X=0.000 Y=25200.000 Z=13.438) RuntimeGrid:None EditorOnly:0 RuntimeOnly:0 HLODRelevant:1 ListedInSceneOutliner:1 IsMainWorldOnly:0
 |   |   |- Guid:C372B10C43F8BAAEAA2E3090693CA7BA BaseClass: NativeClass:/Script/Landscape.LandscapeStreamingProxy Name:LandscapeStreamingProxy_EV8PO9AJZ9QOWUKM61LWFVHLD_126_1_0_0 Label:LandscapeStreamingProxy_1_0_0 SpatiallyLoaded:1 Bounds:IsValid=true, Min=(X=-12600.000 Y=-25200.000 Z=-1661.562), Max=(X=0.000 Y=-12600.000 Z=-55.312) RuntimeGrid:None EditorOnly:0 RuntimeOnly:0 HLODRelevant:1 ListedInSceneOutliner:1 IsMainWorldOnly:0
 |   |   |- Guid:C492CE3541D7AEEA0F4D2A9800B031DD BaseClass: NativeClass:/Script/Landscape.LandscapeStreamingProxy Name:LandscapeStreamingProxy_EV8PO9AJZ9QOWUKM61LWFVHLD_126_2_3_0 Label:LandscapeStreamingProxy_2_3_0 SpatiallyLoaded:1 Bounds:IsValid=true, Min=(X=0.000 Y=12600.000 Z=-1661.562), Max=(X=12600.000 Y=25200.000 Z=-95.938) RuntimeGrid:None EditorOnly:0 RuntimeOnly:0 HLODRelevant:1 ListedInSceneOutliner:1 IsMainWorldOnly:0
 |   |   |- Guid:C6CD18AC4ECE39D4EA11F1BB1A37FBEB BaseClass: NativeClass:/Script/Landscape.LandscapeStreamingProxy Name:LandscapeStreamingProxy_EV8PO9AJZ9QOWUKM61LWFVHLD_126_2_0_0 Label:LandscapeStreamingProxy_2_0_0 SpatiallyLoaded:1 Bounds:IsValid=true, Min=(X=0.000 Y=-25200.000 Z=-1661.562), Max=(X=12600.000 Y=-12600.000 Z=-107.656) RuntimeGrid:None EditorOnly:0 RuntimeOnly:0 HLODRelevant:1 ListedInSceneOutliner:1 IsMainWorldOnly:0
 |   |   |- Guid:C8EFDACF4207A6B8C17E0795AB7049A4 BaseClass: NativeClass:/Script/NavigationSystem.NavMeshBoundsVolume Name:NavMeshBoundsVolume_UAID_D843AE06D09D55EE01_2145601601 Label:NavMeshBoundsVolume SpatiallyLoaded:0 Bounds:IsValid=true, Min=(X=-4570.000 Y=-1644.000 Z=165.000), Max=(X=3630.000 Y=10156.000 Z=2165.000) RuntimeGrid:None EditorOnly:0 RuntimeOnly:0 HLODRelevant:0 ListedInSceneOutliner:1 IsMainWorldOnly:0 FolderPath:Playground FolderGuid:C73F09FC4215536B1DCE2A9E0A830C70
 |   |   |- Guid:CE319D7B442D10BAC0BE66A423D44454 BaseClass: NativeClass:/Script/Landscape.LandscapeStreamingProxy Name:LandscapeStreamingProxy_EV8PO9AJZ9QOWUKM61LWFVHLD_126_3_0_0 Label:LandscapeStreamingProxy_3_0_0 SpatiallyLoaded:1 Bounds:IsValid=true, Min=(X=12600.000 Y=-25200.000 Z=-1661.562), Max=(X=25200.000 Y=-12600.000 Z=-1461.562) RuntimeGrid:None EditorOnly:0 RuntimeOnly:0 HLODRelevant:1 ListedInSceneOutliner:1 IsMainWorldOnly:0
 |   |   |- Guid:D87094064F04C39A8C81E5AFD94F05F5 BaseClass: NativeClass:/Script/WaterEditor.WaterBrushManager Name:Landscape_WaterBrushManager_0 Label:Landscape_WaterBrushManager SpatiallyLoaded:0 Bounds:IsValid=true, Min=(X=0.000 Y=0.000 Z=425.938), Max=(X=350.000 Y=350.000 Z=50000.000) RuntimeGrid:None EditorOnly:0 RuntimeOnly:0 HLODRelevant:0 ListedInSceneOutliner:1 IsMainWorldOnly:0 FolderPath:BasicEnvironment FolderGuid:963EC3EB4002CCE9759E2EBA541A873A
 |   |   |- Guid:D8A53E1F4FF0741D7C69B897BE01912C BaseClass: NativeClass:/Script/Landscape.LandscapeStreamingProxy Name:LandscapeStreamingProxy_EV8PO9AJZ9QOWUKM61LWFVHLD_126_0_2_0 Label:LandscapeStreamingProxy_0_2_0 SpatiallyLoaded:1 Bounds:IsValid=true, Min=(X=-25200.000 Y=0.000 Z=-1661.562), Max=(X=-12600.000 Y=12600.000 Z=242.344) RuntimeGrid:None EditorOnly:0 RuntimeOnly:0 HLODRelevant:1 ListedInSceneOutliner:1 IsMainWorldOnly:0
 |   |   |- Guid:DE2ACC5742BEAFF86C8E1D93021FF299 BaseClass: NativeClass:/Script/Landscape.LandscapeStreamingProxy Name:LandscapeStreamingProxy_EV8PO9AJZ9QOWUKM61LWFVHLD_126_3_2_0 Label:LandscapeStreamingProxy_3_2_0 SpatiallyLoaded:1 Bounds:IsValid=true, Min=(X=12600.000 Y=0.000 Z=-1661.562), Max=(X=25200.000 Y=12600.000 Z=-826.406) RuntimeGrid:None EditorOnly:0 RuntimeOnly:0 HLODRelevant:1 ListedInSceneOutliner:1 IsMainWorldOnly:0
 |   |   |- Guid:E0D12B7D4CFC074728BF3883D03144DA BaseClass: NativeClass:/Script/Landscape.LandscapeStreamingProxy Name:LandscapeStreamingProxy_EV8PO9AJZ9QOWUKM61LWFVHLD_126_0_3_0 Label:LandscapeStreamingProxy_0_3_0 SpatiallyLoaded:1 Bounds:IsValid=true, Min=(X=-25200.000 Y=12600.000 Z=-1661.562), Max=(X=-12600.000 Y=25200.000 Z=-1186.562) RuntimeGrid:None EditorOnly:0 RuntimeOnly:0 HLODRelevant:1 ListedInSceneOutliner:1 IsMainWorldOnly:0
 |   |   |- Guid:E84C8B704BA6B42BAE77B6B167E13229 BaseClass: NativeClass:/Script/Landscape.LandscapeStreamingProxy Name:LandscapeStreamingProxy_EV8PO9AJZ9QOWUKM61LWFVHLD_126_1_1_0 Label:LandscapeStreamingProxy_1_1_0 SpatiallyLoaded:1 Bounds:IsValid=true, Min=(X=-12600.000 Y=-12600.000 Z=-1214.688), Max=(X=0.000 Y=0.000 Z=475.938) RuntimeGrid:None EditorOnly:0 RuntimeOnly:0 HLODRelevant:1 ListedInSceneOutliner:1 IsMainWorldOnly:0
 |   |   |- Guid:EA70CA344D5FDB4C3C4693A70F5106AB BaseClass:/Game/FollowMeLibrary/Player/ThirdPersonCharacter.ThirdPersonCharacter_C NativeClass:/Script/Engine.Character Name:ThirdPersonCharacter_C_UAID_D843AE06D09D17F101_2025650710 Label:ThirdPersonCharacter SpatiallyLoaded:1 Bounds:IsValid=true, Min=(X=7793.063 Y=-61.937 Z=467.121), Max=(X=7969.000 Y=41.937 Z=653.138) RuntimeGrid:None EditorOnly:0 RuntimeOnly:0 HLODRelevant:0 ListedInSceneOutliner:1 IsMainWorldOnly:0 FolderPath:MyPlayer FolderGuid:EAEE21B84BF20B1F98098185499D2D8C
 |   |- [+] Clusters:
 |   |   |- [+] [  0]
 |   |   |   |- Guid:01A372B949EBADAE38B97AB447BD9609 BaseClass: NativeClass:/Script/Engine.AmbientSound Name:AmbientSound_UAID_D843AE06D09DF6F801_1925917343 Label:MusicPlayer SpatiallyLoaded:1 Bounds:IsValid=true, Min=(X=0.000 Y=0.000 Z=0.000), Max=(X=0.000 Y=0.000 Z=0.000) RuntimeGrid:None EditorOnly:0 RuntimeOnly:0 HLODRelevant:0 ListedInSceneOutliner:1 IsMainWorldOnly:0 FolderPath:Playground FolderGuid:C73F09FC4215536B1DCE2A9E0A830C70
 |   |   |- [+] [  1]
 |   |   |   |- Guid:0534F22D47EA5734362600AF402E2D33 BaseClass: NativeClass:/Script/Engine.DirectionalLight Name:DirectionalLight_UAID_D843AE06D09D7DFD01_1917407328 Label:DirectionalLight SpatiallyLoaded:0 Bounds:IsValid=true, Min=(X=-4398046511104.000 Y=-4398046511104.000 Z=-4398046511104.000), Max=(X=4398046511104.000 Y=4398046511104.000 Z=4398046511104.000) RuntimeGrid:None EditorOnly:0 RuntimeOnly:0 HLODRelevant:0 ListedInSceneOutliner:1 IsMainWorldOnly:0 FolderPath:BasicEnvironment FolderGuid:963EC3EB4002CCE9759E2EBA541A873A
 |   |   |- [+] [  2]
 |   |   |   |- Guid:14E2BE6C4572F4C9F09ECEA957BCDD82 BaseClass: NativeClass:/Script/Landscape.LandscapeStreamingProxy Name:LandscapeStreamingProxy_EV8PO9AJZ9QOWUKM61LWFVHLD_126_3_3_0 Label:LandscapeStreamingProxy_3_3_0 SpatiallyLoaded:1 Bounds:IsValid=true, Min=(X=12600.000 Y=12600.000 Z=-1661.562), Max=(X=25200.000 Y=25200.000 Z=-1461.562) RuntimeGrid:None EditorOnly:0 RuntimeOnly:0 HLODRelevant:1 ListedInSceneOutliner:1 IsMainWorldOnly:0
 |   |   |- [+] [  3]
 |   |   |   |- Guid:14E874234DECBF153D9F6494C3A9C747 BaseClass: NativeClass:/Script/Landscape.LandscapeStreamingProxy Name:LandscapeStreamingProxy_EV8PO9AJZ9QOWUKM61LWFVHLD_126_0_0_0 Label:LandscapeStreamingProxy_0_0_0 SpatiallyLoaded:1 Bounds:IsValid=true, Min=(X=-25200.000 Y=-25200.000 Z=-1661.562), Max=(X=-12600.000 Y=-12600.000 Z=-1214.688) RuntimeGrid:None EditorOnly:0 RuntimeOnly:0 HLODRelevant:1 ListedInSceneOutliner:1 IsMainWorldOnly:0
 |   |   |- [+] [  4]
 |   |   |   |- Guid:1B09E93A4C3BDB8965223EA379077BAE BaseClass: NativeClass:/Script/Landscape.LandscapeStreamingProxy Name:LandscapeStreamingProxy_EV8PO9AJZ9QOWUKM61LWFVHLD_126_3_1_0 Label:LandscapeStreamingProxy_3_1_0 SpatiallyLoaded:1 Bounds:IsValid=true, Min=(X=12600.000 Y=-12600.000 Z=-1661.562), Max=(X=25200.000 Y=0.000 Z=-832.656) RuntimeGrid:None EditorOnly:0 RuntimeOnly:0 HLODRelevant:1 ListedInSceneOutliner:1 IsMainWorldOnly:0
 |   |   |- [+] [  5]
 |   |   |   |- Guid:1C39FC7B4028AE16C5EF348D5EF46948 BaseClass: NativeClass:/Script/NavigationSystem.RecastNavMesh Name:RecastNavMesh_UAID_D843AE06D09D55EE01-Default Label:RecastNavMesh-Default SpatiallyLoaded:0 Bounds:IsValid=true, Min=(X=0.000 Y=0.000 Z=0.000), Max=(X=0.000 Y=0.000 Z=0.000) RuntimeGrid:None EditorOnly:0 RuntimeOnly:0 HLODRelevant:0 ListedInSceneOutliner:1 IsMainWorldOnly:0 FolderPath:Playground FolderGuid:C73F09FC4215536B1DCE2A9E0A830C70
 |   |   |- [+] [  6]
 |   |   |   |- Guid:1CA4AC2A479A82A975B313BE221D319E BaseClass: NativeClass:/Script/Landscape.LandscapeStreamingProxy Name:LandscapeStreamingProxy_EV8PO9AJZ9QOWUKM61LWFVHLD_126_1_2_0 Label:LandscapeStreamingProxy_1_2_0 SpatiallyLoaded:1 Bounds:IsValid=true, Min=(X=-12600.000 Y=0.000 Z=-1186.562), Max=(X=0.000 Y=12600.000 Z=475.938) RuntimeGrid:None EditorOnly:0 RuntimeOnly:0 HLODRelevant:1 ListedInSceneOutliner:1 IsMainWorldOnly:0
 |   |   |- [+] [  7]
 |   |   |   |- Guid:29AD7993409DE3956E0CCD8E8B734BA8 BaseClass: NativeClass:/Script/Engine.PostProcessVolume Name:PostProcessVolume_UAID_D843AE06D09D7DFD01_1983657331 Label:PostProcessVolume SpatiallyLoaded:0 Bounds:IsValid=true, Min=(X=1126.000 Y=154.000 Z=678.000), Max=(X=1326.000 Y=354.000 Z=878.000) RuntimeGrid:None EditorOnly:0 RuntimeOnly:0 HLODRelevant:0 ListedInSceneOutliner:1 IsMainWorldOnly:0 FolderPath:BasicEnvironment FolderGuid:963EC3EB4002CCE9759E2EBA541A873A
 |   |   |- [+] [  8]
 |   |   |   |- Guid:2BC9F4DB4803FB3EF1C440BB740C92B0 BaseClass:/Game/FollowMeLibrary/Companion/BTCompanion/Companion_BP.Companion_BP_C NativeClass:/Script/Engine.Character Name:Companion_BP_C_UAID_D843AE06D09D18F101_1961433889 Label:Companion_BP SpatiallyLoaded:1 Bounds:IsValid=true, Min=(X=7755.000 Y=-187.937 Z=459.969), Max=(X=7823.000 Y=-84.063 Z=640.138) RuntimeGrid:None EditorOnly:0 RuntimeOnly:0 HLODRelevant:0 ListedInSceneOutliner:1 IsMainWorldOnly:0 FolderPath:MyPlayer FolderGuid:EAEE21B84BF20B1F98098185499D2D8C
 |   |   |   |- Guid:EA70CA344D5FDB4C3C4693A70F5106AB BaseClass:/Game/FollowMeLibrary/Player/ThirdPersonCharacter.ThirdPersonCharacter_C NativeClass:/Script/Engine.Character Name:ThirdPersonCharacter_C_UAID_D843AE06D09D17F101_2025650710 Label:ThirdPersonCharacter SpatiallyLoaded:1 Bounds:IsValid=true, Min=(X=7793.063 Y=-61.937 Z=467.121), Max=(X=7969.000 Y=41.937 Z=653.138) RuntimeGrid:None EditorOnly:0 RuntimeOnly:0 HLODRelevant:0 ListedInSceneOutliner:1 IsMainWorldOnly:0 FolderPath:MyPlayer FolderGuid:EAEE21B84BF20B1F98098185499D2D8C
 |   |   |- [+] [  9]
 |   |   |   |- Guid:3C72C4844D481A7E0FCB37A3B1615731 BaseClass: NativeClass:/Script/Engine.SkyAtmosphere Name:SkyAtmosphere_UAID_D843AE06D09D7DFD01_1964248330 Label:SkyAtmosphere SpatiallyLoaded:0 Bounds:IsValid=true, Min=(X=1447.000 Y=148.000 Z=756.000), Max=(X=1447.000 Y=148.000 Z=756.000) RuntimeGrid:None EditorOnly:0 RuntimeOnly:0 HLODRelevant:0 ListedInSceneOutliner:1 IsMainWorldOnly:0 FolderPath:BasicEnvironment FolderGuid:963EC3EB4002CCE9759E2EBA541A873A
 |   |   |- [+] [ 10]
 |   |   |   |- Guid:3E9FC34C421FAE83BC40BEA3501AD5E4 BaseClass: NativeClass:/Script/Water.WaterBodyOcean Name:WaterBodyOcean_UAID_D843AE06D09D7EFD01_2041859510 Label:WaterBodyOcean SpatiallyLoaded:0 Bounds:IsValid=true, Min=(X=-25720.000 Y=-25200.000 Z=-19564.000), Max=(X=25200.000 Y=25702.000 Z=2436.000) RuntimeGrid:None EditorOnly:0 RuntimeOnly:0 HLODRelevant:1 ListedInSceneOutliner:1 IsMainWorldOnly:0 FolderPath:BasicEnvironment FolderGuid:963EC3EB4002CCE9759E2EBA541A873A
 |   |   |- [+] [ 11]
 |   |   |   |- Guid:42E0453A481CA2C793D5F29D4BCB24F9 BaseClass:/Engine/EngineSky/BP_Sky_Sphere.BP_Sky_Sphere_C NativeClass:/Script/Engine.Actor Name:BP_Sky_Sphere_C_UAID_D843AE06D09D7DFD01_2032182332 Label:BP_Sky_Sphere SpatiallyLoaded:0 Bounds:IsValid=true, Min=(X=-1636882.000 Y=-1637893.000 Z=-1637514.000), Max=(X=1639918.000 Y=1638907.000 Z=1639286.000) RuntimeGrid:None EditorOnly:0 RuntimeOnly:0 HLODRelevant:0 ListedInSceneOutliner:1 IsMainWorldOnly:0 FolderPath:BasicEnvironment FolderGuid:963EC3EB4002CCE9759E2EBA541A873A
 |   |   |- [+] [ 12]
 |   |   |   |- Guid:4772B7B24FECFB023F9126AE4462C08D BaseClass: NativeClass:/Script/Landscape.LandscapeStreamingProxy Name:LandscapeStreamingProxy_EV8PO9AJZ9QOWUKM61LWFVHLD_126_2_2_0 Label:LandscapeStreamingProxy_2_2_0 SpatiallyLoaded:1 Bounds:IsValid=true, Min=(X=0.000 Y=0.000 Z=-1561.562), Max=(X=12600.000 Y=12600.000 Z=536.875) RuntimeGrid:None EditorOnly:0 RuntimeOnly:0 HLODRelevant:1 ListedInSceneOutliner:1 IsMainWorldOnly:0
 |   |   |- [+] [ 13]
 |   |   |   |- Guid:5B97F4A64FB21F77EFC44386BF705B4C BaseClass: NativeClass:/Script/Engine.TextRenderActor Name:TextRenderActor_1 Label:TextRenderActor SpatiallyLoaded:1 Bounds:IsValid=true, Min=(X=-2610.100 Y=1100.000 Z=65.013), Max=(X=-2610.100 Y=2392.308 Z=215.013) RuntimeGrid:None EditorOnly:0 RuntimeOnly:0 HLODRelevant:0 ListedInSceneOutliner:1 IsMainWorldOnly:0 FolderPath:Playground FolderGuid:C73F09FC4215536B1DCE2A9E0A830C70
 |   |   |- [+] [ 14]
 |   |   |   |- Guid:6BAF4DDD444C60371492D3919DB42C97 BaseClass: NativeClass:/Script/Engine.WorldDataLayers Name:WorldDataLayers Label:WorldDataLayers SpatiallyLoaded:0 Bounds:Invalid RuntimeGrid:None EditorOnly:0 RuntimeOnly:0 HLODRelevant:0 ListedInSceneOutliner:1 IsMainWorldOnly:1 FolderPath:Playground FolderGuid:C73F09FC4215536B1DCE2A9E0A830C70
 |   |   |- [+] [ 15]
 |   |   |   |- Guid:7A1FE27D4C52C7B41EB10AA8463295A8 BaseClass: NativeClass:/Script/Landscape.Landscape Name:Landscape_UAID_D843AE06D09D7DFD01_2072201333 Label:Landscape SpatiallyLoaded:0 Bounds:IsValid=true, Min=(X=-25200.000 Y=-25200.000 Z=415.000), Max=(X=-25200.000 Y=-25200.000 Z=415.000) RuntimeGrid:None EditorOnly:0 RuntimeOnly:0 HLODRelevant:0 ListedInSceneOutliner:1 IsMainWorldOnly:0 FolderPath:BasicEnvironment FolderGuid:963EC3EB4002CCE9759E2EBA541A873A
 |   |   |- [+] [ 16]
 |   |   |   |- Guid:7B33826245A13CE28CE34697966ED086 BaseClass: NativeClass:/Script/Landscape.LandscapeStreamingProxy Name:LandscapeStreamingProxy_EV8PO9AJZ9QOWUKM61LWFVHLD_126_0_1_0 Label:LandscapeStreamingProxy_0_1_0 SpatiallyLoaded:1 Bounds:IsValid=true, Min=(X=-25200.000 Y=-12600.000 Z=-1661.562), Max=(X=-12600.000 Y=0.000 Z=253.281) RuntimeGrid:None EditorOnly:0 RuntimeOnly:0 HLODRelevant:1 ListedInSceneOutliner:1 IsMainWorldOnly:0
 |   |   |- [+] [ 17]
 |   |   |   |- Guid:8B98289940223FF025BE4DB73238C79A BaseClass: NativeClass:/Script/Landscape.LandscapeStreamingProxy Name:LandscapeStreamingProxy_EV8PO9AJZ9QOWUKM61LWFVHLD_126_2_1_0 Label:LandscapeStreamingProxy_2_1_0 SpatiallyLoaded:1 Bounds:IsValid=true, Min=(X=0.000 Y=-12600.000 Z=-1561.562), Max=(X=12600.000 Y=0.000 Z=536.875) RuntimeGrid:None EditorOnly:0 RuntimeOnly:0 HLODRelevant:1 ListedInSceneOutliner:1 IsMainWorldOnly:0
 |   |   |- [+] [ 18]
 |   |   |   |- Guid:A6669971456F8650B87E0FA561457BFB BaseClass: NativeClass:/Script/Water.WaterBodyExclusionVolume Name:WaterBodyExclusionVolume_UAID_D843AE06D09D7EFD01_2020783509 Label:WaterBodyExclusionVolume SpatiallyLoaded:1 Bounds:IsValid=true, Min=(X=98.000 Y=20.000 Z=425.000), Max=(X=298.000 Y=220.000 Z=625.000) RuntimeGrid:None EditorOnly:0 RuntimeOnly:0 HLODRelevant:0 ListedInSceneOutliner:1 IsMainWorldOnly:0 FolderPath:BasicEnvironment FolderGuid:963EC3EB4002CCE9759E2EBA541A873A
 |   |   |- [+] [ 19]
 |   |   |   |- Guid:A6988AC74962D15B7AFDC482678B96BF BaseClass: NativeClass:/Script/Water.WaterZone Name:WaterZone_UAID_D843AE06D09D7EFD01_1914904508 Label:WaterZone SpatiallyLoaded:0 Bounds:IsValid=true, Min=(X=-25200.000 Y=-25200.000 Z=-25200.000), Max=(X=25200.000 Y=25200.000 Z=25200.000) RuntimeGrid:None EditorOnly:0 RuntimeOnly:0 HLODRelevant:0 ListedInSceneOutliner:1 IsMainWorldOnly:0 FolderPath:BasicEnvironment FolderGuid:963EC3EB4002CCE9759E2EBA541A873A
 |   |   |- [+] [ 20]
 |   |   |   |- Guid:AD0C19C348627F456A824286E7A60787 BaseClass: NativeClass:/Script/Engine.SkyLight Name:SkyLight_UAID_D843AE06D09D7DFD01_1926152329 Label:SkyLight SpatiallyLoaded:0 Bounds:IsValid=true, Min=(X=-1599.000 Y=-418.000 Z=828.000), Max=(X=-1599.000 Y=-418.000 Z=828.000) RuntimeGrid:None EditorOnly:0 RuntimeOnly:0 HLODRelevant:0 ListedInSceneOutliner:1 IsMainWorldOnly:0 FolderPath:BasicEnvironment FolderGuid:963EC3EB4002CCE9759E2EBA541A873A
 |   |   |- [+] [ 21]
 |   |   |   |- Guid:C33F64AD4BA04D96A42F28A01B29CC28 BaseClass: NativeClass:/Script/Landscape.LandscapeStreamingProxy Name:LandscapeStreamingProxy_EV8PO9AJZ9QOWUKM61LWFVHLD_126_1_3_0 Label:LandscapeStreamingProxy_1_3_0 SpatiallyLoaded:1 Bounds:IsValid=true, Min=(X=-12600.000 Y=12600.000 Z=-1661.562), Max=(X=0.000 Y=25200.000 Z=13.438) RuntimeGrid:None EditorOnly:0 RuntimeOnly:0 HLODRelevant:1 ListedInSceneOutliner:1 IsMainWorldOnly:0
 |   |   |- [+] [ 22]
 |   |   |   |- Guid:C372B10C43F8BAAEAA2E3090693CA7BA BaseClass: NativeClass:/Script/Landscape.LandscapeStreamingProxy Name:LandscapeStreamingProxy_EV8PO9AJZ9QOWUKM61LWFVHLD_126_1_0_0 Label:LandscapeStreamingProxy_1_0_0 SpatiallyLoaded:1 Bounds:IsValid=true, Min=(X=-12600.000 Y=-25200.000 Z=-1661.562), Max=(X=0.000 Y=-12600.000 Z=-55.312) RuntimeGrid:None EditorOnly:0 RuntimeOnly:0 HLODRelevant:1 ListedInSceneOutliner:1 IsMainWorldOnly:0
 |   |   |- [+] [ 23]
 |   |   |   |- Guid:C492CE3541D7AEEA0F4D2A9800B031DD BaseClass: NativeClass:/Script/Landscape.LandscapeStreamingProxy Name:LandscapeStreamingProxy_EV8PO9AJZ9QOWUKM61LWFVHLD_126_2_3_0 Label:LandscapeStreamingProxy_2_3_0 SpatiallyLoaded:1 Bounds:IsValid=true, Min=(X=0.000 Y=12600.000 Z=-1661.562), Max=(X=12600.000 Y=25200.000 Z=-95.938) RuntimeGrid:None EditorOnly:0 RuntimeOnly:0 HLODRelevant:1 ListedInSceneOutliner:1 IsMainWorldOnly:0
 |   |   |- [+] [ 24]
 |   |   |   |- Guid:C6CD18AC4ECE39D4EA11F1BB1A37FBEB BaseClass: NativeClass:/Script/Landscape.LandscapeStreamingProxy Name:LandscapeStreamingProxy_EV8PO9AJZ9QOWUKM61LWFVHLD_126_2_0_0 Label:LandscapeStreamingProxy_2_0_0 SpatiallyLoaded:1 Bounds:IsValid=true, Min=(X=0.000 Y=-25200.000 Z=-1661.562), Max=(X=12600.000 Y=-12600.000 Z=-107.656) RuntimeGrid:None EditorOnly:0 RuntimeOnly:0 HLODRelevant:1 ListedInSceneOutliner:1 IsMainWorldOnly:0
 |   |   |- [+] [ 25]
 |   |   |   |- Guid:C8EFDACF4207A6B8C17E0795AB7049A4 BaseClass: NativeClass:/Script/NavigationSystem.NavMeshBoundsVolume Name:NavMeshBoundsVolume_UAID_D843AE06D09D55EE01_2145601601 Label:NavMeshBoundsVolume SpatiallyLoaded:0 Bounds:IsValid=true, Min=(X=-4570.000 Y=-1644.000 Z=165.000), Max=(X=3630.000 Y=10156.000 Z=2165.000) RuntimeGrid:None EditorOnly:0 RuntimeOnly:0 HLODRelevant:0 ListedInSceneOutliner:1 IsMainWorldOnly:0 FolderPath:Playground FolderGuid:C73F09FC4215536B1DCE2A9E0A830C70
 |   |   |- [+] [ 26]
 |   |   |   |- Guid:CE319D7B442D10BAC0BE66A423D44454 BaseClass: NativeClass:/Script/Landscape.LandscapeStreamingProxy Name:LandscapeStreamingProxy_EV8PO9AJZ9QOWUKM61LWFVHLD_126_3_0_0 Label:LandscapeStreamingProxy_3_0_0 SpatiallyLoaded:1 Bounds:IsValid=true, Min=(X=12600.000 Y=-25200.000 Z=-1661.562), Max=(X=25200.000 Y=-12600.000 Z=-1461.562) RuntimeGrid:None EditorOnly:0 RuntimeOnly:0 HLODRelevant:1 ListedInSceneOutliner:1 IsMainWorldOnly:0
 |   |   |- [+] [ 27]
 |   |   |   |- Guid:D87094064F04C39A8C81E5AFD94F05F5 BaseClass: NativeClass:/Script/WaterEditor.WaterBrushManager Name:Landscape_WaterBrushManager_0 Label:Landscape_WaterBrushManager SpatiallyLoaded:0 Bounds:IsValid=true, Min=(X=0.000 Y=0.000 Z=425.938), Max=(X=350.000 Y=350.000 Z=50000.000) RuntimeGrid:None EditorOnly:0 RuntimeOnly:0 HLODRelevant:0 ListedInSceneOutliner:1 IsMainWorldOnly:0 FolderPath:BasicEnvironment FolderGuid:963EC3EB4002CCE9759E2EBA541A873A
 |   |   |- [+] [ 28]
 |   |   |   |- Guid:D8A53E1F4FF0741D7C69B897BE01912C BaseClass: NativeClass:/Script/Landscape.LandscapeStreamingProxy Name:LandscapeStreamingProxy_EV8PO9AJZ9QOWUKM61LWFVHLD_126_0_2_0 Label:LandscapeStreamingProxy_0_2_0 SpatiallyLoaded:1 Bounds:IsValid=true, Min=(X=-25200.000 Y=0.000 Z=-1661.562), Max=(X=-12600.000 Y=12600.000 Z=242.344) RuntimeGrid:None EditorOnly:0 RuntimeOnly:0 HLODRelevant:1 ListedInSceneOutliner:1 IsMainWorldOnly:0
 |   |   |- [+] [ 29]
 |   |   |   |- Guid:DE2ACC5742BEAFF86C8E1D93021FF299 BaseClass: NativeClass:/Script/Landscape.LandscapeStreamingProxy Name:LandscapeStreamingProxy_EV8PO9AJZ9QOWUKM61LWFVHLD_126_3_2_0 Label:LandscapeStreamingProxy_3_2_0 SpatiallyLoaded:1 Bounds:IsValid=true, Min=(X=12600.000 Y=0.000 Z=-1661.562), Max=(X=25200.000 Y=12600.000 Z=-826.406) RuntimeGrid:None EditorOnly:0 RuntimeOnly:0 HLODRelevant:1 ListedInSceneOutliner:1 IsMainWorldOnly:0
 |   |   |- [+] [ 30]
 |   |   |   |- Guid:E0D12B7D4CFC074728BF3883D03144DA BaseClass: NativeClass:/Script/Landscape.LandscapeStreamingProxy Name:LandscapeStreamingProxy_EV8PO9AJZ9QOWUKM61LWFVHLD_126_0_3_0 Label:LandscapeStreamingProxy_0_3_0 SpatiallyLoaded:1 Bounds:IsValid=true, Min=(X=-25200.000 Y=12600.000 Z=-1661.562), Max=(X=-12600.000 Y=25200.000 Z=-1186.562) RuntimeGrid:None EditorOnly:0 RuntimeOnly:0 HLODRelevant:1 ListedInSceneOutliner:1 IsMainWorldOnly:0
 |   |   |- [+] [ 31]
 |   |   |   |- Guid:E84C8B704BA6B42BAE77B6B167E13229 BaseClass: NativeClass:/Script/Landscape.LandscapeStreamingProxy Name:LandscapeStreamingProxy_EV8PO9AJZ9QOWUKM61LWFVHLD_126_1_1_0 Label:LandscapeStreamingProxy_1_1_0 SpatiallyLoaded:1 Bounds:IsValid=true, Min=(X=-12600.000 Y=-12600.000 Z=-1214.688), Max=(X=0.000 Y=0.000 Z=475.938) RuntimeGrid:None EditorOnly:0 RuntimeOnly:0 HLODRelevant:1 ListedInSceneOutliner:1 IsMainWorldOnly:0
 |- ContainerInstances:
 |- [+] MainContainer:
 |   |-        ID: 00000000000000000000000000000000
 |   |-  ParentID: 00000000000000000000000000000000
 |   |-    Bounds: IsValid=false, Min=(X=0.000 Y=0.000 Z=0.000), Max=(X=0.000 Y=0.000 Z=0.000)
 |   |- Transform: 0.000000,0.000000,0.000000|0.000000,0.000000,-0.000000|1.000000,1.000000,1.000000
 |   |- Container: /Game/ThirdPerson/Maps/Map1
----------------------------------------------------------------------------------------------------------------
Map1 - Persistent Level
----------------------------------------------------------------------------------------------------------------
[+] Content of Map1 Persistent Level
 |- Always loaded Actor Count: 41 
 |- Actor Path: /Game/ThirdPerson/Maps/Map1.Map1:PersistentLevel.AbstractNavData-Default
 |- Actor Package: /Game/ThirdPerson/Maps/Map1
 |- Actor Path: /Game/ThirdPerson/Maps/Map1.Map1:PersistentLevel.AmbientSound_UAID_D843AE06D09DF6F801_1925917343
 |- Actor Package: /Game/__ExternalActors__/ThirdPerson/Maps/Map1/0/VV/N5JSZQ7QKGNM2P4H1YL7AZ
 |- Actor Path: /Game/ThirdPerson/Maps/Map1.Map1:PersistentLevel.BP_Sky_Sphere_C_UAID_D843AE06D09D7DFD01_2032182332
 |- Actor Package: /Game/__ExternalActors__/ThirdPerson/Maps/Map1/8/XT/O8PRL1K7SWJEW90VHTEQ0W
 |- Actor Path: /Game/ThirdPerson/Maps/Map1.Map1:PersistentLevel.Brush_0
 |- Actor Package: /Game/ThirdPerson/Maps/Map1
 |- Actor Path: /Game/ThirdPerson/Maps/Map1.Map1:PersistentLevel.BuoyancyManager_0
 |- Actor Package: /Game/ThirdPerson/Maps/Map1
 |- Actor Path: /Game/ThirdPerson/Maps/Map1.Map1:PersistentLevel.Companion_BP_C_UAID_D843AE06D09D18F101_1961433889
 |- Actor Package: /Game/__ExternalActors__/ThirdPerson/Maps/Map1/C/2G/C7WKSLHK6RLEJNTKUZJ07A
 |- Actor Path: /Game/ThirdPerson/Maps/Map1.Map1:PersistentLevel.DefaultPhysicsVolume_0
 |- Actor Package: /Game/ThirdPerson/Maps/Map1
 |- Actor Path: /Game/ThirdPerson/Maps/Map1.Map1:PersistentLevel.DirectionalLight_UAID_D843AE06D09D7DFD01_1917407328
 |- Actor Package: /Game/__ExternalActors__/ThirdPerson/Maps/Map1/0/CO/FMIMG10F0N4W7W42HXKL4G
 |- Actor Path: /Game/ThirdPerson/Maps/Map1.Map1:PersistentLevel.GameplayDebuggerPlayerManager_0
 |- Actor Package: /Game/ThirdPerson/Maps/Map1
 |- Actor Path: /Game/ThirdPerson/Maps/Map1.Map1:PersistentLevel.Landscape_UAID_D843AE06D09D7DFD01_2072201333
 |- Actor Package: /Game/__ExternalActors__/ThirdPerson/Maps/Map1/2/9Y/21VH6XJ91IEPL2JGWDVSQ8
 |- Actor Path: /Game/ThirdPerson/Maps/Map1.Map1:PersistentLevel.Landscape_WaterBrushManager_0
 |- Actor Package: /Game/__ExternalActors__/ThirdPerson/Maps/Map1/6/IY/0T6UHNNQVQPJQ4CB0YE7SL
 |- Actor Path: /Game/ThirdPerson/Maps/Map1.Map1:PersistentLevel.LandscapeStreamingProxy_EV8PO9AJZ9QOWUKM61LWFVHLD_126_0_0_0
 |- Actor Package: /Game/__ExternalActors__/ThirdPerson/Maps/Map1/B/XO/7TCGYB9LADJX1F6K9D1MWZ
 |- Actor Path: /Game/ThirdPerson/Maps/Map1.Map1:PersistentLevel.LandscapeStreamingProxy_EV8PO9AJZ9QOWUKM61LWFVHLD_126_0_1_0
 |- Actor Package: /Game/__ExternalActors__/ThirdPerson/Maps/Map1/8/1J/XIMM2BDCT1G66WT3LY0THJ
 |- Actor Path: /Game/ThirdPerson/Maps/Map1.Map1:PersistentLevel.LandscapeStreamingProxy_EV8PO9AJZ9QOWUKM61LWFVHLD_126_0_2_0
 |- Actor Package: /Game/__ExternalActors__/ThirdPerson/Maps/Map1/8/S0/TK95OU5B3EKP62Y3C0XSSU
 |- Actor Path: /Game/ThirdPerson/Maps/Map1.Map1:PersistentLevel.LandscapeStreamingProxy_EV8PO9AJZ9QOWUKM61LWFVHLD_126_0_3_0
 |- Actor Package: /Game/__ExternalActors__/ThirdPerson/Maps/Map1/D/TR/H9O80BMSMDOFPODP2XO8WZ
 |- Actor Path: /Game/ThirdPerson/Maps/Map1.Map1:PersistentLevel.LandscapeStreamingProxy_EV8PO9AJZ9QOWUKM61LWFVHLD_126_1_0_0
 |- Actor Package: /Game/__ExternalActors__/ThirdPerson/Maps/Map1/3/49/MI3F76E54NWXIKY32SYBP9
 |- Actor Path: /Game/ThirdPerson/Maps/Map1.Map1:PersistentLevel.LandscapeStreamingProxy_EV8PO9AJZ9QOWUKM61LWFVHLD_126_1_1_0
 |- Actor Package: /Game/__ExternalActors__/ThirdPerson/Maps/Map1/A/SA/ZZJAYR1C0Q86VUN09DA9FM
 |- Actor Path: /Game/ThirdPerson/Maps/Map1.Map1:PersistentLevel.LandscapeStreamingProxy_EV8PO9AJZ9QOWUKM61LWFVHLD_126_1_2_0
 |- Actor Package: /Game/__ExternalActors__/ThirdPerson/Maps/Map1/7/69/OW0MC0T92YOM8OYCSRLELT
 |- Actor Path: /Game/ThirdPerson/Maps/Map1.Map1:PersistentLevel.LandscapeStreamingProxy_EV8PO9AJZ9QOWUKM61LWFVHLD_126_1_3_0
 |- Actor Package: /Game/__ExternalActors__/ThirdPerson/Maps/Map1/9/RV/S9BT951VD69Q1JOWVRTSMB
 |- Actor Path: /Game/ThirdPerson/Maps/Map1.Map1:PersistentLevel.LandscapeStreamingProxy_EV8PO9AJZ9QOWUKM61LWFVHLD_126_2_0_0
 |- Actor Package: /Game/__ExternalActors__/ThirdPerson/Maps/Map1/3/VV/1FJ7ECEGTZJ8PE1V710H1G
 |- Actor Path: /Game/ThirdPerson/Maps/Map1.Map1:PersistentLevel.LandscapeStreamingProxy_EV8PO9AJZ9QOWUKM61LWFVHLD_126_2_1_0
 |- Actor Package: /Game/__ExternalActors__/ThirdPerson/Maps/Map1/0/8T/HWUXDW9LOJ14KETFRP47R3
 |- Actor Path: /Game/ThirdPerson/Maps/Map1.Map1:PersistentLevel.LandscapeStreamingProxy_EV8PO9AJZ9QOWUKM61LWFVHLD_126_2_2_0
 |- Actor Package: /Game/__ExternalActors__/ThirdPerson/Maps/Map1/3/YX/X8DPKJ49XK45GRDS7609BM
 |- Actor Path: /Game/ThirdPerson/Maps/Map1.Map1:PersistentLevel.LandscapeStreamingProxy_EV8PO9AJZ9QOWUKM61LWFVHLD_126_2_3_0
 |- Actor Package: /Game/__ExternalActors__/ThirdPerson/Maps/Map1/C/WQ/P45QNENUQZOQQLAXS4EE0S
 |- Actor Path: /Game/ThirdPerson/Maps/Map1.Map1:PersistentLevel.LandscapeStreamingProxy_EV8PO9AJZ9QOWUKM61LWFVHLD_126_3_0_0
 |- Actor Package: /Game/__ExternalActors__/ThirdPerson/Maps/Map1/9/19/8QJYGEXRNTXQ5NG6CAAWED
 |- Actor Path: /Game/ThirdPerson/Maps/Map1.Map1:PersistentLevel.LandscapeStreamingProxy_EV8PO9AJZ9QOWUKM61LWFVHLD_126_3_1_0
 |- Actor Package: /Game/__ExternalActors__/ThirdPerson/Maps/Map1/D/GC/6JGUBX3RV2OZTQ4YEIV7JX
 |- Actor Path: /Game/ThirdPerson/Maps/Map1.Map1:PersistentLevel.LandscapeStreamingProxy_EV8PO9AJZ9QOWUKM61LWFVHLD_126_3_2_0
 |- Actor Package: /Game/__ExternalActors__/ThirdPerson/Maps/Map1/C/U1/GCOJ5W35J0D3DZT6YZ05ZY
 |- Actor Path: /Game/ThirdPerson/Maps/Map1.Map1:PersistentLevel.LandscapeStreamingProxy_EV8PO9AJZ9QOWUKM61LWFVHLD_126_3_3_0
 |- Actor Package: /Game/__ExternalActors__/ThirdPerson/Maps/Map1/B/3F/FKIDULVD63L2NX0DJ2SUTA
 |- Actor Path: /Game/ThirdPerson/Maps/Map1.Map1:PersistentLevel.Map1_C_0
 |- Actor Package: /Game/ThirdPerson/Maps/Map1
 |- Actor Path: /Game/ThirdPerson/Maps/Map1.Map1:PersistentLevel.NavMeshBoundsVolume_UAID_D843AE06D09D55EE01_2145601601
 |- Actor Package: /Game/__ExternalActors__/ThirdPerson/Maps/Map1/4/VG/47IB9RH0LS7Q6NPHK8QM7D
 |- Actor Path: /Game/ThirdPerson/Maps/Map1.Map1:PersistentLevel.PostProcessVolume_UAID_D843AE06D09D7DFD01_1983657331
 |- Actor Package: /Game/__ExternalActors__/ThirdPerson/Maps/Map1/1/PE/0EBEWCQKIS6YDZYJNUYI3R
 |- Actor Path: /Game/ThirdPerson/Maps/Map1.Map1:PersistentLevel.RecastNavMesh_UAID_D843AE06D09D55EE01-Default
 |- Actor Package: /Game/__ExternalActors__/ThirdPerson/Maps/Map1/B/Z3/USURKDQKATRVGD6OU9AIE5
 |- Actor Path: /Game/ThirdPerson/Maps/Map1.Map1:PersistentLevel.SkyAtmosphere_UAID_D843AE06D09D7DFD01_1964248330
 |- Actor Package: /Game/__ExternalActors__/ThirdPerson/Maps/Map1/E/PG/MMNE5TBSGW0BES1TYASVE8
 |- Actor Path: /Game/ThirdPerson/Maps/Map1.Map1:PersistentLevel.SkyLight_UAID_D843AE06D09D7DFD01_1926152329
 |- Actor Package: /Game/__ExternalActors__/ThirdPerson/Maps/Map1/3/CH/MCMFY2LLJ5HX2LM5LE18MB
 |- Actor Path: /Game/ThirdPerson/Maps/Map1.Map1:PersistentLevel.TextRenderActor_1
 |- Actor Package: /Game/__ExternalActors__/ThirdPerson/Maps/Map1/0/5I/B2ICJ8BYYLERLPFLZFH0FT
 |- Actor Path: /Game/ThirdPerson/Maps/Map1.Map1:PersistentLevel.ThirdPersonCharacter_C_UAID_D843AE06D09D17F101_2025650710
 |- Actor Package: /Game/__ExternalActors__/ThirdPerson/Maps/Map1/E/C6/WTGP0WV6QJH0XH42R0ZPC3
 |- Actor Path: /Game/ThirdPerson/Maps/Map1.Map1:PersistentLevel.WaterBodyExclusionVolume_UAID_D843AE06D09D7EFD01_2020783509
 |- Actor Package: /Game/__ExternalActors__/ThirdPerson/Maps/Map1/8/D5/NRT3ZSCZ7V0ZEN8XE4O431
 |- Actor Path: /Game/ThirdPerson/Maps/Map1.Map1:PersistentLevel.WaterBodyOcean_UAID_D843AE06D09D7EFD01_2041859510
 |- Actor Package: /Game/__ExternalActors__/ThirdPerson/Maps/Map1/E/AB/9K7QTSFCBT93TPIGHRNNHA
 |- Actor Path: /Game/ThirdPerson/Maps/Map1.Map1:PersistentLevel.WaterZone_UAID_D843AE06D09D7EFD01_1914904508
 |- Actor Package: /Game/__ExternalActors__/ThirdPerson/Maps/Map1/7/ZE/7PLMDUTBR1GHQJVH77NUFQ
 |- Actor Path: /Game/ThirdPerson/Maps/Map1.Map1:PersistentLevel.WorldDataLayers
 |- Actor Package: /Game/__ExternalActors__/ThirdPerson/Maps/Map1/8/OT/JMENV4N15BVEJ99GR1C50C
 |- Actor Path: /Game/ThirdPerson/Maps/Map1.Map1:PersistentLevel.WorldInfo_0
 |- Actor Package: /Game/ThirdPerson/Maps/Map1
 |- Actor Path: /Game/ThirdPerson/Maps/Map1.Map1:PersistentLevel.WorldPartitionMiniMap_0
 |- Actor Package: /Game/__ExternalActors__/ThirdPerson/Maps/Map1/A/CA/HM9ZV5TDKNB9O1PZOG0A8N

----------------------------------------------------------------------------------------------------------------
Map1 - Runtime Spatial Hash - Streaming Grid - MainGrid
----------------------------------------------------------------------------------------------------------------
            Origin: X=0.000 Y=0.000 Z=0.000
         Cell Size: 12800
      World Bounds: IsValid=false, Min=(X=0.000 Y=0.000 Z=0.000), Max=(X=0.000 Y=0.000 Z=0.000)
     Loading Range: 25600.00
Block Slow Loading: No
 ClientOnlyVisible: No
            Origin: X=0.000 Y=0.000 Z=0.000

[+] Grid Levels: 1
 |- Level  0: Cell Count    0 | Cell Size   12800 | Actor Count    0 (0.0%)

[+] Content of Grid Level 0

