[+] Containers:
 |- [+] Container: /Game/ThirdPerson/Maps/Level05
 |   |- [+] ActorDescs:
 |   |   |- Guid:01377D0A43C03C6202E883ACE6434E72 BaseClass:/Game/FollowMeLibrary/Companion/BTCompanion/Companion_BP.Companion_BP_C NativeClass:/Script/Engine.Character Name:Companion_BP_C_UAID_D843AE06D09D2CF101_1624728418 Label:Companion_BP SpatiallyLoaded:1 Bounds:IsValid=true, Min=(X=-624.000 Y=-884.000 Z=-0.146), Max=(X=-552.409 Y=-816.000 Z=180.336) RuntimeGrid:None EditorOnly:0 RuntimeOnly:0 HLODRelevant:0 ListedInSceneOutliner:1 IsMainWorldOnly:0
 |   |   |- Guid:082D4FE84809770B55CEBA9F30120318 BaseClass: NativeClass:/Script/Engine.DirectionalLight Name:DirectionalLight_0 Label:DirectionalLight SpatiallyLoaded:0 Bounds:IsValid=true, Min=(X=-4398046511104.000 Y=-4398046511104.000 Z=-4398046511104.000), Max=(X=4398046511104.000 Y=4398046511104.000 Z=4398046511104.000) RuntimeGrid:None EditorOnly:0 RuntimeOnly:0 HLODRelevant:0 ListedInSceneOutliner:1 IsMainWorldOnly:0 FolderPath:Lighting FolderGuid:963EC3EB4002CCE9759E2EBA541A873A
 |   |   |- Guid:0ADF3EFF45F312CCBDC77DAB5FFE9F98 BaseClass: NativeClass:/Script/Engine.StaticMeshActor Name:StaticMeshActor_UAID_D843AE06D09D45F301_2129797932 Label:Pillar_50x501 SpatiallyLoaded:1 Bounds:IsValid=true, Min=(X=-660.000 Y=-480.000 Z=0.000), Max=(X=-560.000 Y=-380.000 Z=500.000) RuntimeGrid:None EditorOnly:0 RuntimeOnly:0 HLODRelevant:1 ListedInSceneOutliner:1 IsMainWorldOnly:0
 |   |   |- Guid:0B81B18C4405CE3F0E296EA03DD50C86 BaseClass: NativeClass:/Script/Engine.StaticMeshActor Name:StaticMeshActor_UAID_A4AE111137DC5EFB00_1110535423 Label:SM_SkySphere SpatiallyLoaded:0 Bounds:IsValid=true, Min=(X=-1641670.000 Y=-1638400.000 Z=-1638400.000), Max=(X=1635130.000 Y=1638400.000 Z=1638400.000) RuntimeGrid:None EditorOnly:0 RuntimeOnly:0 HLODRelevant:1 ListedInSceneOutliner:1 IsMainWorldOnly:0 FolderPath:Lighting FolderGuid:963EC3EB4002CCE9759E2EBA541A873A
 |   |   |- Guid:0D78FD6A4111F80647AB7C8DA21E6A24 BaseClass: NativeClass:/Script/Engine.StaticMeshActor Name:StaticMeshActor_UAID_D843AE06D09D46F301_1285818120 Label:Wall_400x205 SpatiallyLoaded:1 Bounds:IsValid=true, Min=(X=540.000 Y=-80.000 Z=400.000), Max=(X=560.000 Y=320.000 Z=600.000) RuntimeGrid:None EditorOnly:0 RuntimeOnly:0 HLODRelevant:1 ListedInSceneOutliner:1 IsMainWorldOnly:0
 |   |   |- Guid:0E4E7D384FF092F3EEA5109CE74BBA10 BaseClass: NativeClass:/Script/Engine.StaticMeshActor Name:StaticMeshActor_UAID_D843AE06D09D46F301_1570436131 Label:SM_GlassWindow3 SpatiallyLoaded:1 Bounds:IsValid=true, Min=(X=549.000 Y=-1280.000 Z=200.000), Max=(X=551.000 Y=-880.000 Z=400.000) RuntimeGrid:None EditorOnly:0 RuntimeOnly:0 HLODRelevant:1 ListedInSceneOutliner:1 IsMainWorldOnly:0
 |   |   |- Guid:0F46B5FD4E3D2077FAFD32A80DFE533B BaseClass: NativeClass:/Script/Engine.StaticMeshActor Name:StaticMeshActor_UAID_D843AE06D09D45F301_2068573930 Label:Wall_400x402 SpatiallyLoaded:1 Bounds:IsValid=true, Min=(X=-960.000 Y=1120.000 Z=0.000), Max=(X=-560.000 Y=1140.000 Z=400.000) RuntimeGrid:None EditorOnly:0 RuntimeOnly:0 HLODRelevant:1 ListedInSceneOutliner:1 IsMainWorldOnly:0
 |   |   |- Guid:13BB3299401F99A93ED686965D16FA69 BaseClass: NativeClass:/Script/Engine.StaticMeshActor Name:StaticMeshActor_UAID_D843AE06D09D45F301_2019312926 Label:Pillar_50x500 SpatiallyLoaded:1 Bounds:IsValid=true, Min=(X=-660.000 Y=220.000 Z=0.000), Max=(X=-560.000 Y=320.000 Z=500.000) RuntimeGrid:None EditorOnly:0 RuntimeOnly:0 HLODRelevant:1 ListedInSceneOutliner:1 IsMainWorldOnly:0
 |   |   |- Guid:13F2624046EAEC502B807AACA8669C46 BaseClass: NativeClass:/Script/Engine.StaticMeshActor Name:StaticMeshActor_UAID_D843AE06D09D46F301_1345289125 Label:Wall_400x407 SpatiallyLoaded:1 Bounds:IsValid=true, Min=(X=540.000 Y=-1680.000 Z=0.000), Max=(X=560.000 Y=-1280.000 Z=400.000) RuntimeGrid:None EditorOnly:0 RuntimeOnly:0 HLODRelevant:1 ListedInSceneOutliner:1 IsMainWorldOnly:0
 |   |   |- Guid:16E976EA4B367C040555C3BDCEC19F88 BaseClass: NativeClass:/Script/Engine.StaticMeshActor Name:StaticMeshActor_UAID_D843AE06D09D45F301_1259280914 Label:Cupboard_body3 SpatiallyLoaded:1 Bounds:IsValid=true, Min=(X=-1254.465 Y=-588.034 Z=2.823), Max=(X=-1135.559 Y=-416.673 Z=332.738) RuntimeGrid:None EditorOnly:0 RuntimeOnly:0 HLODRelevant:1 ListedInSceneOutliner:1 IsMainWorldOnly:0
 |   |   |- Guid:18384F184BFE53F8B84430A3313EFFCF BaseClass: NativeClass:/Script/Engine.TextRenderActor Name:TextRenderActor_1 Label:TextRenderActor SpatiallyLoaded:1 Bounds:IsValid=true, Min=(X=-2610.100 Y=1100.000 Z=65.013), Max=(X=-2610.100 Y=2392.308 Z=215.013) RuntimeGrid:None EditorOnly:0 RuntimeOnly:0 HLODRelevant:0 ListedInSceneOutliner:1 IsMainWorldOnly:0
 |   |   |- Guid:1C1681C74E6C3B49262B0B9177F89461 BaseClass:/Game/FollowMeLibrary/Player/ThirdPersonCharacter.ThirdPersonCharacter_C NativeClass:/Script/Engine.Character Name:ThirdPersonCharacter_C_UAID_D843AE06D09D2CF101_1611222417 Label:ThirdPersonCharacter SpatiallyLoaded:1 Bounds:IsValid=true, Min=(X=-64.000 Y=-544.000 Z=-0.146), Max=(X=4.000 Y=-472.409 Z=180.336) RuntimeGrid:None EditorOnly:0 RuntimeOnly:0 HLODRelevant:0 ListedInSceneOutliner:1 IsMainWorldOnly:0
 |   |   |- Guid:1C4A789A42C7B1AE05AF12A931B078F5 BaseClass: NativeClass:/Script/Engine.StaticMeshActor Name:StaticMeshActor_UAID_D843AE06D09D45F301_2031442928 Label:Wall_400x400 SpatiallyLoaded:1 Bounds:IsValid=true, Min=(X=140.000 Y=1120.000 Z=0.000), Max=(X=540.000 Y=1140.000 Z=400.000) RuntimeGrid:None EditorOnly:0 RuntimeOnly:0 HLODRelevant:1 ListedInSceneOutliner:1 IsMainWorldOnly:0
 |   |   |- Guid:1D1531EF4FAC17B79573048761ECE65B BaseClass: NativeClass:/Script/Engine.StaticMeshActor Name:StaticMeshActor_UAID_D843AE06D09D46F301_1114654113 Label:Wall_400x200 SpatiallyLoaded:1 Bounds:IsValid=true, Min=(X=540.000 Y=320.000 Z=0.000), Max=(X=560.000 Y=720.000 Z=200.000) RuntimeGrid:None EditorOnly:0 RuntimeOnly:0 HLODRelevant:1 ListedInSceneOutliner:1 IsMainWorldOnly:0
 |   |   |- Guid:20477988403755687BC6449F8E483E06 BaseClass: NativeClass:/Script/Engine.StaticMeshActor Name:StaticMeshActor_UAID_D843AE06D09D45F301_2071662931 Label:Wall_400x403 SpatiallyLoaded:1 Bounds:IsValid=true, Min=(X=-1360.000 Y=1120.000 Z=0.000), Max=(X=-960.000 Y=1140.000 Z=400.000) RuntimeGrid:None EditorOnly:0 RuntimeOnly:0 HLODRelevant:1 ListedInSceneOutliner:1 IsMainWorldOnly:0
 |   |   |- Guid:257D09C5401964ABD75F5690DA3ACD03 BaseClass: NativeClass:/Script/Engine.PostProcessVolume Name:PostProcessVolume_0 Label:PostProcessVolume SpatiallyLoaded:0 Bounds:IsValid=true, Min=(X=-3270.000 Y=0.000 Z=400.000), Max=(X=-3070.000 Y=200.000 Z=600.000) RuntimeGrid:None EditorOnly:0 RuntimeOnly:0 HLODRelevant:0 ListedInSceneOutliner:1 IsMainWorldOnly:0 FolderPath:Lighting FolderGuid:963EC3EB4002CCE9759E2EBA541A873A
 |   |   |- Guid:2E5FDCA5471C6454FEE491B862A4459B BaseClass: NativeClass:/Script/Engine.StaticMeshActor Name:StaticMeshActor_UAID_D843AE06D09D45F301_1321036919 Label:Cupboard_body5 SpatiallyLoaded:1 Bounds:IsValid=true, Min=(X=305.559 Y=31.966 Z=2.823), Max=(X=424.465 Y=203.327 Z=332.738) RuntimeGrid:None EditorOnly:0 RuntimeOnly:0 HLODRelevant:1 ListedInSceneOutliner:1 IsMainWorldOnly:0
 |   |   |- Guid:2F1F0ADF482C36C6598385B83B4848D2 BaseClass: NativeClass:/Script/Engine.StaticMeshActor Name:StaticMeshActor_UAID_D843AE06D09D02F301_1185289140 Label:Table SpatiallyLoaded:1 Bounds:IsValid=true, Min=(X=-717.346 Y=678.156 Z=11.491), Max=(X=-435.095 Y=801.757 Z=114.274) RuntimeGrid:None EditorOnly:0 RuntimeOnly:0 HLODRelevant:1 ListedInSceneOutliner:1 IsMainWorldOnly:0
 |   |   |- Guid:373B08464F0EA3DA3228868306AB6E71 BaseClass: NativeClass:/Script/NavigationSystem.NavMeshBoundsVolume Name:NavMeshBoundsVolume_UAID_D843AE06D09D55EE01_2145601601 Label:NavMeshBoundsVolume SpatiallyLoaded:0 Bounds:IsValid=true, Min=(X=-2750.000 Y=-2280.000 Z=-200.000), Max=(X=5250.000 Y=1720.000 Z=600.000) RuntimeGrid:None EditorOnly:0 RuntimeOnly:0 HLODRelevant:0 ListedInSceneOutliner:1 IsMainWorldOnly:0
 |   |   |- Guid:3AA67B8B4C4C5B012472168FF004CAA6 BaseClass: NativeClass:/Script/Engine.StaticMeshActor Name:StaticMeshActor_UAID_D843AE06D09D46F301_1196902116 Label:Wall_400x406 SpatiallyLoaded:1 Bounds:IsValid=true, Min=(X=540.000 Y=-880.000 Z=0.000), Max=(X=560.000 Y=-480.000 Z=400.000) RuntimeGrid:None EditorOnly:0 RuntimeOnly:0 HLODRelevant:1 ListedInSceneOutliner:1 IsMainWorldOnly:0
 |   |   |- Guid:3BE9355A4B00117BA9CD83AA9005D059 BaseClass: NativeClass:/Script/Engine.StaticMeshActor Name:StaticMeshActor_UAID_D843AE06D09D46F301_1453572130 Label:SM_GlassWindow2 SpatiallyLoaded:1 Bounds:IsValid=true, Min=(X=549.000 Y=-480.000 Z=200.000), Max=(X=551.000 Y=-80.000 Z=400.000) RuntimeGrid:None EditorOnly:0 RuntimeOnly:0 HLODRelevant:1 ListedInSceneOutliner:1 IsMainWorldOnly:0
 |   |   |- Guid:3DBA7BC54CF9069C601D42AC7CBE1888 BaseClass: NativeClass:/Script/Engine.StaticMeshActor Name:StaticMeshActor_UAID_D843AE06D09D02F301_1491960141 Label:BedsideBed SpatiallyLoaded:1 Bounds:IsValid=true, Min=(X=-1236.652 Y=313.411 Z=-0.000), Max=(X=-863.348 Y=621.422 Z=172.338) RuntimeGrid:None EditorOnly:0 RuntimeOnly:0 HLODRelevant:1 ListedInSceneOutliner:1 IsMainWorldOnly:0
 |   |   |- Guid:48BF022744B218718FFF9A99E044DA87 BaseClass: NativeClass:/Script/Engine.StaticMeshActor Name:StaticMeshActor_UAID_D843AE06D09D45F301_1251852911 Label:BedsideBed2 SpatiallyLoaded:1 Bounds:IsValid=true, Min=(X=-1236.652 Y=-306.589 Z=-0.000), Max=(X=-863.348 Y=1.422 Z=172.338) RuntimeGrid:None EditorOnly:0 RuntimeOnly:0 HLODRelevant:1 ListedInSceneOutliner:1 IsMainWorldOnly:0
 |   |   |- Guid:4D1C2E4D4FCE4D0A6E9E009F0448F5D2 BaseClass: NativeClass:/Script/Engine.StaticMeshActor Name:StaticMeshActor_1 Label:SM_Cube SpatiallyLoaded:1 Bounds:IsValid=true, Min=(X=-1460.000 Y=-1480.000 Z=-90.000), Max=(X=940.000 Y=1720.000 Z=-40.000) RuntimeGrid:None EditorOnly:0 RuntimeOnly:0 HLODRelevant:1 ListedInSceneOutliner:1 IsMainWorldOnly:0 FolderPath:Playground FolderGuid:C73F09FC4215536B1DCE2A9E0A830C70
 |   |   |- Guid:4F03860E4DB37F98CDAC39B2F12753A4 BaseClass: NativeClass:/Script/Engine.StaticMeshActor Name:StaticMeshActor_UAID_D843AE06D09D45F301_1321035917 Label:BedsideBed5 SpatiallyLoaded:1 Bounds:IsValid=true, Min=(X=33.348 Y=-306.589 Z=-0.000), Max=(X=406.652 Y=1.422 Z=172.338) RuntimeGrid:None EditorOnly:0 RuntimeOnly:0 HLODRelevant:1 ListedInSceneOutliner:1 IsMainWorldOnly:0
 |   |   |- Guid:517B48284FB780BD296DDEA65AE27242 BaseClass: NativeClass:/Script/Engine.SkyAtmosphere Name:SkyAtmosphere_0 Label:SkyAtmosphere SpatiallyLoaded:0 Bounds:IsValid=true, Min=(X=-3270.000 Y=0.000 Z=1020.000), Max=(X=-3270.000 Y=0.000 Z=1020.000) RuntimeGrid:None EditorOnly:0 RuntimeOnly:0 HLODRelevant:0 ListedInSceneOutliner:1 IsMainWorldOnly:0 FolderPath:Lighting FolderGuid:963EC3EB4002CCE9759E2EBA541A873A
 |   |   |- Guid:616759C14D81D09DC8DFCF85D16191FF BaseClass: NativeClass:/Script/Engine.StaticMeshActor Name:StaticMeshActor_UAID_D843AE06D09D46F301_1345290126 Label:Wall_400x208 SpatiallyLoaded:1 Bounds:IsValid=true, Min=(X=540.000 Y=-1280.000 Z=400.000), Max=(X=560.000 Y=-880.000 Z=600.000) RuntimeGrid:None EditorOnly:0 RuntimeOnly:0 HLODRelevant:1 ListedInSceneOutliner:1 IsMainWorldOnly:0
 |   |   |- Guid:64CF5AD14E6DEFBEC47B9C84A0ECBFBC BaseClass: NativeClass:/Script/Engine.WorldDataLayers Name:WorldDataLayers Label:WorldDataLayers SpatiallyLoaded:0 Bounds:Invalid RuntimeGrid:None EditorOnly:0 RuntimeOnly:0 HLODRelevant:0 ListedInSceneOutliner:1 IsMainWorldOnly:1
 |   |   |- Guid:67B1B2A14D8519DD18B2068B9418FA64 BaseClass: NativeClass:/Script/Engine.VolumetricCloud Name:VolumetricCloud_0 Label:VolumetricCloud SpatiallyLoaded:0 Bounds:IsValid=true, Min=(X=-3270.000 Y=0.000 Z=820.000), Max=(X=-3270.000 Y=0.000 Z=820.000) RuntimeGrid:None EditorOnly:0 RuntimeOnly:0 HLODRelevant:0 ListedInSceneOutliner:1 IsMainWorldOnly:0 FolderPath:Lighting FolderGuid:963EC3EB4002CCE9759E2EBA541A873A
 |   |   |- Guid:7630680E4EA315A61EEF568C5DAB8401 BaseClass: NativeClass:/Script/Engine.StaticMeshActor Name:StaticMeshActor_UAID_D843AE06D09D46F301_1270381118 Label:Wall_400x203 SpatiallyLoaded:1 Bounds:IsValid=true, Min=(X=540.000 Y=-480.000 Z=400.000), Max=(X=560.000 Y=-80.000 Z=600.000) RuntimeGrid:None EditorOnly:0 RuntimeOnly:0 HLODRelevant:1 ListedInSceneOutliner:1 IsMainWorldOnly:0
 |   |   |- Guid:7D48BF8941EF9A7C4F416B83BBD27A4C BaseClass: NativeClass:/Script/Engine.StaticMeshActor Name:StaticMeshActor_UAID_D843AE06D09D46F301_1291508121 Label:Wall_400x206 SpatiallyLoaded:1 Bounds:IsValid=true, Min=(X=540.000 Y=-880.000 Z=400.000), Max=(X=560.000 Y=-480.000 Z=600.000) RuntimeGrid:None EditorOnly:0 RuntimeOnly:0 HLODRelevant:1 ListedInSceneOutliner:1 IsMainWorldOnly:0
 |   |   |- Guid:7DF0EA0E4FCC62453683F5B21F02E1AE BaseClass: NativeClass:/Script/Engine.StaticMeshActor Name:StaticMeshActor_UAID_D843AE06D09D45F301_1321033915 Label:Cupboard_body4 SpatiallyLoaded:1 Bounds:IsValid=true, Min=(X=305.559 Y=691.966 Z=2.823), Max=(X=424.465 Y=863.327 Z=332.738) RuntimeGrid:None EditorOnly:0 RuntimeOnly:0 HLODRelevant:1 ListedInSceneOutliner:1 IsMainWorldOnly:0
 |   |   |- Guid:8137937F4F8B9B7A9C71559E7F209941 BaseClass: NativeClass:/Script/Engine.StaticMeshActor Name:StaticMeshActor_UAID_D843AE06D09D46F301_1270380117 Label:Wall_400x202 SpatiallyLoaded:1 Bounds:IsValid=true, Min=(X=540.000 Y=320.000 Z=400.000), Max=(X=560.000 Y=720.000 Z=600.000) RuntimeGrid:None EditorOnly:0 RuntimeOnly:0 HLODRelevant:1 ListedInSceneOutliner:1 IsMainWorldOnly:0
 |   |   |- Guid:91D5F35A4C3A61B1B864B0BCA7674A89 BaseClass: NativeClass:/Script/Engine.StaticMeshActor Name:StaticMeshActor_UAID_D843AE06D09D45F301_1321037920 Label:Cupboard_body6 SpatiallyLoaded:1 Bounds:IsValid=true, Min=(X=305.559 Y=-588.034 Z=2.823), Max=(X=424.465 Y=-416.673 Z=332.738) RuntimeGrid:None EditorOnly:0 RuntimeOnly:0 HLODRelevant:1 ListedInSceneOutliner:1 IsMainWorldOnly:0
 |   |   |- Guid:9B6CF7614F61E2C7E3240086742AB3C7 BaseClass:/Game/FollowMeLibrary/Mechanic/Escape03_BP.Escape03_BP_C NativeClass:/Script/Engine.Actor Name:Escape03_BP_C_UAID_D843AE06D09D9CEE01_1392324987 Label:Escape03_BP SpatiallyLoaded:1 Bounds:IsValid=true, Min=(X=-656.000 Y=1270.000 Z=-4.000), Max=(X=-144.000 Y=1590.000 Z=124.000) RuntimeGrid:None EditorOnly:0 RuntimeOnly:0 HLODRelevant:0 ListedInSceneOutliner:1 IsMainWorldOnly:0
 |   |   |- Guid:9D6ADD324371F0E5252C3AA05F836D6F BaseClass: NativeClass:/Script/Engine.StaticMeshActor Name:StaticMeshActor_UAID_D843AE06D09D46F301_1078115109 Label:Pillar_50x502 SpatiallyLoaded:1 Bounds:IsValid=true, Min=(X=-160.000 Y=220.000 Z=0.000), Max=(X=-60.000 Y=320.000 Z=500.000) RuntimeGrid:None EditorOnly:0 RuntimeOnly:0 HLODRelevant:1 ListedInSceneOutliner:1 IsMainWorldOnly:0
 |   |   |- Guid:9EB7E5AA4D86EC5920F343AC92736F72 BaseClass: NativeClass:/Script/Engine.StaticMeshActor Name:StaticMeshActor_UAID_D843AE06D09D45F301_1257521913 Label:Cupboard_body2 SpatiallyLoaded:1 Bounds:IsValid=true, Min=(X=-1254.465 Y=31.966 Z=2.823), Max=(X=-1135.559 Y=203.327 Z=332.738) RuntimeGrid:None EditorOnly:0 RuntimeOnly:0 HLODRelevant:1 ListedInSceneOutliner:1 IsMainWorldOnly:0
 |   |   |- Guid:A74BDC9D4C58833CBA579F82B6247BC7 BaseClass: NativeClass:/Script/Engine.StaticMeshActor Name:StaticMeshActor_UAID_D843AE06D09D45F301_2057433929 Label:Wall_400x401 SpatiallyLoaded:1 Bounds:IsValid=true, Min=(X=-260.000 Y=1120.000 Z=0.000), Max=(X=140.000 Y=1140.000 Z=400.000) RuntimeGrid:None EditorOnly:0 RuntimeOnly:0 HLODRelevant:1 ListedInSceneOutliner:1 IsMainWorldOnly:0
 |   |   |- Guid:BAE198D542416FEAEB8D03A1D50E9DA9 BaseClass: NativeClass:/Script/Engine.StaticMeshActor Name:StaticMeshActor_UAID_D843AE06D09D46F301_1196900115 Label:Wall_400x201 SpatiallyLoaded:1 Bounds:IsValid=true, Min=(X=540.000 Y=-480.000 Z=0.000), Max=(X=560.000 Y=-80.000 Z=200.000) RuntimeGrid:None EditorOnly:0 RuntimeOnly:0 HLODRelevant:1 ListedInSceneOutliner:1 IsMainWorldOnly:0
 |   |   |- Guid:BE5A4D50458F050B1BCE7F838435F941 BaseClass: NativeClass:/Script/Engine.StaticMeshActor Name:StaticMeshActor_UAID_D843AE06D09D46F301_1345290127 Label:Wall_400x209 SpatiallyLoaded:1 Bounds:IsValid=true, Min=(X=540.000 Y=-1680.000 Z=400.000), Max=(X=560.000 Y=-1280.000 Z=600.000) RuntimeGrid:None EditorOnly:0 RuntimeOnly:0 HLODRelevant:1 ListedInSceneOutliner:1 IsMainWorldOnly:0
 |   |   |- Guid:C9A9BC4044080C28A549D0A6F02F07AC BaseClass: NativeClass:/Script/Engine.StaticMeshActor Name:StaticMeshActor_UAID_D843AE06D09D45F301_1321034916 Label:BedsideBed4 SpatiallyLoaded:1 Bounds:IsValid=true, Min=(X=33.348 Y=313.411 Z=-0.000), Max=(X=406.652 Y=621.422 Z=172.338) RuntimeGrid:None EditorOnly:0 RuntimeOnly:0 HLODRelevant:1 ListedInSceneOutliner:1 IsMainWorldOnly:0
 |   |   |- Guid:CB19AB6E4734C322FBF06E876D97485A BaseClass: NativeClass:/Script/Engine.StaticMeshActor Name:StaticMeshActor_UAID_D843AE06D09D46F301_1174099114 Label:Wall_400x405 SpatiallyLoaded:1 Bounds:IsValid=true, Min=(X=540.000 Y=-80.000 Z=0.000), Max=(X=560.000 Y=320.000 Z=400.000) RuntimeGrid:None EditorOnly:0 RuntimeOnly:0 HLODRelevant:1 ListedInSceneOutliner:1 IsMainWorldOnly:0
 |   |   |- Guid:CEA2AACF483D6623DE82B3B9DF1F7F52 BaseClass: NativeClass:/Script/NavigationSystem.RecastNavMesh Name:RecastNavMesh_UAID_D843AE06D09D55EE01-Default Label:RecastNavMesh-Default SpatiallyLoaded:0 Bounds:IsValid=true, Min=(X=0.000 Y=0.000 Z=0.000), Max=(X=0.000 Y=0.000 Z=0.000) RuntimeGrid:None EditorOnly:0 RuntimeOnly:0 HLODRelevant:0 ListedInSceneOutliner:1 IsMainWorldOnly:0
 |   |   |- Guid:D5FBE4D342893CFB55A0C684EEC4696E BaseClass:/Game/FollowMeLibrary/Mechanic/PuzzleItem_BP.PuzzleItem_BP_C NativeClass:/Script/Engine.Actor Name:PuzzleItem_BP_C_UAID_D843AE06D09D72EE01_1632963557 Label:PuzzleItem_BP SpatiallyLoaded:1 Bounds:IsValid=true, Min=(X=-982.000 Y=-60.000 Z=10.000), Max=(X=-918.000 Y=40.000 Z=110.000) RuntimeGrid:None EditorOnly:0 RuntimeOnly:0 HLODRelevant:0 ListedInSceneOutliner:1 IsMainWorldOnly:0
 |   |   |- Guid:D95ACCF14EAD5B2AC04170A0279E58E9 BaseClass: NativeClass:/Script/Engine.SkyLight Name:SkyLight_1 Label:SkyLight SpatiallyLoaded:0 Bounds:IsValid=true, Min=(X=-3270.000 Y=0.000 Z=690.000), Max=(X=-3270.000 Y=0.000 Z=690.000) RuntimeGrid:None EditorOnly:0 RuntimeOnly:0 HLODRelevant:0 ListedInSceneOutliner:1 IsMainWorldOnly:0 FolderPath:Lighting FolderGuid:963EC3EB4002CCE9759E2EBA541A873A
 |   |   |- Guid:DBAE5A77469376D795D860A581BCAF86 BaseClass: NativeClass:/Script/Engine.StaticMeshActor Name:StaticMeshActor_UAID_D843AE06D09D46F301_1078116110 Label:Pillar_50x503 SpatiallyLoaded:1 Bounds:IsValid=true, Min=(X=-160.000 Y=-480.000 Z=0.000), Max=(X=-60.000 Y=-380.000 Z=500.000) RuntimeGrid:None EditorOnly:0 RuntimeOnly:0 HLODRelevant:1 ListedInSceneOutliner:1 IsMainWorldOnly:0
 |   |   |- Guid:DE8515244ABBE87FB934CE92D653BEF0 BaseClass: NativeClass:/Script/Engine.StaticMeshActor Name:StaticMeshActor_UAID_D843AE06D09D46F301_1085290111 Label:Wall_400x404 SpatiallyLoaded:1 Bounds:IsValid=true, Min=(X=540.000 Y=720.000 Z=0.000), Max=(X=560.000 Y=1120.000 Z=400.000) RuntimeGrid:None EditorOnly:0 RuntimeOnly:0 HLODRelevant:1 ListedInSceneOutliner:1 IsMainWorldOnly:0
 |   |   |- Guid:E19644E9436DBBBCA4390A8061869681 BaseClass: NativeClass:/Script/Engine.StaticMeshActor Name:StaticMeshActor_UAID_D843AE06D09D46F301_1436271129 Label:SM_GlassWindow SpatiallyLoaded:1 Bounds:IsValid=true, Min=(X=549.000 Y=320.000 Z=200.000), Max=(X=551.000 Y=720.000 Z=400.000) RuntimeGrid:None EditorOnly:0 RuntimeOnly:0 HLODRelevant:1 ListedInSceneOutliner:1 IsMainWorldOnly:0
 |   |   |- Guid:E6BA787D4EA0D05691E7E29D31F7CF6B BaseClass: NativeClass:/Script/Engine.StaticMeshActor Name:StaticMeshActor_UAID_D843AE06D09D45F301_1253264912 Label:BedsideBed3 SpatiallyLoaded:1 Bounds:IsValid=true, Min=(X=-1236.652 Y=-996.589 Z=-0.000), Max=(X=-863.348 Y=-688.578 Z=172.338) RuntimeGrid:None EditorOnly:0 RuntimeOnly:0 HLODRelevant:1 ListedInSceneOutliner:1 IsMainWorldOnly:0
 |   |   |- Guid:E9C9CAEA458D59CACC0905B3F427507A BaseClass: NativeClass:/Script/Engine.ExponentialHeightFog Name:ExponentialHeightFog_0 Label:ExponentialHeightFog SpatiallyLoaded:0 Bounds:IsValid=true, Min=(X=-8870.000 Y=-50.000 Z=-6850.000), Max=(X=-8870.000 Y=-50.000 Z=-6850.000) RuntimeGrid:None EditorOnly:0 RuntimeOnly:0 HLODRelevant:0 ListedInSceneOutliner:1 IsMainWorldOnly:0 FolderPath:Lighting FolderGuid:963EC3EB4002CCE9759E2EBA541A873A
 |   |   |- Guid:EC2FD4B24F43F05C746FD0A71025761F BaseClass: NativeClass:/Script/Engine.StaticMeshActor Name:StaticMeshActor_UAID_D843AE06D09D01F301_1164653961 Label:Cupboard_body SpatiallyLoaded:1 Bounds:IsValid=true, Min=(X=-1254.465 Y=691.966 Z=2.823), Max=(X=-1135.559 Y=863.327 Z=332.738) RuntimeGrid:None EditorOnly:0 RuntimeOnly:0 HLODRelevant:1 ListedInSceneOutliner:1 IsMainWorldOnly:0
 |   |   |- Guid:F2FE2E8E4BC2ACFD7DFBF087D2C17A2E BaseClass: NativeClass:/Script/Engine.StaticMeshActor Name:StaticMeshActor_UAID_D843AE06D09D46F301_1285817119 Label:Wall_400x204 SpatiallyLoaded:1 Bounds:IsValid=true, Min=(X=540.000 Y=720.000 Z=400.000), Max=(X=560.000 Y=1120.000 Z=600.000) RuntimeGrid:None EditorOnly:0 RuntimeOnly:0 HLODRelevant:1 ListedInSceneOutliner:1 IsMainWorldOnly:0
 |   |   |- Guid:F4B64DAD4997303D412EA1BC88CB4C03 BaseClass: NativeClass:/Script/Engine.StaticMeshActor Name:StaticMeshActor_UAID_D843AE06D09D46F301_1345288124 Label:Wall_400x207 SpatiallyLoaded:1 Bounds:IsValid=true, Min=(X=540.000 Y=-1280.000 Z=0.000), Max=(X=560.000 Y=-880.000 Z=200.000) RuntimeGrid:None EditorOnly:0 RuntimeOnly:0 HLODRelevant:1 ListedInSceneOutliner:1 IsMainWorldOnly:0
 |   |   |- Guid:F94329A14E740ED25629F0AE757EE4D5 BaseClass: NativeClass:/Script/Engine.StaticMeshActor Name:StaticMeshActor_6 Label:SM_Cube3 SpatiallyLoaded:1 Bounds:IsValid=true, Min=(X=-1460.000 Y=1620.000 Z=0.000), Max=(X=940.000 Y=1720.000 Z=300.000) RuntimeGrid:None EditorOnly:0 RuntimeOnly:0 HLODRelevant:1 ListedInSceneOutliner:1 IsMainWorldOnly:0 FolderPath:Playground FolderGuid:C73F09FC4215536B1DCE2A9E0A830C70
 |   |   |- Guid:FC01EB46423A3C043B9B44AAA20FF2BD BaseClass: NativeClass:/Script/Engine.StaticMeshActor Name:StaticMeshActor_UAID_D843AE06D09D45F301_1321036918 Label:BedsideBed6 SpatiallyLoaded:1 Bounds:IsValid=true, Min=(X=33.348 Y=-996.589 Z=-0.000), Max=(X=406.652 Y=-688.578 Z=172.338) RuntimeGrid:None EditorOnly:0 RuntimeOnly:0 HLODRelevant:1 ListedInSceneOutliner:1 IsMainWorldOnly:0
 |   |- [+] Clusters:
 |   |   |- [+] [  0]
 |   |   |   |- Guid:01377D0A43C03C6202E883ACE6434E72 BaseClass:/Game/FollowMeLibrary/Companion/BTCompanion/Companion_BP.Companion_BP_C NativeClass:/Script/Engine.Character Name:Companion_BP_C_UAID_D843AE06D09D2CF101_1624728418 Label:Companion_BP SpatiallyLoaded:1 Bounds:IsValid=true, Min=(X=-624.000 Y=-884.000 Z=-0.146), Max=(X=-552.409 Y=-816.000 Z=180.336) RuntimeGrid:None EditorOnly:0 RuntimeOnly:0 HLODRelevant:0 ListedInSceneOutliner:1 IsMainWorldOnly:0
 |   |   |   |- Guid:1C1681C74E6C3B49262B0B9177F89461 BaseClass:/Game/FollowMeLibrary/Player/ThirdPersonCharacter.ThirdPersonCharacter_C NativeClass:/Script/Engine.Character Name:ThirdPersonCharacter_C_UAID_D843AE06D09D2CF101_1611222417 Label:ThirdPersonCharacter SpatiallyLoaded:1 Bounds:IsValid=true, Min=(X=-64.000 Y=-544.000 Z=-0.146), Max=(X=4.000 Y=-472.409 Z=180.336) RuntimeGrid:None EditorOnly:0 RuntimeOnly:0 HLODRelevant:0 ListedInSceneOutliner:1 IsMainWorldOnly:0
 |   |   |- [+] [  1]
 |   |   |   |- Guid:082D4FE84809770B55CEBA9F30120318 BaseClass: NativeClass:/Script/Engine.DirectionalLight Name:DirectionalLight_0 Label:DirectionalLight SpatiallyLoaded:0 Bounds:IsValid=true, Min=(X=-4398046511104.000 Y=-4398046511104.000 Z=-4398046511104.000), Max=(X=4398046511104.000 Y=4398046511104.000 Z=4398046511104.000) RuntimeGrid:None EditorOnly:0 RuntimeOnly:0 HLODRelevant:0 ListedInSceneOutliner:1 IsMainWorldOnly:0 FolderPath:Lighting FolderGuid:963EC3EB4002CCE9759E2EBA541A873A
 |   |   |- [+] [  2]
 |   |   |   |- Guid:0ADF3EFF45F312CCBDC77DAB5FFE9F98 BaseClass: NativeClass:/Script/Engine.StaticMeshActor Name:StaticMeshActor_UAID_D843AE06D09D45F301_2129797932 Label:Pillar_50x501 SpatiallyLoaded:1 Bounds:IsValid=true, Min=(X=-660.000 Y=-480.000 Z=0.000), Max=(X=-560.000 Y=-380.000 Z=500.000) RuntimeGrid:None EditorOnly:0 RuntimeOnly:0 HLODRelevant:1 ListedInSceneOutliner:1 IsMainWorldOnly:0
 |   |   |- [+] [  3]
 |   |   |   |- Guid:0B81B18C4405CE3F0E296EA03DD50C86 BaseClass: NativeClass:/Script/Engine.StaticMeshActor Name:StaticMeshActor_UAID_A4AE111137DC5EFB00_1110535423 Label:SM_SkySphere SpatiallyLoaded:0 Bounds:IsValid=true, Min=(X=-1641670.000 Y=-1638400.000 Z=-1638400.000), Max=(X=1635130.000 Y=1638400.000 Z=1638400.000) RuntimeGrid:None EditorOnly:0 RuntimeOnly:0 HLODRelevant:1 ListedInSceneOutliner:1 IsMainWorldOnly:0 FolderPath:Lighting FolderGuid:963EC3EB4002CCE9759E2EBA541A873A
 |   |   |- [+] [  4]
 |   |   |   |- Guid:0D78FD6A4111F80647AB7C8DA21E6A24 BaseClass: NativeClass:/Script/Engine.StaticMeshActor Name:StaticMeshActor_UAID_D843AE06D09D46F301_1285818120 Label:Wall_400x205 SpatiallyLoaded:1 Bounds:IsValid=true, Min=(X=540.000 Y=-80.000 Z=400.000), Max=(X=560.000 Y=320.000 Z=600.000) RuntimeGrid:None EditorOnly:0 RuntimeOnly:0 HLODRelevant:1 ListedInSceneOutliner:1 IsMainWorldOnly:0
 |   |   |- [+] [  5]
 |   |   |   |- Guid:0E4E7D384FF092F3EEA5109CE74BBA10 BaseClass: NativeClass:/Script/Engine.StaticMeshActor Name:StaticMeshActor_UAID_D843AE06D09D46F301_1570436131 Label:SM_GlassWindow3 SpatiallyLoaded:1 Bounds:IsValid=true, Min=(X=549.000 Y=-1280.000 Z=200.000), Max=(X=551.000 Y=-880.000 Z=400.000) RuntimeGrid:None EditorOnly:0 RuntimeOnly:0 HLODRelevant:1 ListedInSceneOutliner:1 IsMainWorldOnly:0
 |   |   |- [+] [  6]
 |   |   |   |- Guid:0F46B5FD4E3D2077FAFD32A80DFE533B BaseClass: NativeClass:/Script/Engine.StaticMeshActor Name:StaticMeshActor_UAID_D843AE06D09D45F301_2068573930 Label:Wall_400x402 SpatiallyLoaded:1 Bounds:IsValid=true, Min=(X=-960.000 Y=1120.000 Z=0.000), Max=(X=-560.000 Y=1140.000 Z=400.000) RuntimeGrid:None EditorOnly:0 RuntimeOnly:0 HLODRelevant:1 ListedInSceneOutliner:1 IsMainWorldOnly:0
 |   |   |- [+] [  7]
 |   |   |   |- Guid:13BB3299401F99A93ED686965D16FA69 BaseClass: NativeClass:/Script/Engine.StaticMeshActor Name:StaticMeshActor_UAID_D843AE06D09D45F301_2019312926 Label:Pillar_50x500 SpatiallyLoaded:1 Bounds:IsValid=true, Min=(X=-660.000 Y=220.000 Z=0.000), Max=(X=-560.000 Y=320.000 Z=500.000) RuntimeGrid:None EditorOnly:0 RuntimeOnly:0 HLODRelevant:1 ListedInSceneOutliner:1 IsMainWorldOnly:0
 |   |   |- [+] [  8]
 |   |   |   |- Guid:13F2624046EAEC502B807AACA8669C46 BaseClass: NativeClass:/Script/Engine.StaticMeshActor Name:StaticMeshActor_UAID_D843AE06D09D46F301_1345289125 Label:Wall_400x407 SpatiallyLoaded:1 Bounds:IsValid=true, Min=(X=540.000 Y=-1680.000 Z=0.000), Max=(X=560.000 Y=-1280.000 Z=400.000) RuntimeGrid:None EditorOnly:0 RuntimeOnly:0 HLODRelevant:1 ListedInSceneOutliner:1 IsMainWorldOnly:0
 |   |   |- [+] [  9]
 |   |   |   |- Guid:16E976EA4B367C040555C3BDCEC19F88 BaseClass: NativeClass:/Script/Engine.StaticMeshActor Name:StaticMeshActor_UAID_D843AE06D09D45F301_1259280914 Label:Cupboard_body3 SpatiallyLoaded:1 Bounds:IsValid=true, Min=(X=-1254.465 Y=-588.034 Z=2.823), Max=(X=-1135.559 Y=-416.673 Z=332.738) RuntimeGrid:None EditorOnly:0 RuntimeOnly:0 HLODRelevant:1 ListedInSceneOutliner:1 IsMainWorldOnly:0
 |   |   |- [+] [ 10]
 |   |   |   |- Guid:18384F184BFE53F8B84430A3313EFFCF BaseClass: NativeClass:/Script/Engine.TextRenderActor Name:TextRenderActor_1 Label:TextRenderActor SpatiallyLoaded:1 Bounds:IsValid=true, Min=(X=-2610.100 Y=1100.000 Z=65.013), Max=(X=-2610.100 Y=2392.308 Z=215.013) RuntimeGrid:None EditorOnly:0 RuntimeOnly:0 HLODRelevant:0 ListedInSceneOutliner:1 IsMainWorldOnly:0
 |   |   |- [+] [ 11]
 |   |   |   |- Guid:1C4A789A42C7B1AE05AF12A931B078F5 BaseClass: NativeClass:/Script/Engine.StaticMeshActor Name:StaticMeshActor_UAID_D843AE06D09D45F301_2031442928 Label:Wall_400x400 SpatiallyLoaded:1 Bounds:IsValid=true, Min=(X=140.000 Y=1120.000 Z=0.000), Max=(X=540.000 Y=1140.000 Z=400.000) RuntimeGrid:None EditorOnly:0 RuntimeOnly:0 HLODRelevant:1 ListedInSceneOutliner:1 IsMainWorldOnly:0
 |   |   |- [+] [ 12]
 |   |   |   |- Guid:1D1531EF4FAC17B79573048761ECE65B BaseClass: NativeClass:/Script/Engine.StaticMeshActor Name:StaticMeshActor_UAID_D843AE06D09D46F301_1114654113 Label:Wall_400x200 SpatiallyLoaded:1 Bounds:IsValid=true, Min=(X=540.000 Y=320.000 Z=0.000), Max=(X=560.000 Y=720.000 Z=200.000) RuntimeGrid:None EditorOnly:0 RuntimeOnly:0 HLODRelevant:1 ListedInSceneOutliner:1 IsMainWorldOnly:0
 |   |   |- [+] [ 13]
 |   |   |   |- Guid:20477988403755687BC6449F8E483E06 BaseClass: NativeClass:/Script/Engine.StaticMeshActor Name:StaticMeshActor_UAID_D843AE06D09D45F301_2071662931 Label:Wall_400x403 SpatiallyLoaded:1 Bounds:IsValid=true, Min=(X=-1360.000 Y=1120.000 Z=0.000), Max=(X=-960.000 Y=1140.000 Z=400.000) RuntimeGrid:None EditorOnly:0 RuntimeOnly:0 HLODRelevant:1 ListedInSceneOutliner:1 IsMainWorldOnly:0
 |   |   |- [+] [ 14]
 |   |   |   |- Guid:257D09C5401964ABD75F5690DA3ACD03 BaseClass: NativeClass:/Script/Engine.PostProcessVolume Name:PostProcessVolume_0 Label:PostProcessVolume SpatiallyLoaded:0 Bounds:IsValid=true, Min=(X=-3270.000 Y=0.000 Z=400.000), Max=(X=-3070.000 Y=200.000 Z=600.000) RuntimeGrid:None EditorOnly:0 RuntimeOnly:0 HLODRelevant:0 ListedInSceneOutliner:1 IsMainWorldOnly:0 FolderPath:Lighting FolderGuid:963EC3EB4002CCE9759E2EBA541A873A
 |   |   |- [+] [ 15]
 |   |   |   |- Guid:2E5FDCA5471C6454FEE491B862A4459B BaseClass: NativeClass:/Script/Engine.StaticMeshActor Name:StaticMeshActor_UAID_D843AE06D09D45F301_1321036919 Label:Cupboard_body5 SpatiallyLoaded:1 Bounds:IsValid=true, Min=(X=305.559 Y=31.966 Z=2.823), Max=(X=424.465 Y=203.327 Z=332.738) RuntimeGrid:None EditorOnly:0 RuntimeOnly:0 HLODRelevant:1 ListedInSceneOutliner:1 IsMainWorldOnly:0
 |   |   |- [+] [ 16]
 |   |   |   |- Guid:2F1F0ADF482C36C6598385B83B4848D2 BaseClass: NativeClass:/Script/Engine.StaticMeshActor Name:StaticMeshActor_UAID_D843AE06D09D02F301_1185289140 Label:Table SpatiallyLoaded:1 Bounds:IsValid=true, Min=(X=-717.346 Y=678.156 Z=11.491), Max=(X=-435.095 Y=801.757 Z=114.274) RuntimeGrid:None EditorOnly:0 RuntimeOnly:0 HLODRelevant:1 ListedInSceneOutliner:1 IsMainWorldOnly:0
 |   |   |- [+] [ 17]
 |   |   |   |- Guid:373B08464F0EA3DA3228868306AB6E71 BaseClass: NativeClass:/Script/NavigationSystem.NavMeshBoundsVolume Name:NavMeshBoundsVolume_UAID_D843AE06D09D55EE01_2145601601 Label:NavMeshBoundsVolume SpatiallyLoaded:0 Bounds:IsValid=true, Min=(X=-2750.000 Y=-2280.000 Z=-200.000), Max=(X=5250.000 Y=1720.000 Z=600.000) RuntimeGrid:None EditorOnly:0 RuntimeOnly:0 HLODRelevant:0 ListedInSceneOutliner:1 IsMainWorldOnly:0
 |   |   |- [+] [ 18]
 |   |   |   |- Guid:3AA67B8B4C4C5B012472168FF004CAA6 BaseClass: NativeClass:/Script/Engine.StaticMeshActor Name:StaticMeshActor_UAID_D843AE06D09D46F301_1196902116 Label:Wall_400x406 SpatiallyLoaded:1 Bounds:IsValid=true, Min=(X=540.000 Y=-880.000 Z=0.000), Max=(X=560.000 Y=-480.000 Z=400.000) RuntimeGrid:None EditorOnly:0 RuntimeOnly:0 HLODRelevant:1 ListedInSceneOutliner:1 IsMainWorldOnly:0
 |   |   |- [+] [ 19]
 |   |   |   |- Guid:3BE9355A4B00117BA9CD83AA9005D059 BaseClass: NativeClass:/Script/Engine.StaticMeshActor Name:StaticMeshActor_UAID_D843AE06D09D46F301_1453572130 Label:SM_GlassWindow2 SpatiallyLoaded:1 Bounds:IsValid=true, Min=(X=549.000 Y=-480.000 Z=200.000), Max=(X=551.000 Y=-80.000 Z=400.000) RuntimeGrid:None EditorOnly:0 RuntimeOnly:0 HLODRelevant:1 ListedInSceneOutliner:1 IsMainWorldOnly:0
 |   |   |- [+] [ 20]
 |   |   |   |- Guid:3DBA7BC54CF9069C601D42AC7CBE1888 BaseClass: NativeClass:/Script/Engine.StaticMeshActor Name:StaticMeshActor_UAID_D843AE06D09D02F301_1491960141 Label:BedsideBed SpatiallyLoaded:1 Bounds:IsValid=true, Min=(X=-1236.652 Y=313.411 Z=-0.000), Max=(X=-863.348 Y=621.422 Z=172.338) RuntimeGrid:None EditorOnly:0 RuntimeOnly:0 HLODRelevant:1 ListedInSceneOutliner:1 IsMainWorldOnly:0
 |   |   |- [+] [ 21]
 |   |   |   |- Guid:48BF022744B218718FFF9A99E044DA87 BaseClass: NativeClass:/Script/Engine.StaticMeshActor Name:StaticMeshActor_UAID_D843AE06D09D45F301_1251852911 Label:BedsideBed2 SpatiallyLoaded:1 Bounds:IsValid=true, Min=(X=-1236.652 Y=-306.589 Z=-0.000), Max=(X=-863.348 Y=1.422 Z=172.338) RuntimeGrid:None EditorOnly:0 RuntimeOnly:0 HLODRelevant:1 ListedInSceneOutliner:1 IsMainWorldOnly:0
 |   |   |- [+] [ 22]
 |   |   |   |- Guid:4D1C2E4D4FCE4D0A6E9E009F0448F5D2 BaseClass: NativeClass:/Script/Engine.StaticMeshActor Name:StaticMeshActor_1 Label:SM_Cube SpatiallyLoaded:1 Bounds:IsValid=true, Min=(X=-1460.000 Y=-1480.000 Z=-90.000), Max=(X=940.000 Y=1720.000 Z=-40.000) RuntimeGrid:None EditorOnly:0 RuntimeOnly:0 HLODRelevant:1 ListedInSceneOutliner:1 IsMainWorldOnly:0 FolderPath:Playground FolderGuid:C73F09FC4215536B1DCE2A9E0A830C70
 |   |   |- [+] [ 23]
 |   |   |   |- Guid:4F03860E4DB37F98CDAC39B2F12753A4 BaseClass: NativeClass:/Script/Engine.StaticMeshActor Name:StaticMeshActor_UAID_D843AE06D09D45F301_1321035917 Label:BedsideBed5 SpatiallyLoaded:1 Bounds:IsValid=true, Min=(X=33.348 Y=-306.589 Z=-0.000), Max=(X=406.652 Y=1.422 Z=172.338) RuntimeGrid:None EditorOnly:0 RuntimeOnly:0 HLODRelevant:1 ListedInSceneOutliner:1 IsMainWorldOnly:0
 |   |   |- [+] [ 24]
 |   |   |   |- Guid:517B48284FB780BD296DDEA65AE27242 BaseClass: NativeClass:/Script/Engine.SkyAtmosphere Name:SkyAtmosphere_0 Label:SkyAtmosphere SpatiallyLoaded:0 Bounds:IsValid=true, Min=(X=-3270.000 Y=0.000 Z=1020.000), Max=(X=-3270.000 Y=0.000 Z=1020.000) RuntimeGrid:None EditorOnly:0 RuntimeOnly:0 HLODRelevant:0 ListedInSceneOutliner:1 IsMainWorldOnly:0 FolderPath:Lighting FolderGuid:963EC3EB4002CCE9759E2EBA541A873A
 |   |   |- [+] [ 25]
 |   |   |   |- Guid:616759C14D81D09DC8DFCF85D16191FF BaseClass: NativeClass:/Script/Engine.StaticMeshActor Name:StaticMeshActor_UAID_D843AE06D09D46F301_1345290126 Label:Wall_400x208 SpatiallyLoaded:1 Bounds:IsValid=true, Min=(X=540.000 Y=-1280.000 Z=400.000), Max=(X=560.000 Y=-880.000 Z=600.000) RuntimeGrid:None EditorOnly:0 RuntimeOnly:0 HLODRelevant:1 ListedInSceneOutliner:1 IsMainWorldOnly:0
 |   |   |- [+] [ 26]
 |   |   |   |- Guid:64CF5AD14E6DEFBEC47B9C84A0ECBFBC BaseClass: NativeClass:/Script/Engine.WorldDataLayers Name:WorldDataLayers Label:WorldDataLayers SpatiallyLoaded:0 Bounds:Invalid RuntimeGrid:None EditorOnly:0 RuntimeOnly:0 HLODRelevant:0 ListedInSceneOutliner:1 IsMainWorldOnly:1
 |   |   |- [+] [ 27]
 |   |   |   |- Guid:67B1B2A14D8519DD18B2068B9418FA64 BaseClass: NativeClass:/Script/Engine.VolumetricCloud Name:VolumetricCloud_0 Label:VolumetricCloud SpatiallyLoaded:0 Bounds:IsValid=true, Min=(X=-3270.000 Y=0.000 Z=820.000), Max=(X=-3270.000 Y=0.000 Z=820.000) RuntimeGrid:None EditorOnly:0 RuntimeOnly:0 HLODRelevant:0 ListedInSceneOutliner:1 IsMainWorldOnly:0 FolderPath:Lighting FolderGuid:963EC3EB4002CCE9759E2EBA541A873A
 |   |   |- [+] [ 28]
 |   |   |   |- Guid:7630680E4EA315A61EEF568C5DAB8401 BaseClass: NativeClass:/Script/Engine.StaticMeshActor Name:StaticMeshActor_UAID_D843AE06D09D46F301_1270381118 Label:Wall_400x203 SpatiallyLoaded:1 Bounds:IsValid=true, Min=(X=540.000 Y=-480.000 Z=400.000), Max=(X=560.000 Y=-80.000 Z=600.000) RuntimeGrid:None EditorOnly:0 RuntimeOnly:0 HLODRelevant:1 ListedInSceneOutliner:1 IsMainWorldOnly:0
 |   |   |- [+] [ 29]
 |   |   |   |- Guid:7D48BF8941EF9A7C4F416B83BBD27A4C BaseClass: NativeClass:/Script/Engine.StaticMeshActor Name:StaticMeshActor_UAID_D843AE06D09D46F301_1291508121 Label:Wall_400x206 SpatiallyLoaded:1 Bounds:IsValid=true, Min=(X=540.000 Y=-880.000 Z=400.000), Max=(X=560.000 Y=-480.000 Z=600.000) RuntimeGrid:None EditorOnly:0 RuntimeOnly:0 HLODRelevant:1 ListedInSceneOutliner:1 IsMainWorldOnly:0
 |   |   |- [+] [ 30]
 |   |   |   |- Guid:7DF0EA0E4FCC62453683F5B21F02E1AE BaseClass: NativeClass:/Script/Engine.StaticMeshActor Name:StaticMeshActor_UAID_D843AE06D09D45F301_1321033915 Label:Cupboard_body4 SpatiallyLoaded:1 Bounds:IsValid=true, Min=(X=305.559 Y=691.966 Z=2.823), Max=(X=424.465 Y=863.327 Z=332.738) RuntimeGrid:None EditorOnly:0 RuntimeOnly:0 HLODRelevant:1 ListedInSceneOutliner:1 IsMainWorldOnly:0
 |   |   |- [+] [ 31]
 |   |   |   |- Guid:8137937F4F8B9B7A9C71559E7F209941 BaseClass: NativeClass:/Script/Engine.StaticMeshActor Name:StaticMeshActor_UAID_D843AE06D09D46F301_1270380117 Label:Wall_400x202 SpatiallyLoaded:1 Bounds:IsValid=true, Min=(X=540.000 Y=320.000 Z=400.000), Max=(X=560.000 Y=720.000 Z=600.000) RuntimeGrid:None EditorOnly:0 RuntimeOnly:0 HLODRelevant:1 ListedInSceneOutliner:1 IsMainWorldOnly:0
 |   |   |- [+] [ 32]
 |   |   |   |- Guid:91D5F35A4C3A61B1B864B0BCA7674A89 BaseClass: NativeClass:/Script/Engine.StaticMeshActor Name:StaticMeshActor_UAID_D843AE06D09D45F301_1321037920 Label:Cupboard_body6 SpatiallyLoaded:1 Bounds:IsValid=true, Min=(X=305.559 Y=-588.034 Z=2.823), Max=(X=424.465 Y=-416.673 Z=332.738) RuntimeGrid:None EditorOnly:0 RuntimeOnly:0 HLODRelevant:1 ListedInSceneOutliner:1 IsMainWorldOnly:0
 |   |   |- [+] [ 33]
 |   |   |   |- Guid:9B6CF7614F61E2C7E3240086742AB3C7 BaseClass:/Game/FollowMeLibrary/Mechanic/Escape03_BP.Escape03_BP_C NativeClass:/Script/Engine.Actor Name:Escape03_BP_C_UAID_D843AE06D09D9CEE01_1392324987 Label:Escape03_BP SpatiallyLoaded:1 Bounds:IsValid=true, Min=(X=-656.000 Y=1270.000 Z=-4.000), Max=(X=-144.000 Y=1590.000 Z=124.000) RuntimeGrid:None EditorOnly:0 RuntimeOnly:0 HLODRelevant:0 ListedInSceneOutliner:1 IsMainWorldOnly:0
 |   |   |- [+] [ 34]
 |   |   |   |- Guid:9D6ADD324371F0E5252C3AA05F836D6F BaseClass: NativeClass:/Script/Engine.StaticMeshActor Name:StaticMeshActor_UAID_D843AE06D09D46F301_1078115109 Label:Pillar_50x502 SpatiallyLoaded:1 Bounds:IsValid=true, Min=(X=-160.000 Y=220.000 Z=0.000), Max=(X=-60.000 Y=320.000 Z=500.000) RuntimeGrid:None EditorOnly:0 RuntimeOnly:0 HLODRelevant:1 ListedInSceneOutliner:1 IsMainWorldOnly:0
 |   |   |- [+] [ 35]
 |   |   |   |- Guid:9EB7E5AA4D86EC5920F343AC92736F72 BaseClass: NativeClass:/Script/Engine.StaticMeshActor Name:StaticMeshActor_UAID_D843AE06D09D45F301_1257521913 Label:Cupboard_body2 SpatiallyLoaded:1 Bounds:IsValid=true, Min=(X=-1254.465 Y=31.966 Z=2.823), Max=(X=-1135.559 Y=203.327 Z=332.738) RuntimeGrid:None EditorOnly:0 RuntimeOnly:0 HLODRelevant:1 ListedInSceneOutliner:1 IsMainWorldOnly:0
 |   |   |- [+] [ 36]
 |   |   |   |- Guid:A74BDC9D4C58833CBA579F82B6247BC7 BaseClass: NativeClass:/Script/Engine.StaticMeshActor Name:StaticMeshActor_UAID_D843AE06D09D45F301_2057433929 Label:Wall_400x401 SpatiallyLoaded:1 Bounds:IsValid=true, Min=(X=-260.000 Y=1120.000 Z=0.000), Max=(X=140.000 Y=1140.000 Z=400.000) RuntimeGrid:None EditorOnly:0 RuntimeOnly:0 HLODRelevant:1 ListedInSceneOutliner:1 IsMainWorldOnly:0
 |   |   |- [+] [ 37]
 |   |   |   |- Guid:BAE198D542416FEAEB8D03A1D50E9DA9 BaseClass: NativeClass:/Script/Engine.StaticMeshActor Name:StaticMeshActor_UAID_D843AE06D09D46F301_1196900115 Label:Wall_400x201 SpatiallyLoaded:1 Bounds:IsValid=true, Min=(X=540.000 Y=-480.000 Z=0.000), Max=(X=560.000 Y=-80.000 Z=200.000) RuntimeGrid:None EditorOnly:0 RuntimeOnly:0 HLODRelevant:1 ListedInSceneOutliner:1 IsMainWorldOnly:0
 |   |   |- [+] [ 38]
 |   |   |   |- Guid:BE5A4D50458F050B1BCE7F838435F941 BaseClass: NativeClass:/Script/Engine.StaticMeshActor Name:StaticMeshActor_UAID_D843AE06D09D46F301_1345290127 Label:Wall_400x209 SpatiallyLoaded:1 Bounds:IsValid=true, Min=(X=540.000 Y=-1680.000 Z=400.000), Max=(X=560.000 Y=-1280.000 Z=600.000) RuntimeGrid:None EditorOnly:0 RuntimeOnly:0 HLODRelevant:1 ListedInSceneOutliner:1 IsMainWorldOnly:0
 |   |   |- [+] [ 39]
 |   |   |   |- Guid:C9A9BC4044080C28A549D0A6F02F07AC BaseClass: NativeClass:/Script/Engine.StaticMeshActor Name:StaticMeshActor_UAID_D843AE06D09D45F301_1321034916 Label:BedsideBed4 SpatiallyLoaded:1 Bounds:IsValid=true, Min=(X=33.348 Y=313.411 Z=-0.000), Max=(X=406.652 Y=621.422 Z=172.338) RuntimeGrid:None EditorOnly:0 RuntimeOnly:0 HLODRelevant:1 ListedInSceneOutliner:1 IsMainWorldOnly:0
 |   |   |- [+] [ 40]
 |   |   |   |- Guid:CB19AB6E4734C322FBF06E876D97485A BaseClass: NativeClass:/Script/Engine.StaticMeshActor Name:StaticMeshActor_UAID_D843AE06D09D46F301_1174099114 Label:Wall_400x405 SpatiallyLoaded:1 Bounds:IsValid=true, Min=(X=540.000 Y=-80.000 Z=0.000), Max=(X=560.000 Y=320.000 Z=400.000) RuntimeGrid:None EditorOnly:0 RuntimeOnly:0 HLODRelevant:1 ListedInSceneOutliner:1 IsMainWorldOnly:0
 |   |   |- [+] [ 41]
 |   |   |   |- Guid:CEA2AACF483D6623DE82B3B9DF1F7F52 BaseClass: NativeClass:/Script/NavigationSystem.RecastNavMesh Name:RecastNavMesh_UAID_D843AE06D09D55EE01-Default Label:RecastNavMesh-Default SpatiallyLoaded:0 Bounds:IsValid=true, Min=(X=0.000 Y=0.000 Z=0.000), Max=(X=0.000 Y=0.000 Z=0.000) RuntimeGrid:None EditorOnly:0 RuntimeOnly:0 HLODRelevant:0 ListedInSceneOutliner:1 IsMainWorldOnly:0
 |   |   |- [+] [ 42]
 |   |   |   |- Guid:D5FBE4D342893CFB55A0C684EEC4696E BaseClass:/Game/FollowMeLibrary/Mechanic/PuzzleItem_BP.PuzzleItem_BP_C NativeClass:/Script/Engine.Actor Name:PuzzleItem_BP_C_UAID_D843AE06D09D72EE01_1632963557 Label:PuzzleItem_BP SpatiallyLoaded:1 Bounds:IsValid=true, Min=(X=-982.000 Y=-60.000 Z=10.000), Max=(X=-918.000 Y=40.000 Z=110.000) RuntimeGrid:None EditorOnly:0 RuntimeOnly:0 HLODRelevant:0 ListedInSceneOutliner:1 IsMainWorldOnly:0
 |   |   |- [+] [ 43]
 |   |   |   |- Guid:D95ACCF14EAD5B2AC04170A0279E58E9 BaseClass: NativeClass:/Script/Engine.SkyLight Name:SkyLight_1 Label:SkyLight SpatiallyLoaded:0 Bounds:IsValid=true, Min=(X=-3270.000 Y=0.000 Z=690.000), Max=(X=-3270.000 Y=0.000 Z=690.000) RuntimeGrid:None EditorOnly:0 RuntimeOnly:0 HLODRelevant:0 ListedInSceneOutliner:1 IsMainWorldOnly:0 FolderPath:Lighting FolderGuid:963EC3EB4002CCE9759E2EBA541A873A
 |   |   |- [+] [ 44]
 |   |   |   |- Guid:DBAE5A77469376D795D860A581BCAF86 BaseClass: NativeClass:/Script/Engine.StaticMeshActor Name:StaticMeshActor_UAID_D843AE06D09D46F301_1078116110 Label:Pillar_50x503 SpatiallyLoaded:1 Bounds:IsValid=true, Min=(X=-160.000 Y=-480.000 Z=0.000), Max=(X=-60.000 Y=-380.000 Z=500.000) RuntimeGrid:None EditorOnly:0 RuntimeOnly:0 HLODRelevant:1 ListedInSceneOutliner:1 IsMainWorldOnly:0
 |   |   |- [+] [ 45]
 |   |   |   |- Guid:DE8515244ABBE87FB934CE92D653BEF0 BaseClass: NativeClass:/Script/Engine.StaticMeshActor Name:StaticMeshActor_UAID_D843AE06D09D46F301_1085290111 Label:Wall_400x404 SpatiallyLoaded:1 Bounds:IsValid=true, Min=(X=540.000 Y=720.000 Z=0.000), Max=(X=560.000 Y=1120.000 Z=400.000) RuntimeGrid:None EditorOnly:0 RuntimeOnly:0 HLODRelevant:1 ListedInSceneOutliner:1 IsMainWorldOnly:0
 |   |   |- [+] [ 46]
 |   |   |   |- Guid:E19644E9436DBBBCA4390A8061869681 BaseClass: NativeClass:/Script/Engine.StaticMeshActor Name:StaticMeshActor_UAID_D843AE06D09D46F301_1436271129 Label:SM_GlassWindow SpatiallyLoaded:1 Bounds:IsValid=true, Min=(X=549.000 Y=320.000 Z=200.000), Max=(X=551.000 Y=720.000 Z=400.000) RuntimeGrid:None EditorOnly:0 RuntimeOnly:0 HLODRelevant:1 ListedInSceneOutliner:1 IsMainWorldOnly:0
 |   |   |- [+] [ 47]
 |   |   |   |- Guid:E6BA787D4EA0D05691E7E29D31F7CF6B BaseClass: NativeClass:/Script/Engine.StaticMeshActor Name:StaticMeshActor_UAID_D843AE06D09D45F301_1253264912 Label:BedsideBed3 SpatiallyLoaded:1 Bounds:IsValid=true, Min=(X=-1236.652 Y=-996.589 Z=-0.000), Max=(X=-863.348 Y=-688.578 Z=172.338) RuntimeGrid:None EditorOnly:0 RuntimeOnly:0 HLODRelevant:1 ListedInSceneOutliner:1 IsMainWorldOnly:0
 |   |   |- [+] [ 48]
 |   |   |   |- Guid:E9C9CAEA458D59CACC0905B3F427507A BaseClass: NativeClass:/Script/Engine.ExponentialHeightFog Name:ExponentialHeightFog_0 Label:ExponentialHeightFog SpatiallyLoaded:0 Bounds:IsValid=true, Min=(X=-8870.000 Y=-50.000 Z=-6850.000), Max=(X=-8870.000 Y=-50.000 Z=-6850.000) RuntimeGrid:None EditorOnly:0 RuntimeOnly:0 HLODRelevant:0 ListedInSceneOutliner:1 IsMainWorldOnly:0 FolderPath:Lighting FolderGuid:963EC3EB4002CCE9759E2EBA541A873A
 |   |   |- [+] [ 49]
 |   |   |   |- Guid:EC2FD4B24F43F05C746FD0A71025761F BaseClass: NativeClass:/Script/Engine.StaticMeshActor Name:StaticMeshActor_UAID_D843AE06D09D01F301_1164653961 Label:Cupboard_body SpatiallyLoaded:1 Bounds:IsValid=true, Min=(X=-1254.465 Y=691.966 Z=2.823), Max=(X=-1135.559 Y=863.327 Z=332.738) RuntimeGrid:None EditorOnly:0 RuntimeOnly:0 HLODRelevant:1 ListedInSceneOutliner:1 IsMainWorldOnly:0
 |   |   |- [+] [ 50]
 |   |   |   |- Guid:F2FE2E8E4BC2ACFD7DFBF087D2C17A2E BaseClass: NativeClass:/Script/Engine.StaticMeshActor Name:StaticMeshActor_UAID_D843AE06D09D46F301_1285817119 Label:Wall_400x204 SpatiallyLoaded:1 Bounds:IsValid=true, Min=(X=540.000 Y=720.000 Z=400.000), Max=(X=560.000 Y=1120.000 Z=600.000) RuntimeGrid:None EditorOnly:0 RuntimeOnly:0 HLODRelevant:1 ListedInSceneOutliner:1 IsMainWorldOnly:0
 |   |   |- [+] [ 51]
 |   |   |   |- Guid:F4B64DAD4997303D412EA1BC88CB4C03 BaseClass: NativeClass:/Script/Engine.StaticMeshActor Name:StaticMeshActor_UAID_D843AE06D09D46F301_1345288124 Label:Wall_400x207 SpatiallyLoaded:1 Bounds:IsValid=true, Min=(X=540.000 Y=-1280.000 Z=0.000), Max=(X=560.000 Y=-880.000 Z=200.000) RuntimeGrid:None EditorOnly:0 RuntimeOnly:0 HLODRelevant:1 ListedInSceneOutliner:1 IsMainWorldOnly:0
 |   |   |- [+] [ 52]
 |   |   |   |- Guid:F94329A14E740ED25629F0AE757EE4D5 BaseClass: NativeClass:/Script/Engine.StaticMeshActor Name:StaticMeshActor_6 Label:SM_Cube3 SpatiallyLoaded:1 Bounds:IsValid=true, Min=(X=-1460.000 Y=1620.000 Z=0.000), Max=(X=940.000 Y=1720.000 Z=300.000) RuntimeGrid:None EditorOnly:0 RuntimeOnly:0 HLODRelevant:1 ListedInSceneOutliner:1 IsMainWorldOnly:0 FolderPath:Playground FolderGuid:C73F09FC4215536B1DCE2A9E0A830C70
 |   |   |- [+] [ 53]
 |   |   |   |- Guid:FC01EB46423A3C043B9B44AAA20FF2BD BaseClass: NativeClass:/Script/Engine.StaticMeshActor Name:StaticMeshActor_UAID_D843AE06D09D45F301_1321036918 Label:BedsideBed6 SpatiallyLoaded:1 Bounds:IsValid=true, Min=(X=33.348 Y=-996.589 Z=-0.000), Max=(X=406.652 Y=-688.578 Z=172.338) RuntimeGrid:None EditorOnly:0 RuntimeOnly:0 HLODRelevant:1 ListedInSceneOutliner:1 IsMainWorldOnly:0
 |- ContainerInstances:
 |- [+] MainContainer:
 |   |-        ID: 00000000000000000000000000000000
 |   |-  ParentID: 00000000000000000000000000000000
 |   |-    Bounds: IsValid=false, Min=(X=0.000 Y=0.000 Z=0.000), Max=(X=0.000 Y=0.000 Z=0.000)
 |   |- Transform: 0.000000,0.000000,0.000000|0.000000,0.000000,-0.000000|1.000000,1.000000,1.000000
 |   |- Container: /Game/ThirdPerson/Maps/Level05
----------------------------------------------------------------------------------------------------------------
Level05 - Persistent Level
----------------------------------------------------------------------------------------------------------------
[+] Content of Level05 Persistent Level
 |- Always loaded Actor Count: 63 
 |- Actor Path: /Game/ThirdPerson/Maps/Level05.Level05:PersistentLevel.AbstractNavData-Default
 |- Actor Package: /Game/ThirdPerson/Maps/Level05
 |- Actor Path: /Game/ThirdPerson/Maps/Level05.Level05:PersistentLevel.Brush_0
 |- Actor Package: /Game/ThirdPerson/Maps/Level05
 |- Actor Path: /Game/ThirdPerson/Maps/Level05.Level05:PersistentLevel.Companion_BP_C_UAID_D843AE06D09D2CF101_1624728418
 |- Actor Package: /Game/__ExternalActors__/ThirdPerson/Maps/Level05/3/ZZ/8FDKC6JO0XVDAI2FRLRBQO
 |- Actor Path: /Game/ThirdPerson/Maps/Level05.Level05:PersistentLevel.DefaultPhysicsVolume_0
 |- Actor Package: /Game/ThirdPerson/Maps/Level05
 |- Actor Path: /Game/ThirdPerson/Maps/Level05.Level05:PersistentLevel.DirectionalLight_0
 |- Actor Package: /Game/__ExternalActors__/ThirdPerson/Maps/Level05/A/T8/32M82U2VR1B0GPTK74ZAVC
 |- Actor Path: /Game/ThirdPerson/Maps/Level05.Level05:PersistentLevel.Escape03_BP_C_UAID_D843AE06D09D9CEE01_1392324987
 |- Actor Package: /Game/__ExternalActors__/ThirdPerson/Maps/Level05/C/GT/L7VV2Z8YJH8QIPN1G03UUK
 |- Actor Path: /Game/ThirdPerson/Maps/Level05.Level05:PersistentLevel.ExponentialHeightFog_0
 |- Actor Package: /Game/__ExternalActors__/ThirdPerson/Maps/Level05/0/X9/MQSHXB4SRBSLGL76M8135E
 |- Actor Path: /Game/ThirdPerson/Maps/Level05.Level05:PersistentLevel.GameplayDebuggerPlayerManager_0
 |- Actor Package: /Game/ThirdPerson/Maps/Level05
 |- Actor Path: /Game/ThirdPerson/Maps/Level05.Level05:PersistentLevel.GroupActor_UAID_D843AE06D09D46F301_1403307128
 |- Actor Package: /Game/__ExternalActors__/ThirdPerson/Maps/Level05/3/YK/0IJKK1I6LIRG00WECO1R4X
 |- Actor Path: /Game/ThirdPerson/Maps/Level05.Level05:PersistentLevel.Level05_C_1
 |- Actor Package: /Game/ThirdPerson/Maps/Level05
 |- Actor Path: /Game/ThirdPerson/Maps/Level05.Level05:PersistentLevel.NavMeshBoundsVolume_UAID_D843AE06D09D55EE01_2145601601
 |- Actor Package: /Game/__ExternalActors__/ThirdPerson/Maps/Level05/B/A6/A1TJEDPONOL9UNWRKABRPI
 |- Actor Path: /Game/ThirdPerson/Maps/Level05.Level05:PersistentLevel.PostProcessVolume_0
 |- Actor Package: /Game/__ExternalActors__/ThirdPerson/Maps/Level05/2/KW/GAK6WXDCWD1YBJ1X3I64PH
 |- Actor Path: /Game/ThirdPerson/Maps/Level05.Level05:PersistentLevel.PuzzleItem_BP_C_UAID_D843AE06D09D72EE01_1632963557
 |- Actor Package: /Game/__ExternalActors__/ThirdPerson/Maps/Level05/D/GC/WCUPB64NXS56WVFACM101O
 |- Actor Path: /Game/ThirdPerson/Maps/Level05.Level05:PersistentLevel.RecastNavMesh_UAID_D843AE06D09D55EE01-Default
 |- Actor Package: /Game/__ExternalActors__/ThirdPerson/Maps/Level05/D/0N/6DNK391R6A7A11369LAZ7I
 |- Actor Path: /Game/ThirdPerson/Maps/Level05.Level05:PersistentLevel.SkyAtmosphere_0
 |- Actor Package: /Game/__ExternalActors__/ThirdPerson/Maps/Level05/E/K3/XL48HTVZIQFVKXD4JGJMU1
 |- Actor Path: /Game/ThirdPerson/Maps/Level05.Level05:PersistentLevel.SkyLight_1
 |- Actor Package: /Game/__ExternalActors__/ThirdPerson/Maps/Level05/4/WN/VBXWRJFYW6HGNMUCE5D30H
 |- Actor Path: /Game/ThirdPerson/Maps/Level05.Level05:PersistentLevel.StaticMeshActor_1
 |- Actor Package: /Game/__ExternalActors__/ThirdPerson/Maps/Level05/3/9G/HAH7NRQOKAZ8WWI66R7WNW
 |- Actor Path: /Game/ThirdPerson/Maps/Level05.Level05:PersistentLevel.StaticMeshActor_6
 |- Actor Package: /Game/__ExternalActors__/ThirdPerson/Maps/Level05/9/2T/4RQ9XFJ7NEOPVO743B2RHO
 |- Actor Path: /Game/ThirdPerson/Maps/Level05.Level05:PersistentLevel.StaticMeshActor_UAID_A4AE111137DC5EFB00_1110535423
 |- Actor Package: /Game/__ExternalActors__/ThirdPerson/Maps/Level05/0/JB/K2W3LISPX06QDFLILMFMYU
 |- Actor Path: /Game/ThirdPerson/Maps/Level05.Level05:PersistentLevel.StaticMeshActor_UAID_D843AE06D09D01F301_1164653961
 |- Actor Package: /Game/__ExternalActors__/ThirdPerson/Maps/Level05/8/PD/8CYJ6MHV0J2P1PTCSH2NAC
 |- Actor Path: /Game/ThirdPerson/Maps/Level05.Level05:PersistentLevel.StaticMeshActor_UAID_D843AE06D09D02F301_1185289140
 |- Actor Package: /Game/__ExternalActors__/ThirdPerson/Maps/Level05/4/VZ/OI3DU4DRRA8Q6SLWPWEW2E
 |- Actor Path: /Game/ThirdPerson/Maps/Level05.Level05:PersistentLevel.StaticMeshActor_UAID_D843AE06D09D02F301_1491960141
 |- Actor Package: /Game/__ExternalActors__/ThirdPerson/Maps/Level05/A/47/DJC6FYJT5S9OPDRG7D4KA2
 |- Actor Path: /Game/ThirdPerson/Maps/Level05.Level05:PersistentLevel.StaticMeshActor_UAID_D843AE06D09D45F301_1251852911
 |- Actor Package: /Game/__ExternalActors__/ThirdPerson/Maps/Level05/3/WR/H8DVWJSSOELKPWV5R8R39H
 |- Actor Path: /Game/ThirdPerson/Maps/Level05.Level05:PersistentLevel.StaticMeshActor_UAID_D843AE06D09D45F301_1253264912
 |- Actor Package: /Game/__ExternalActors__/ThirdPerson/Maps/Level05/D/EU/SDU5BYTDUM03W8YZTJHSLG
 |- Actor Path: /Game/ThirdPerson/Maps/Level05.Level05:PersistentLevel.StaticMeshActor_UAID_D843AE06D09D45F301_1257521913
 |- Actor Package: /Game/__ExternalActors__/ThirdPerson/Maps/Level05/5/QL/W0CZW1RTLAQRQBBIX7G8HV
 |- Actor Path: /Game/ThirdPerson/Maps/Level05.Level05:PersistentLevel.StaticMeshActor_UAID_D843AE06D09D45F301_1259280914
 |- Actor Package: /Game/__ExternalActors__/ThirdPerson/Maps/Level05/0/NX/189L8ZG6GTKR0W9PGGBFD5
 |- Actor Path: /Game/ThirdPerson/Maps/Level05.Level05:PersistentLevel.StaticMeshActor_UAID_D843AE06D09D45F301_1321033915
 |- Actor Package: /Game/__ExternalActors__/ThirdPerson/Maps/Level05/C/A1/XXWLSK0OAWQDRPI9JCUS9U
 |- Actor Path: /Game/ThirdPerson/Maps/Level05.Level05:PersistentLevel.StaticMeshActor_UAID_D843AE06D09D45F301_1321034916
 |- Actor Package: /Game/__ExternalActors__/ThirdPerson/Maps/Level05/9/2F/SO5DDD7QVPEK69RQHCXIG3
 |- Actor Path: /Game/ThirdPerson/Maps/Level05.Level05:PersistentLevel.StaticMeshActor_UAID_D843AE06D09D45F301_1321035917
 |- Actor Package: /Game/__ExternalActors__/ThirdPerson/Maps/Level05/F/4X/9RMTE8DNT3D87IT3RNYXGK
 |- Actor Path: /Game/ThirdPerson/Maps/Level05.Level05:PersistentLevel.StaticMeshActor_UAID_D843AE06D09D45F301_1321036918
 |- Actor Package: /Game/__ExternalActors__/ThirdPerson/Maps/Level05/9/1C/UVFJ422NSOXBO1JZU5WVRY
 |- Actor Path: /Game/ThirdPerson/Maps/Level05.Level05:PersistentLevel.StaticMeshActor_UAID_D843AE06D09D45F301_1321036919
 |- Actor Package: /Game/__ExternalActors__/ThirdPerson/Maps/Level05/A/J4/RD6ZZVL7G65NQSLX609OOM
 |- Actor Path: /Game/ThirdPerson/Maps/Level05.Level05:PersistentLevel.StaticMeshActor_UAID_D843AE06D09D45F301_1321037920
 |- Actor Package: /Game/__ExternalActors__/ThirdPerson/Maps/Level05/A/Q4/SKK3YC8TFNGKJV2U5OP7XO
 |- Actor Path: /Game/ThirdPerson/Maps/Level05.Level05:PersistentLevel.StaticMeshActor_UAID_D843AE06D09D45F301_2019312926
 |- Actor Package: /Game/__ExternalActors__/ThirdPerson/Maps/Level05/5/VN/DW3P0BC4LQ83GGW3ULCM5E
 |- Actor Path: /Game/ThirdPerson/Maps/Level05.Level05:PersistentLevel.StaticMeshActor_UAID_D843AE06D09D45F301_2031442928
 |- Actor Package: /Game/__ExternalActors__/ThirdPerson/Maps/Level05/9/DK/FCSGD5OXPA4EFHPCBYVOZX
 |- Actor Path: /Game/ThirdPerson/Maps/Level05.Level05:PersistentLevel.StaticMeshActor_UAID_D843AE06D09D45F301_2057433929
 |- Actor Package: /Game/__ExternalActors__/ThirdPerson/Maps/Level05/3/5X/LTXC7CFBS6XA44FXK7V1UO
 |- Actor Path: /Game/ThirdPerson/Maps/Level05.Level05:PersistentLevel.StaticMeshActor_UAID_D843AE06D09D45F301_2068573930
 |- Actor Package: /Game/__ExternalActors__/ThirdPerson/Maps/Level05/4/J5/SVBCWLCF0FIYUTGL5ZFI8Q
 |- Actor Path: /Game/ThirdPerson/Maps/Level05.Level05:PersistentLevel.StaticMeshActor_UAID_D843AE06D09D45F301_2071662931
 |- Actor Package: /Game/__ExternalActors__/ThirdPerson/Maps/Level05/5/LS/J29CIS3HPSTZI45GPXXTS4
 |- Actor Path: /Game/ThirdPerson/Maps/Level05.Level05:PersistentLevel.StaticMeshActor_UAID_D843AE06D09D45F301_2129797932
 |- Actor Package: /Game/__ExternalActors__/ThirdPerson/Maps/Level05/B/B7/HWYDTFJMRUS63VIODGUBG4
 |- Actor Path: /Game/ThirdPerson/Maps/Level05.Level05:PersistentLevel.StaticMeshActor_UAID_D843AE06D09D46F301_1078115109
 |- Actor Package: /Game/__ExternalActors__/ThirdPerson/Maps/Level05/0/PF/HUECE4J5XH9MSV5DIRZVV9
 |- Actor Path: /Game/ThirdPerson/Maps/Level05.Level05:PersistentLevel.StaticMeshActor_UAID_D843AE06D09D46F301_1078116110
 |- Actor Package: /Game/__ExternalActors__/ThirdPerson/Maps/Level05/9/0Y/AGZXMWUIFSADEKI2UG563C
 |- Actor Path: /Game/ThirdPerson/Maps/Level05.Level05:PersistentLevel.StaticMeshActor_UAID_D843AE06D09D46F301_1085290111
 |- Actor Package: /Game/__ExternalActors__/ThirdPerson/Maps/Level05/B/XF/RWHEUXTTS13H2WTJ8S761U
 |- Actor Path: /Game/ThirdPerson/Maps/Level05.Level05:PersistentLevel.StaticMeshActor_UAID_D843AE06D09D46F301_1114654113
 |- Actor Package: /Game/__ExternalActors__/ThirdPerson/Maps/Level05/B/TC/IFRWV6WZ97SCKJRE0CN0VE
 |- Actor Path: /Game/ThirdPerson/Maps/Level05.Level05:PersistentLevel.StaticMeshActor_UAID_D843AE06D09D46F301_1174099114
 |- Actor Package: /Game/__ExternalActors__/ThirdPerson/Maps/Level05/9/HF/YOCT4EELYRTRFZGDSUGZXL
 |- Actor Path: /Game/ThirdPerson/Maps/Level05.Level05:PersistentLevel.StaticMeshActor_UAID_D843AE06D09D46F301_1196900115
 |- Actor Package: /Game/__ExternalActors__/ThirdPerson/Maps/Level05/0/RZ/NKPWDVSKC3BB87MKPHB94M
 |- Actor Path: /Game/ThirdPerson/Maps/Level05.Level05:PersistentLevel.StaticMeshActor_UAID_D843AE06D09D46F301_1196902116
 |- Actor Package: /Game/__ExternalActors__/ThirdPerson/Maps/Level05/4/HX/C10T9JLFLEHJO2CT7B6EE5
 |- Actor Path: /Game/ThirdPerson/Maps/Level05.Level05:PersistentLevel.StaticMeshActor_UAID_D843AE06D09D46F301_1270380117
 |- Actor Package: /Game/__ExternalActors__/ThirdPerson/Maps/Level05/0/7T/DL7XE0C8ZKCWAC3C48XYT7
 |- Actor Path: /Game/ThirdPerson/Maps/Level05.Level05:PersistentLevel.StaticMeshActor_UAID_D843AE06D09D46F301_1270381118
 |- Actor Package: /Game/__ExternalActors__/ThirdPerson/Maps/Level05/0/NG/C9IGI8EKY5Z3PEFB8DZN5N
 |- Actor Path: /Game/ThirdPerson/Maps/Level05.Level05:PersistentLevel.StaticMeshActor_UAID_D843AE06D09D46F301_1285817119
 |- Actor Package: /Game/__ExternalActors__/ThirdPerson/Maps/Level05/0/JK/6C8CV4UF1U7G11LRYXP3OA
 |- Actor Path: /Game/ThirdPerson/Maps/Level05.Level05:PersistentLevel.StaticMeshActor_UAID_D843AE06D09D46F301_1285818120
 |- Actor Package: /Game/__ExternalActors__/ThirdPerson/Maps/Level05/D/KY/E5G3QXG3LJLRSRVP6SEVKV
 |- Actor Path: /Game/ThirdPerson/Maps/Level05.Level05:PersistentLevel.StaticMeshActor_UAID_D843AE06D09D46F301_1291508121
 |- Actor Package: /Game/__ExternalActors__/ThirdPerson/Maps/Level05/6/03/C2U33UYYLBMR3ECIARVJTO
 |- Actor Path: /Game/ThirdPerson/Maps/Level05.Level05:PersistentLevel.StaticMeshActor_UAID_D843AE06D09D46F301_1345288124
 |- Actor Package: /Game/__ExternalActors__/ThirdPerson/Maps/Level05/0/QV/CBLHUA93T81FL6724H2NEP
 |- Actor Path: /Game/ThirdPerson/Maps/Level05.Level05:PersistentLevel.StaticMeshActor_UAID_D843AE06D09D46F301_1345289125
 |- Actor Package: /Game/__ExternalActors__/ThirdPerson/Maps/Level05/3/C7/TQLRL1W6WUTG4L7FX8CHV2
 |- Actor Path: /Game/ThirdPerson/Maps/Level05.Level05:PersistentLevel.StaticMeshActor_UAID_D843AE06D09D46F301_1345290126
 |- Actor Package: /Game/__ExternalActors__/ThirdPerson/Maps/Level05/8/KO/FMON7VHWWNKYXW1ZPLI1HD
 |- Actor Path: /Game/ThirdPerson/Maps/Level05.Level05:PersistentLevel.StaticMeshActor_UAID_D843AE06D09D46F301_1345290127
 |- Actor Package: /Game/__ExternalActors__/ThirdPerson/Maps/Level05/4/RQ/EZ4E6IZEGNPBL7I9ADTYIH
 |- Actor Path: /Game/ThirdPerson/Maps/Level05.Level05:PersistentLevel.StaticMeshActor_UAID_D843AE06D09D46F301_1436271129
 |- Actor Package: /Game/__ExternalActors__/ThirdPerson/Maps/Level05/4/ZK/VZRTP14G0Z7NP75V1UUDIJ
 |- Actor Path: /Game/ThirdPerson/Maps/Level05.Level05:PersistentLevel.StaticMeshActor_UAID_D843AE06D09D46F301_1453572130
 |- Actor Package: /Game/__ExternalActors__/ThirdPerson/Maps/Level05/6/XA/17FWE248JHNM44E62YE6US
 |- Actor Path: /Game/ThirdPerson/Maps/Level05.Level05:PersistentLevel.StaticMeshActor_UAID_D843AE06D09D46F301_1570436131
 |- Actor Package: /Game/__ExternalActors__/ThirdPerson/Maps/Level05/8/ZB/W9UTGA0R6WIOH0V7GJWRR2
 |- Actor Path: /Game/ThirdPerson/Maps/Level05.Level05:PersistentLevel.TextRenderActor_1
 |- Actor Package: /Game/__ExternalActors__/ThirdPerson/Maps/Level05/9/4M/FTWM7TH3IC4R69F2XHPLL6
 |- Actor Path: /Game/ThirdPerson/Maps/Level05.Level05:PersistentLevel.ThirdPersonCharacter_C_UAID_D843AE06D09D2CF101_1611222417
 |- Actor Package: /Game/__ExternalActors__/ThirdPerson/Maps/Level05/4/0O/H3HP1BMKVHZDJ17C3RE7FB
 |- Actor Path: /Game/ThirdPerson/Maps/Level05.Level05:PersistentLevel.VolumetricCloud_0
 |- Actor Package: /Game/__ExternalActors__/ThirdPerson/Maps/Level05/E/23/37R0EF3HKGXZ2Q2CCNTU7E
 |- Actor Path: /Game/ThirdPerson/Maps/Level05.Level05:PersistentLevel.WorldDataLayers
 |- Actor Package: /Game/__ExternalActors__/ThirdPerson/Maps/Level05/4/9C/JPF1IM0WAJK0MDU8TR6LSN
 |- Actor Path: /Game/ThirdPerson/Maps/Level05.Level05:PersistentLevel.WorldInfo_0
 |- Actor Package: /Game/ThirdPerson/Maps/Level05
 |- Actor Path: /Game/ThirdPerson/Maps/Level05.Level05:PersistentLevel.WorldPartitionMiniMap_0
 |- Actor Package: /Game/__ExternalActors__/ThirdPerson/Maps/Level05/F/2Q/8OQ9RHSYQY28OZT5QI12A6

----------------------------------------------------------------------------------------------------------------
Level05 - Runtime Spatial Hash - Streaming Grid - MainGrid
----------------------------------------------------------------------------------------------------------------
            Origin: X=0.000 Y=0.000 Z=0.000
         Cell Size: 12800
      World Bounds: IsValid=false, Min=(X=0.000 Y=0.000 Z=0.000), Max=(X=0.000 Y=0.000 Z=0.000)
     Loading Range: 25600.00
Block Slow Loading: No
 ClientOnlyVisible: No
            Origin: X=0.000 Y=0.000 Z=0.000

[+] Grid Levels: 1
 |- Level  0: Cell Count    0 | Cell Size   12800 | Actor Count    0 (0.0%)

[+] Content of Grid Level 0

