[+] Containers:
 |- [+] Container: /Game/ThirdPerson/Maps/TheParkingLot
 |   |- [+] ActorDescs:
 |   |   |- Guid:0F5B6ACF443CD3B13D6822BDA5E88A32 BaseClass: NativeClass:/Script/Engine.StaticMeshActor Name:StaticMeshActor_UAID_D843AE06D09DE7F401_1306635489 Label:Grass SpatiallyLoaded:1 Bounds:IsValid=true, Min=(X=-1070.000 Y=-570.000 Z=-187.000), Max=(X=4130.000 Y=3430.000 Z=-167.000) RuntimeGrid:None EditorOnly:0 RuntimeOnly:0 HLODRelevant:1 ListedInSceneOutliner:1 IsMainWorldOnly:0 FolderPath:Grass FolderGuid:0D65C67C48187702EF84E2A9C1667C5F
 |   |   |- Guid:18C094B949A0106E9D1601B540A5DCD6 BaseClass: NativeClass:/Script/Engine.StaticMeshActor Name:StaticMeshActor_UAID_D843AE06D09DC4F601_1766629488 Label:Floor_400x401 SpatiallyLoaded:1 Bounds:IsValid=true, Min=(X=9269.000 Y=-411.000 Z=242.000), Max=(X=12869.000 Y=3189.000 Z=262.000) RuntimeGrid:None EditorOnly:0 RuntimeOnly:0 HLODRelevant:1 ListedInSceneOutliner:1 IsMainWorldOnly:0
 |   |   |- Guid:24A7487F423684F1E1BF20B430BFC2DA BaseClass: NativeClass:/Script/NavigationSystem.NavMeshBoundsVolume Name:NavMeshBoundsVolume_UAID_D843AE06D09DD9F401_2024537016 Label:NavMeshBoundsVolume SpatiallyLoaded:0 Bounds:IsValid=true, Min=(X=-1713.000 Y=-784.846 Z=-354.769), Max=(X=15087.000 Y=3522.846 Z=506.769) RuntimeGrid:None EditorOnly:0 RuntimeOnly:0 HLODRelevant:0 ListedInSceneOutliner:1 IsMainWorldOnly:0 FolderPath:NavMesh FolderGuid:A6E81EF048CC3D644F7CFFA5B6DB642A
 |   |   |- Guid:24ED12A748395F3F21B36CB058276E52 BaseClass: NativeClass:/Script/Engine.StaticMeshActor Name:StaticMeshActor_UAID_D843AE06D09DE2F601_1169050734 Label:01_Fance_14 SpatiallyLoaded:1 Bounds:IsValid=true, Min=(X=12868.000 Y=2256.877 Z=-204.000), Max=(X=12880.000 Y=2823.810 Z=286.000) RuntimeGrid:None EditorOnly:0 RuntimeOnly:0 HLODRelevant:1 ListedInSceneOutliner:1 IsMainWorldOnly:0
 |   |   |- Guid:2B29B7284C69E4199FA5C2BBA3BFB697 BaseClass: NativeClass:/Script/Engine.StaticMeshActor Name:StaticMeshActor_UAID_D843AE06D09DE2F601_1125737727 Label:01_Fance_7 SpatiallyLoaded:1 Bounds:IsValid=true, Min=(X=9267.000 Y=2741.877 Z=-204.000), Max=(X=9279.000 Y=3308.809 Z=286.000) RuntimeGrid:None EditorOnly:0 RuntimeOnly:0 HLODRelevant:1 ListedInSceneOutliner:1 IsMainWorldOnly:0
 |   |   |- Guid:30A23FEC4788A06F4CB5E99EAA52C141 BaseClass: NativeClass:/Script/Engine.ExponentialHeightFog Name:ExponentialHeightFog_0 Label:ExponentialHeightFog SpatiallyLoaded:0 Bounds:IsValid=true, Min=(X=-8870.000 Y=-50.000 Z=-6850.000), Max=(X=-8870.000 Y=-50.000 Z=-6850.000) RuntimeGrid:None EditorOnly:0 RuntimeOnly:0 HLODRelevant:0 ListedInSceneOutliner:1 IsMainWorldOnly:0 FolderPath:Lighting FolderGuid:963EC3EB4002CCE9759E2EBA541A873A
 |   |   |- Guid:342474AC4E64781D199FCF84857102C2 BaseClass:/Engine/EngineSky/BP_Sky_Sphere.BP_Sky_Sphere_C NativeClass:/Script/Engine.Actor Name:BP_Sky_Sphere_C_UAID_D843AE06D09D5BF401_1835930983 Label:BP_Sky_Sphere SpatiallyLoaded:0 Bounds:IsValid=true, Min=(X=-1330577.970 Y=-1329959.970 Z=-1331187.970), Max=(X=1331821.970 Y=1332439.970 Z=1331211.970) RuntimeGrid:None EditorOnly:0 RuntimeOnly:0 HLODRelevant:0 ListedInSceneOutliner:1 IsMainWorldOnly:0 FolderPath:Lighting FolderGuid:963EC3EB4002CCE9759E2EBA541A873A
 |   |   |- Guid:35FCEAEA4AE7E0ADA57BE69151B82E6B BaseClass: NativeClass:/Script/Engine.StaticMeshActor Name:StaticMeshActor_UAID_D843AE06D09DE2F601_1243756738 Label:01_Fance_18 SpatiallyLoaded:1 Bounds:IsValid=true, Min=(X=9716.877 Y=-418.000 Z=-204.000), Max=(X=10283.809 Y=-406.000 Z=286.000) RuntimeGrid:None EditorOnly:0 RuntimeOnly:0 HLODRelevant:1 ListedInSceneOutliner:1 IsMainWorldOnly:0
 |   |   |- Guid:3608A26B42E9FD40B4A5E0808D971062 BaseClass: NativeClass:/Script/Engine.StaticMeshActor Name:StaticMeshActor_UAID_D843AE06D09D8AF501_1712065453 Label:Grass2 SpatiallyLoaded:1 Bounds:IsValid=true, Min=(X=4130.000 Y=-570.000 Z=-187.000), Max=(X=9330.000 Y=3430.000 Z=-167.000) RuntimeGrid:None EditorOnly:0 RuntimeOnly:0 HLODRelevant:1 ListedInSceneOutliner:1 IsMainWorldOnly:0 FolderPath:Grass FolderGuid:0D65C67C48187702EF84E2A9C1667C5F
 |   |   |- Guid:377EE0AE41C0FF8838B9B6A944DD71DE BaseClass: NativeClass:/Script/Engine.StaticMeshActor Name:StaticMeshActor_UAID_D843AE06D09DE2F601_1294793748 Label:01_Fance_28 SpatiallyLoaded:1 Bounds:IsValid=true, Min=(X=11906.877 Y=3188.000 Z=-204.000), Max=(X=12473.809 Y=3200.000 Z=286.000) RuntimeGrid:None EditorOnly:0 RuntimeOnly:0 HLODRelevant:1 ListedInSceneOutliner:1 IsMainWorldOnly:0
 |   |   |- Guid:37B0D87B42973DE188AC0BBB87F5F202 BaseClass: NativeClass:/Script/Engine.SkyLight Name:SkyLight_1 Label:SkyLight SpatiallyLoaded:0 Bounds:IsValid=true, Min=(X=0.000 Y=0.000 Z=0.000), Max=(X=0.000 Y=0.000 Z=0.000) RuntimeGrid:None EditorOnly:0 RuntimeOnly:0 HLODRelevant:0 ListedInSceneOutliner:1 IsMainWorldOnly:0 FolderPath:Lighting FolderGuid:963EC3EB4002CCE9759E2EBA541A873A
 |   |   |- Guid:37D96D5D47A3D78575F38A8AB0D4952E BaseClass: NativeClass:/Script/Engine.StaticMeshActor Name:StaticMeshActor_UAID_D843AE06D09DC4F601_1130488479 Label:TheParkingLot_pillar SpatiallyLoaded:1 Bounds:IsValid=true, Min=(X=9417.133 Y=-409.802 Z=-146.830), Max=(X=12831.035 Y=3006.685 Z=282.142) RuntimeGrid:None EditorOnly:0 RuntimeOnly:0 HLODRelevant:1 ListedInSceneOutliner:1 IsMainWorldOnly:0
 |   |   |- Guid:3BB565204AAF20262985BCA5C05DDE6E BaseClass: NativeClass:/Script/Engine.StaticMeshActor Name:StaticMeshActor_UAID_D843AE06D09DC4F601_1657494487 Label:TheParkingLot_lights_wire_001 SpatiallyLoaded:1 Bounds:IsValid=true, Min=(X=9189.721 Y=165.281 Z=235.140), Max=(X=13028.092 Y=3548.887 Z=235.202) RuntimeGrid:None EditorOnly:0 RuntimeOnly:0 HLODRelevant:1 ListedInSceneOutliner:1 IsMainWorldOnly:0
 |   |   |- Guid:3DC28D5145526DB75C4BEFB0F86E8419 BaseClass: NativeClass:/Script/Engine.StaticMeshActor Name:StaticMeshActor_UAID_D843AE06D09DE2F601_1294791746 Label:01_Fance_26 SpatiallyLoaded:1 Bounds:IsValid=true, Min=(X=9168.877 Y=3188.000 Z=-204.000), Max=(X=9735.809 Y=3200.000 Z=286.000) RuntimeGrid:None EditorOnly:0 RuntimeOnly:0 HLODRelevant:1 ListedInSceneOutliner:1 IsMainWorldOnly:0
 |   |   |- Guid:3E821D154ECF568BABEB169540394113 BaseClass:/Game/FollowMeLibrary/Companion/BTCompanion/Companion_BP.Companion_BP_C NativeClass:/Script/Engine.Character Name:Companion_BP_C_UAID_D843AE06D09D2DF501_1973985800 Label:Companion_BP SpatiallyLoaded:1 Bounds:IsValid=true, Min=(X=8732.000 Y=1478.000 Z=-152.146), Max=(X=8803.591 Y=1546.000 Z=28.336) RuntimeGrid:None EditorOnly:0 RuntimeOnly:0 HLODRelevant:0 ListedInSceneOutliner:1 IsMainWorldOnly:0 FolderPath:MyPlayer FolderGuid:EAEE21B84BF20B1F98098185499D2D8C
 |   |   |- Guid:3E99688344610AFBFEEB06B95B4F7C3E BaseClass: NativeClass:/Script/Engine.StaticMeshActor Name:StaticMeshActor_UAID_D843AE06D09D8DF501_1873904253 Label:Grass3 SpatiallyLoaded:1 Bounds:IsValid=true, Min=(X=9331.000 Y=-565.000 Z=-187.000), Max=(X=14931.000 Y=3435.000 Z=-167.000) RuntimeGrid:None EditorOnly:0 RuntimeOnly:0 HLODRelevant:1 ListedInSceneOutliner:1 IsMainWorldOnly:0 FolderPath:Grass FolderGuid:0D65C67C48187702EF84E2A9C1667C5F
 |   |   |- Guid:3F5E6DE14F1D20B4DA51298E4CC88206 BaseClass: NativeClass:/Script/Engine.StaticMeshActor Name:StaticMeshActor_UAID_D843AE06D09DE2F601_1294790744 Label:01_Fance_24 SpatiallyLoaded:1 Bounds:IsValid=true, Min=(X=10263.877 Y=3188.000 Z=-204.000), Max=(X=10830.809 Y=3200.000 Z=286.000) RuntimeGrid:None EditorOnly:0 RuntimeOnly:0 HLODRelevant:1 ListedInSceneOutliner:1 IsMainWorldOnly:0
 |   |   |- Guid:3F6CC84D4299F0C3BE2EE199ED2610EE BaseClass: NativeClass:/Script/Engine.StaticMeshActor Name:StaticMeshActor_UAID_D843AE06D09DE2F601_1169049732 Label:01_Fance_12 SpatiallyLoaded:1 Bounds:IsValid=true, Min=(X=12868.000 Y=-481.123 Z=-204.000), Max=(X=12880.000 Y=85.810 Z=286.000) RuntimeGrid:None EditorOnly:0 RuntimeOnly:0 HLODRelevant:1 ListedInSceneOutliner:1 IsMainWorldOnly:0
 |   |   |- Guid:40294B404BEA4BAE77EDAFA08B46E5B0 BaseClass: NativeClass:/Script/Engine.StaticMeshActor Name:StaticMeshActor_UAID_D843AE06D09DE1F601_2035206548 Label:01_Fance_4 SpatiallyLoaded:1 Bounds:IsValid=true, Min=(X=9267.000 Y=613.877 Z=-204.000), Max=(X=9279.000 Y=1180.809 Z=286.000) RuntimeGrid:None EditorOnly:0 RuntimeOnly:0 HLODRelevant:1 ListedInSceneOutliner:1 IsMainWorldOnly:0
 |   |   |- Guid:46A3123F4155DFCCBC2C7B8B102983DD BaseClass:/Game/FollowMeLibrary/Player/ThirdPersonCharacter.ThirdPersonCharacter_C NativeClass:/Script/Engine.Character Name:ThirdPersonCharacter_C_UAID_D843AE06D09D17F101_2025650710 Label:ThirdPersonCharacter SpatiallyLoaded:1 Bounds:IsValid=true, Min=(X=8539.000 Y=1304.000 Z=-147.146), Max=(X=8610.591 Y=1372.000 Z=35.000) RuntimeGrid:None EditorOnly:0 RuntimeOnly:0 HLODRelevant:0 ListedInSceneOutliner:1 IsMainWorldOnly:0 FolderPath:MyPlayer FolderGuid:EAEE21B84BF20B1F98098185499D2D8C
 |   |   |- Guid:492D6D6944E78623068CEFAFCDAD4420 BaseClass: NativeClass:/Script/Engine.PostProcessVolume Name:PostProcessVolume_0 Label:PostProcessVolume SpatiallyLoaded:0 Bounds:IsValid=true, Min=(X=-3270.000 Y=0.000 Z=400.000), Max=(X=-3070.000 Y=200.000 Z=600.000) RuntimeGrid:None EditorOnly:0 RuntimeOnly:0 HLODRelevant:0 ListedInSceneOutliner:1 IsMainWorldOnly:0 FolderPath:Lighting FolderGuid:963EC3EB4002CCE9759E2EBA541A873A
 |   |   |- Guid:4E15B26D4947D6D452538DA48CD43BDD BaseClass: NativeClass:/Script/Engine.StaticMeshActor Name:StaticMeshActor_UAID_D843AE06D09DE2F601_1243758741 Label:01_Fance_21 SpatiallyLoaded:1 Bounds:IsValid=true, Min=(X=11906.877 Y=-418.000 Z=-204.000), Max=(X=12473.809 Y=-406.000 Z=286.000) RuntimeGrid:None EditorOnly:0 RuntimeOnly:0 HLODRelevant:1 ListedInSceneOutliner:1 IsMainWorldOnly:0
 |   |   |- Guid:4EDA06E242477837F66A5ABCFA94926E BaseClass: NativeClass:/Script/Engine.StaticMeshActor Name:StaticMeshActor_UAID_D843AE06D09DE2F601_1243759743 Label:01_Fance_23 SpatiallyLoaded:1 Bounds:IsValid=true, Min=(X=10812.877 Y=-418.000 Z=-204.000), Max=(X=11379.809 Y=-406.000 Z=286.000) RuntimeGrid:None EditorOnly:0 RuntimeOnly:0 HLODRelevant:1 ListedInSceneOutliner:1 IsMainWorldOnly:0
 |   |   |- Guid:5551A34B458E65C4BB5F558E820FB75F BaseClass: NativeClass:/Script/Engine.StaticMeshActor Name:StaticMeshActor_UAID_D843AE06D09DE2F601_1294793747 Label:01_Fance_27 SpatiallyLoaded:1 Bounds:IsValid=true, Min=(X=12453.877 Y=3188.000 Z=-204.000), Max=(X=13020.809 Y=3200.000 Z=286.000) RuntimeGrid:None EditorOnly:0 RuntimeOnly:0 HLODRelevant:1 ListedInSceneOutliner:1 IsMainWorldOnly:0
 |   |   |- Guid:5F127FE442D16F4C7A0361B9B6E7ADA2 BaseClass: NativeClass:/Script/Engine.WorldDataLayers Name:WorldDataLayers Label:WorldDataLayers SpatiallyLoaded:0 Bounds:Invalid RuntimeGrid:None EditorOnly:0 RuntimeOnly:0 HLODRelevant:0 ListedInSceneOutliner:1 IsMainWorldOnly:1 FolderPath:NavMesh FolderGuid:A6E81EF048CC3D644F7CFFA5B6DB642A
 |   |   |- Guid:62B75AB643B94F1E37C27BB9E459334E BaseClass: NativeClass:/Script/Engine.StaticMeshActor Name:StaticMeshActor_UAID_D843AE06D09DE2F601_1105237726 Label:01_Fance_6 SpatiallyLoaded:1 Bounds:IsValid=true, Min=(X=9267.000 Y=-481.123 Z=-204.000), Max=(X=9279.000 Y=85.809 Z=286.000) RuntimeGrid:None EditorOnly:0 RuntimeOnly:0 HLODRelevant:1 ListedInSceneOutliner:1 IsMainWorldOnly:0
 |   |   |- Guid:69B58EF340830B5E141F6A93FC8DD7B9 BaseClass: NativeClass:/Script/Engine.StaticMeshActor Name:StaticMeshActor_UAID_D843AE06D09DC4F601_1584956486 Label:TheParkingLot_lights_wire SpatiallyLoaded:1 Bounds:IsValid=true, Min=(X=9099.584 Y=-396.719 Z=227.706), Max=(X=13093.499 Y=2986.887 Z=238.240) RuntimeGrid:None EditorOnly:0 RuntimeOnly:0 HLODRelevant:1 ListedInSceneOutliner:1 IsMainWorldOnly:0
 |   |   |- Guid:69D0582F4A216817F0CDBEAC59F6221D BaseClass: NativeClass:/Script/Engine.StaticMeshActor Name:StaticMeshActor_UAID_D843AE06D09DE2F601_1243758742 Label:01_Fance_22 SpatiallyLoaded:1 Bounds:IsValid=true, Min=(X=11358.877 Y=-418.000 Z=-204.000), Max=(X=11925.809 Y=-406.000 Z=286.000) RuntimeGrid:None EditorOnly:0 RuntimeOnly:0 HLODRelevant:1 ListedInSceneOutliner:1 IsMainWorldOnly:0
 |   |   |- Guid:6AB2F7A94F8DA909D061DEBBDDBF71E2 BaseClass: NativeClass:/Script/Engine.StaticMeshActor Name:StaticMeshActor_UAID_D843AE06D09DC4F601_1337488484 Label:Floor_400x400 SpatiallyLoaded:1 Bounds:IsValid=true, Min=(X=9262.000 Y=-411.000 Z=-168.000), Max=(X=12862.000 Y=3189.000 Z=-148.000) RuntimeGrid:None EditorOnly:0 RuntimeOnly:0 HLODRelevant:1 ListedInSceneOutliner:1 IsMainWorldOnly:0
 |   |   |- Guid:7625FD304CCD6291C674389764E9E3E5 BaseClass: NativeClass:/Script/Engine.StaticMeshActor Name:StaticMeshActor_UAID_D843AE06D09DE2F601_1169047730 Label:01_Fance_10 SpatiallyLoaded:1 Bounds:IsValid=true, Min=(X=12868.000 Y=613.877 Z=-204.000), Max=(X=12880.000 Y=1180.810 Z=286.000) RuntimeGrid:None EditorOnly:0 RuntimeOnly:0 HLODRelevant:1 ListedInSceneOutliner:1 IsMainWorldOnly:0
 |   |   |- Guid:7C0EB5E54778A8F147249A8C8C7FB6FC BaseClass: NativeClass:/Script/Engine.StaticMeshActor Name:StaticMeshActor_UAID_A4AE111137DC5EFB00_1110535423 Label:SM_SkySphere SpatiallyLoaded:0 Bounds:IsValid=true, Min=(X=-1641670.000 Y=-1638400.000 Z=-1638400.000), Max=(X=1635130.000 Y=1638400.000 Z=1638400.000) RuntimeGrid:None EditorOnly:0 RuntimeOnly:0 HLODRelevant:1 ListedInSceneOutliner:1 IsMainWorldOnly:0 FolderPath:Lighting FolderGuid:963EC3EB4002CCE9759E2EBA541A873A
 |   |   |- Guid:7CFB905D4C89C1EDD9DFB68EDDF044DE BaseClass: NativeClass:/Script/Engine.StaticMeshActor Name:StaticMeshActor_UAID_D843AE06D09DE2F601_1125739729 Label:01_Fance_9 SpatiallyLoaded:1 Bounds:IsValid=true, Min=(X=9267.000 Y=1646.877 Z=-204.000), Max=(X=9279.000 Y=2213.809 Z=286.000) RuntimeGrid:None EditorOnly:0 RuntimeOnly:0 HLODRelevant:1 ListedInSceneOutliner:1 IsMainWorldOnly:0
 |   |   |- Guid:829429884EF2A8887E9016B7AFD8D96A BaseClass: NativeClass:/Script/Engine.StaticMeshActor Name:StaticMeshActor_UAID_D843AE06D09DE2F601_1243754737 Label:01_Fance_17 SpatiallyLoaded:1 Bounds:IsValid=true, Min=(X=10263.877 Y=-418.000 Z=-204.000), Max=(X=10830.809 Y=-406.000 Z=286.000) RuntimeGrid:None EditorOnly:0 RuntimeOnly:0 HLODRelevant:1 ListedInSceneOutliner:1 IsMainWorldOnly:0
 |   |   |- Guid:8A80B4284F72BE07BBCA509FC87E2FB3 BaseClass: NativeClass:/Script/Engine.StaticMeshActor Name:StaticMeshActor_UAID_D843AE06D09DE2F601_1169049733 Label:01_Fance_13 SpatiallyLoaded:1 Bounds:IsValid=true, Min=(X=12868.000 Y=2803.877 Z=-204.000), Max=(X=12880.000 Y=3370.810 Z=286.000) RuntimeGrid:None EditorOnly:0 RuntimeOnly:0 HLODRelevant:1 ListedInSceneOutliner:1 IsMainWorldOnly:0
 |   |   |- Guid:8BEFCD3041AF915856D2B293BDF14F14 BaseClass: NativeClass:/Script/Engine.DirectionalLight Name:DirectionalLight_0 Label:DirectionalLight SpatiallyLoaded:0 Bounds:IsValid=true, Min=(X=-4398046511104.000 Y=-4398046511104.000 Z=-4398046511104.000), Max=(X=4398046511104.000 Y=4398046511104.000 Z=4398046511104.000) RuntimeGrid:None EditorOnly:0 RuntimeOnly:0 HLODRelevant:0 ListedInSceneOutliner:1 IsMainWorldOnly:0 FolderPath:Lighting FolderGuid:963EC3EB4002CCE9759E2EBA541A873A
 |   |   |- Guid:A1472BE146D5FF26E2D0D5990ED663B4 BaseClass: NativeClass:/Script/Engine.StaticMeshActor Name:StaticMeshActor_UAID_D843AE06D09DE2F601_1169048731 Label:01_Fance_11 SpatiallyLoaded:1 Bounds:IsValid=true, Min=(X=12868.000 Y=66.877 Z=-204.000), Max=(X=12880.000 Y=633.810 Z=286.000) RuntimeGrid:None EditorOnly:0 RuntimeOnly:0 HLODRelevant:1 ListedInSceneOutliner:1 IsMainWorldOnly:0
 |   |   |- Guid:A62926834D1C175E701DF19FF6A03766 BaseClass: NativeClass:/Script/Engine.StaticMeshActor Name:StaticMeshActor_UAID_D843AE06D09D25F601_1405013447 Label:TheDorm SpatiallyLoaded:1 Bounds:IsValid=true, Min=(X=-647.000 Y=-190.000 Z=-167.000), Max=(X=4105.000 Y=3049.000 Z=273.000) RuntimeGrid:None EditorOnly:0 RuntimeOnly:0 HLODRelevant:1 ListedInSceneOutliner:1 IsMainWorldOnly:0 FolderPath:TheDorm FolderGuid:C73F09FC4215536B1DCE2A9E0A830C70
 |   |   |- Guid:A6301A1942D168DC0A6052B7C52C53C7 BaseClass: NativeClass:/Script/NavigationSystem.RecastNavMesh Name:RecastNavMesh_UAID_D843AE06D09DD9F401-Default Label:RecastNavMesh-Default SpatiallyLoaded:0 Bounds:IsValid=true, Min=(X=0.000 Y=0.000 Z=0.000), Max=(X=0.000 Y=0.000 Z=0.000) RuntimeGrid:None EditorOnly:0 RuntimeOnly:0 HLODRelevant:0 ListedInSceneOutliner:1 IsMainWorldOnly:0 FolderPath:NavMesh FolderGuid:A6E81EF048CC3D644F7CFFA5B6DB642A
 |   |   |- Guid:AD76366B4DA8CFB008AA2D8E39A8C532 BaseClass: NativeClass:/Script/Engine.StaticMeshActor Name:StaticMeshActor_UAID_D843AE06D09DE2F601_1294791745 Label:01_Fance_25 SpatiallyLoaded:1 Bounds:IsValid=true, Min=(X=9716.877 Y=3188.000 Z=-204.000), Max=(X=10283.809 Y=3200.000 Z=286.000) RuntimeGrid:None EditorOnly:0 RuntimeOnly:0 HLODRelevant:1 ListedInSceneOutliner:1 IsMainWorldOnly:0
 |   |   |- Guid:BA1D2C1F49EA0962EED6E4A32D58F541 BaseClass: NativeClass:/Script/Engine.StaticMeshActor Name:StaticMeshActor_UAID_D843AE06D09DE2F601_1294794749 Label:01_Fance_29 SpatiallyLoaded:1 Bounds:IsValid=true, Min=(X=11358.877 Y=3188.000 Z=-204.000), Max=(X=11925.809 Y=3200.000 Z=286.000) RuntimeGrid:None EditorOnly:0 RuntimeOnly:0 HLODRelevant:1 ListedInSceneOutliner:1 IsMainWorldOnly:0
 |   |   |- Guid:C1682B1A448B245320E49A979753C8FA BaseClass: NativeClass:/Script/Engine.TextRenderActor Name:TextRenderActor_1 Label:TextRenderActor SpatiallyLoaded:1 Bounds:IsValid=true, Min=(X=-2610.100 Y=1100.000 Z=65.013), Max=(X=-2610.100 Y=2392.308 Z=215.013) RuntimeGrid:None EditorOnly:0 RuntimeOnly:0 HLODRelevant:0 ListedInSceneOutliner:1 IsMainWorldOnly:0 FolderPath:Lighting FolderGuid:963EC3EB4002CCE9759E2EBA541A873A
 |   |   |- Guid:C3EABC45471ABC0FE4FFACBE8C56D7E1 BaseClass: NativeClass:/Script/Engine.StaticMeshActor Name:StaticMeshActor_UAID_D843AE06D09DE2F601_1169051735 Label:01_Fance_15 SpatiallyLoaded:1 Bounds:IsValid=true, Min=(X=12868.000 Y=1708.877 Z=-204.000), Max=(X=12880.000 Y=2275.810 Z=286.000) RuntimeGrid:None EditorOnly:0 RuntimeOnly:0 HLODRelevant:1 ListedInSceneOutliner:1 IsMainWorldOnly:0
 |   |   |- Guid:C914BF054ACBD55FFC7B8FA334198240 BaseClass: NativeClass:/Script/Engine.StaticMeshActor Name:StaticMeshActor_UAID_D843AE06D09DE2F601_1243757739 Label:01_Fance_19 SpatiallyLoaded:1 Bounds:IsValid=true, Min=(X=9168.877 Y=-418.000 Z=-204.000), Max=(X=9735.809 Y=-406.000 Z=286.000) RuntimeGrid:None EditorOnly:0 RuntimeOnly:0 HLODRelevant:1 ListedInSceneOutliner:1 IsMainWorldOnly:0
 |   |   |- Guid:CD5C8AC64F606F9B45588AA76E2D4E48 BaseClass: NativeClass:/Script/NavigationSystem.RecastNavMesh Name:RecastNavMesh_UAID_D843AE06D09D55EE01-Default Label:RecastNavMesh-Default SpatiallyLoaded:0 Bounds:IsValid=true, Min=(X=0.000 Y=0.000 Z=0.000), Max=(X=0.000 Y=0.000 Z=0.000) RuntimeGrid:None EditorOnly:0 RuntimeOnly:0 HLODRelevant:0 ListedInSceneOutliner:1 IsMainWorldOnly:0
 |   |   |- Guid:CFEB586F4488E0CB739C8FA1EA99AAA1 BaseClass: NativeClass:/Script/Engine.StaticMeshActor Name:StaticMeshActor_UAID_D843AE06D09D25F601_1502506448 Label:TheSchool SpatiallyLoaded:1 Bounds:IsValid=true, Min=(X=4066.000 Y=-268.000 Z=-168.000), Max=(X=9272.000 Y=3092.000 Z=272.000) RuntimeGrid:None EditorOnly:0 RuntimeOnly:0 HLODRelevant:1 ListedInSceneOutliner:1 IsMainWorldOnly:0 FolderPath:TheSchool FolderGuid:909EB71D4994197FE8129B98230C3588
 |   |   |- Guid:D9D0F0F8468C9FC36312A696303D1D5B BaseClass: NativeClass:/Script/Engine.StaticMeshActor Name:StaticMeshActor_UAID_D843AE06D09DE2F601_1294794750 Label:01_Fance_30 SpatiallyLoaded:1 Bounds:IsValid=true, Min=(X=10812.877 Y=3188.000 Z=-204.000), Max=(X=11379.809 Y=3200.000 Z=286.000) RuntimeGrid:None EditorOnly:0 RuntimeOnly:0 HLODRelevant:1 ListedInSceneOutliner:1 IsMainWorldOnly:0
 |   |   |- Guid:DB47A4154DEF363BDFBCDA8ADF2DBE28 BaseClass: NativeClass:/Script/Engine.SkyAtmosphere Name:SkyAtmosphere_0 Label:SkyAtmosphere SpatiallyLoaded:0 Bounds:IsValid=true, Min=(X=0.000 Y=0.000 Z=0.000), Max=(X=0.000 Y=0.000 Z=0.000) RuntimeGrid:None EditorOnly:0 RuntimeOnly:0 HLODRelevant:0 ListedInSceneOutliner:1 IsMainWorldOnly:0 FolderPath:Lighting FolderGuid:963EC3EB4002CCE9759E2EBA541A873A
 |   |   |- Guid:EB9D72C342FEB1032A3E6783FF70A1FC BaseClass: NativeClass:/Script/Engine.StaticMeshActor Name:StaticMeshActor_UAID_D843AE06D09DE2F601_1243757740 Label:01_Fance_20 SpatiallyLoaded:1 Bounds:IsValid=true, Min=(X=12453.877 Y=-418.000 Z=-204.000), Max=(X=13020.809 Y=-406.000 Z=286.000) RuntimeGrid:None EditorOnly:0 RuntimeOnly:0 HLODRelevant:1 ListedInSceneOutliner:1 IsMainWorldOnly:0
 |   |   |- Guid:EE34D7B34CF488A2E3CEBF88813BBF5D BaseClass: NativeClass:/Script/Engine.StaticMeshActor Name:StaticMeshActor_UAID_D843AE06D09DE2F601_1125738728 Label:01_Fance_8 SpatiallyLoaded:1 Bounds:IsValid=true, Min=(X=9267.000 Y=2194.877 Z=-204.000), Max=(X=9279.000 Y=2761.809 Z=286.000) RuntimeGrid:None EditorOnly:0 RuntimeOnly:0 HLODRelevant:1 ListedInSceneOutliner:1 IsMainWorldOnly:0
 |   |   |- Guid:EF068B6A42CE0440A0D41096208A5DE5 BaseClass: NativeClass:/Script/Engine.StaticMeshActor Name:StaticMeshActor_UAID_D843AE06D09DE2F601_1197431736 Label:01_Fance_16 SpatiallyLoaded:1 Bounds:IsValid=true, Min=(X=12868.000 Y=1162.877 Z=-204.000), Max=(X=12880.000 Y=1729.810 Z=286.000) RuntimeGrid:None EditorOnly:0 RuntimeOnly:0 HLODRelevant:1 ListedInSceneOutliner:1 IsMainWorldOnly:0
 |   |   |- Guid:F1AD4E2A48AD64AC4F60F9A43EBB85C6 BaseClass: NativeClass:/Script/Engine.StaticMeshActor Name:StaticMeshActor_UAID_D843AE06D09DC4F601_1488521485 Label:TheParkingLot_wall_btw_pillar SpatiallyLoaded:1 Bounds:IsValid=true, Min=(X=9433.738 Y=-376.922 Z=194.208), Max=(X=12813.755 Y=2986.080 Z=234.520) RuntimeGrid:None EditorOnly:0 RuntimeOnly:0 HLODRelevant:1 ListedInSceneOutliner:1 IsMainWorldOnly:0
 |   |   |- Guid:F9385A8546CB95EBBCA2B9B3D957D728 BaseClass: NativeClass:/Script/Engine.StaticMeshActor Name:StaticMeshActor_UAID_D843AE06D09DE2F601_1092648725 Label:01_Fance_5 SpatiallyLoaded:1 Bounds:IsValid=true, Min=(X=9267.000 Y=66.877 Z=-204.000), Max=(X=9279.000 Y=633.809 Z=286.000) RuntimeGrid:None EditorOnly:0 RuntimeOnly:0 HLODRelevant:1 ListedInSceneOutliner:1 IsMainWorldOnly:0
 |   |   |- Guid:FD63BA844497F20BD175A499F3CEDF27 BaseClass: NativeClass:/Script/Engine.VolumetricCloud Name:VolumetricCloud_0 Label:VolumetricCloud SpatiallyLoaded:0 Bounds:IsValid=true, Min=(X=-3270.000 Y=0.000 Z=820.000), Max=(X=-3270.000 Y=0.000 Z=820.000) RuntimeGrid:None EditorOnly:0 RuntimeOnly:0 HLODRelevant:0 ListedInSceneOutliner:1 IsMainWorldOnly:0 FolderPath:Lighting FolderGuid:963EC3EB4002CCE9759E2EBA541A873A
 |   |- [+] Clusters:
 |   |   |- [+] [  0]
 |   |   |   |- Guid:0F5B6ACF443CD3B13D6822BDA5E88A32 BaseClass: NativeClass:/Script/Engine.StaticMeshActor Name:StaticMeshActor_UAID_D843AE06D09DE7F401_1306635489 Label:Grass SpatiallyLoaded:1 Bounds:IsValid=true, Min=(X=-1070.000 Y=-570.000 Z=-187.000), Max=(X=4130.000 Y=3430.000 Z=-167.000) RuntimeGrid:None EditorOnly:0 RuntimeOnly:0 HLODRelevant:1 ListedInSceneOutliner:1 IsMainWorldOnly:0 FolderPath:Grass FolderGuid:0D65C67C48187702EF84E2A9C1667C5F
 |   |   |- [+] [  1]
 |   |   |   |- Guid:18C094B949A0106E9D1601B540A5DCD6 BaseClass: NativeClass:/Script/Engine.StaticMeshActor Name:StaticMeshActor_UAID_D843AE06D09DC4F601_1766629488 Label:Floor_400x401 SpatiallyLoaded:1 Bounds:IsValid=true, Min=(X=9269.000 Y=-411.000 Z=242.000), Max=(X=12869.000 Y=3189.000 Z=262.000) RuntimeGrid:None EditorOnly:0 RuntimeOnly:0 HLODRelevant:1 ListedInSceneOutliner:1 IsMainWorldOnly:0
 |   |   |- [+] [  2]
 |   |   |   |- Guid:24A7487F423684F1E1BF20B430BFC2DA BaseClass: NativeClass:/Script/NavigationSystem.NavMeshBoundsVolume Name:NavMeshBoundsVolume_UAID_D843AE06D09DD9F401_2024537016 Label:NavMeshBoundsVolume SpatiallyLoaded:0 Bounds:IsValid=true, Min=(X=-1713.000 Y=-784.846 Z=-354.769), Max=(X=15087.000 Y=3522.846 Z=506.769) RuntimeGrid:None EditorOnly:0 RuntimeOnly:0 HLODRelevant:0 ListedInSceneOutliner:1 IsMainWorldOnly:0 FolderPath:NavMesh FolderGuid:A6E81EF048CC3D644F7CFFA5B6DB642A
 |   |   |- [+] [  3]
 |   |   |   |- Guid:24ED12A748395F3F21B36CB058276E52 BaseClass: NativeClass:/Script/Engine.StaticMeshActor Name:StaticMeshActor_UAID_D843AE06D09DE2F601_1169050734 Label:01_Fance_14 SpatiallyLoaded:1 Bounds:IsValid=true, Min=(X=12868.000 Y=2256.877 Z=-204.000), Max=(X=12880.000 Y=2823.810 Z=286.000) RuntimeGrid:None EditorOnly:0 RuntimeOnly:0 HLODRelevant:1 ListedInSceneOutliner:1 IsMainWorldOnly:0
 |   |   |- [+] [  4]
 |   |   |   |- Guid:2B29B7284C69E4199FA5C2BBA3BFB697 BaseClass: NativeClass:/Script/Engine.StaticMeshActor Name:StaticMeshActor_UAID_D843AE06D09DE2F601_1125737727 Label:01_Fance_7 SpatiallyLoaded:1 Bounds:IsValid=true, Min=(X=9267.000 Y=2741.877 Z=-204.000), Max=(X=9279.000 Y=3308.809 Z=286.000) RuntimeGrid:None EditorOnly:0 RuntimeOnly:0 HLODRelevant:1 ListedInSceneOutliner:1 IsMainWorldOnly:0
 |   |   |- [+] [  5]
 |   |   |   |- Guid:30A23FEC4788A06F4CB5E99EAA52C141 BaseClass: NativeClass:/Script/Engine.ExponentialHeightFog Name:ExponentialHeightFog_0 Label:ExponentialHeightFog SpatiallyLoaded:0 Bounds:IsValid=true, Min=(X=-8870.000 Y=-50.000 Z=-6850.000), Max=(X=-8870.000 Y=-50.000 Z=-6850.000) RuntimeGrid:None EditorOnly:0 RuntimeOnly:0 HLODRelevant:0 ListedInSceneOutliner:1 IsMainWorldOnly:0 FolderPath:Lighting FolderGuid:963EC3EB4002CCE9759E2EBA541A873A
 |   |   |- [+] [  6]
 |   |   |   |- Guid:342474AC4E64781D199FCF84857102C2 BaseClass:/Engine/EngineSky/BP_Sky_Sphere.BP_Sky_Sphere_C NativeClass:/Script/Engine.Actor Name:BP_Sky_Sphere_C_UAID_D843AE06D09D5BF401_1835930983 Label:BP_Sky_Sphere SpatiallyLoaded:0 Bounds:IsValid=true, Min=(X=-1330577.970 Y=-1329959.970 Z=-1331187.970), Max=(X=1331821.970 Y=1332439.970 Z=1331211.970) RuntimeGrid:None EditorOnly:0 RuntimeOnly:0 HLODRelevant:0 ListedInSceneOutliner:1 IsMainWorldOnly:0 FolderPath:Lighting FolderGuid:963EC3EB4002CCE9759E2EBA541A873A
 |   |   |- [+] [  7]
 |   |   |   |- Guid:35FCEAEA4AE7E0ADA57BE69151B82E6B BaseClass: NativeClass:/Script/Engine.StaticMeshActor Name:StaticMeshActor_UAID_D843AE06D09DE2F601_1243756738 Label:01_Fance_18 SpatiallyLoaded:1 Bounds:IsValid=true, Min=(X=9716.877 Y=-418.000 Z=-204.000), Max=(X=10283.809 Y=-406.000 Z=286.000) RuntimeGrid:None EditorOnly:0 RuntimeOnly:0 HLODRelevant:1 ListedInSceneOutliner:1 IsMainWorldOnly:0
 |   |   |- [+] [  8]
 |   |   |   |- Guid:3608A26B42E9FD40B4A5E0808D971062 BaseClass: NativeClass:/Script/Engine.StaticMeshActor Name:StaticMeshActor_UAID_D843AE06D09D8AF501_1712065453 Label:Grass2 SpatiallyLoaded:1 Bounds:IsValid=true, Min=(X=4130.000 Y=-570.000 Z=-187.000), Max=(X=9330.000 Y=3430.000 Z=-167.000) RuntimeGrid:None EditorOnly:0 RuntimeOnly:0 HLODRelevant:1 ListedInSceneOutliner:1 IsMainWorldOnly:0 FolderPath:Grass FolderGuid:0D65C67C48187702EF84E2A9C1667C5F
 |   |   |- [+] [  9]
 |   |   |   |- Guid:377EE0AE41C0FF8838B9B6A944DD71DE BaseClass: NativeClass:/Script/Engine.StaticMeshActor Name:StaticMeshActor_UAID_D843AE06D09DE2F601_1294793748 Label:01_Fance_28 SpatiallyLoaded:1 Bounds:IsValid=true, Min=(X=11906.877 Y=3188.000 Z=-204.000), Max=(X=12473.809 Y=3200.000 Z=286.000) RuntimeGrid:None EditorOnly:0 RuntimeOnly:0 HLODRelevant:1 ListedInSceneOutliner:1 IsMainWorldOnly:0
 |   |   |- [+] [ 10]
 |   |   |   |- Guid:37B0D87B42973DE188AC0BBB87F5F202 BaseClass: NativeClass:/Script/Engine.SkyLight Name:SkyLight_1 Label:SkyLight SpatiallyLoaded:0 Bounds:IsValid=true, Min=(X=0.000 Y=0.000 Z=0.000), Max=(X=0.000 Y=0.000 Z=0.000) RuntimeGrid:None EditorOnly:0 RuntimeOnly:0 HLODRelevant:0 ListedInSceneOutliner:1 IsMainWorldOnly:0 FolderPath:Lighting FolderGuid:963EC3EB4002CCE9759E2EBA541A873A
 |   |   |- [+] [ 11]
 |   |   |   |- Guid:37D96D5D47A3D78575F38A8AB0D4952E BaseClass: NativeClass:/Script/Engine.StaticMeshActor Name:StaticMeshActor_UAID_D843AE06D09DC4F601_1130488479 Label:TheParkingLot_pillar SpatiallyLoaded:1 Bounds:IsValid=true, Min=(X=9417.133 Y=-409.802 Z=-146.830), Max=(X=12831.035 Y=3006.685 Z=282.142) RuntimeGrid:None EditorOnly:0 RuntimeOnly:0 HLODRelevant:1 ListedInSceneOutliner:1 IsMainWorldOnly:0
 |   |   |- [+] [ 12]
 |   |   |   |- Guid:3BB565204AAF20262985BCA5C05DDE6E BaseClass: NativeClass:/Script/Engine.StaticMeshActor Name:StaticMeshActor_UAID_D843AE06D09DC4F601_1657494487 Label:TheParkingLot_lights_wire_001 SpatiallyLoaded:1 Bounds:IsValid=true, Min=(X=9189.721 Y=165.281 Z=235.140), Max=(X=13028.092 Y=3548.887 Z=235.202) RuntimeGrid:None EditorOnly:0 RuntimeOnly:0 HLODRelevant:1 ListedInSceneOutliner:1 IsMainWorldOnly:0
 |   |   |- [+] [ 13]
 |   |   |   |- Guid:3DC28D5145526DB75C4BEFB0F86E8419 BaseClass: NativeClass:/Script/Engine.StaticMeshActor Name:StaticMeshActor_UAID_D843AE06D09DE2F601_1294791746 Label:01_Fance_26 SpatiallyLoaded:1 Bounds:IsValid=true, Min=(X=9168.877 Y=3188.000 Z=-204.000), Max=(X=9735.809 Y=3200.000 Z=286.000) RuntimeGrid:None EditorOnly:0 RuntimeOnly:0 HLODRelevant:1 ListedInSceneOutliner:1 IsMainWorldOnly:0
 |   |   |- [+] [ 14]
 |   |   |   |- Guid:3E821D154ECF568BABEB169540394113 BaseClass:/Game/FollowMeLibrary/Companion/BTCompanion/Companion_BP.Companion_BP_C NativeClass:/Script/Engine.Character Name:Companion_BP_C_UAID_D843AE06D09D2DF501_1973985800 Label:Companion_BP SpatiallyLoaded:1 Bounds:IsValid=true, Min=(X=8732.000 Y=1478.000 Z=-152.146), Max=(X=8803.591 Y=1546.000 Z=28.336) RuntimeGrid:None EditorOnly:0 RuntimeOnly:0 HLODRelevant:0 ListedInSceneOutliner:1 IsMainWorldOnly:0 FolderPath:MyPlayer FolderGuid:EAEE21B84BF20B1F98098185499D2D8C
 |   |   |   |- Guid:46A3123F4155DFCCBC2C7B8B102983DD BaseClass:/Game/FollowMeLibrary/Player/ThirdPersonCharacter.ThirdPersonCharacter_C NativeClass:/Script/Engine.Character Name:ThirdPersonCharacter_C_UAID_D843AE06D09D17F101_2025650710 Label:ThirdPersonCharacter SpatiallyLoaded:1 Bounds:IsValid=true, Min=(X=8539.000 Y=1304.000 Z=-147.146), Max=(X=8610.591 Y=1372.000 Z=35.000) RuntimeGrid:None EditorOnly:0 RuntimeOnly:0 HLODRelevant:0 ListedInSceneOutliner:1 IsMainWorldOnly:0 FolderPath:MyPlayer FolderGuid:EAEE21B84BF20B1F98098185499D2D8C
 |   |   |- [+] [ 15]
 |   |   |   |- Guid:3E99688344610AFBFEEB06B95B4F7C3E BaseClass: NativeClass:/Script/Engine.StaticMeshActor Name:StaticMeshActor_UAID_D843AE06D09D8DF501_1873904253 Label:Grass3 SpatiallyLoaded:1 Bounds:IsValid=true, Min=(X=9331.000 Y=-565.000 Z=-187.000), Max=(X=14931.000 Y=3435.000 Z=-167.000) RuntimeGrid:None EditorOnly:0 RuntimeOnly:0 HLODRelevant:1 ListedInSceneOutliner:1 IsMainWorldOnly:0 FolderPath:Grass FolderGuid:0D65C67C48187702EF84E2A9C1667C5F
 |   |   |- [+] [ 16]
 |   |   |   |- Guid:3F5E6DE14F1D20B4DA51298E4CC88206 BaseClass: NativeClass:/Script/Engine.StaticMeshActor Name:StaticMeshActor_UAID_D843AE06D09DE2F601_1294790744 Label:01_Fance_24 SpatiallyLoaded:1 Bounds:IsValid=true, Min=(X=10263.877 Y=3188.000 Z=-204.000), Max=(X=10830.809 Y=3200.000 Z=286.000) RuntimeGrid:None EditorOnly:0 RuntimeOnly:0 HLODRelevant:1 ListedInSceneOutliner:1 IsMainWorldOnly:0
 |   |   |- [+] [ 17]
 |   |   |   |- Guid:3F6CC84D4299F0C3BE2EE199ED2610EE BaseClass: NativeClass:/Script/Engine.StaticMeshActor Name:StaticMeshActor_UAID_D843AE06D09DE2F601_1169049732 Label:01_Fance_12 SpatiallyLoaded:1 Bounds:IsValid=true, Min=(X=12868.000 Y=-481.123 Z=-204.000), Max=(X=12880.000 Y=85.810 Z=286.000) RuntimeGrid:None EditorOnly:0 RuntimeOnly:0 HLODRelevant:1 ListedInSceneOutliner:1 IsMainWorldOnly:0
 |   |   |- [+] [ 18]
 |   |   |   |- Guid:40294B404BEA4BAE77EDAFA08B46E5B0 BaseClass: NativeClass:/Script/Engine.StaticMeshActor Name:StaticMeshActor_UAID_D843AE06D09DE1F601_2035206548 Label:01_Fance_4 SpatiallyLoaded:1 Bounds:IsValid=true, Min=(X=9267.000 Y=613.877 Z=-204.000), Max=(X=9279.000 Y=1180.809 Z=286.000) RuntimeGrid:None EditorOnly:0 RuntimeOnly:0 HLODRelevant:1 ListedInSceneOutliner:1 IsMainWorldOnly:0
 |   |   |- [+] [ 19]
 |   |   |   |- Guid:492D6D6944E78623068CEFAFCDAD4420 BaseClass: NativeClass:/Script/Engine.PostProcessVolume Name:PostProcessVolume_0 Label:PostProcessVolume SpatiallyLoaded:0 Bounds:IsValid=true, Min=(X=-3270.000 Y=0.000 Z=400.000), Max=(X=-3070.000 Y=200.000 Z=600.000) RuntimeGrid:None EditorOnly:0 RuntimeOnly:0 HLODRelevant:0 ListedInSceneOutliner:1 IsMainWorldOnly:0 FolderPath:Lighting FolderGuid:963EC3EB4002CCE9759E2EBA541A873A
 |   |   |- [+] [ 20]
 |   |   |   |- Guid:4E15B26D4947D6D452538DA48CD43BDD BaseClass: NativeClass:/Script/Engine.StaticMeshActor Name:StaticMeshActor_UAID_D843AE06D09DE2F601_1243758741 Label:01_Fance_21 SpatiallyLoaded:1 Bounds:IsValid=true, Min=(X=11906.877 Y=-418.000 Z=-204.000), Max=(X=12473.809 Y=-406.000 Z=286.000) RuntimeGrid:None EditorOnly:0 RuntimeOnly:0 HLODRelevant:1 ListedInSceneOutliner:1 IsMainWorldOnly:0
 |   |   |- [+] [ 21]
 |   |   |   |- Guid:4EDA06E242477837F66A5ABCFA94926E BaseClass: NativeClass:/Script/Engine.StaticMeshActor Name:StaticMeshActor_UAID_D843AE06D09DE2F601_1243759743 Label:01_Fance_23 SpatiallyLoaded:1 Bounds:IsValid=true, Min=(X=10812.877 Y=-418.000 Z=-204.000), Max=(X=11379.809 Y=-406.000 Z=286.000) RuntimeGrid:None EditorOnly:0 RuntimeOnly:0 HLODRelevant:1 ListedInSceneOutliner:1 IsMainWorldOnly:0
 |   |   |- [+] [ 22]
 |   |   |   |- Guid:5551A34B458E65C4BB5F558E820FB75F BaseClass: NativeClass:/Script/Engine.StaticMeshActor Name:StaticMeshActor_UAID_D843AE06D09DE2F601_1294793747 Label:01_Fance_27 SpatiallyLoaded:1 Bounds:IsValid=true, Min=(X=12453.877 Y=3188.000 Z=-204.000), Max=(X=13020.809 Y=3200.000 Z=286.000) RuntimeGrid:None EditorOnly:0 RuntimeOnly:0 HLODRelevant:1 ListedInSceneOutliner:1 IsMainWorldOnly:0
 |   |   |- [+] [ 23]
 |   |   |   |- Guid:5F127FE442D16F4C7A0361B9B6E7ADA2 BaseClass: NativeClass:/Script/Engine.WorldDataLayers Name:WorldDataLayers Label:WorldDataLayers SpatiallyLoaded:0 Bounds:Invalid RuntimeGrid:None EditorOnly:0 RuntimeOnly:0 HLODRelevant:0 ListedInSceneOutliner:1 IsMainWorldOnly:1 FolderPath:NavMesh FolderGuid:A6E81EF048CC3D644F7CFFA5B6DB642A
 |   |   |- [+] [ 24]
 |   |   |   |- Guid:62B75AB643B94F1E37C27BB9E459334E BaseClass: NativeClass:/Script/Engine.StaticMeshActor Name:StaticMeshActor_UAID_D843AE06D09DE2F601_1105237726 Label:01_Fance_6 SpatiallyLoaded:1 Bounds:IsValid=true, Min=(X=9267.000 Y=-481.123 Z=-204.000), Max=(X=9279.000 Y=85.809 Z=286.000) RuntimeGrid:None EditorOnly:0 RuntimeOnly:0 HLODRelevant:1 ListedInSceneOutliner:1 IsMainWorldOnly:0
 |   |   |- [+] [ 25]
 |   |   |   |- Guid:69B58EF340830B5E141F6A93FC8DD7B9 BaseClass: NativeClass:/Script/Engine.StaticMeshActor Name:StaticMeshActor_UAID_D843AE06D09DC4F601_1584956486 Label:TheParkingLot_lights_wire SpatiallyLoaded:1 Bounds:IsValid=true, Min=(X=9099.584 Y=-396.719 Z=227.706), Max=(X=13093.499 Y=2986.887 Z=238.240) RuntimeGrid:None EditorOnly:0 RuntimeOnly:0 HLODRelevant:1 ListedInSceneOutliner:1 IsMainWorldOnly:0
 |   |   |- [+] [ 26]
 |   |   |   |- Guid:69D0582F4A216817F0CDBEAC59F6221D BaseClass: NativeClass:/Script/Engine.StaticMeshActor Name:StaticMeshActor_UAID_D843AE06D09DE2F601_1243758742 Label:01_Fance_22 SpatiallyLoaded:1 Bounds:IsValid=true, Min=(X=11358.877 Y=-418.000 Z=-204.000), Max=(X=11925.809 Y=-406.000 Z=286.000) RuntimeGrid:None EditorOnly:0 RuntimeOnly:0 HLODRelevant:1 ListedInSceneOutliner:1 IsMainWorldOnly:0
 |   |   |- [+] [ 27]
 |   |   |   |- Guid:6AB2F7A94F8DA909D061DEBBDDBF71E2 BaseClass: NativeClass:/Script/Engine.StaticMeshActor Name:StaticMeshActor_UAID_D843AE06D09DC4F601_1337488484 Label:Floor_400x400 SpatiallyLoaded:1 Bounds:IsValid=true, Min=(X=9262.000 Y=-411.000 Z=-168.000), Max=(X=12862.000 Y=3189.000 Z=-148.000) RuntimeGrid:None EditorOnly:0 RuntimeOnly:0 HLODRelevant:1 ListedInSceneOutliner:1 IsMainWorldOnly:0
 |   |   |- [+] [ 28]
 |   |   |   |- Guid:7625FD304CCD6291C674389764E9E3E5 BaseClass: NativeClass:/Script/Engine.StaticMeshActor Name:StaticMeshActor_UAID_D843AE06D09DE2F601_1169047730 Label:01_Fance_10 SpatiallyLoaded:1 Bounds:IsValid=true, Min=(X=12868.000 Y=613.877 Z=-204.000), Max=(X=12880.000 Y=1180.810 Z=286.000) RuntimeGrid:None EditorOnly:0 RuntimeOnly:0 HLODRelevant:1 ListedInSceneOutliner:1 IsMainWorldOnly:0
 |   |   |- [+] [ 29]
 |   |   |   |- Guid:7C0EB5E54778A8F147249A8C8C7FB6FC BaseClass: NativeClass:/Script/Engine.StaticMeshActor Name:StaticMeshActor_UAID_A4AE111137DC5EFB00_1110535423 Label:SM_SkySphere SpatiallyLoaded:0 Bounds:IsValid=true, Min=(X=-1641670.000 Y=-1638400.000 Z=-1638400.000), Max=(X=1635130.000 Y=1638400.000 Z=1638400.000) RuntimeGrid:None EditorOnly:0 RuntimeOnly:0 HLODRelevant:1 ListedInSceneOutliner:1 IsMainWorldOnly:0 FolderPath:Lighting FolderGuid:963EC3EB4002CCE9759E2EBA541A873A
 |   |   |- [+] [ 30]
 |   |   |   |- Guid:7CFB905D4C89C1EDD9DFB68EDDF044DE BaseClass: NativeClass:/Script/Engine.StaticMeshActor Name:StaticMeshActor_UAID_D843AE06D09DE2F601_1125739729 Label:01_Fance_9 SpatiallyLoaded:1 Bounds:IsValid=true, Min=(X=9267.000 Y=1646.877 Z=-204.000), Max=(X=9279.000 Y=2213.809 Z=286.000) RuntimeGrid:None EditorOnly:0 RuntimeOnly:0 HLODRelevant:1 ListedInSceneOutliner:1 IsMainWorldOnly:0
 |   |   |- [+] [ 31]
 |   |   |   |- Guid:829429884EF2A8887E9016B7AFD8D96A BaseClass: NativeClass:/Script/Engine.StaticMeshActor Name:StaticMeshActor_UAID_D843AE06D09DE2F601_1243754737 Label:01_Fance_17 SpatiallyLoaded:1 Bounds:IsValid=true, Min=(X=10263.877 Y=-418.000 Z=-204.000), Max=(X=10830.809 Y=-406.000 Z=286.000) RuntimeGrid:None EditorOnly:0 RuntimeOnly:0 HLODRelevant:1 ListedInSceneOutliner:1 IsMainWorldOnly:0
 |   |   |- [+] [ 32]
 |   |   |   |- Guid:8A80B4284F72BE07BBCA509FC87E2FB3 BaseClass: NativeClass:/Script/Engine.StaticMeshActor Name:StaticMeshActor_UAID_D843AE06D09DE2F601_1169049733 Label:01_Fance_13 SpatiallyLoaded:1 Bounds:IsValid=true, Min=(X=12868.000 Y=2803.877 Z=-204.000), Max=(X=12880.000 Y=3370.810 Z=286.000) RuntimeGrid:None EditorOnly:0 RuntimeOnly:0 HLODRelevant:1 ListedInSceneOutliner:1 IsMainWorldOnly:0
 |   |   |- [+] [ 33]
 |   |   |   |- Guid:8BEFCD3041AF915856D2B293BDF14F14 BaseClass: NativeClass:/Script/Engine.DirectionalLight Name:DirectionalLight_0 Label:DirectionalLight SpatiallyLoaded:0 Bounds:IsValid=true, Min=(X=-4398046511104.000 Y=-4398046511104.000 Z=-4398046511104.000), Max=(X=4398046511104.000 Y=4398046511104.000 Z=4398046511104.000) RuntimeGrid:None EditorOnly:0 RuntimeOnly:0 HLODRelevant:0 ListedInSceneOutliner:1 IsMainWorldOnly:0 FolderPath:Lighting FolderGuid:963EC3EB4002CCE9759E2EBA541A873A
 |   |   |- [+] [ 34]
 |   |   |   |- Guid:A1472BE146D5FF26E2D0D5990ED663B4 BaseClass: NativeClass:/Script/Engine.StaticMeshActor Name:StaticMeshActor_UAID_D843AE06D09DE2F601_1169048731 Label:01_Fance_11 SpatiallyLoaded:1 Bounds:IsValid=true, Min=(X=12868.000 Y=66.877 Z=-204.000), Max=(X=12880.000 Y=633.810 Z=286.000) RuntimeGrid:None EditorOnly:0 RuntimeOnly:0 HLODRelevant:1 ListedInSceneOutliner:1 IsMainWorldOnly:0
 |   |   |- [+] [ 35]
 |   |   |   |- Guid:A62926834D1C175E701DF19FF6A03766 BaseClass: NativeClass:/Script/Engine.StaticMeshActor Name:StaticMeshActor_UAID_D843AE06D09D25F601_1405013447 Label:TheDorm SpatiallyLoaded:1 Bounds:IsValid=true, Min=(X=-647.000 Y=-190.000 Z=-167.000), Max=(X=4105.000 Y=3049.000 Z=273.000) RuntimeGrid:None EditorOnly:0 RuntimeOnly:0 HLODRelevant:1 ListedInSceneOutliner:1 IsMainWorldOnly:0 FolderPath:TheDorm FolderGuid:C73F09FC4215536B1DCE2A9E0A830C70
 |   |   |- [+] [ 36]
 |   |   |   |- Guid:A6301A1942D168DC0A6052B7C52C53C7 BaseClass: NativeClass:/Script/NavigationSystem.RecastNavMesh Name:RecastNavMesh_UAID_D843AE06D09DD9F401-Default Label:RecastNavMesh-Default SpatiallyLoaded:0 Bounds:IsValid=true, Min=(X=0.000 Y=0.000 Z=0.000), Max=(X=0.000 Y=0.000 Z=0.000) RuntimeGrid:None EditorOnly:0 RuntimeOnly:0 HLODRelevant:0 ListedInSceneOutliner:1 IsMainWorldOnly:0 FolderPath:NavMesh FolderGuid:A6E81EF048CC3D644F7CFFA5B6DB642A
 |   |   |- [+] [ 37]
 |   |   |   |- Guid:AD76366B4DA8CFB008AA2D8E39A8C532 BaseClass: NativeClass:/Script/Engine.StaticMeshActor Name:StaticMeshActor_UAID_D843AE06D09DE2F601_1294791745 Label:01_Fance_25 SpatiallyLoaded:1 Bounds:IsValid=true, Min=(X=9716.877 Y=3188.000 Z=-204.000), Max=(X=10283.809 Y=3200.000 Z=286.000) RuntimeGrid:None EditorOnly:0 RuntimeOnly:0 HLODRelevant:1 ListedInSceneOutliner:1 IsMainWorldOnly:0
 |   |   |- [+] [ 38]
 |   |   |   |- Guid:BA1D2C1F49EA0962EED6E4A32D58F541 BaseClass: NativeClass:/Script/Engine.StaticMeshActor Name:StaticMeshActor_UAID_D843AE06D09DE2F601_1294794749 Label:01_Fance_29 SpatiallyLoaded:1 Bounds:IsValid=true, Min=(X=11358.877 Y=3188.000 Z=-204.000), Max=(X=11925.809 Y=3200.000 Z=286.000) RuntimeGrid:None EditorOnly:0 RuntimeOnly:0 HLODRelevant:1 ListedInSceneOutliner:1 IsMainWorldOnly:0
 |   |   |- [+] [ 39]
 |   |   |   |- Guid:C1682B1A448B245320E49A979753C8FA BaseClass: NativeClass:/Script/Engine.TextRenderActor Name:TextRenderActor_1 Label:TextRenderActor SpatiallyLoaded:1 Bounds:IsValid=true, Min=(X=-2610.100 Y=1100.000 Z=65.013), Max=(X=-2610.100 Y=2392.308 Z=215.013) RuntimeGrid:None EditorOnly:0 RuntimeOnly:0 HLODRelevant:0 ListedInSceneOutliner:1 IsMainWorldOnly:0 FolderPath:Lighting FolderGuid:963EC3EB4002CCE9759E2EBA541A873A
 |   |   |- [+] [ 40]
 |   |   |   |- Guid:C3EABC45471ABC0FE4FFACBE8C56D7E1 BaseClass: NativeClass:/Script/Engine.StaticMeshActor Name:StaticMeshActor_UAID_D843AE06D09DE2F601_1169051735 Label:01_Fance_15 SpatiallyLoaded:1 Bounds:IsValid=true, Min=(X=12868.000 Y=1708.877 Z=-204.000), Max=(X=12880.000 Y=2275.810 Z=286.000) RuntimeGrid:None EditorOnly:0 RuntimeOnly:0 HLODRelevant:1 ListedInSceneOutliner:1 IsMainWorldOnly:0
 |   |   |- [+] [ 41]
 |   |   |   |- Guid:C914BF054ACBD55FFC7B8FA334198240 BaseClass: NativeClass:/Script/Engine.StaticMeshActor Name:StaticMeshActor_UAID_D843AE06D09DE2F601_1243757739 Label:01_Fance_19 SpatiallyLoaded:1 Bounds:IsValid=true, Min=(X=9168.877 Y=-418.000 Z=-204.000), Max=(X=9735.809 Y=-406.000 Z=286.000) RuntimeGrid:None EditorOnly:0 RuntimeOnly:0 HLODRelevant:1 ListedInSceneOutliner:1 IsMainWorldOnly:0
 |   |   |- [+] [ 42]
 |   |   |   |- Guid:CD5C8AC64F606F9B45588AA76E2D4E48 BaseClass: NativeClass:/Script/NavigationSystem.RecastNavMesh Name:RecastNavMesh_UAID_D843AE06D09D55EE01-Default Label:RecastNavMesh-Default SpatiallyLoaded:0 Bounds:IsValid=true, Min=(X=0.000 Y=0.000 Z=0.000), Max=(X=0.000 Y=0.000 Z=0.000) RuntimeGrid:None EditorOnly:0 RuntimeOnly:0 HLODRelevant:0 ListedInSceneOutliner:1 IsMainWorldOnly:0
 |   |   |- [+] [ 43]
 |   |   |   |- Guid:CFEB586F4488E0CB739C8FA1EA99AAA1 BaseClass: NativeClass:/Script/Engine.StaticMeshActor Name:StaticMeshActor_UAID_D843AE06D09D25F601_1502506448 Label:TheSchool SpatiallyLoaded:1 Bounds:IsValid=true, Min=(X=4066.000 Y=-268.000 Z=-168.000), Max=(X=9272.000 Y=3092.000 Z=272.000) RuntimeGrid:None EditorOnly:0 RuntimeOnly:0 HLODRelevant:1 ListedInSceneOutliner:1 IsMainWorldOnly:0 FolderPath:TheSchool FolderGuid:909EB71D4994197FE8129B98230C3588
 |   |   |- [+] [ 44]
 |   |   |   |- Guid:D9D0F0F8468C9FC36312A696303D1D5B BaseClass: NativeClass:/Script/Engine.StaticMeshActor Name:StaticMeshActor_UAID_D843AE06D09DE2F601_1294794750 Label:01_Fance_30 SpatiallyLoaded:1 Bounds:IsValid=true, Min=(X=10812.877 Y=3188.000 Z=-204.000), Max=(X=11379.809 Y=3200.000 Z=286.000) RuntimeGrid:None EditorOnly:0 RuntimeOnly:0 HLODRelevant:1 ListedInSceneOutliner:1 IsMainWorldOnly:0
 |   |   |- [+] [ 45]
 |   |   |   |- Guid:DB47A4154DEF363BDFBCDA8ADF2DBE28 BaseClass: NativeClass:/Script/Engine.SkyAtmosphere Name:SkyAtmosphere_0 Label:SkyAtmosphere SpatiallyLoaded:0 Bounds:IsValid=true, Min=(X=0.000 Y=0.000 Z=0.000), Max=(X=0.000 Y=0.000 Z=0.000) RuntimeGrid:None EditorOnly:0 RuntimeOnly:0 HLODRelevant:0 ListedInSceneOutliner:1 IsMainWorldOnly:0 FolderPath:Lighting FolderGuid:963EC3EB4002CCE9759E2EBA541A873A
 |   |   |- [+] [ 46]
 |   |   |   |- Guid:EB9D72C342FEB1032A3E6783FF70A1FC BaseClass: NativeClass:/Script/Engine.StaticMeshActor Name:StaticMeshActor_UAID_D843AE06D09DE2F601_1243757740 Label:01_Fance_20 SpatiallyLoaded:1 Bounds:IsValid=true, Min=(X=12453.877 Y=-418.000 Z=-204.000), Max=(X=13020.809 Y=-406.000 Z=286.000) RuntimeGrid:None EditorOnly:0 RuntimeOnly:0 HLODRelevant:1 ListedInSceneOutliner:1 IsMainWorldOnly:0
 |   |   |- [+] [ 47]
 |   |   |   |- Guid:EE34D7B34CF488A2E3CEBF88813BBF5D BaseClass: NativeClass:/Script/Engine.StaticMeshActor Name:StaticMeshActor_UAID_D843AE06D09DE2F601_1125738728 Label:01_Fance_8 SpatiallyLoaded:1 Bounds:IsValid=true, Min=(X=9267.000 Y=2194.877 Z=-204.000), Max=(X=9279.000 Y=2761.809 Z=286.000) RuntimeGrid:None EditorOnly:0 RuntimeOnly:0 HLODRelevant:1 ListedInSceneOutliner:1 IsMainWorldOnly:0
 |   |   |- [+] [ 48]
 |   |   |   |- Guid:EF068B6A42CE0440A0D41096208A5DE5 BaseClass: NativeClass:/Script/Engine.StaticMeshActor Name:StaticMeshActor_UAID_D843AE06D09DE2F601_1197431736 Label:01_Fance_16 SpatiallyLoaded:1 Bounds:IsValid=true, Min=(X=12868.000 Y=1162.877 Z=-204.000), Max=(X=12880.000 Y=1729.810 Z=286.000) RuntimeGrid:None EditorOnly:0 RuntimeOnly:0 HLODRelevant:1 ListedInSceneOutliner:1 IsMainWorldOnly:0
 |   |   |- [+] [ 49]
 |   |   |   |- Guid:F1AD4E2A48AD64AC4F60F9A43EBB85C6 BaseClass: NativeClass:/Script/Engine.StaticMeshActor Name:StaticMeshActor_UAID_D843AE06D09DC4F601_1488521485 Label:TheParkingLot_wall_btw_pillar SpatiallyLoaded:1 Bounds:IsValid=true, Min=(X=9433.738 Y=-376.922 Z=194.208), Max=(X=12813.755 Y=2986.080 Z=234.520) RuntimeGrid:None EditorOnly:0 RuntimeOnly:0 HLODRelevant:1 ListedInSceneOutliner:1 IsMainWorldOnly:0
 |   |   |- [+] [ 50]
 |   |   |   |- Guid:F9385A8546CB95EBBCA2B9B3D957D728 BaseClass: NativeClass:/Script/Engine.StaticMeshActor Name:StaticMeshActor_UAID_D843AE06D09DE2F601_1092648725 Label:01_Fance_5 SpatiallyLoaded:1 Bounds:IsValid=true, Min=(X=9267.000 Y=66.877 Z=-204.000), Max=(X=9279.000 Y=633.809 Z=286.000) RuntimeGrid:None EditorOnly:0 RuntimeOnly:0 HLODRelevant:1 ListedInSceneOutliner:1 IsMainWorldOnly:0
 |   |   |- [+] [ 51]
 |   |   |   |- Guid:FD63BA844497F20BD175A499F3CEDF27 BaseClass: NativeClass:/Script/Engine.VolumetricCloud Name:VolumetricCloud_0 Label:VolumetricCloud SpatiallyLoaded:0 Bounds:IsValid=true, Min=(X=-3270.000 Y=0.000 Z=820.000), Max=(X=-3270.000 Y=0.000 Z=820.000) RuntimeGrid:None EditorOnly:0 RuntimeOnly:0 HLODRelevant:0 ListedInSceneOutliner:1 IsMainWorldOnly:0 FolderPath:Lighting FolderGuid:963EC3EB4002CCE9759E2EBA541A873A
 |- ContainerInstances:
 |- [+] MainContainer:
 |   |-        ID: 00000000000000000000000000000000
 |   |-  ParentID: 00000000000000000000000000000000
 |   |-    Bounds: IsValid=false, Min=(X=0.000 Y=0.000 Z=0.000), Max=(X=0.000 Y=0.000 Z=0.000)
 |   |- Transform: 0.000000,0.000000,0.000000|0.000000,0.000000,-0.000000|1.000000,1.000000,1.000000
 |   |- Container: /Game/ThirdPerson/Maps/TheParkingLot
----------------------------------------------------------------------------------------------------------------
TheParkingLot - Persistent Level
----------------------------------------------------------------------------------------------------------------
[+] Content of TheParkingLot Persistent Level
 |- Always loaded Actor Count: 59 
 |- Actor Path: /Game/ThirdPerson/Maps/TheParkingLot.TheParkingLot:PersistentLevel.AbstractNavData-Default
 |- Actor Package: /Game/ThirdPerson/Maps/TheParkingLot
 |- Actor Path: /Game/ThirdPerson/Maps/TheParkingLot.TheParkingLot:PersistentLevel.BP_Sky_Sphere_C_UAID_D843AE06D09D5BF401_1835930983
 |- Actor Package: /Game/__ExternalActors__/ThirdPerson/Maps/TheParkingLot/9/3O/3S7Q6VVR3QA41FIK4YH9YM
 |- Actor Path: /Game/ThirdPerson/Maps/TheParkingLot.TheParkingLot:PersistentLevel.Brush_0
 |- Actor Package: /Game/ThirdPerson/Maps/TheParkingLot
 |- Actor Path: /Game/ThirdPerson/Maps/TheParkingLot.TheParkingLot:PersistentLevel.Companion_BP_C_UAID_D843AE06D09D2DF501_1973985800
 |- Actor Package: /Game/__ExternalActors__/ThirdPerson/Maps/TheParkingLot/4/MX/71RBY75TZAKDHV2QNAMKZT
 |- Actor Path: /Game/ThirdPerson/Maps/TheParkingLot.TheParkingLot:PersistentLevel.DefaultPhysicsVolume_0
 |- Actor Package: /Game/ThirdPerson/Maps/TheParkingLot
 |- Actor Path: /Game/ThirdPerson/Maps/TheParkingLot.TheParkingLot:PersistentLevel.DirectionalLight_0
 |- Actor Package: /Game/__ExternalActors__/ThirdPerson/Maps/TheParkingLot/4/9P/E6R4FI5PDSAHVD67QFSHRN
 |- Actor Path: /Game/ThirdPerson/Maps/TheParkingLot.TheParkingLot:PersistentLevel.ExponentialHeightFog_0
 |- Actor Package: /Game/__ExternalActors__/ThirdPerson/Maps/TheParkingLot/9/EI/NB7S22NWMK8ZZHNELSSHIR
 |- Actor Path: /Game/ThirdPerson/Maps/TheParkingLot.TheParkingLot:PersistentLevel.GameplayDebuggerPlayerManager_0
 |- Actor Package: /Game/ThirdPerson/Maps/TheParkingLot
 |- Actor Path: /Game/ThirdPerson/Maps/TheParkingLot.TheParkingLot:PersistentLevel.NavMeshBoundsVolume_UAID_D843AE06D09DD9F401_2024537016
 |- Actor Package: /Game/__ExternalActors__/ThirdPerson/Maps/TheParkingLot/B/E8/GOY174B0MWJ61O3QVEOE7N
 |- Actor Path: /Game/ThirdPerson/Maps/TheParkingLot.TheParkingLot:PersistentLevel.PostProcessVolume_0
 |- Actor Package: /Game/__ExternalActors__/ThirdPerson/Maps/TheParkingLot/0/WQ/6C0I8HSF9IX1UMAHSCHDI3
 |- Actor Path: /Game/ThirdPerson/Maps/TheParkingLot.TheParkingLot:PersistentLevel.RecastNavMesh_UAID_D843AE06D09DD9F401-Default
 |- Actor Package: /Game/__ExternalActors__/ThirdPerson/Maps/TheParkingLot/9/1V/DMLG1EY711EK9R2GRAS20M
 |- Actor Path: /Game/ThirdPerson/Maps/TheParkingLot.TheParkingLot:PersistentLevel.SkyAtmosphere_0
 |- Actor Package: /Game/__ExternalActors__/ThirdPerson/Maps/TheParkingLot/1/MT/2SXW7XZ945VFOZDDQ4URGA
 |- Actor Path: /Game/ThirdPerson/Maps/TheParkingLot.TheParkingLot:PersistentLevel.SkyLight_1
 |- Actor Package: /Game/__ExternalActors__/ThirdPerson/Maps/TheParkingLot/4/K1/SLDGQPZPGN2WH9EEV4BG0B
 |- Actor Path: /Game/ThirdPerson/Maps/TheParkingLot.TheParkingLot:PersistentLevel.StaticMeshActor_UAID_A4AE111137DC5EFB00_1110535423
 |- Actor Package: /Game/__ExternalActors__/ThirdPerson/Maps/TheParkingLot/0/AK/3WRSI22BBX06Z00U6ECXJO
 |- Actor Path: /Game/ThirdPerson/Maps/TheParkingLot.TheParkingLot:PersistentLevel.StaticMeshActor_UAID_D843AE06D09D25F601_1405013447
 |- Actor Package: /Game/__ExternalActors__/ThirdPerson/Maps/TheParkingLot/A/OQ/UHII902MU999KPL0H4NWWV
 |- Actor Path: /Game/ThirdPerson/Maps/TheParkingLot.TheParkingLot:PersistentLevel.StaticMeshActor_UAID_D843AE06D09D25F601_1502506448
 |- Actor Package: /Game/__ExternalActors__/ThirdPerson/Maps/TheParkingLot/8/B0/ANH6LD6GOD2809TV3O4E92
 |- Actor Path: /Game/ThirdPerson/Maps/TheParkingLot.TheParkingLot:PersistentLevel.StaticMeshActor_UAID_D843AE06D09D8AF501_1712065453
 |- Actor Package: /Game/__ExternalActors__/ThirdPerson/Maps/TheParkingLot/1/PU/P9XWTM89YRVK9BLNI1W56S
 |- Actor Path: /Game/ThirdPerson/Maps/TheParkingLot.TheParkingLot:PersistentLevel.StaticMeshActor_UAID_D843AE06D09D8DF501_1873904253
 |- Actor Package: /Game/__ExternalActors__/ThirdPerson/Maps/TheParkingLot/A/EK/WX6W2ZWGLYB3INKFK88LDQ
 |- Actor Path: /Game/ThirdPerson/Maps/TheParkingLot.TheParkingLot:PersistentLevel.StaticMeshActor_UAID_D843AE06D09DC4F601_1130488479
 |- Actor Package: /Game/__ExternalActors__/ThirdPerson/Maps/TheParkingLot/D/YC/CN6V1S13JJUE02DK6UN9QA
 |- Actor Path: /Game/ThirdPerson/Maps/TheParkingLot.TheParkingLot:PersistentLevel.StaticMeshActor_UAID_D843AE06D09DC4F601_1337488484
 |- Actor Package: /Game/__ExternalActors__/ThirdPerson/Maps/TheParkingLot/E/9K/ZXEU8DB65NNZLVFRRUK7YL
 |- Actor Path: /Game/ThirdPerson/Maps/TheParkingLot.TheParkingLot:PersistentLevel.StaticMeshActor_UAID_D843AE06D09DC4F601_1488521485
 |- Actor Package: /Game/__ExternalActors__/ThirdPerson/Maps/TheParkingLot/9/LO/OQOTBPJR7UW2KNDDDH5PLY
 |- Actor Path: /Game/ThirdPerson/Maps/TheParkingLot.TheParkingLot:PersistentLevel.StaticMeshActor_UAID_D843AE06D09DC4F601_1584956486
 |- Actor Package: /Game/__ExternalActors__/ThirdPerson/Maps/TheParkingLot/1/86/IWHNR5Y9CO41D8YAXWTX6U
 |- Actor Path: /Game/ThirdPerson/Maps/TheParkingLot.TheParkingLot:PersistentLevel.StaticMeshActor_UAID_D843AE06D09DC4F601_1657494487
 |- Actor Package: /Game/__ExternalActors__/ThirdPerson/Maps/TheParkingLot/1/OA/2QCKCX1VLMHDQKJRXEOXWQ
 |- Actor Path: /Game/ThirdPerson/Maps/TheParkingLot.TheParkingLot:PersistentLevel.StaticMeshActor_UAID_D843AE06D09DC4F601_1766629488
 |- Actor Package: /Game/__ExternalActors__/ThirdPerson/Maps/TheParkingLot/C/92/T39KNEXVO8OBGWG9CI8YZH
 |- Actor Path: /Game/ThirdPerson/Maps/TheParkingLot.TheParkingLot:PersistentLevel.StaticMeshActor_UAID_D843AE06D09DE1F601_2035206548
 |- Actor Package: /Game/__ExternalActors__/ThirdPerson/Maps/TheParkingLot/7/90/B4F9A9DWAQELCTP9SMHNJL
 |- Actor Path: /Game/ThirdPerson/Maps/TheParkingLot.TheParkingLot:PersistentLevel.StaticMeshActor_UAID_D843AE06D09DE2F601_1092648725
 |- Actor Package: /Game/__ExternalActors__/ThirdPerson/Maps/TheParkingLot/1/4J/8NX22ODMLYK4DCD4HDWTRH
 |- Actor Path: /Game/ThirdPerson/Maps/TheParkingLot.TheParkingLot:PersistentLevel.StaticMeshActor_UAID_D843AE06D09DE2F601_1105237726
 |- Actor Package: /Game/__ExternalActors__/ThirdPerson/Maps/TheParkingLot/E/U0/V67FRPA4KF7WPGWP9R7G0M
 |- Actor Path: /Game/ThirdPerson/Maps/TheParkingLot.TheParkingLot:PersistentLevel.StaticMeshActor_UAID_D843AE06D09DE2F601_1125737727
 |- Actor Package: /Game/__ExternalActors__/ThirdPerson/Maps/TheParkingLot/C/TV/I0Z894EEUW3JCXFV4OS36L
 |- Actor Path: /Game/ThirdPerson/Maps/TheParkingLot.TheParkingLot:PersistentLevel.StaticMeshActor_UAID_D843AE06D09DE2F601_1125738728
 |- Actor Package: /Game/__ExternalActors__/ThirdPerson/Maps/TheParkingLot/8/QD/5TLBXFBBWQWBECLKTYOMVA
 |- Actor Path: /Game/ThirdPerson/Maps/TheParkingLot.TheParkingLot:PersistentLevel.StaticMeshActor_UAID_D843AE06D09DE2F601_1125739729
 |- Actor Package: /Game/__ExternalActors__/ThirdPerson/Maps/TheParkingLot/3/DC/3IPFNP5AB37I2R0V05VDWO
 |- Actor Path: /Game/ThirdPerson/Maps/TheParkingLot.TheParkingLot:PersistentLevel.StaticMeshActor_UAID_D843AE06D09DE2F601_1169047730
 |- Actor Package: /Game/__ExternalActors__/ThirdPerson/Maps/TheParkingLot/9/J2/10B4Z5J8IBPPEBLOP3HHVM
 |- Actor Path: /Game/ThirdPerson/Maps/TheParkingLot.TheParkingLot:PersistentLevel.StaticMeshActor_UAID_D843AE06D09DE2F601_1169048731
 |- Actor Package: /Game/__ExternalActors__/ThirdPerson/Maps/TheParkingLot/E/16/C1DEJ8IRTZ85677TNDDORV
 |- Actor Path: /Game/ThirdPerson/Maps/TheParkingLot.TheParkingLot:PersistentLevel.StaticMeshActor_UAID_D843AE06D09DE2F601_1169049732
 |- Actor Package: /Game/__ExternalActors__/ThirdPerson/Maps/TheParkingLot/B/4C/I2RF0B8BTW6JKY4QQT8AAD
 |- Actor Path: /Game/ThirdPerson/Maps/TheParkingLot.TheParkingLot:PersistentLevel.StaticMeshActor_UAID_D843AE06D09DE2F601_1169049733
 |- Actor Package: /Game/__ExternalActors__/ThirdPerson/Maps/TheParkingLot/7/8B/BXYHRAJILJAGT1MTQSL200
 |- Actor Path: /Game/ThirdPerson/Maps/TheParkingLot.TheParkingLot:PersistentLevel.StaticMeshActor_UAID_D843AE06D09DE2F601_1169050734
 |- Actor Package: /Game/__ExternalActors__/ThirdPerson/Maps/TheParkingLot/3/1H/ALTIXMD834O4S4PQCZIFLN
 |- Actor Path: /Game/ThirdPerson/Maps/TheParkingLot.TheParkingLot:PersistentLevel.StaticMeshActor_UAID_D843AE06D09DE2F601_1169051735
 |- Actor Package: /Game/__ExternalActors__/ThirdPerson/Maps/TheParkingLot/C/SW/6RDNR2ULWJRD1QDNFH6335
 |- Actor Path: /Game/ThirdPerson/Maps/TheParkingLot.TheParkingLot:PersistentLevel.StaticMeshActor_UAID_D843AE06D09DE2F601_1197431736
 |- Actor Package: /Game/__ExternalActors__/ThirdPerson/Maps/TheParkingLot/0/61/YL45BDAR250VFLIGW8NDPM
 |- Actor Path: /Game/ThirdPerson/Maps/TheParkingLot.TheParkingLot:PersistentLevel.StaticMeshActor_UAID_D843AE06D09DE2F601_1243754737
 |- Actor Package: /Game/__ExternalActors__/ThirdPerson/Maps/TheParkingLot/6/WB/VSQT8Y3DYT7MFF974GGO3K
 |- Actor Path: /Game/ThirdPerson/Maps/TheParkingLot.TheParkingLot:PersistentLevel.StaticMeshActor_UAID_D843AE06D09DE2F601_1243756738
 |- Actor Package: /Game/__ExternalActors__/ThirdPerson/Maps/TheParkingLot/5/KE/658RI83N4OBSK40GC58CFN
 |- Actor Path: /Game/ThirdPerson/Maps/TheParkingLot.TheParkingLot:PersistentLevel.StaticMeshActor_UAID_D843AE06D09DE2F601_1243757739
 |- Actor Package: /Game/__ExternalActors__/ThirdPerson/Maps/TheParkingLot/3/P5/Y8R0QB4J0ZVB0KUC2G0BFX
 |- Actor Path: /Game/ThirdPerson/Maps/TheParkingLot.TheParkingLot:PersistentLevel.StaticMeshActor_UAID_D843AE06D09DE2F601_1243757740
 |- Actor Package: /Game/__ExternalActors__/ThirdPerson/Maps/TheParkingLot/1/YK/P5RXRPPMH6XFUON7XGBDEB
 |- Actor Path: /Game/ThirdPerson/Maps/TheParkingLot.TheParkingLot:PersistentLevel.StaticMeshActor_UAID_D843AE06D09DE2F601_1243758741
 |- Actor Package: /Game/__ExternalActors__/ThirdPerson/Maps/TheParkingLot/B/BY/XD8OCVNVQYY2QQCCOPR1NE
 |- Actor Path: /Game/ThirdPerson/Maps/TheParkingLot.TheParkingLot:PersistentLevel.StaticMeshActor_UAID_D843AE06D09DE2F601_1243758742
 |- Actor Package: /Game/__ExternalActors__/ThirdPerson/Maps/TheParkingLot/D/Q6/L354FF2WRP6TS9DXXW578R
 |- Actor Path: /Game/ThirdPerson/Maps/TheParkingLot.TheParkingLot:PersistentLevel.StaticMeshActor_UAID_D843AE06D09DE2F601_1243759743
 |- Actor Package: /Game/__ExternalActors__/ThirdPerson/Maps/TheParkingLot/4/1G/UXNLL5APLUZC4WNEFHSCXB
 |- Actor Path: /Game/ThirdPerson/Maps/TheParkingLot.TheParkingLot:PersistentLevel.StaticMeshActor_UAID_D843AE06D09DE2F601_1294790744
 |- Actor Package: /Game/__ExternalActors__/ThirdPerson/Maps/TheParkingLot/8/QX/JFGQG7M0T50IP59TL7HU6H
 |- Actor Path: /Game/ThirdPerson/Maps/TheParkingLot.TheParkingLot:PersistentLevel.StaticMeshActor_UAID_D843AE06D09DE2F601_1294791745
 |- Actor Package: /Game/__ExternalActors__/ThirdPerson/Maps/TheParkingLot/7/HY/K22GHWRM5G50P7VJKOVD71
 |- Actor Path: /Game/ThirdPerson/Maps/TheParkingLot.TheParkingLot:PersistentLevel.StaticMeshActor_UAID_D843AE06D09DE2F601_1294791746
 |- Actor Package: /Game/__ExternalActors__/ThirdPerson/Maps/TheParkingLot/D/8W/ITZDTM5M4IOBZ2MW9KLNI7
 |- Actor Path: /Game/ThirdPerson/Maps/TheParkingLot.TheParkingLot:PersistentLevel.StaticMeshActor_UAID_D843AE06D09DE2F601_1294793747
 |- Actor Package: /Game/__ExternalActors__/ThirdPerson/Maps/TheParkingLot/B/GG/XS8HFJCQ3BELJ64D8V6NPZ
 |- Actor Path: /Game/ThirdPerson/Maps/TheParkingLot.TheParkingLot:PersistentLevel.StaticMeshActor_UAID_D843AE06D09DE2F601_1294793748
 |- Actor Package: /Game/__ExternalActors__/ThirdPerson/Maps/TheParkingLot/E/MU/OPXVITYQ3CU9YAT8AB8TUA
 |- Actor Path: /Game/ThirdPerson/Maps/TheParkingLot.TheParkingLot:PersistentLevel.StaticMeshActor_UAID_D843AE06D09DE2F601_1294794749
 |- Actor Package: /Game/__ExternalActors__/ThirdPerson/Maps/TheParkingLot/3/IH/GJBRY6FKF2ZXF1Y26MYG2E
 |- Actor Path: /Game/ThirdPerson/Maps/TheParkingLot.TheParkingLot:PersistentLevel.StaticMeshActor_UAID_D843AE06D09DE2F601_1294794750
 |- Actor Package: /Game/__ExternalActors__/ThirdPerson/Maps/TheParkingLot/0/3H/42UWRIR9TR5SF3AM3M62U4
 |- Actor Path: /Game/ThirdPerson/Maps/TheParkingLot.TheParkingLot:PersistentLevel.StaticMeshActor_UAID_D843AE06D09DE7F401_1306635489
 |- Actor Package: /Game/__ExternalActors__/ThirdPerson/Maps/TheParkingLot/5/BO/RP9N8RSSLHO6H2DWXZP4DQ
 |- Actor Path: /Game/ThirdPerson/Maps/TheParkingLot.TheParkingLot:PersistentLevel.TextRenderActor_1
 |- Actor Package: /Game/__ExternalActors__/ThirdPerson/Maps/TheParkingLot/2/X0/LJU9QYHJ24XO5C272ZCEMH
 |- Actor Path: /Game/ThirdPerson/Maps/TheParkingLot.TheParkingLot:PersistentLevel.TheParkingLot_C_1
 |- Actor Package: /Game/ThirdPerson/Maps/TheParkingLot
 |- Actor Path: /Game/ThirdPerson/Maps/TheParkingLot.TheParkingLot:PersistentLevel.ThirdPersonCharacter_C_UAID_D843AE06D09D17F101_2025650710
 |- Actor Package: /Game/__ExternalActors__/ThirdPerson/Maps/TheParkingLot/B/W5/W0JOOWWC8IJQWAAM45IJMG
 |- Actor Path: /Game/ThirdPerson/Maps/TheParkingLot.TheParkingLot:PersistentLevel.VolumetricCloud_0
 |- Actor Package: /Game/__ExternalActors__/ThirdPerson/Maps/TheParkingLot/D/P0/EKWCKF9U76KAITQHY8D3T3
 |- Actor Path: /Game/ThirdPerson/Maps/TheParkingLot.TheParkingLot:PersistentLevel.WorldDataLayers
 |- Actor Package: /Game/__ExternalActors__/ThirdPerson/Maps/TheParkingLot/0/XT/PF8SOZ541EFDLM1LSF582H
 |- Actor Path: /Game/ThirdPerson/Maps/TheParkingLot.TheParkingLot:PersistentLevel.WorldInfo_0
 |- Actor Package: /Game/ThirdPerson/Maps/TheParkingLot
 |- Actor Path: /Game/ThirdPerson/Maps/TheParkingLot.TheParkingLot:PersistentLevel.WorldPartitionMiniMap_0
 |- Actor Package: /Game/__ExternalActors__/ThirdPerson/Maps/TheParkingLot/A/04/T3SRE9HJMODQ7X9G0JHI5L

----------------------------------------------------------------------------------------------------------------
TheParkingLot - Runtime Spatial Hash - Streaming Grid - MainGrid
----------------------------------------------------------------------------------------------------------------
            Origin: X=0.000 Y=0.000 Z=0.000
         Cell Size: 12800
      World Bounds: IsValid=false, Min=(X=0.000 Y=0.000 Z=0.000), Max=(X=0.000 Y=0.000 Z=0.000)
     Loading Range: 25600.00
Block Slow Loading: No
 ClientOnlyVisible: No
            Origin: X=0.000 Y=0.000 Z=0.000

[+] Grid Levels: 1
 |- Level  0: Cell Count    0 | Cell Size   12800 | Actor Count    0 (0.0%)

[+] Content of Grid Level 0

