[+] Containers:
 |- [+] Container: /Game/ThirdPerson/Maps/Level04
 |   |- [+] ActorDescs:
 |   |   |- Guid:059E92324A81BF67625A0EAF128FA8E7 BaseClass: NativeClass:/Script/Engine.StaticMeshActor Name:StaticMeshActor_0 Label:SM_Cube5 SpatiallyLoaded:1 Bounds:IsValid=true, Min=(X=-2590.000 Y=-3810.000 Z=0.000), Max=(X=-2490.000 Y=8190.000 Z=400.000) RuntimeGrid:None EditorOnly:0 RuntimeOnly:0 HLODRelevant:1 ListedInSceneOutliner:1 IsMainWorldOnly:0 FolderPath:Playground FolderGuid:C73F09FC4215536B1DCE2A9E0A830C70
 |   |   |- Guid:0804F7B14A406E9BC43D958AC66690CC BaseClass: NativeClass:/Script/NavigationSystem.RecastNavMesh Name:RecastNavMesh_UAID_D843AE06D09D55EE01-Default Label:RecastNavMesh-Default SpatiallyLoaded:0 Bounds:IsValid=true, Min=(X=0.000 Y=0.000 Z=0.000), Max=(X=0.000 Y=0.000 Z=0.000) RuntimeGrid:None EditorOnly:0 RuntimeOnly:0 HLODRelevant:0 ListedInSceneOutliner:1 IsMainWorldOnly:0
 |   |   |- Guid:094F3779443A4B663F8BB4A624864F28 BaseClass:/Game/FollowMeLibrary/Enemy/AI_PatrollingEnemy/BP_CarPoint3.BP_CarPoint3_C NativeClass:/Script/Engine.Actor Name:BP_CarPoint3_C_UAID_D843AE06D09D6BEF01_1225375381 Label:BP_CarPoint3 SpatiallyLoaded:1 Bounds:IsValid=true, Min=(X=-844.615 Y=-2130.487 Z=0.049), Max=(X=-655.385 Y=-1626.582 Z=137.317) RuntimeGrid:None EditorOnly:0 RuntimeOnly:0 HLODRelevant:0 ListedInSceneOutliner:1 IsMainWorldOnly:0
 |   |   |- Guid:0ACDAF4E4FDEF05EE9EF6DB503A66316 BaseClass: NativeClass:/Script/Engine.WorldDataLayers Name:WorldDataLayers Label:WorldDataLayers SpatiallyLoaded:0 Bounds:Invalid RuntimeGrid:None EditorOnly:0 RuntimeOnly:0 HLODRelevant:0 ListedInSceneOutliner:1 IsMainWorldOnly:1
 |   |   |- Guid:0B79237C4D0183C9BE8B60B8BA607EE2 BaseClass: NativeClass:/Script/Engine.VolumetricCloud Name:VolumetricCloud_0 Label:VolumetricCloud SpatiallyLoaded:0 Bounds:IsValid=true, Min=(X=-3270.000 Y=0.000 Z=820.000), Max=(X=-3270.000 Y=0.000 Z=820.000) RuntimeGrid:None EditorOnly:0 RuntimeOnly:0 HLODRelevant:0 ListedInSceneOutliner:1 IsMainWorldOnly:0 FolderPath:Lighting FolderGuid:963EC3EB4002CCE9759E2EBA541A873A
 |   |   |- Guid:1816610C4910468D2F5B12B257D13AE9 BaseClass: NativeClass:/Script/Engine.ExponentialHeightFog Name:ExponentialHeightFog_0 Label:ExponentialHeightFog SpatiallyLoaded:0 Bounds:IsValid=true, Min=(X=-8870.000 Y=-50.000 Z=-6850.000), Max=(X=-8870.000 Y=-50.000 Z=-6850.000) RuntimeGrid:None EditorOnly:0 RuntimeOnly:0 HLODRelevant:0 ListedInSceneOutliner:1 IsMainWorldOnly:0 FolderPath:Lighting FolderGuid:963EC3EB4002CCE9759E2EBA541A873A
 |   |   |- Guid:19B1DD4C4F2AD90E7A2C1986F9ABBE37 BaseClass:/Game/FollowMeLibrary/Enemy/AI_PatrollingEnemy/BP_CarPoint4.BP_CarPoint4_C NativeClass:/Script/Engine.Actor Name:BP_CarPoint4_C_UAID_D843AE06D09D6BEF01_1237310382 Label:BP_CarPoint4 SpatiallyLoaded:1 Bounds:IsValid=true, Min=(X=85.385 Y=-2090.487 Z=0.049), Max=(X=274.615 Y=-1586.582 Z=137.317) RuntimeGrid:None EditorOnly:0 RuntimeOnly:0 HLODRelevant:0 ListedInSceneOutliner:1 IsMainWorldOnly:0
 |   |   |- Guid:1E4A64B94AEF53DCA90600B75FE62330 BaseClass: NativeClass:/Script/Engine.StaticMeshActor Name:StaticMeshActor_1 Label:SM_Cube SpatiallyLoaded:1 Bounds:IsValid=true, Min=(X=-2590.000 Y=-3810.000 Z=-50.000), Max=(X=4410.000 Y=8190.000 Z=0.000) RuntimeGrid:None EditorOnly:0 RuntimeOnly:0 HLODRelevant:1 ListedInSceneOutliner:1 IsMainWorldOnly:0 FolderPath:Playground FolderGuid:C73F09FC4215536B1DCE2A9E0A830C70
 |   |   |- Guid:1ED2E2A544834195E768889806FF3289 BaseClass: NativeClass:/Script/Engine.StaticMeshActor Name:StaticMeshActor_4 Label:SM_Cube6 SpatiallyLoaded:1 Bounds:IsValid=true, Min=(X=4310.000 Y=-3810.000 Z=0.000), Max=(X=4410.000 Y=8190.000 Z=400.000) RuntimeGrid:None EditorOnly:0 RuntimeOnly:0 HLODRelevant:1 ListedInSceneOutliner:1 IsMainWorldOnly:0 FolderPath:Playground FolderGuid:C73F09FC4215536B1DCE2A9E0A830C70
 |   |   |- Guid:2251BBBB418A9CBB1EC8C695864402E7 BaseClass: NativeClass:/Script/Engine.StaticMeshActor Name:StaticMeshActor_UAID_D843AE06D09D6BEF01_1592267386 Label:Wall_400x202 SpatiallyLoaded:1 Bounds:IsValid=true, Min=(X=-211.500 Y=-2210.000 Z=0.000), Max=(X=-188.500 Y=-1410.000 Z=230.000) RuntimeGrid:None EditorOnly:0 RuntimeOnly:0 HLODRelevant:1 ListedInSceneOutliner:1 IsMainWorldOnly:0
 |   |   |- Guid:3A250C7E4F003330C0BA3988FAC73183 BaseClass:/Game/FollowMeLibrary/Enemy/AI_PatrollingEnemy/AI_PatrollingEnemy.AI_PatrollingEnemy_C NativeClass:/Script/Engine.Character Name:AI_PatrollingEnemy_C_UAID_D843AE06D09D6AEF01_1731105200 Label:AI_PatrollingEnemy SpatiallyLoaded:1 Bounds:IsValid=true, Min=(X=-115.000 Y=-2494.000 Z=-0.146), Max=(X=-6.000 Y=-2406.000 Z=180.237) RuntimeGrid:None EditorOnly:0 RuntimeOnly:0 HLODRelevant:0 ListedInSceneOutliner:1 IsMainWorldOnly:0
 |   |   |- Guid:3EE949144A0B686D2DFB52A41F5FE197 BaseClass: NativeClass:/Script/Engine.StaticMeshActor Name:StaticMeshActor_6 Label:SM_Cube3 SpatiallyLoaded:1 Bounds:IsValid=true, Min=(X=-2490.000 Y=8090.000 Z=0.000), Max=(X=4310.000 Y=8190.000 Z=400.000) RuntimeGrid:None EditorOnly:0 RuntimeOnly:0 HLODRelevant:1 ListedInSceneOutliner:1 IsMainWorldOnly:0 FolderPath:Playground FolderGuid:C73F09FC4215536B1DCE2A9E0A830C70
 |   |   |- Guid:4583AC124A677FEEBA0F87A53944852B BaseClass:/Game/FollowMeLibrary/Enemy/AI_PatrollingEnemy/BP_CarPoint.BP_CarPoint_C NativeClass:/Script/Engine.Actor Name:BP_CarPoint_C_UAID_D843AE06D09D6AEF01_1735015201 Label:BP_CarPoint SpatiallyLoaded:1 Bounds:IsValid=true, Min=(X=85.385 Y=-3510.487 Z=0.049), Max=(X=274.615 Y=-3006.582 Z=137.317) RuntimeGrid:None EditorOnly:0 RuntimeOnly:0 HLODRelevant:0 ListedInSceneOutliner:1 IsMainWorldOnly:0
 |   |   |- Guid:4AB709F64EB8BF738E0968891E6FD519 BaseClass: NativeClass:/Script/Engine.StaticMeshActor Name:StaticMeshActor_UAID_D843AE06D09D6BEF01_1466027383 Label:Wall_400x200 SpatiallyLoaded:1 Bounds:IsValid=true, Min=(X=-1191.500 Y=-3710.000 Z=0.000), Max=(X=-1168.500 Y=-1410.000 Z=230.000) RuntimeGrid:None EditorOnly:0 RuntimeOnly:0 HLODRelevant:1 ListedInSceneOutliner:1 IsMainWorldOnly:0
 |   |   |- Guid:5A05B8774D40BEE9AFBA4FA87559F402 BaseClass: NativeClass:/Script/NavigationSystem.NavMeshBoundsVolume Name:NavMeshBoundsVolume_UAID_D843AE06D09D55EE01_2145601601 Label:NavMeshBoundsVolume SpatiallyLoaded:0 Bounds:IsValid=true, Min=(X=-4840.000 Y=-3730.000 Z=-320.000), Max=(X=5160.000 Y=8270.000 Z=2680.000) RuntimeGrid:None EditorOnly:0 RuntimeOnly:0 HLODRelevant:0 ListedInSceneOutliner:1 IsMainWorldOnly:0
 |   |   |- Guid:60EE12444AE5056893AA5B9C2E45F2BA BaseClass: NativeClass:/Script/Engine.DirectionalLight Name:DirectionalLight_0 Label:DirectionalLight SpatiallyLoaded:0 Bounds:IsValid=true, Min=(X=-4398046511104.000 Y=-4398046511104.000 Z=-4398046511104.000), Max=(X=4398046511104.000 Y=4398046511104.000 Z=4398046511104.000) RuntimeGrid:None EditorOnly:0 RuntimeOnly:0 HLODRelevant:0 ListedInSceneOutliner:1 IsMainWorldOnly:0 FolderPath:Lighting FolderGuid:963EC3EB4002CCE9759E2EBA541A873A
 |   |   |- Guid:6D4398FF4EDD2B527A229B8657AA180E BaseClass: NativeClass:/Script/Engine.PostProcessVolume Name:PostProcessVolume_0 Label:PostProcessVolume SpatiallyLoaded:0 Bounds:IsValid=true, Min=(X=-3270.000 Y=0.000 Z=400.000), Max=(X=-3070.000 Y=200.000 Z=600.000) RuntimeGrid:None EditorOnly:0 RuntimeOnly:0 HLODRelevant:0 ListedInSceneOutliner:1 IsMainWorldOnly:0 FolderPath:Lighting FolderGuid:963EC3EB4002CCE9759E2EBA541A873A
 |   |   |- Guid:6EF504E74DA9D12EC307618A0DC7428A BaseClass: NativeClass:/Script/Engine.StaticMeshActor Name:StaticMeshActor_5 Label:SM_Cube2 SpatiallyLoaded:1 Bounds:IsValid=true, Min=(X=-2490.000 Y=-3810.000 Z=0.000), Max=(X=4310.000 Y=-3710.000 Z=400.000) RuntimeGrid:None EditorOnly:0 RuntimeOnly:0 HLODRelevant:1 ListedInSceneOutliner:1 IsMainWorldOnly:0 FolderPath:Playground FolderGuid:C73F09FC4215536B1DCE2A9E0A830C70
 |   |   |- Guid:724BAB7E406C523CC23BA18F7C23E061 BaseClass: NativeClass:/Script/Engine.SkyLight Name:SkyLight_1 Label:SkyLight SpatiallyLoaded:0 Bounds:IsValid=true, Min=(X=-3270.000 Y=0.000 Z=690.000), Max=(X=-3270.000 Y=0.000 Z=690.000) RuntimeGrid:None EditorOnly:0 RuntimeOnly:0 HLODRelevant:0 ListedInSceneOutliner:1 IsMainWorldOnly:0 FolderPath:Lighting FolderGuid:963EC3EB4002CCE9759E2EBA541A873A
 |   |   |- Guid:84F0044E4B88AE0286E04EA370407A5E BaseClass: NativeClass:/Script/Engine.StaticMeshActor Name:StaticMeshActor_UAID_D843AE06D09D6BEF01_1537765384 Label:Wall_400x201 SpatiallyLoaded:1 Bounds:IsValid=true, Min=(X=1408.500 Y=-3710.000 Z=0.000), Max=(X=1431.500 Y=-1410.000 Z=230.000) RuntimeGrid:None EditorOnly:0 RuntimeOnly:0 HLODRelevant:1 ListedInSceneOutliner:1 IsMainWorldOnly:0
 |   |   |- Guid:8A473A154FCB2DCE4A9718B628BC3591 BaseClass: NativeClass:/Script/Engine.StaticMeshActor Name:StaticMeshActor_UAID_D843AE06D09D6AEF01_1271103199 Label:SM_Cube4 SpatiallyLoaded:1 Bounds:IsValid=true, Min=(X=-2490.000 Y=-1410.000 Z=0.000), Max=(X=4310.000 Y=-1310.000 Z=400.000) RuntimeGrid:None EditorOnly:0 RuntimeOnly:0 HLODRelevant:1 ListedInSceneOutliner:1 IsMainWorldOnly:0 FolderPath:Playground FolderGuid:C73F09FC4215536B1DCE2A9E0A830C70
 |   |   |- Guid:8B6F39E3485EC4827E1BA2BDCF2A1E36 BaseClass:/Game/FollowMeLibrary/Companion/BP_Crate.BP_Crate_C NativeClass:/Script/Engine.Actor Name:BP_Crate_C_UAID_D843AE06D09D6CEF01_1191339566 Label:BP_Crate SpatiallyLoaded:1 Bounds:IsValid=true, Min=(X=766.000 Y=-2598.000 Z=-4.000), Max=(X=894.000 Y=-2342.000 Z=124.000) RuntimeGrid:None EditorOnly:0 RuntimeOnly:0 HLODRelevant:0 ListedInSceneOutliner:1 IsMainWorldOnly:0
 |   |   |- Guid:9A06B46D4E458C77C47B0CB0B0839FAE BaseClass: NativeClass:/Script/Engine.TextRenderActor Name:TextRenderActor_1 Label:TextRenderActor SpatiallyLoaded:1 Bounds:IsValid=true, Min=(X=-2610.100 Y=1100.000 Z=65.013), Max=(X=-2610.100 Y=2392.308 Z=215.013) RuntimeGrid:None EditorOnly:0 RuntimeOnly:0 HLODRelevant:0 ListedInSceneOutliner:1 IsMainWorldOnly:0
 |   |   |- Guid:A08986F040742E20ED022D9CE66725AB BaseClass: NativeClass:/Script/Engine.PlayerStart Name:PlayerStart_0 Label:PlayerStart SpatiallyLoaded:0 Bounds:IsValid=true, Min=(X=1130.000 Y=-2040.000 Z=10.013), Max=(X=1210.000 Y=-1960.000 Z=194.013) RuntimeGrid:None EditorOnly:0 RuntimeOnly:0 HLODRelevant:0 ListedInSceneOutliner:1 IsMainWorldOnly:0
 |   |   |- Guid:A7AD11864835D7A41AB03287BB102AE9 BaseClass: NativeClass:/Script/Engine.StaticMeshActor Name:StaticMeshActor_UAID_D843AE06D09D6DEF01_1306135744 Label:Shape_Cube SpatiallyLoaded:1 Bounds:IsValid=true, Min=(X=810.000 Y=-2210.000 Z=0.000), Max=(X=910.000 Y=-1610.000 Z=200.000) RuntimeGrid:None EditorOnly:0 RuntimeOnly:0 HLODRelevant:1 ListedInSceneOutliner:1 IsMainWorldOnly:0
 |   |   |- Guid:A9DBF9B74DE9131F16CF1CBAFB3B9CB6 BaseClass: NativeClass:/Script/Engine.StaticMeshActor Name:StaticMeshActor_UAID_D843AE06D09D6BEF01_1711477388 Label:Wall_400x204 SpatiallyLoaded:1 Bounds:IsValid=true, Min=(X=-590.000 Y=-2571.500 Z=0.000), Max=(X=210.000 Y=-2548.500 Z=230.000) RuntimeGrid:None EditorOnly:0 RuntimeOnly:0 HLODRelevant:1 ListedInSceneOutliner:1 IsMainWorldOnly:0
 |   |   |- Guid:AC0EE5E2492BBB841257368DBC0764D9 BaseClass:/Game/FollowMeLibrary/Companion/AI_Companion.AI_Companion_C NativeClass:/Script/Engine.Character Name:AI_Companion_C_UAID_D843AE06D09D6CEF01_1231095567 Label:AI_Companion SpatiallyLoaded:1 Bounds:IsValid=true, Min=(X=1262.409 Y=-2465.000 Z=-0.146), Max=(X=1335.000 Y=-2395.000 Z=180.237) RuntimeGrid:None EditorOnly:0 RuntimeOnly:0 HLODRelevant:0 ListedInSceneOutliner:1 IsMainWorldOnly:0
 |   |   |- Guid:B36D5CB34738010B12BFDAB19761E41F BaseClass: NativeClass:/Script/Engine.StaticMeshActor Name:StaticMeshActor_UAID_A4AE111137DC5EFB00_1110535423 Label:SM_SkySphere SpatiallyLoaded:0 Bounds:IsValid=true, Min=(X=-1641670.000 Y=-1638400.000 Z=-1638400.000), Max=(X=1635130.000 Y=1638400.000 Z=1638400.000) RuntimeGrid:None EditorOnly:0 RuntimeOnly:0 HLODRelevant:1 ListedInSceneOutliner:1 IsMainWorldOnly:0 FolderPath:Lighting FolderGuid:963EC3EB4002CCE9759E2EBA541A873A
 |   |   |- Guid:D3ED1A9844E5B353400F9B9BED5462BB BaseClass: NativeClass:/Script/Engine.StaticMeshActor Name:StaticMeshActor_UAID_D843AE06D09D6BEF01_1699562387 Label:Wall_400x203 SpatiallyLoaded:1 Bounds:IsValid=true, Min=(X=-211.500 Y=-3710.000 Z=0.000), Max=(X=-188.500 Y=-2910.000 Z=230.000) RuntimeGrid:None EditorOnly:0 RuntimeOnly:0 HLODRelevant:1 ListedInSceneOutliner:1 IsMainWorldOnly:0
 |   |   |- Guid:E41A76F24072591FA61254AA454BD567 BaseClass: NativeClass:/Script/Engine.SkyAtmosphere Name:SkyAtmosphere_0 Label:SkyAtmosphere SpatiallyLoaded:0 Bounds:IsValid=true, Min=(X=-3270.000 Y=0.000 Z=1020.000), Max=(X=-3270.000 Y=0.000 Z=1020.000) RuntimeGrid:None EditorOnly:0 RuntimeOnly:0 HLODRelevant:0 ListedInSceneOutliner:1 IsMainWorldOnly:0 FolderPath:Lighting FolderGuid:963EC3EB4002CCE9759E2EBA541A873A
 |   |   |- Guid:F0E1C3C84A5E937B161492BCF1328649 BaseClass: NativeClass:/Script/Engine.StaticMeshActor Name:StaticMeshActor_UAID_D843AE06D09D6DEF01_1323827745 Label:Shape_Cube2 SpatiallyLoaded:1 Bounds:IsValid=true, Min=(X=810.000 Y=-3510.000 Z=0.000), Max=(X=910.000 Y=-2910.000 Z=200.000) RuntimeGrid:None EditorOnly:0 RuntimeOnly:0 HLODRelevant:1 ListedInSceneOutliner:1 IsMainWorldOnly:0
 |   |   |- Guid:F4C6A43F43228C90BF11C3BB3678BA33 BaseClass:/Game/FollowMeLibrary/Enemy/AI_PatrollingEnemy/BP_CarPoint2.BP_CarPoint2_C NativeClass:/Script/Engine.Actor Name:BP_CarPoint2_C_UAID_D843AE06D09D6BEF01_1196493380 Label:BP_CarPoint2 SpatiallyLoaded:1 Bounds:IsValid=true, Min=(X=-904.615 Y=-3510.487 Z=0.049), Max=(X=-715.385 Y=-3006.582 Z=137.317) RuntimeGrid:None EditorOnly:0 RuntimeOnly:0 HLODRelevant:0 ListedInSceneOutliner:1 IsMainWorldOnly:0
 |   |- [+] Clusters:
 |   |   |- [+] [  0]
 |   |   |   |- Guid:059E92324A81BF67625A0EAF128FA8E7 BaseClass: NativeClass:/Script/Engine.StaticMeshActor Name:StaticMeshActor_0 Label:SM_Cube5 SpatiallyLoaded:1 Bounds:IsValid=true, Min=(X=-2590.000 Y=-3810.000 Z=0.000), Max=(X=-2490.000 Y=8190.000 Z=400.000) RuntimeGrid:None EditorOnly:0 RuntimeOnly:0 HLODRelevant:1 ListedInSceneOutliner:1 IsMainWorldOnly:0 FolderPath:Playground FolderGuid:C73F09FC4215536B1DCE2A9E0A830C70
 |   |   |- [+] [  1]
 |   |   |   |- Guid:0804F7B14A406E9BC43D958AC66690CC BaseClass: NativeClass:/Script/NavigationSystem.RecastNavMesh Name:RecastNavMesh_UAID_D843AE06D09D55EE01-Default Label:RecastNavMesh-Default SpatiallyLoaded:0 Bounds:IsValid=true, Min=(X=0.000 Y=0.000 Z=0.000), Max=(X=0.000 Y=0.000 Z=0.000) RuntimeGrid:None EditorOnly:0 RuntimeOnly:0 HLODRelevant:0 ListedInSceneOutliner:1 IsMainWorldOnly:0
 |   |   |- [+] [  2]
 |   |   |   |- Guid:094F3779443A4B663F8BB4A624864F28 BaseClass:/Game/FollowMeLibrary/Enemy/AI_PatrollingEnemy/BP_CarPoint3.BP_CarPoint3_C NativeClass:/Script/Engine.Actor Name:BP_CarPoint3_C_UAID_D843AE06D09D6BEF01_1225375381 Label:BP_CarPoint3 SpatiallyLoaded:1 Bounds:IsValid=true, Min=(X=-844.615 Y=-2130.487 Z=0.049), Max=(X=-655.385 Y=-1626.582 Z=137.317) RuntimeGrid:None EditorOnly:0 RuntimeOnly:0 HLODRelevant:0 ListedInSceneOutliner:1 IsMainWorldOnly:0
 |   |   |- [+] [  3]
 |   |   |   |- Guid:0ACDAF4E4FDEF05EE9EF6DB503A66316 BaseClass: NativeClass:/Script/Engine.WorldDataLayers Name:WorldDataLayers Label:WorldDataLayers SpatiallyLoaded:0 Bounds:Invalid RuntimeGrid:None EditorOnly:0 RuntimeOnly:0 HLODRelevant:0 ListedInSceneOutliner:1 IsMainWorldOnly:1
 |   |   |- [+] [  4]
 |   |   |   |- Guid:0B79237C4D0183C9BE8B60B8BA607EE2 BaseClass: NativeClass:/Script/Engine.VolumetricCloud Name:VolumetricCloud_0 Label:VolumetricCloud SpatiallyLoaded:0 Bounds:IsValid=true, Min=(X=-3270.000 Y=0.000 Z=820.000), Max=(X=-3270.000 Y=0.000 Z=820.000) RuntimeGrid:None EditorOnly:0 RuntimeOnly:0 HLODRelevant:0 ListedInSceneOutliner:1 IsMainWorldOnly:0 FolderPath:Lighting FolderGuid:963EC3EB4002CCE9759E2EBA541A873A
 |   |   |- [+] [  5]
 |   |   |   |- Guid:1816610C4910468D2F5B12B257D13AE9 BaseClass: NativeClass:/Script/Engine.ExponentialHeightFog Name:ExponentialHeightFog_0 Label:ExponentialHeightFog SpatiallyLoaded:0 Bounds:IsValid=true, Min=(X=-8870.000 Y=-50.000 Z=-6850.000), Max=(X=-8870.000 Y=-50.000 Z=-6850.000) RuntimeGrid:None EditorOnly:0 RuntimeOnly:0 HLODRelevant:0 ListedInSceneOutliner:1 IsMainWorldOnly:0 FolderPath:Lighting FolderGuid:963EC3EB4002CCE9759E2EBA541A873A
 |   |   |- [+] [  6]
 |   |   |   |- Guid:19B1DD4C4F2AD90E7A2C1986F9ABBE37 BaseClass:/Game/FollowMeLibrary/Enemy/AI_PatrollingEnemy/BP_CarPoint4.BP_CarPoint4_C NativeClass:/Script/Engine.Actor Name:BP_CarPoint4_C_UAID_D843AE06D09D6BEF01_1237310382 Label:BP_CarPoint4 SpatiallyLoaded:1 Bounds:IsValid=true, Min=(X=85.385 Y=-2090.487 Z=0.049), Max=(X=274.615 Y=-1586.582 Z=137.317) RuntimeGrid:None EditorOnly:0 RuntimeOnly:0 HLODRelevant:0 ListedInSceneOutliner:1 IsMainWorldOnly:0
 |   |   |- [+] [  7]
 |   |   |   |- Guid:1E4A64B94AEF53DCA90600B75FE62330 BaseClass: NativeClass:/Script/Engine.StaticMeshActor Name:StaticMeshActor_1 Label:SM_Cube SpatiallyLoaded:1 Bounds:IsValid=true, Min=(X=-2590.000 Y=-3810.000 Z=-50.000), Max=(X=4410.000 Y=8190.000 Z=0.000) RuntimeGrid:None EditorOnly:0 RuntimeOnly:0 HLODRelevant:1 ListedInSceneOutliner:1 IsMainWorldOnly:0 FolderPath:Playground FolderGuid:C73F09FC4215536B1DCE2A9E0A830C70
 |   |   |- [+] [  8]
 |   |   |   |- Guid:1ED2E2A544834195E768889806FF3289 BaseClass: NativeClass:/Script/Engine.StaticMeshActor Name:StaticMeshActor_4 Label:SM_Cube6 SpatiallyLoaded:1 Bounds:IsValid=true, Min=(X=4310.000 Y=-3810.000 Z=0.000), Max=(X=4410.000 Y=8190.000 Z=400.000) RuntimeGrid:None EditorOnly:0 RuntimeOnly:0 HLODRelevant:1 ListedInSceneOutliner:1 IsMainWorldOnly:0 FolderPath:Playground FolderGuid:C73F09FC4215536B1DCE2A9E0A830C70
 |   |   |- [+] [  9]
 |   |   |   |- Guid:2251BBBB418A9CBB1EC8C695864402E7 BaseClass: NativeClass:/Script/Engine.StaticMeshActor Name:StaticMeshActor_UAID_D843AE06D09D6BEF01_1592267386 Label:Wall_400x202 SpatiallyLoaded:1 Bounds:IsValid=true, Min=(X=-211.500 Y=-2210.000 Z=0.000), Max=(X=-188.500 Y=-1410.000 Z=230.000) RuntimeGrid:None EditorOnly:0 RuntimeOnly:0 HLODRelevant:1 ListedInSceneOutliner:1 IsMainWorldOnly:0
 |   |   |- [+] [ 10]
 |   |   |   |- Guid:3A250C7E4F003330C0BA3988FAC73183 BaseClass:/Game/FollowMeLibrary/Enemy/AI_PatrollingEnemy/AI_PatrollingEnemy.AI_PatrollingEnemy_C NativeClass:/Script/Engine.Character Name:AI_PatrollingEnemy_C_UAID_D843AE06D09D6AEF01_1731105200 Label:AI_PatrollingEnemy SpatiallyLoaded:1 Bounds:IsValid=true, Min=(X=-115.000 Y=-2494.000 Z=-0.146), Max=(X=-6.000 Y=-2406.000 Z=180.237) RuntimeGrid:None EditorOnly:0 RuntimeOnly:0 HLODRelevant:0 ListedInSceneOutliner:1 IsMainWorldOnly:0
 |   |   |- [+] [ 11]
 |   |   |   |- Guid:3EE949144A0B686D2DFB52A41F5FE197 BaseClass: NativeClass:/Script/Engine.StaticMeshActor Name:StaticMeshActor_6 Label:SM_Cube3 SpatiallyLoaded:1 Bounds:IsValid=true, Min=(X=-2490.000 Y=8090.000 Z=0.000), Max=(X=4310.000 Y=8190.000 Z=400.000) RuntimeGrid:None EditorOnly:0 RuntimeOnly:0 HLODRelevant:1 ListedInSceneOutliner:1 IsMainWorldOnly:0 FolderPath:Playground FolderGuid:C73F09FC4215536B1DCE2A9E0A830C70
 |   |   |- [+] [ 12]
 |   |   |   |- Guid:4583AC124A677FEEBA0F87A53944852B BaseClass:/Game/FollowMeLibrary/Enemy/AI_PatrollingEnemy/BP_CarPoint.BP_CarPoint_C NativeClass:/Script/Engine.Actor Name:BP_CarPoint_C_UAID_D843AE06D09D6AEF01_1735015201 Label:BP_CarPoint SpatiallyLoaded:1 Bounds:IsValid=true, Min=(X=85.385 Y=-3510.487 Z=0.049), Max=(X=274.615 Y=-3006.582 Z=137.317) RuntimeGrid:None EditorOnly:0 RuntimeOnly:0 HLODRelevant:0 ListedInSceneOutliner:1 IsMainWorldOnly:0
 |   |   |- [+] [ 13]
 |   |   |   |- Guid:4AB709F64EB8BF738E0968891E6FD519 BaseClass: NativeClass:/Script/Engine.StaticMeshActor Name:StaticMeshActor_UAID_D843AE06D09D6BEF01_1466027383 Label:Wall_400x200 SpatiallyLoaded:1 Bounds:IsValid=true, Min=(X=-1191.500 Y=-3710.000 Z=0.000), Max=(X=-1168.500 Y=-1410.000 Z=230.000) RuntimeGrid:None EditorOnly:0 RuntimeOnly:0 HLODRelevant:1 ListedInSceneOutliner:1 IsMainWorldOnly:0
 |   |   |- [+] [ 14]
 |   |   |   |- Guid:5A05B8774D40BEE9AFBA4FA87559F402 BaseClass: NativeClass:/Script/NavigationSystem.NavMeshBoundsVolume Name:NavMeshBoundsVolume_UAID_D843AE06D09D55EE01_2145601601 Label:NavMeshBoundsVolume SpatiallyLoaded:0 Bounds:IsValid=true, Min=(X=-4840.000 Y=-3730.000 Z=-320.000), Max=(X=5160.000 Y=8270.000 Z=2680.000) RuntimeGrid:None EditorOnly:0 RuntimeOnly:0 HLODRelevant:0 ListedInSceneOutliner:1 IsMainWorldOnly:0
 |   |   |- [+] [ 15]
 |   |   |   |- Guid:60EE12444AE5056893AA5B9C2E45F2BA BaseClass: NativeClass:/Script/Engine.DirectionalLight Name:DirectionalLight_0 Label:DirectionalLight SpatiallyLoaded:0 Bounds:IsValid=true, Min=(X=-4398046511104.000 Y=-4398046511104.000 Z=-4398046511104.000), Max=(X=4398046511104.000 Y=4398046511104.000 Z=4398046511104.000) RuntimeGrid:None EditorOnly:0 RuntimeOnly:0 HLODRelevant:0 ListedInSceneOutliner:1 IsMainWorldOnly:0 FolderPath:Lighting FolderGuid:963EC3EB4002CCE9759E2EBA541A873A
 |   |   |- [+] [ 16]
 |   |   |   |- Guid:6D4398FF4EDD2B527A229B8657AA180E BaseClass: NativeClass:/Script/Engine.PostProcessVolume Name:PostProcessVolume_0 Label:PostProcessVolume SpatiallyLoaded:0 Bounds:IsValid=true, Min=(X=-3270.000 Y=0.000 Z=400.000), Max=(X=-3070.000 Y=200.000 Z=600.000) RuntimeGrid:None EditorOnly:0 RuntimeOnly:0 HLODRelevant:0 ListedInSceneOutliner:1 IsMainWorldOnly:0 FolderPath:Lighting FolderGuid:963EC3EB4002CCE9759E2EBA541A873A
 |   |   |- [+] [ 17]
 |   |   |   |- Guid:6EF504E74DA9D12EC307618A0DC7428A BaseClass: NativeClass:/Script/Engine.StaticMeshActor Name:StaticMeshActor_5 Label:SM_Cube2 SpatiallyLoaded:1 Bounds:IsValid=true, Min=(X=-2490.000 Y=-3810.000 Z=0.000), Max=(X=4310.000 Y=-3710.000 Z=400.000) RuntimeGrid:None EditorOnly:0 RuntimeOnly:0 HLODRelevant:1 ListedInSceneOutliner:1 IsMainWorldOnly:0 FolderPath:Playground FolderGuid:C73F09FC4215536B1DCE2A9E0A830C70
 |   |   |- [+] [ 18]
 |   |   |   |- Guid:724BAB7E406C523CC23BA18F7C23E061 BaseClass: NativeClass:/Script/Engine.SkyLight Name:SkyLight_1 Label:SkyLight SpatiallyLoaded:0 Bounds:IsValid=true, Min=(X=-3270.000 Y=0.000 Z=690.000), Max=(X=-3270.000 Y=0.000 Z=690.000) RuntimeGrid:None EditorOnly:0 RuntimeOnly:0 HLODRelevant:0 ListedInSceneOutliner:1 IsMainWorldOnly:0 FolderPath:Lighting FolderGuid:963EC3EB4002CCE9759E2EBA541A873A
 |   |   |- [+] [ 19]
 |   |   |   |- Guid:84F0044E4B88AE0286E04EA370407A5E BaseClass: NativeClass:/Script/Engine.StaticMeshActor Name:StaticMeshActor_UAID_D843AE06D09D6BEF01_1537765384 Label:Wall_400x201 SpatiallyLoaded:1 Bounds:IsValid=true, Min=(X=1408.500 Y=-3710.000 Z=0.000), Max=(X=1431.500 Y=-1410.000 Z=230.000) RuntimeGrid:None EditorOnly:0 RuntimeOnly:0 HLODRelevant:1 ListedInSceneOutliner:1 IsMainWorldOnly:0
 |   |   |- [+] [ 20]
 |   |   |   |- Guid:8A473A154FCB2DCE4A9718B628BC3591 BaseClass: NativeClass:/Script/Engine.StaticMeshActor Name:StaticMeshActor_UAID_D843AE06D09D6AEF01_1271103199 Label:SM_Cube4 SpatiallyLoaded:1 Bounds:IsValid=true, Min=(X=-2490.000 Y=-1410.000 Z=0.000), Max=(X=4310.000 Y=-1310.000 Z=400.000) RuntimeGrid:None EditorOnly:0 RuntimeOnly:0 HLODRelevant:1 ListedInSceneOutliner:1 IsMainWorldOnly:0 FolderPath:Playground FolderGuid:C73F09FC4215536B1DCE2A9E0A830C70
 |   |   |- [+] [ 21]
 |   |   |   |- Guid:8B6F39E3485EC4827E1BA2BDCF2A1E36 BaseClass:/Game/FollowMeLibrary/Companion/BP_Crate.BP_Crate_C NativeClass:/Script/Engine.Actor Name:BP_Crate_C_UAID_D843AE06D09D6CEF01_1191339566 Label:BP_Crate SpatiallyLoaded:1 Bounds:IsValid=true, Min=(X=766.000 Y=-2598.000 Z=-4.000), Max=(X=894.000 Y=-2342.000 Z=124.000) RuntimeGrid:None EditorOnly:0 RuntimeOnly:0 HLODRelevant:0 ListedInSceneOutliner:1 IsMainWorldOnly:0
 |   |   |- [+] [ 22]
 |   |   |   |- Guid:9A06B46D4E458C77C47B0CB0B0839FAE BaseClass: NativeClass:/Script/Engine.TextRenderActor Name:TextRenderActor_1 Label:TextRenderActor SpatiallyLoaded:1 Bounds:IsValid=true, Min=(X=-2610.100 Y=1100.000 Z=65.013), Max=(X=-2610.100 Y=2392.308 Z=215.013) RuntimeGrid:None EditorOnly:0 RuntimeOnly:0 HLODRelevant:0 ListedInSceneOutliner:1 IsMainWorldOnly:0
 |   |   |- [+] [ 23]
 |   |   |   |- Guid:A08986F040742E20ED022D9CE66725AB BaseClass: NativeClass:/Script/Engine.PlayerStart Name:PlayerStart_0 Label:PlayerStart SpatiallyLoaded:0 Bounds:IsValid=true, Min=(X=1130.000 Y=-2040.000 Z=10.013), Max=(X=1210.000 Y=-1960.000 Z=194.013) RuntimeGrid:None EditorOnly:0 RuntimeOnly:0 HLODRelevant:0 ListedInSceneOutliner:1 IsMainWorldOnly:0
 |   |   |- [+] [ 24]
 |   |   |   |- Guid:A7AD11864835D7A41AB03287BB102AE9 BaseClass: NativeClass:/Script/Engine.StaticMeshActor Name:StaticMeshActor_UAID_D843AE06D09D6DEF01_1306135744 Label:Shape_Cube SpatiallyLoaded:1 Bounds:IsValid=true, Min=(X=810.000 Y=-2210.000 Z=0.000), Max=(X=910.000 Y=-1610.000 Z=200.000) RuntimeGrid:None EditorOnly:0 RuntimeOnly:0 HLODRelevant:1 ListedInSceneOutliner:1 IsMainWorldOnly:0
 |   |   |- [+] [ 25]
 |   |   |   |- Guid:A9DBF9B74DE9131F16CF1CBAFB3B9CB6 BaseClass: NativeClass:/Script/Engine.StaticMeshActor Name:StaticMeshActor_UAID_D843AE06D09D6BEF01_1711477388 Label:Wall_400x204 SpatiallyLoaded:1 Bounds:IsValid=true, Min=(X=-590.000 Y=-2571.500 Z=0.000), Max=(X=210.000 Y=-2548.500 Z=230.000) RuntimeGrid:None EditorOnly:0 RuntimeOnly:0 HLODRelevant:1 ListedInSceneOutliner:1 IsMainWorldOnly:0
 |   |   |- [+] [ 26]
 |   |   |   |- Guid:AC0EE5E2492BBB841257368DBC0764D9 BaseClass:/Game/FollowMeLibrary/Companion/AI_Companion.AI_Companion_C NativeClass:/Script/Engine.Character Name:AI_Companion_C_UAID_D843AE06D09D6CEF01_1231095567 Label:AI_Companion SpatiallyLoaded:1 Bounds:IsValid=true, Min=(X=1262.409 Y=-2465.000 Z=-0.146), Max=(X=1335.000 Y=-2395.000 Z=180.237) RuntimeGrid:None EditorOnly:0 RuntimeOnly:0 HLODRelevant:0 ListedInSceneOutliner:1 IsMainWorldOnly:0
 |   |   |- [+] [ 27]
 |   |   |   |- Guid:B36D5CB34738010B12BFDAB19761E41F BaseClass: NativeClass:/Script/Engine.StaticMeshActor Name:StaticMeshActor_UAID_A4AE111137DC5EFB00_1110535423 Label:SM_SkySphere SpatiallyLoaded:0 Bounds:IsValid=true, Min=(X=-1641670.000 Y=-1638400.000 Z=-1638400.000), Max=(X=1635130.000 Y=1638400.000 Z=1638400.000) RuntimeGrid:None EditorOnly:0 RuntimeOnly:0 HLODRelevant:1 ListedInSceneOutliner:1 IsMainWorldOnly:0 FolderPath:Lighting FolderGuid:963EC3EB4002CCE9759E2EBA541A873A
 |   |   |- [+] [ 28]
 |   |   |   |- Guid:D3ED1A9844E5B353400F9B9BED5462BB BaseClass: NativeClass:/Script/Engine.StaticMeshActor Name:StaticMeshActor_UAID_D843AE06D09D6BEF01_1699562387 Label:Wall_400x203 SpatiallyLoaded:1 Bounds:IsValid=true, Min=(X=-211.500 Y=-3710.000 Z=0.000), Max=(X=-188.500 Y=-2910.000 Z=230.000) RuntimeGrid:None EditorOnly:0 RuntimeOnly:0 HLODRelevant:1 ListedInSceneOutliner:1 IsMainWorldOnly:0
 |   |   |- [+] [ 29]
 |   |   |   |- Guid:E41A76F24072591FA61254AA454BD567 BaseClass: NativeClass:/Script/Engine.SkyAtmosphere Name:SkyAtmosphere_0 Label:SkyAtmosphere SpatiallyLoaded:0 Bounds:IsValid=true, Min=(X=-3270.000 Y=0.000 Z=1020.000), Max=(X=-3270.000 Y=0.000 Z=1020.000) RuntimeGrid:None EditorOnly:0 RuntimeOnly:0 HLODRelevant:0 ListedInSceneOutliner:1 IsMainWorldOnly:0 FolderPath:Lighting FolderGuid:963EC3EB4002CCE9759E2EBA541A873A
 |   |   |- [+] [ 30]
 |   |   |   |- Guid:F0E1C3C84A5E937B161492BCF1328649 BaseClass: NativeClass:/Script/Engine.StaticMeshActor Name:StaticMeshActor_UAID_D843AE06D09D6DEF01_1323827745 Label:Shape_Cube2 SpatiallyLoaded:1 Bounds:IsValid=true, Min=(X=810.000 Y=-3510.000 Z=0.000), Max=(X=910.000 Y=-2910.000 Z=200.000) RuntimeGrid:None EditorOnly:0 RuntimeOnly:0 HLODRelevant:1 ListedInSceneOutliner:1 IsMainWorldOnly:0
 |   |   |- [+] [ 31]
 |   |   |   |- Guid:F4C6A43F43228C90BF11C3BB3678BA33 BaseClass:/Game/FollowMeLibrary/Enemy/AI_PatrollingEnemy/BP_CarPoint2.BP_CarPoint2_C NativeClass:/Script/Engine.Actor Name:BP_CarPoint2_C_UAID_D843AE06D09D6BEF01_1196493380 Label:BP_CarPoint2 SpatiallyLoaded:1 Bounds:IsValid=true, Min=(X=-904.615 Y=-3510.487 Z=0.049), Max=(X=-715.385 Y=-3006.582 Z=137.317) RuntimeGrid:None EditorOnly:0 RuntimeOnly:0 HLODRelevant:0 ListedInSceneOutliner:1 IsMainWorldOnly:0
 |- ContainerInstances:
 |- [+] MainContainer:
 |   |-        ID: 00000000000000000000000000000000
 |   |-  ParentID: 00000000000000000000000000000000
 |   |-    Bounds: IsValid=false, Min=(X=0.000 Y=0.000 Z=0.000), Max=(X=0.000 Y=0.000 Z=0.000)
 |   |- Transform: 0.000000,0.000000,0.000000|0.000000,0.000000,-0.000000|1.000000,1.000000,1.000000
 |   |- Container: /Game/ThirdPerson/Maps/Level04
----------------------------------------------------------------------------------------------------------------
Level04 - Persistent Level
----------------------------------------------------------------------------------------------------------------
[+] Content of Level04 Persistent Level
 |- Always loaded Actor Count: 39 
 |- Actor Path: /Game/ThirdPerson/Maps/Level04.Level04:PersistentLevel.AbstractNavData-Default
 |- Actor Package: /Game/ThirdPerson/Maps/Level04
 |- Actor Path: /Game/ThirdPerson/Maps/Level04.Level04:PersistentLevel.AI_Companion_C_UAID_D843AE06D09D6CEF01_1231095567
 |- Actor Package: /Game/__ExternalActors__/ThirdPerson/Maps/Level04/D/NQ/TKUVL8L84OXHXP93MB1BYT
 |- Actor Path: /Game/ThirdPerson/Maps/Level04.Level04:PersistentLevel.AI_PatrollingEnemy_C_UAID_D843AE06D09D6AEF01_1731105200
 |- Actor Package: /Game/__ExternalActors__/ThirdPerson/Maps/Level04/4/LF/2QIGHSBHGVCBYOCRI1TRBF
 |- Actor Path: /Game/ThirdPerson/Maps/Level04.Level04:PersistentLevel.BP_CarPoint2_C_UAID_D843AE06D09D6BEF01_1196493380
 |- Actor Package: /Game/__ExternalActors__/ThirdPerson/Maps/Level04/D/WA/7U61K81O6FPCMJSIKQAAZM
 |- Actor Path: /Game/ThirdPerson/Maps/Level04.Level04:PersistentLevel.BP_CarPoint3_C_UAID_D843AE06D09D6BEF01_1225375381
 |- Actor Package: /Game/__ExternalActors__/ThirdPerson/Maps/Level04/A/DU/P95K3K1RXADZIC39U35O1O
 |- Actor Path: /Game/ThirdPerson/Maps/Level04.Level04:PersistentLevel.BP_CarPoint4_C_UAID_D843AE06D09D6BEF01_1237310382
 |- Actor Package: /Game/__ExternalActors__/ThirdPerson/Maps/Level04/6/I9/2M4GI914LROIR14SNITWWF
 |- Actor Path: /Game/ThirdPerson/Maps/Level04.Level04:PersistentLevel.BP_CarPoint_C_UAID_D843AE06D09D6AEF01_1735015201
 |- Actor Package: /Game/__ExternalActors__/ThirdPerson/Maps/Level04/6/FZ/UGGJ80ADZKCSHB9HEWYHIZ
 |- Actor Path: /Game/ThirdPerson/Maps/Level04.Level04:PersistentLevel.BP_Crate_C_UAID_D843AE06D09D6CEF01_1191339566
 |- Actor Package: /Game/__ExternalActors__/ThirdPerson/Maps/Level04/1/GT/NIFE3JG0DYA4AIZH46VAB9
 |- Actor Path: /Game/ThirdPerson/Maps/Level04.Level04:PersistentLevel.Brush_0
 |- Actor Package: /Game/ThirdPerson/Maps/Level04
 |- Actor Path: /Game/ThirdPerson/Maps/Level04.Level04:PersistentLevel.DefaultPhysicsVolume_0
 |- Actor Package: /Game/ThirdPerson/Maps/Level04
 |- Actor Path: /Game/ThirdPerson/Maps/Level04.Level04:PersistentLevel.DirectionalLight_0
 |- Actor Package: /Game/__ExternalActors__/ThirdPerson/Maps/Level04/7/ST/YUTU8UATW0N03T7TLB6Y85
 |- Actor Path: /Game/ThirdPerson/Maps/Level04.Level04:PersistentLevel.ExponentialHeightFog_0
 |- Actor Package: /Game/__ExternalActors__/ThirdPerson/Maps/Level04/0/T0/ODSBDD1P8Y5CE39AR1307Q
 |- Actor Path: /Game/ThirdPerson/Maps/Level04.Level04:PersistentLevel.GameplayDebuggerPlayerManager_0
 |- Actor Package: /Game/ThirdPerson/Maps/Level04
 |- Actor Path: /Game/ThirdPerson/Maps/Level04.Level04:PersistentLevel.NavMeshBoundsVolume_UAID_D843AE06D09D55EE01_2145601601
 |- Actor Package: /Game/__ExternalActors__/ThirdPerson/Maps/Level04/1/09/5AINFOEPWELMBR9LQPFNZQ
 |- Actor Path: /Game/ThirdPerson/Maps/Level04.Level04:PersistentLevel.PlayerStart_0
 |- Actor Package: /Game/__ExternalActors__/ThirdPerson/Maps/Level04/6/JX/R5SPGFPFZSAC2WJPNE66F8
 |- Actor Path: /Game/ThirdPerson/Maps/Level04.Level04:PersistentLevel.PostProcessVolume_0
 |- Actor Package: /Game/__ExternalActors__/ThirdPerson/Maps/Level04/0/U5/4ENUNGSOCAZZ6PRH8MWH57
 |- Actor Path: /Game/ThirdPerson/Maps/Level04.Level04:PersistentLevel.RecastNavMesh_UAID_D843AE06D09D55EE01-Default
 |- Actor Package: /Game/__ExternalActors__/ThirdPerson/Maps/Level04/D/4N/8KJL12RT51IQ4S3RVEWTY8
 |- Actor Path: /Game/ThirdPerson/Maps/Level04.Level04:PersistentLevel.SkyAtmosphere_0
 |- Actor Package: /Game/__ExternalActors__/ThirdPerson/Maps/Level04/5/JK/0DE7Q1FK4FAM54PAB51DE7
 |- Actor Path: /Game/ThirdPerson/Maps/Level04.Level04:PersistentLevel.SkyLight_1
 |- Actor Package: /Game/__ExternalActors__/ThirdPerson/Maps/Level04/A/XH/KMCPPLQVQ3F9KVJL8PY62E
 |- Actor Path: /Game/ThirdPerson/Maps/Level04.Level04:PersistentLevel.StaticMeshActor_0
 |- Actor Package: /Game/__ExternalActors__/ThirdPerson/Maps/Level04/2/3D/N0U4HVM9VDPHB215S254W4
 |- Actor Path: /Game/ThirdPerson/Maps/Level04.Level04:PersistentLevel.StaticMeshActor_1
 |- Actor Package: /Game/__ExternalActors__/ThirdPerson/Maps/Level04/E/3F/JANS4PKSEKVG3WO2UGHXGD
 |- Actor Path: /Game/ThirdPerson/Maps/Level04.Level04:PersistentLevel.StaticMeshActor_4
 |- Actor Package: /Game/__ExternalActors__/ThirdPerson/Maps/Level04/8/CT/XCXIR5D7OVP5AEEWSBH60A
 |- Actor Path: /Game/ThirdPerson/Maps/Level04.Level04:PersistentLevel.StaticMeshActor_5
 |- Actor Package: /Game/__ExternalActors__/ThirdPerson/Maps/Level04/3/NT/MCALDT1RB4NRP9DT489A4M
 |- Actor Path: /Game/ThirdPerson/Maps/Level04.Level04:PersistentLevel.StaticMeshActor_6
 |- Actor Package: /Game/__ExternalActors__/ThirdPerson/Maps/Level04/7/LS/PQOQM0T1J8YGJTVTAYZKN2
 |- Actor Path: /Game/ThirdPerson/Maps/Level04.Level04:PersistentLevel.StaticMeshActor_UAID_A4AE111137DC5EFB00_1110535423
 |- Actor Package: /Game/__ExternalActors__/ThirdPerson/Maps/Level04/5/O6/Q454QULS578WXR65RNS6P4
 |- Actor Path: /Game/ThirdPerson/Maps/Level04.Level04:PersistentLevel.StaticMeshActor_UAID_D843AE06D09D6AEF01_1271103199
 |- Actor Package: /Game/__ExternalActors__/ThirdPerson/Maps/Level04/1/VZ/M3DCBPPPKAFSAGWY053PCZ
 |- Actor Path: /Game/ThirdPerson/Maps/Level04.Level04:PersistentLevel.StaticMeshActor_UAID_D843AE06D09D6BEF01_1466027383
 |- Actor Package: /Game/__ExternalActors__/ThirdPerson/Maps/Level04/8/AP/OMPO2JD4MZ9D0O4QVLAVA3
 |- Actor Path: /Game/ThirdPerson/Maps/Level04.Level04:PersistentLevel.StaticMeshActor_UAID_D843AE06D09D6BEF01_1537765384
 |- Actor Package: /Game/__ExternalActors__/ThirdPerson/Maps/Level04/C/OF/X7NGX50ZYKOVGZ11XN6FS2
 |- Actor Path: /Game/ThirdPerson/Maps/Level04.Level04:PersistentLevel.StaticMeshActor_UAID_D843AE06D09D6BEF01_1592267386
 |- Actor Package: /Game/__ExternalActors__/ThirdPerson/Maps/Level04/D/9K/PCUVSJIYQY58IIUA1W3ZRX
 |- Actor Path: /Game/ThirdPerson/Maps/Level04.Level04:PersistentLevel.StaticMeshActor_UAID_D843AE06D09D6BEF01_1699562387
 |- Actor Package: /Game/__ExternalActors__/ThirdPerson/Maps/Level04/1/SK/BEWA7L4F7ZBOKZDY81HFKD
 |- Actor Path: /Game/ThirdPerson/Maps/Level04.Level04:PersistentLevel.StaticMeshActor_UAID_D843AE06D09D6BEF01_1711477388
 |- Actor Package: /Game/__ExternalActors__/ThirdPerson/Maps/Level04/C/33/KUKWLQQPCMTJL6U77ECXS0
 |- Actor Path: /Game/ThirdPerson/Maps/Level04.Level04:PersistentLevel.StaticMeshActor_UAID_D843AE06D09D6DEF01_1306135744
 |- Actor Package: /Game/__ExternalActors__/ThirdPerson/Maps/Level04/7/OG/ZOTVQ3EKV4RS9V3L7IBV9A
 |- Actor Path: /Game/ThirdPerson/Maps/Level04.Level04:PersistentLevel.StaticMeshActor_UAID_D843AE06D09D6DEF01_1323827745
 |- Actor Package: /Game/__ExternalActors__/ThirdPerson/Maps/Level04/D/XE/9007DTINBZMPYRJY0LYZKR
 |- Actor Path: /Game/ThirdPerson/Maps/Level04.Level04:PersistentLevel.Test1_C_1
 |- Actor Package: /Game/ThirdPerson/Maps/Level04
 |- Actor Path: /Game/ThirdPerson/Maps/Level04.Level04:PersistentLevel.TextRenderActor_1
 |- Actor Package: /Game/__ExternalActors__/ThirdPerson/Maps/Level04/6/KE/6ZYTX8NJ1NAIH4J4PV1CUP
 |- Actor Path: /Game/ThirdPerson/Maps/Level04.Level04:PersistentLevel.VolumetricCloud_0
 |- Actor Package: /Game/__ExternalActors__/ThirdPerson/Maps/Level04/A/03/SON957JBBEDBFKYF81P43X
 |- Actor Path: /Game/ThirdPerson/Maps/Level04.Level04:PersistentLevel.WorldDataLayers
 |- Actor Package: /Game/__ExternalActors__/ThirdPerson/Maps/Level04/2/BH/CLN2W8DFNB92V8WJTVG11P
 |- Actor Path: /Game/ThirdPerson/Maps/Level04.Level04:PersistentLevel.WorldInfo_0
 |- Actor Package: /Game/ThirdPerson/Maps/Level04
 |- Actor Path: /Game/ThirdPerson/Maps/Level04.Level04:PersistentLevel.WorldPartitionMiniMap_0
 |- Actor Package: /Game/__ExternalActors__/ThirdPerson/Maps/Level04/0/JN/XPUH7V2HLT83AZKS2OZ9E9

----------------------------------------------------------------------------------------------------------------
Level04 - Runtime Spatial Hash - Streaming Grid - MainGrid
----------------------------------------------------------------------------------------------------------------
            Origin: X=0.000 Y=0.000 Z=0.000
         Cell Size: 12800
      World Bounds: IsValid=false, Min=(X=0.000 Y=0.000 Z=0.000), Max=(X=0.000 Y=0.000 Z=0.000)
     Loading Range: 25600.00
Block Slow Loading: No
 ClientOnlyVisible: No
            Origin: X=0.000 Y=0.000 Z=0.000

[+] Grid Levels: 1
 |- Level  0: Cell Count    0 | Cell Size   12800 | Actor Count    0 (0.0%)

[+] Content of Grid Level 0

