[+] Containers:
 |- [+] Container: /Game/FollowMeLibrary/Levels/Level01
 |   |- [+] ActorDescs:
 |   |   |- Guid:01EE608C4CBCAE0521C8448A5E01C212 BaseClass:/Game/FollowMeLibrary/Companion/BTCompanion/Companion_BP.Companion_BP_C NativeClass:/Script/Engine.Character Name:Companion_BP_C_UAID_D843AE06D09D2CF101_1466955412 Label:Companion_BP SpatiallyLoaded:1 Bounds:IsValid=true, Min=(X=-2354.000 Y=-1774.000 Z=-0.146), Max=(X=-2282.409 Y=-1706.000 Z=180.336) RuntimeGrid:None EditorOnly:0 RuntimeOnly:0 HLODRelevant:0 ListedInSceneOutliner:1 IsMainWorldOnly:0
 |   |   |- Guid:17549D3F436F279A30EBA2B6B13766EC BaseClass: NativeClass:/Script/Engine.DirectionalLight Name:DirectionalLight_0 Label:DirectionalLight SpatiallyLoaded:0 Bounds:IsValid=true, Min=(X=-4398046511104.000 Y=-4398046511104.000 Z=-4398046511104.000), Max=(X=4398046511104.000 Y=4398046511104.000 Z=4398046511104.000) RuntimeGrid:None EditorOnly:0 RuntimeOnly:0 HLODRelevant:0 ListedInSceneOutliner:1 IsMainWorldOnly:0 FolderPath:Lighting FolderGuid:963EC3EB4002CCE9759E2EBA541A873A
 |   |   |- Guid:274EA61B450035F53096C9A53F466A38 BaseClass: NativeClass:/Script/Engine.StaticMeshActor Name:StaticMeshActor_1 Label:SM_Cube SpatiallyLoaded:1 Bounds:IsValid=true, Min=(X=-1460.000 Y=-2680.000 Z=-50.000), Max=(X=-1060.000 Y=-2280.000 Z=0.000) RuntimeGrid:None EditorOnly:0 RuntimeOnly:0 HLODRelevant:1 ListedInSceneOutliner:1 IsMainWorldOnly:0 FolderPath:Playground FolderGuid:C73F09FC4215536B1DCE2A9E0A830C70
 |   |   |- Guid:325FCCA341403B8A7D741884F5E7B054 BaseClass: NativeClass:/Script/Engine.StaticMeshActor Name:StaticMeshActor_UAID_D843AE06D09DB5F101_1517071525 Label:SM_Cube16 SpatiallyLoaded:1 Bounds:IsValid=true, Min=(X=-2660.000 Y=-2680.000 Z=-50.000), Max=(X=-2260.000 Y=-2280.000 Z=0.000) RuntimeGrid:None EditorOnly:0 RuntimeOnly:0 HLODRelevant:1 ListedInSceneOutliner:1 IsMainWorldOnly:0 FolderPath:Playground FolderGuid:C73F09FC4215536B1DCE2A9E0A830C70
 |   |   |- Guid:3752DFC84E4C34831576A199683DFB31 BaseClass: NativeClass:/Script/Engine.StaticMeshActor Name:StaticMeshActor_UAID_D843AE06D09DB5F101_1504417521 Label:SM_Cube12 SpatiallyLoaded:1 Bounds:IsValid=true, Min=(X=-2660.000 Y=-1480.000 Z=-50.000), Max=(X=-2260.000 Y=-1080.000 Z=0.000) RuntimeGrid:None EditorOnly:0 RuntimeOnly:0 HLODRelevant:1 ListedInSceneOutliner:1 IsMainWorldOnly:0 FolderPath:Playground FolderGuid:C73F09FC4215536B1DCE2A9E0A830C70
 |   |   |- Guid:4A6007D3429DBA5B64EABF972BA0D5B4 BaseClass: NativeClass:/Script/Engine.StaticMeshActor Name:StaticMeshActor_UAID_A4AE111137DC5EFB00_1110535423 Label:SM_SkySphere SpatiallyLoaded:0 Bounds:IsValid=true, Min=(X=-1641670.000 Y=-1638510.000 Z=-1638400.000), Max=(X=1635130.000 Y=1638290.000 Z=1638400.000) RuntimeGrid:None EditorOnly:0 RuntimeOnly:0 HLODRelevant:1 ListedInSceneOutliner:1 IsMainWorldOnly:0 FolderPath:Lighting FolderGuid:963EC3EB4002CCE9759E2EBA541A873A
 |   |   |- Guid:4ABA8FCE4069D825DAD82DB8C44EB0BD BaseClass: NativeClass:/Script/Engine.StaticMeshActor Name:StaticMeshActor_UAID_D843AE06D09DB5F101_1508462522 Label:SM_Cube13 SpatiallyLoaded:1 Bounds:IsValid=true, Min=(X=-2260.000 Y=-1480.000 Z=-50.000), Max=(X=-1860.000 Y=-1080.000 Z=0.000) RuntimeGrid:None EditorOnly:0 RuntimeOnly:0 HLODRelevant:1 ListedInSceneOutliner:1 IsMainWorldOnly:0 FolderPath:Playground FolderGuid:C73F09FC4215536B1DCE2A9E0A830C70
 |   |   |- Guid:4B83E59F48A82E28EA631FAE65144C7A BaseClass: NativeClass:/Script/Engine.StaticMeshActor Name:StaticMeshActor_UAID_D843AE06D09DB5F101_1470319516 Label:SM_Cube7 SpatiallyLoaded:1 Bounds:IsValid=true, Min=(X=-1860.000 Y=-2280.000 Z=-50.000), Max=(X=-1460.000 Y=-1880.000 Z=0.000) RuntimeGrid:None EditorOnly:0 RuntimeOnly:0 HLODRelevant:1 ListedInSceneOutliner:1 IsMainWorldOnly:0 FolderPath:Playground FolderGuid:C73F09FC4215536B1DCE2A9E0A830C70
 |   |   |- Guid:4BB63A8E486D4072E80FB3989131EB6D BaseClass: NativeClass:/Script/Engine.StaticMeshActor Name:StaticMeshActor_UAID_D843AE06D09D72F001_1906455932 Label:Wall_400x316 SpatiallyLoaded:1 Bounds:IsValid=true, Min=(X=-680.000 Y=-280.000 Z=0.000), Max=(X=-660.000 Y=120.000 Z=400.000) RuntimeGrid:None EditorOnly:0 RuntimeOnly:0 HLODRelevant:1 ListedInSceneOutliner:1 IsMainWorldOnly:0
 |   |   |- Guid:528130094F7D9391ED187995CA327B48 BaseClass:/Game/FollowMeLibrary/Mechanic/Escape_BP.Escape_BP_C NativeClass:/Script/Engine.Actor Name:Escape_BP_C_UAID_D843AE06D09D74EE01_2044721911 Label:Escape_BP SpatiallyLoaded:1 Bounds:IsValid=true, Min=(X=-1546.000 Y=1730.000 Z=-14.000), Max=(X=-1034.000 Y=2050.000 Z=114.000) RuntimeGrid:None EditorOnly:0 RuntimeOnly:0 HLODRelevant:0 ListedInSceneOutliner:1 IsMainWorldOnly:0
 |   |   |- Guid:6A4E6DAE4C5C669CD95D30BF109BC2E2 BaseClass: NativeClass:/Script/Engine.StaticMeshActor Name:StaticMeshActor_UAID_D843AE06D09DB5F101_1465633515 Label:SM_Cube6 SpatiallyLoaded:1 Bounds:IsValid=true, Min=(X=-1860.000 Y=-1880.000 Z=-50.000), Max=(X=-1460.000 Y=-1480.000 Z=0.000) RuntimeGrid:None EditorOnly:0 RuntimeOnly:0 HLODRelevant:1 ListedInSceneOutliner:1 IsMainWorldOnly:0 FolderPath:Playground FolderGuid:C73F09FC4215536B1DCE2A9E0A830C70
 |   |   |- Guid:6B5583DB485D1D20367989BE24F839D1 BaseClass: NativeClass:/Script/Engine.PostProcessVolume Name:PostProcessVolume_0 Label:PostProcessVolume SpatiallyLoaded:0 Bounds:IsValid=true, Min=(X=-3270.000 Y=0.000 Z=400.000), Max=(X=-3070.000 Y=200.000 Z=600.000) RuntimeGrid:None EditorOnly:0 RuntimeOnly:0 HLODRelevant:0 ListedInSceneOutliner:1 IsMainWorldOnly:0 FolderPath:Lighting FolderGuid:963EC3EB4002CCE9759E2EBA541A873A
 |   |   |- Guid:6BA28A3141223831C780429EBE96D900 BaseClass: NativeClass:/Script/Engine.StaticMeshActor Name:StaticMeshActor_UAID_D843AE06D09DB5F101_1486402520 Label:SM_Cube11 SpatiallyLoaded:1 Bounds:IsValid=true, Min=(X=-2660.000 Y=-2280.000 Z=-50.000), Max=(X=-2260.000 Y=-1880.000 Z=0.000) RuntimeGrid:None EditorOnly:0 RuntimeOnly:0 HLODRelevant:1 ListedInSceneOutliner:1 IsMainWorldOnly:0 FolderPath:Playground FolderGuid:C73F09FC4215536B1DCE2A9E0A830C70
 |   |   |- Guid:72C4998C49631DB2A1CB09865B170AAD BaseClass: NativeClass:/Script/Engine.ExponentialHeightFog Name:ExponentialHeightFog_0 Label:ExponentialHeightFog SpatiallyLoaded:0 Bounds:IsValid=true, Min=(X=-8870.000 Y=-50.000 Z=-6850.000), Max=(X=-8870.000 Y=-50.000 Z=-6850.000) RuntimeGrid:None EditorOnly:0 RuntimeOnly:0 HLODRelevant:0 ListedInSceneOutliner:1 IsMainWorldOnly:0 FolderPath:Lighting FolderGuid:963EC3EB4002CCE9759E2EBA541A873A
 |   |   |- Guid:782E697447B357D3500564AB922506C2 BaseClass: NativeClass:/Script/Engine.StaticMeshActor Name:StaticMeshActor_UAID_D843AE06D09DB5F101_1517070524 Label:SM_Cube15 SpatiallyLoaded:1 Bounds:IsValid=true, Min=(X=-2260.000 Y=-2680.000 Z=-50.000), Max=(X=-1860.000 Y=-2280.000 Z=0.000) RuntimeGrid:None EditorOnly:0 RuntimeOnly:0 HLODRelevant:1 ListedInSceneOutliner:1 IsMainWorldOnly:0 FolderPath:Playground FolderGuid:C73F09FC4215536B1DCE2A9E0A830C70
 |   |   |- Guid:7FE9E606489E11C4118745B03A85265A BaseClass: NativeClass:/Script/Engine.StaticMeshActor Name:StaticMeshActor_UAID_D843AE06D09DB5F101_1450383512 Label:SM_Cube3 SpatiallyLoaded:1 Bounds:IsValid=true, Min=(X=-1460.000 Y=-1880.000 Z=-50.000), Max=(X=-1060.000 Y=-1480.000 Z=0.000) RuntimeGrid:None EditorOnly:0 RuntimeOnly:0 HLODRelevant:1 ListedInSceneOutliner:1 IsMainWorldOnly:0 FolderPath:Playground FolderGuid:C73F09FC4215536B1DCE2A9E0A830C70
 |   |   |- Guid:94E9D7BD4CE88F345AF05C99DF3A550C BaseClass: NativeClass:/Script/Engine.StaticMeshActor Name:StaticMeshActor_UAID_D843AE06D09DB5F101_1447595511 Label:SM_Cube2 SpatiallyLoaded:1 Bounds:IsValid=true, Min=(X=-1460.000 Y=-2280.000 Z=-50.000), Max=(X=-1060.000 Y=-1880.000 Z=0.000) RuntimeGrid:None EditorOnly:0 RuntimeOnly:0 HLODRelevant:1 ListedInSceneOutliner:1 IsMainWorldOnly:0 FolderPath:Playground FolderGuid:C73F09FC4215536B1DCE2A9E0A830C70
 |   |   |- Guid:9E5D262D4860F28B8F10D0BFA10FA714 BaseClass: NativeClass:/Script/Engine.StaticMeshActor Name:StaticMeshActor_UAID_D843AE06D09DB5F101_1460377514 Label:SM_Cube5 SpatiallyLoaded:1 Bounds:IsValid=true, Min=(X=-1860.000 Y=-1480.000 Z=-50.000), Max=(X=-1460.000 Y=-1080.000 Z=0.000) RuntimeGrid:None EditorOnly:0 RuntimeOnly:0 HLODRelevant:1 ListedInSceneOutliner:1 IsMainWorldOnly:0 FolderPath:Playground FolderGuid:C73F09FC4215536B1DCE2A9E0A830C70
 |   |   |- Guid:A470250D4515B2E5BFF1D69DEB8C653F BaseClass: NativeClass:/Script/Engine.StaticMeshActor Name:StaticMeshActor_UAID_D843AE06D09DB5F101_1452915513 Label:SM_Cube4 SpatiallyLoaded:1 Bounds:IsValid=true, Min=(X=-1460.000 Y=-1480.000 Z=-50.000), Max=(X=-1060.000 Y=-1080.000 Z=0.000) RuntimeGrid:None EditorOnly:0 RuntimeOnly:0 HLODRelevant:1 ListedInSceneOutliner:1 IsMainWorldOnly:0 FolderPath:Playground FolderGuid:C73F09FC4215536B1DCE2A9E0A830C70
 |   |   |- Guid:A4E876EC4F8F8541AEB12C879ABB9DDC BaseClass: NativeClass:/Script/NavigationSystem.RecastNavMesh Name:RecastNavMesh_UAID_D843AE06D09D55EE01-Default Label:RecastNavMesh-Default SpatiallyLoaded:0 Bounds:IsValid=true, Min=(X=0.000 Y=0.000 Z=0.000), Max=(X=0.000 Y=0.000 Z=0.000) RuntimeGrid:None EditorOnly:0 RuntimeOnly:0 HLODRelevant:0 ListedInSceneOutliner:1 IsMainWorldOnly:0
 |   |   |- Guid:A6E2AB0E4164FADA2687F78801365EB0 BaseClass: NativeClass:/Script/Engine.StaticMeshActor Name:StaticMeshActor_UAID_D843AE06D09DB5F101_1517069523 Label:SM_Cube14 SpatiallyLoaded:1 Bounds:IsValid=true, Min=(X=-1860.000 Y=-2680.000 Z=-50.000), Max=(X=-1460.000 Y=-2280.000 Z=0.000) RuntimeGrid:None EditorOnly:0 RuntimeOnly:0 HLODRelevant:1 ListedInSceneOutliner:1 IsMainWorldOnly:0 FolderPath:Playground FolderGuid:C73F09FC4215536B1DCE2A9E0A830C70
 |   |   |- Guid:A7152FDC4291BDB59248D0A2D45EB4FA BaseClass:/Game/FollowMeLibrary/Mechanic/PuzzleItem_BP.PuzzleItem_BP_C NativeClass:/Script/Engine.Actor Name:PuzzleItem_BP_C_UAID_D843AE06D09D72EE01_1632963557 Label:PuzzleItem_BP SpatiallyLoaded:1 Bounds:IsValid=true, Min=(X=-1312.000 Y=-520.000 Z=40.000), Max=(X=-1248.000 Y=-420.000 Z=140.000) RuntimeGrid:None EditorOnly:0 RuntimeOnly:0 HLODRelevant:0 ListedInSceneOutliner:1 IsMainWorldOnly:0
 |   |   |- Guid:AC492D024E81BE9C3CDC758CD53BA36E BaseClass: NativeClass:/Script/Engine.VolumetricCloud Name:VolumetricCloud_0 Label:VolumetricCloud SpatiallyLoaded:0 Bounds:IsValid=true, Min=(X=-3270.000 Y=0.000 Z=820.000), Max=(X=-3270.000 Y=0.000 Z=820.000) RuntimeGrid:None EditorOnly:0 RuntimeOnly:0 HLODRelevant:0 ListedInSceneOutliner:1 IsMainWorldOnly:0 FolderPath:Lighting FolderGuid:963EC3EB4002CCE9759E2EBA541A873A
 |   |   |- Guid:B172E5474E20378A480D3994DCD73C3B BaseClass: NativeClass:/Script/Engine.TextRenderActor Name:TextRenderActor_1 Label:TextRenderActor SpatiallyLoaded:1 Bounds:IsValid=true, Min=(X=-2610.100 Y=1100.000 Z=65.013), Max=(X=-2610.100 Y=2392.308 Z=215.013) RuntimeGrid:None EditorOnly:0 RuntimeOnly:0 HLODRelevant:0 ListedInSceneOutliner:1 IsMainWorldOnly:0
 |   |   |- Guid:B79EC8404E0E599D4D504A846D33158D BaseClass: NativeClass:/Script/Engine.StaticMeshActor Name:StaticMeshActor_UAID_D843AE06D09DB5F101_1477025518 Label:SM_Cube9 SpatiallyLoaded:1 Bounds:IsValid=true, Min=(X=-2260.000 Y=-1880.000 Z=-50.000), Max=(X=-1860.000 Y=-1480.000 Z=0.000) RuntimeGrid:None EditorOnly:0 RuntimeOnly:0 HLODRelevant:1 ListedInSceneOutliner:1 IsMainWorldOnly:0 FolderPath:Playground FolderGuid:C73F09FC4215536B1DCE2A9E0A830C70
 |   |   |- Guid:C65E6F094C9A3302ECFE4681A99E65D0 BaseClass: NativeClass:/Script/Engine.WorldDataLayers Name:WorldDataLayers Label:WorldDataLayers SpatiallyLoaded:0 Bounds:Invalid RuntimeGrid:None EditorOnly:0 RuntimeOnly:0 HLODRelevant:0 ListedInSceneOutliner:1 IsMainWorldOnly:1
 |   |   |- Guid:CAAB189747B7BDDF365EF4A33773F4DD BaseClass: NativeClass:/Script/Engine.SkyAtmosphere Name:SkyAtmosphere_0 Label:SkyAtmosphere SpatiallyLoaded:0 Bounds:IsValid=true, Min=(X=-3270.000 Y=0.000 Z=1020.000), Max=(X=-3270.000 Y=0.000 Z=1020.000) RuntimeGrid:None EditorOnly:0 RuntimeOnly:0 HLODRelevant:0 ListedInSceneOutliner:1 IsMainWorldOnly:0 FolderPath:Lighting FolderGuid:963EC3EB4002CCE9759E2EBA541A873A
 |   |   |- Guid:CBC727C2465A08348F20ADA018BCBC7A BaseClass:/Game/FollowMeLibrary/Mechanic/PuzzleGate_BP.PuzzleGate_BP_C NativeClass:/Script/Engine.Actor Name:PuzzleGate_BP_C_UAID_D843AE06D09D72EE01_1563527556 Label:PuzzleGate_BP SpatiallyLoaded:1 Bounds:IsValid=true, Min=(X=-1373.993 Y=855.186 Z=0.000), Max=(X=-1146.007 Y=942.419 Z=317.995) RuntimeGrid:None EditorOnly:0 RuntimeOnly:0 HLODRelevant:0 ListedInSceneOutliner:1 IsMainWorldOnly:0
 |   |   |- Guid:CE9E6D0347EBC8FC956FE59056E82393 BaseClass: NativeClass:/Script/Engine.StaticMeshActor Name:StaticMeshActor_UAID_D843AE06D09DB5F101_1482359519 Label:SM_Cube10 SpatiallyLoaded:1 Bounds:IsValid=true, Min=(X=-2660.000 Y=-1880.000 Z=-50.000), Max=(X=-2260.000 Y=-1480.000 Z=0.000) RuntimeGrid:None EditorOnly:0 RuntimeOnly:0 HLODRelevant:1 ListedInSceneOutliner:1 IsMainWorldOnly:0 FolderPath:Playground FolderGuid:C73F09FC4215536B1DCE2A9E0A830C70
 |   |   |- Guid:D4516EC44B9E170F34D1C6A7593652B3 BaseClass:/Game/FollowMeLibrary/Player/ThirdPersonCharacter.ThirdPersonCharacter_C NativeClass:/Script/Engine.Character Name:ThirdPersonCharacter_C_UAID_D843AE06D09D2CF101_1588167416 Label:ThirdPersonCharacter SpatiallyLoaded:1 Bounds:IsValid=true, Min=(X=-1330.000 Y=-2440.000 Z=-0.146), Max=(X=-1190.000 Y=-2300.000 Z=589.000) RuntimeGrid:None EditorOnly:0 RuntimeOnly:0 HLODRelevant:0 ListedInSceneOutliner:1 IsMainWorldOnly:0
 |   |   |- Guid:D54643944E5490D4EF322C92E2DB56D1 BaseClass: NativeClass:/Script/Engine.StaticMeshActor Name:StaticMeshActor_UAID_D843AE06D09DB5F101_1473419517 Label:SM_Cube8 SpatiallyLoaded:1 Bounds:IsValid=true, Min=(X=-2260.000 Y=-2280.000 Z=-50.000), Max=(X=-1860.000 Y=-1880.000 Z=0.000) RuntimeGrid:None EditorOnly:0 RuntimeOnly:0 HLODRelevant:1 ListedInSceneOutliner:1 IsMainWorldOnly:0 FolderPath:Playground FolderGuid:C73F09FC4215536B1DCE2A9E0A830C70
 |   |   |- Guid:E817781B46C53695E0E925AAE6BE0F9A BaseClass: NativeClass:/Script/Engine.SkyLight Name:SkyLight_1 Label:SkyLight SpatiallyLoaded:0 Bounds:IsValid=true, Min=(X=-3270.000 Y=0.000 Z=690.000), Max=(X=-3270.000 Y=0.000 Z=690.000) RuntimeGrid:None EditorOnly:0 RuntimeOnly:0 HLODRelevant:0 ListedInSceneOutliner:1 IsMainWorldOnly:0 FolderPath:Lighting FolderGuid:963EC3EB4002CCE9759E2EBA541A873A
 |   |   |- Guid:F387BC484BF374959065259FEBC89BCD BaseClass: NativeClass:/Script/NavigationSystem.NavMeshBoundsVolume Name:NavMeshBoundsVolume_UAID_D843AE06D09D55EE01_2145601601 Label:NavMeshBoundsVolume SpatiallyLoaded:0 Bounds:IsValid=true, Min=(X=-3320.000 Y=-3600.000 Z=-200.000), Max=(X=1080.000 Y=3400.000 Z=600.000) RuntimeGrid:None EditorOnly:0 RuntimeOnly:0 HLODRelevant:0 ListedInSceneOutliner:1 IsMainWorldOnly:0
 |   |- [+] Clusters:
 |   |   |- [+] [  0]
 |   |   |   |- Guid:01EE608C4CBCAE0521C8448A5E01C212 BaseClass:/Game/FollowMeLibrary/Companion/BTCompanion/Companion_BP.Companion_BP_C NativeClass:/Script/Engine.Character Name:Companion_BP_C_UAID_D843AE06D09D2CF101_1466955412 Label:Companion_BP SpatiallyLoaded:1 Bounds:IsValid=true, Min=(X=-2354.000 Y=-1774.000 Z=-0.146), Max=(X=-2282.409 Y=-1706.000 Z=180.336) RuntimeGrid:None EditorOnly:0 RuntimeOnly:0 HLODRelevant:0 ListedInSceneOutliner:1 IsMainWorldOnly:0
 |   |   |   |- Guid:D4516EC44B9E170F34D1C6A7593652B3 BaseClass:/Game/FollowMeLibrary/Player/ThirdPersonCharacter.ThirdPersonCharacter_C NativeClass:/Script/Engine.Character Name:ThirdPersonCharacter_C_UAID_D843AE06D09D2CF101_1588167416 Label:ThirdPersonCharacter SpatiallyLoaded:1 Bounds:IsValid=true, Min=(X=-1330.000 Y=-2440.000 Z=-0.146), Max=(X=-1190.000 Y=-2300.000 Z=589.000) RuntimeGrid:None EditorOnly:0 RuntimeOnly:0 HLODRelevant:0 ListedInSceneOutliner:1 IsMainWorldOnly:0
 |   |   |- [+] [  1]
 |   |   |   |- Guid:17549D3F436F279A30EBA2B6B13766EC BaseClass: NativeClass:/Script/Engine.DirectionalLight Name:DirectionalLight_0 Label:DirectionalLight SpatiallyLoaded:0 Bounds:IsValid=true, Min=(X=-4398046511104.000 Y=-4398046511104.000 Z=-4398046511104.000), Max=(X=4398046511104.000 Y=4398046511104.000 Z=4398046511104.000) RuntimeGrid:None EditorOnly:0 RuntimeOnly:0 HLODRelevant:0 ListedInSceneOutliner:1 IsMainWorldOnly:0 FolderPath:Lighting FolderGuid:963EC3EB4002CCE9759E2EBA541A873A
 |   |   |- [+] [  2]
 |   |   |   |- Guid:274EA61B450035F53096C9A53F466A38 BaseClass: NativeClass:/Script/Engine.StaticMeshActor Name:StaticMeshActor_1 Label:SM_Cube SpatiallyLoaded:1 Bounds:IsValid=true, Min=(X=-1460.000 Y=-2680.000 Z=-50.000), Max=(X=-1060.000 Y=-2280.000 Z=0.000) RuntimeGrid:None EditorOnly:0 RuntimeOnly:0 HLODRelevant:1 ListedInSceneOutliner:1 IsMainWorldOnly:0 FolderPath:Playground FolderGuid:C73F09FC4215536B1DCE2A9E0A830C70
 |   |   |- [+] [  3]
 |   |   |   |- Guid:325FCCA341403B8A7D741884F5E7B054 BaseClass: NativeClass:/Script/Engine.StaticMeshActor Name:StaticMeshActor_UAID_D843AE06D09DB5F101_1517071525 Label:SM_Cube16 SpatiallyLoaded:1 Bounds:IsValid=true, Min=(X=-2660.000 Y=-2680.000 Z=-50.000), Max=(X=-2260.000 Y=-2280.000 Z=0.000) RuntimeGrid:None EditorOnly:0 RuntimeOnly:0 HLODRelevant:1 ListedInSceneOutliner:1 IsMainWorldOnly:0 FolderPath:Playground FolderGuid:C73F09FC4215536B1DCE2A9E0A830C70
 |   |   |- [+] [  4]
 |   |   |   |- Guid:3752DFC84E4C34831576A199683DFB31 BaseClass: NativeClass:/Script/Engine.StaticMeshActor Name:StaticMeshActor_UAID_D843AE06D09DB5F101_1504417521 Label:SM_Cube12 SpatiallyLoaded:1 Bounds:IsValid=true, Min=(X=-2660.000 Y=-1480.000 Z=-50.000), Max=(X=-2260.000 Y=-1080.000 Z=0.000) RuntimeGrid:None EditorOnly:0 RuntimeOnly:0 HLODRelevant:1 ListedInSceneOutliner:1 IsMainWorldOnly:0 FolderPath:Playground FolderGuid:C73F09FC4215536B1DCE2A9E0A830C70
 |   |   |- [+] [  5]
 |   |   |   |- Guid:4A6007D3429DBA5B64EABF972BA0D5B4 BaseClass: NativeClass:/Script/Engine.StaticMeshActor Name:StaticMeshActor_UAID_A4AE111137DC5EFB00_1110535423 Label:SM_SkySphere SpatiallyLoaded:0 Bounds:IsValid=true, Min=(X=-1641670.000 Y=-1638510.000 Z=-1638400.000), Max=(X=1635130.000 Y=1638290.000 Z=1638400.000) RuntimeGrid:None EditorOnly:0 RuntimeOnly:0 HLODRelevant:1 ListedInSceneOutliner:1 IsMainWorldOnly:0 FolderPath:Lighting FolderGuid:963EC3EB4002CCE9759E2EBA541A873A
 |   |   |- [+] [  6]
 |   |   |   |- Guid:4ABA8FCE4069D825DAD82DB8C44EB0BD BaseClass: NativeClass:/Script/Engine.StaticMeshActor Name:StaticMeshActor_UAID_D843AE06D09DB5F101_1508462522 Label:SM_Cube13 SpatiallyLoaded:1 Bounds:IsValid=true, Min=(X=-2260.000 Y=-1480.000 Z=-50.000), Max=(X=-1860.000 Y=-1080.000 Z=0.000) RuntimeGrid:None EditorOnly:0 RuntimeOnly:0 HLODRelevant:1 ListedInSceneOutliner:1 IsMainWorldOnly:0 FolderPath:Playground FolderGuid:C73F09FC4215536B1DCE2A9E0A830C70
 |   |   |- [+] [  7]
 |   |   |   |- Guid:4B83E59F48A82E28EA631FAE65144C7A BaseClass: NativeClass:/Script/Engine.StaticMeshActor Name:StaticMeshActor_UAID_D843AE06D09DB5F101_1470319516 Label:SM_Cube7 SpatiallyLoaded:1 Bounds:IsValid=true, Min=(X=-1860.000 Y=-2280.000 Z=-50.000), Max=(X=-1460.000 Y=-1880.000 Z=0.000) RuntimeGrid:None EditorOnly:0 RuntimeOnly:0 HLODRelevant:1 ListedInSceneOutliner:1 IsMainWorldOnly:0 FolderPath:Playground FolderGuid:C73F09FC4215536B1DCE2A9E0A830C70
 |   |   |- [+] [  8]
 |   |   |   |- Guid:4BB63A8E486D4072E80FB3989131EB6D BaseClass: NativeClass:/Script/Engine.StaticMeshActor Name:StaticMeshActor_UAID_D843AE06D09D72F001_1906455932 Label:Wall_400x316 SpatiallyLoaded:1 Bounds:IsValid=true, Min=(X=-680.000 Y=-280.000 Z=0.000), Max=(X=-660.000 Y=120.000 Z=400.000) RuntimeGrid:None EditorOnly:0 RuntimeOnly:0 HLODRelevant:1 ListedInSceneOutliner:1 IsMainWorldOnly:0
 |   |   |- [+] [  9]
 |   |   |   |- Guid:528130094F7D9391ED187995CA327B48 BaseClass:/Game/FollowMeLibrary/Mechanic/Escape_BP.Escape_BP_C NativeClass:/Script/Engine.Actor Name:Escape_BP_C_UAID_D843AE06D09D74EE01_2044721911 Label:Escape_BP SpatiallyLoaded:1 Bounds:IsValid=true, Min=(X=-1546.000 Y=1730.000 Z=-14.000), Max=(X=-1034.000 Y=2050.000 Z=114.000) RuntimeGrid:None EditorOnly:0 RuntimeOnly:0 HLODRelevant:0 ListedInSceneOutliner:1 IsMainWorldOnly:0
 |   |   |- [+] [ 10]
 |   |   |   |- Guid:6A4E6DAE4C5C669CD95D30BF109BC2E2 BaseClass: NativeClass:/Script/Engine.StaticMeshActor Name:StaticMeshActor_UAID_D843AE06D09DB5F101_1465633515 Label:SM_Cube6 SpatiallyLoaded:1 Bounds:IsValid=true, Min=(X=-1860.000 Y=-1880.000 Z=-50.000), Max=(X=-1460.000 Y=-1480.000 Z=0.000) RuntimeGrid:None EditorOnly:0 RuntimeOnly:0 HLODRelevant:1 ListedInSceneOutliner:1 IsMainWorldOnly:0 FolderPath:Playground FolderGuid:C73F09FC4215536B1DCE2A9E0A830C70
 |   |   |- [+] [ 11]
 |   |   |   |- Guid:6B5583DB485D1D20367989BE24F839D1 BaseClass: NativeClass:/Script/Engine.PostProcessVolume Name:PostProcessVolume_0 Label:PostProcessVolume SpatiallyLoaded:0 Bounds:IsValid=true, Min=(X=-3270.000 Y=0.000 Z=400.000), Max=(X=-3070.000 Y=200.000 Z=600.000) RuntimeGrid:None EditorOnly:0 RuntimeOnly:0 HLODRelevant:0 ListedInSceneOutliner:1 IsMainWorldOnly:0 FolderPath:Lighting FolderGuid:963EC3EB4002CCE9759E2EBA541A873A
 |   |   |- [+] [ 12]
 |   |   |   |- Guid:6BA28A3141223831C780429EBE96D900 BaseClass: NativeClass:/Script/Engine.StaticMeshActor Name:StaticMeshActor_UAID_D843AE06D09DB5F101_1486402520 Label:SM_Cube11 SpatiallyLoaded:1 Bounds:IsValid=true, Min=(X=-2660.000 Y=-2280.000 Z=-50.000), Max=(X=-2260.000 Y=-1880.000 Z=0.000) RuntimeGrid:None EditorOnly:0 RuntimeOnly:0 HLODRelevant:1 ListedInSceneOutliner:1 IsMainWorldOnly:0 FolderPath:Playground FolderGuid:C73F09FC4215536B1DCE2A9E0A830C70
 |   |   |- [+] [ 13]
 |   |   |   |- Guid:72C4998C49631DB2A1CB09865B170AAD BaseClass: NativeClass:/Script/Engine.ExponentialHeightFog Name:ExponentialHeightFog_0 Label:ExponentialHeightFog SpatiallyLoaded:0 Bounds:IsValid=true, Min=(X=-8870.000 Y=-50.000 Z=-6850.000), Max=(X=-8870.000 Y=-50.000 Z=-6850.000) RuntimeGrid:None EditorOnly:0 RuntimeOnly:0 HLODRelevant:0 ListedInSceneOutliner:1 IsMainWorldOnly:0 FolderPath:Lighting FolderGuid:963EC3EB4002CCE9759E2EBA541A873A
 |   |   |- [+] [ 14]
 |   |   |   |- Guid:782E697447B357D3500564AB922506C2 BaseClass: NativeClass:/Script/Engine.StaticMeshActor Name:StaticMeshActor_UAID_D843AE06D09DB5F101_1517070524 Label:SM_Cube15 SpatiallyLoaded:1 Bounds:IsValid=true, Min=(X=-2260.000 Y=-2680.000 Z=-50.000), Max=(X=-1860.000 Y=-2280.000 Z=0.000) RuntimeGrid:None EditorOnly:0 RuntimeOnly:0 HLODRelevant:1 ListedInSceneOutliner:1 IsMainWorldOnly:0 FolderPath:Playground FolderGuid:C73F09FC4215536B1DCE2A9E0A830C70
 |   |   |- [+] [ 15]
 |   |   |   |- Guid:7FE9E606489E11C4118745B03A85265A BaseClass: NativeClass:/Script/Engine.StaticMeshActor Name:StaticMeshActor_UAID_D843AE06D09DB5F101_1450383512 Label:SM_Cube3 SpatiallyLoaded:1 Bounds:IsValid=true, Min=(X=-1460.000 Y=-1880.000 Z=-50.000), Max=(X=-1060.000 Y=-1480.000 Z=0.000) RuntimeGrid:None EditorOnly:0 RuntimeOnly:0 HLODRelevant:1 ListedInSceneOutliner:1 IsMainWorldOnly:0 FolderPath:Playground FolderGuid:C73F09FC4215536B1DCE2A9E0A830C70
 |   |   |- [+] [ 16]
 |   |   |   |- Guid:94E9D7BD4CE88F345AF05C99DF3A550C BaseClass: NativeClass:/Script/Engine.StaticMeshActor Name:StaticMeshActor_UAID_D843AE06D09DB5F101_1447595511 Label:SM_Cube2 SpatiallyLoaded:1 Bounds:IsValid=true, Min=(X=-1460.000 Y=-2280.000 Z=-50.000), Max=(X=-1060.000 Y=-1880.000 Z=0.000) RuntimeGrid:None EditorOnly:0 RuntimeOnly:0 HLODRelevant:1 ListedInSceneOutliner:1 IsMainWorldOnly:0 FolderPath:Playground FolderGuid:C73F09FC4215536B1DCE2A9E0A830C70
 |   |   |- [+] [ 17]
 |   |   |   |- Guid:9E5D262D4860F28B8F10D0BFA10FA714 BaseClass: NativeClass:/Script/Engine.StaticMeshActor Name:StaticMeshActor_UAID_D843AE06D09DB5F101_1460377514 Label:SM_Cube5 SpatiallyLoaded:1 Bounds:IsValid=true, Min=(X=-1860.000 Y=-1480.000 Z=-50.000), Max=(X=-1460.000 Y=-1080.000 Z=0.000) RuntimeGrid:None EditorOnly:0 RuntimeOnly:0 HLODRelevant:1 ListedInSceneOutliner:1 IsMainWorldOnly:0 FolderPath:Playground FolderGuid:C73F09FC4215536B1DCE2A9E0A830C70
 |   |   |- [+] [ 18]
 |   |   |   |- Guid:A470250D4515B2E5BFF1D69DEB8C653F BaseClass: NativeClass:/Script/Engine.StaticMeshActor Name:StaticMeshActor_UAID_D843AE06D09DB5F101_1452915513 Label:SM_Cube4 SpatiallyLoaded:1 Bounds:IsValid=true, Min=(X=-1460.000 Y=-1480.000 Z=-50.000), Max=(X=-1060.000 Y=-1080.000 Z=0.000) RuntimeGrid:None EditorOnly:0 RuntimeOnly:0 HLODRelevant:1 ListedInSceneOutliner:1 IsMainWorldOnly:0 FolderPath:Playground FolderGuid:C73F09FC4215536B1DCE2A9E0A830C70
 |   |   |- [+] [ 19]
 |   |   |   |- Guid:A4E876EC4F8F8541AEB12C879ABB9DDC BaseClass: NativeClass:/Script/NavigationSystem.RecastNavMesh Name:RecastNavMesh_UAID_D843AE06D09D55EE01-Default Label:RecastNavMesh-Default SpatiallyLoaded:0 Bounds:IsValid=true, Min=(X=0.000 Y=0.000 Z=0.000), Max=(X=0.000 Y=0.000 Z=0.000) RuntimeGrid:None EditorOnly:0 RuntimeOnly:0 HLODRelevant:0 ListedInSceneOutliner:1 IsMainWorldOnly:0
 |   |   |- [+] [ 20]
 |   |   |   |- Guid:A6E2AB0E4164FADA2687F78801365EB0 BaseClass: NativeClass:/Script/Engine.StaticMeshActor Name:StaticMeshActor_UAID_D843AE06D09DB5F101_1517069523 Label:SM_Cube14 SpatiallyLoaded:1 Bounds:IsValid=true, Min=(X=-1860.000 Y=-2680.000 Z=-50.000), Max=(X=-1460.000 Y=-2280.000 Z=0.000) RuntimeGrid:None EditorOnly:0 RuntimeOnly:0 HLODRelevant:1 ListedInSceneOutliner:1 IsMainWorldOnly:0 FolderPath:Playground FolderGuid:C73F09FC4215536B1DCE2A9E0A830C70
 |   |   |- [+] [ 21]
 |   |   |   |- Guid:A7152FDC4291BDB59248D0A2D45EB4FA BaseClass:/Game/FollowMeLibrary/Mechanic/PuzzleItem_BP.PuzzleItem_BP_C NativeClass:/Script/Engine.Actor Name:PuzzleItem_BP_C_UAID_D843AE06D09D72EE01_1632963557 Label:PuzzleItem_BP SpatiallyLoaded:1 Bounds:IsValid=true, Min=(X=-1312.000 Y=-520.000 Z=40.000), Max=(X=-1248.000 Y=-420.000 Z=140.000) RuntimeGrid:None EditorOnly:0 RuntimeOnly:0 HLODRelevant:0 ListedInSceneOutliner:1 IsMainWorldOnly:0
 |   |   |- [+] [ 22]
 |   |   |   |- Guid:AC492D024E81BE9C3CDC758CD53BA36E BaseClass: NativeClass:/Script/Engine.VolumetricCloud Name:VolumetricCloud_0 Label:VolumetricCloud SpatiallyLoaded:0 Bounds:IsValid=true, Min=(X=-3270.000 Y=0.000 Z=820.000), Max=(X=-3270.000 Y=0.000 Z=820.000) RuntimeGrid:None EditorOnly:0 RuntimeOnly:0 HLODRelevant:0 ListedInSceneOutliner:1 IsMainWorldOnly:0 FolderPath:Lighting FolderGuid:963EC3EB4002CCE9759E2EBA541A873A
 |   |   |- [+] [ 23]
 |   |   |   |- Guid:B172E5474E20378A480D3994DCD73C3B BaseClass: NativeClass:/Script/Engine.TextRenderActor Name:TextRenderActor_1 Label:TextRenderActor SpatiallyLoaded:1 Bounds:IsValid=true, Min=(X=-2610.100 Y=1100.000 Z=65.013), Max=(X=-2610.100 Y=2392.308 Z=215.013) RuntimeGrid:None EditorOnly:0 RuntimeOnly:0 HLODRelevant:0 ListedInSceneOutliner:1 IsMainWorldOnly:0
 |   |   |- [+] [ 24]
 |   |   |   |- Guid:B79EC8404E0E599D4D504A846D33158D BaseClass: NativeClass:/Script/Engine.StaticMeshActor Name:StaticMeshActor_UAID_D843AE06D09DB5F101_1477025518 Label:SM_Cube9 SpatiallyLoaded:1 Bounds:IsValid=true, Min=(X=-2260.000 Y=-1880.000 Z=-50.000), Max=(X=-1860.000 Y=-1480.000 Z=0.000) RuntimeGrid:None EditorOnly:0 RuntimeOnly:0 HLODRelevant:1 ListedInSceneOutliner:1 IsMainWorldOnly:0 FolderPath:Playground FolderGuid:C73F09FC4215536B1DCE2A9E0A830C70
 |   |   |- [+] [ 25]
 |   |   |   |- Guid:C65E6F094C9A3302ECFE4681A99E65D0 BaseClass: NativeClass:/Script/Engine.WorldDataLayers Name:WorldDataLayers Label:WorldDataLayers SpatiallyLoaded:0 Bounds:Invalid RuntimeGrid:None EditorOnly:0 RuntimeOnly:0 HLODRelevant:0 ListedInSceneOutliner:1 IsMainWorldOnly:1
 |   |   |- [+] [ 26]
 |   |   |   |- Guid:CAAB189747B7BDDF365EF4A33773F4DD BaseClass: NativeClass:/Script/Engine.SkyAtmosphere Name:SkyAtmosphere_0 Label:SkyAtmosphere SpatiallyLoaded:0 Bounds:IsValid=true, Min=(X=-3270.000 Y=0.000 Z=1020.000), Max=(X=-3270.000 Y=0.000 Z=1020.000) RuntimeGrid:None EditorOnly:0 RuntimeOnly:0 HLODRelevant:0 ListedInSceneOutliner:1 IsMainWorldOnly:0 FolderPath:Lighting FolderGuid:963EC3EB4002CCE9759E2EBA541A873A
 |   |   |- [+] [ 27]
 |   |   |   |- Guid:CBC727C2465A08348F20ADA018BCBC7A BaseClass:/Game/FollowMeLibrary/Mechanic/PuzzleGate_BP.PuzzleGate_BP_C NativeClass:/Script/Engine.Actor Name:PuzzleGate_BP_C_UAID_D843AE06D09D72EE01_1563527556 Label:PuzzleGate_BP SpatiallyLoaded:1 Bounds:IsValid=true, Min=(X=-1373.993 Y=855.186 Z=0.000), Max=(X=-1146.007 Y=942.419 Z=317.995) RuntimeGrid:None EditorOnly:0 RuntimeOnly:0 HLODRelevant:0 ListedInSceneOutliner:1 IsMainWorldOnly:0
 |   |   |- [+] [ 28]
 |   |   |   |- Guid:CE9E6D0347EBC8FC956FE59056E82393 BaseClass: NativeClass:/Script/Engine.StaticMeshActor Name:StaticMeshActor_UAID_D843AE06D09DB5F101_1482359519 Label:SM_Cube10 SpatiallyLoaded:1 Bounds:IsValid=true, Min=(X=-2660.000 Y=-1880.000 Z=-50.000), Max=(X=-2260.000 Y=-1480.000 Z=0.000) RuntimeGrid:None EditorOnly:0 RuntimeOnly:0 HLODRelevant:1 ListedInSceneOutliner:1 IsMainWorldOnly:0 FolderPath:Playground FolderGuid:C73F09FC4215536B1DCE2A9E0A830C70
 |   |   |- [+] [ 29]
 |   |   |   |- Guid:D54643944E5490D4EF322C92E2DB56D1 BaseClass: NativeClass:/Script/Engine.StaticMeshActor Name:StaticMeshActor_UAID_D843AE06D09DB5F101_1473419517 Label:SM_Cube8 SpatiallyLoaded:1 Bounds:IsValid=true, Min=(X=-2260.000 Y=-2280.000 Z=-50.000), Max=(X=-1860.000 Y=-1880.000 Z=0.000) RuntimeGrid:None EditorOnly:0 RuntimeOnly:0 HLODRelevant:1 ListedInSceneOutliner:1 IsMainWorldOnly:0 FolderPath:Playground FolderGuid:C73F09FC4215536B1DCE2A9E0A830C70
 |   |   |- [+] [ 30]
 |   |   |   |- Guid:E817781B46C53695E0E925AAE6BE0F9A BaseClass: NativeClass:/Script/Engine.SkyLight Name:SkyLight_1 Label:SkyLight SpatiallyLoaded:0 Bounds:IsValid=true, Min=(X=-3270.000 Y=0.000 Z=690.000), Max=(X=-3270.000 Y=0.000 Z=690.000) RuntimeGrid:None EditorOnly:0 RuntimeOnly:0 HLODRelevant:0 ListedInSceneOutliner:1 IsMainWorldOnly:0 FolderPath:Lighting FolderGuid:963EC3EB4002CCE9759E2EBA541A873A
 |   |   |- [+] [ 31]
 |   |   |   |- Guid:F387BC484BF374959065259FEBC89BCD BaseClass: NativeClass:/Script/NavigationSystem.NavMeshBoundsVolume Name:NavMeshBoundsVolume_UAID_D843AE06D09D55EE01_2145601601 Label:NavMeshBoundsVolume SpatiallyLoaded:0 Bounds:IsValid=true, Min=(X=-3320.000 Y=-3600.000 Z=-200.000), Max=(X=1080.000 Y=3400.000 Z=600.000) RuntimeGrid:None EditorOnly:0 RuntimeOnly:0 HLODRelevant:0 ListedInSceneOutliner:1 IsMainWorldOnly:0
 |- ContainerInstances:
 |- [+] MainContainer:
 |   |-        ID: 00000000000000000000000000000000
 |   |-  ParentID: 00000000000000000000000000000000
 |   |-    Bounds: IsValid=false, Min=(X=0.000 Y=0.000 Z=0.000), Max=(X=0.000 Y=0.000 Z=0.000)
 |   |- Transform: 0.000000,0.000000,0.000000|0.000000,0.000000,-0.000000|1.000000,1.000000,1.000000
 |   |- Container: /Game/FollowMeLibrary/Levels/Level01
----------------------------------------------------------------------------------------------------------------
Level01 - Persistent Level
----------------------------------------------------------------------------------------------------------------
[+] Content of Level01 Persistent Level
 |- Always loaded Actor Count: 41 
 |- Actor Path: /Game/FollowMeLibrary/Levels/Level01.Level01:PersistentLevel.AbstractNavData-Default
 |- Actor Package: /Game/FollowMeLibrary/Levels/Level01
 |- Actor Path: /Game/FollowMeLibrary/Levels/Level01.Level01:PersistentLevel.Brush_0
 |- Actor Package: /Game/FollowMeLibrary/Levels/Level01
 |- Actor Path: /Game/FollowMeLibrary/Levels/Level01.Level01:PersistentLevel.CombinedTransformGizmoActor_0
 |- Actor Package: /Game/FollowMeLibrary/Levels/Level01
 |- Actor Path: /Game/FollowMeLibrary/Levels/Level01.Level01:PersistentLevel.Companion_BP_C_UAID_D843AE06D09D2CF101_1466955412
 |- Actor Package: /Game/__ExternalActors__/FollowMeLibrary/Levels/Level01/7/0E/7FJITJSMXEW1HHBQY25FWY
 |- Actor Path: /Game/FollowMeLibrary/Levels/Level01.Level01:PersistentLevel.DefaultPhysicsVolume_0
 |- Actor Package: /Game/FollowMeLibrary/Levels/Level01
 |- Actor Path: /Game/FollowMeLibrary/Levels/Level01.Level01:PersistentLevel.DirectionalLight_0
 |- Actor Package: /Game/__ExternalActors__/FollowMeLibrary/Levels/Level01/9/8A/SBFY867TCFKI2Q1C0VYM06
 |- Actor Path: /Game/FollowMeLibrary/Levels/Level01.Level01:PersistentLevel.Escape_BP_C_UAID_D843AE06D09D74EE01_2044721911
 |- Actor Package: /Game/__ExternalActors__/FollowMeLibrary/Levels/Level01/C/SP/AQJSEONAQS68WQY0GL5CN2
 |- Actor Path: /Game/FollowMeLibrary/Levels/Level01.Level01:PersistentLevel.ExponentialHeightFog_0
 |- Actor Package: /Game/__ExternalActors__/FollowMeLibrary/Levels/Level01/B/P5/1QA7OX9CF0N8JM4Q2QUWGU
 |- Actor Path: /Game/FollowMeLibrary/Levels/Level01.Level01:PersistentLevel.GameplayDebuggerPlayerManager_0
 |- Actor Package: /Game/FollowMeLibrary/Levels/Level01
 |- Actor Path: /Game/FollowMeLibrary/Levels/Level01.Level01:PersistentLevel.Level01_C_1
 |- Actor Package: /Game/FollowMeLibrary/Levels/Level01
 |- Actor Path: /Game/FollowMeLibrary/Levels/Level01.Level01:PersistentLevel.NavMeshBoundsVolume_UAID_D843AE06D09D55EE01_2145601601
 |- Actor Package: /Game/__ExternalActors__/FollowMeLibrary/Levels/Level01/D/RM/UOQ0WLCD3J06BT4T3DZLTL
 |- Actor Path: /Game/FollowMeLibrary/Levels/Level01.Level01:PersistentLevel.PostProcessVolume_0
 |- Actor Package: /Game/__ExternalActors__/FollowMeLibrary/Levels/Level01/E/JJ/9KFD64XQDYXAU6U8UO0FAP
 |- Actor Path: /Game/FollowMeLibrary/Levels/Level01.Level01:PersistentLevel.PuzzleGate_BP_C_UAID_D843AE06D09D72EE01_1563527556
 |- Actor Package: /Game/__ExternalActors__/FollowMeLibrary/Levels/Level01/9/JK/CMS8J4G7UU6ZD5UDBLDDFF
 |- Actor Path: /Game/FollowMeLibrary/Levels/Level01.Level01:PersistentLevel.PuzzleItem_BP_C_UAID_D843AE06D09D72EE01_1632963557
 |- Actor Package: /Game/__ExternalActors__/FollowMeLibrary/Levels/Level01/7/CL/MLCXIPFGTGMFJZXIRC3N7F
 |- Actor Path: /Game/FollowMeLibrary/Levels/Level01.Level01:PersistentLevel.RecastNavMesh_UAID_D843AE06D09D55EE01-Default
 |- Actor Package: /Game/__ExternalActors__/FollowMeLibrary/Levels/Level01/4/56/SS9QDWU9OVZAX1T5OMSZYK
 |- Actor Path: /Game/FollowMeLibrary/Levels/Level01.Level01:PersistentLevel.SkyAtmosphere_0
 |- Actor Package: /Game/__ExternalActors__/FollowMeLibrary/Levels/Level01/D/JO/AFV2IDQ9BMSULZNTDRMPRJ
 |- Actor Path: /Game/FollowMeLibrary/Levels/Level01.Level01:PersistentLevel.SkyLight_1
 |- Actor Package: /Game/__ExternalActors__/FollowMeLibrary/Levels/Level01/8/60/C9X3LS22VLHB6W91AJ2SDR
 |- Actor Path: /Game/FollowMeLibrary/Levels/Level01.Level01:PersistentLevel.StaticMeshActor_1
 |- Actor Package: /Game/__ExternalActors__/FollowMeLibrary/Levels/Level01/8/RL/9A6KMJWSX6DYYBUP5RESPM
 |- Actor Path: /Game/FollowMeLibrary/Levels/Level01.Level01:PersistentLevel.StaticMeshActor_UAID_A4AE111137DC5EFB00_1110535423
 |- Actor Package: /Game/__ExternalActors__/FollowMeLibrary/Levels/Level01/1/1Z/JGCPWT3L51XMJKVA3OAKQL
 |- Actor Path: /Game/FollowMeLibrary/Levels/Level01.Level01:PersistentLevel.StaticMeshActor_UAID_D843AE06D09D72F001_1906455932
 |- Actor Package: /Game/__ExternalActors__/FollowMeLibrary/Levels/Level01/4/BM/0AOGJJBH5S718AZM3INSIK
 |- Actor Path: /Game/FollowMeLibrary/Levels/Level01.Level01:PersistentLevel.StaticMeshActor_UAID_D843AE06D09DB5F101_1447595511
 |- Actor Package: /Game/__ExternalActors__/FollowMeLibrary/Levels/Level01/1/9O/4RD8ZLSHTX69LESBZXRSG6
 |- Actor Path: /Game/FollowMeLibrary/Levels/Level01.Level01:PersistentLevel.StaticMeshActor_UAID_D843AE06D09DB5F101_1450383512
 |- Actor Package: /Game/__ExternalActors__/FollowMeLibrary/Levels/Level01/7/R9/D6SXMHI4MSGIEN7LX95QRT
 |- Actor Path: /Game/FollowMeLibrary/Levels/Level01.Level01:PersistentLevel.StaticMeshActor_UAID_D843AE06D09DB5F101_1452915513
 |- Actor Package: /Game/__ExternalActors__/FollowMeLibrary/Levels/Level01/C/RD/ROKYYS9KXBPBP4KVOPHXRT
 |- Actor Path: /Game/FollowMeLibrary/Levels/Level01.Level01:PersistentLevel.StaticMeshActor_UAID_D843AE06D09DB5F101_1460377514
 |- Actor Package: /Game/__ExternalActors__/FollowMeLibrary/Levels/Level01/7/NW/XS6CKA3J9T7JNPNEWKK6UK
 |- Actor Path: /Game/FollowMeLibrary/Levels/Level01.Level01:PersistentLevel.StaticMeshActor_UAID_D843AE06D09DB5F101_1465633515
 |- Actor Package: /Game/__ExternalActors__/FollowMeLibrary/Levels/Level01/D/1K/0SHLERKEGPDTWW93D1Z4AV
 |- Actor Path: /Game/FollowMeLibrary/Levels/Level01.Level01:PersistentLevel.StaticMeshActor_UAID_D843AE06D09DB5F101_1470319516
 |- Actor Package: /Game/__ExternalActors__/FollowMeLibrary/Levels/Level01/C/29/GHES24L72UG8VVI1MWL5ON
 |- Actor Path: /Game/FollowMeLibrary/Levels/Level01.Level01:PersistentLevel.StaticMeshActor_UAID_D843AE06D09DB5F101_1473419517
 |- Actor Package: /Game/__ExternalActors__/FollowMeLibrary/Levels/Level01/5/3G/43DK8XBJES3YO3UVW2S9MX
 |- Actor Path: /Game/FollowMeLibrary/Levels/Level01.Level01:PersistentLevel.StaticMeshActor_UAID_D843AE06D09DB5F101_1477025518
 |- Actor Package: /Game/__ExternalActors__/FollowMeLibrary/Levels/Level01/D/VX/33NBPKBSTPV7VD5PAHQO9I
 |- Actor Path: /Game/FollowMeLibrary/Levels/Level01.Level01:PersistentLevel.StaticMeshActor_UAID_D843AE06D09DB5F101_1482359519
 |- Actor Package: /Game/__ExternalActors__/FollowMeLibrary/Levels/Level01/C/OV/VSU0TWKRAH1H5UEDVGXUBJ
 |- Actor Path: /Game/FollowMeLibrary/Levels/Level01.Level01:PersistentLevel.StaticMeshActor_UAID_D843AE06D09DB5F101_1486402520
 |- Actor Package: /Game/__ExternalActors__/FollowMeLibrary/Levels/Level01/9/OQ/DPYPEBV3DSXKWV3UUOOR8T
 |- Actor Path: /Game/FollowMeLibrary/Levels/Level01.Level01:PersistentLevel.StaticMeshActor_UAID_D843AE06D09DB5F101_1504417521
 |- Actor Package: /Game/__ExternalActors__/FollowMeLibrary/Levels/Level01/2/ZS/EX2E9ODBE2YLS4KO7T9J2T
 |- Actor Path: /Game/FollowMeLibrary/Levels/Level01.Level01:PersistentLevel.StaticMeshActor_UAID_D843AE06D09DB5F101_1508462522
 |- Actor Package: /Game/__ExternalActors__/FollowMeLibrary/Levels/Level01/0/V8/CVUQJXVI6Y3CACL7PUJ197
 |- Actor Path: /Game/FollowMeLibrary/Levels/Level01.Level01:PersistentLevel.StaticMeshActor_UAID_D843AE06D09DB5F101_1517069523
 |- Actor Package: /Game/__ExternalActors__/FollowMeLibrary/Levels/Level01/0/HM/VQBZ7XFOOEK5OVSNX3ADL7
 |- Actor Path: /Game/FollowMeLibrary/Levels/Level01.Level01:PersistentLevel.StaticMeshActor_UAID_D843AE06D09DB5F101_1517070524
 |- Actor Package: /Game/__ExternalActors__/FollowMeLibrary/Levels/Level01/C/QU/AQMIS87MZAJ1N2P0HNQX3O
 |- Actor Path: /Game/FollowMeLibrary/Levels/Level01.Level01:PersistentLevel.StaticMeshActor_UAID_D843AE06D09DB5F101_1517071525
 |- Actor Package: /Game/__ExternalActors__/FollowMeLibrary/Levels/Level01/6/2H/YLZGP3XOQ7LU358GWEEQ0O
 |- Actor Path: /Game/FollowMeLibrary/Levels/Level01.Level01:PersistentLevel.TextRenderActor_1
 |- Actor Package: /Game/__ExternalActors__/FollowMeLibrary/Levels/Level01/5/SD/O5QSHD7IVW4ZGJ57SC6MZP
 |- Actor Path: /Game/FollowMeLibrary/Levels/Level01.Level01:PersistentLevel.ThirdPersonCharacter_C_UAID_D843AE06D09D2CF101_1588167416
 |- Actor Package: /Game/__ExternalActors__/FollowMeLibrary/Levels/Level01/D/L5/JNARU4SXSJILIMT3ABKYWH
 |- Actor Path: /Game/FollowMeLibrary/Levels/Level01.Level01:PersistentLevel.VolumetricCloud_0
 |- Actor Package: /Game/__ExternalActors__/FollowMeLibrary/Levels/Level01/9/Y9/IXIB2EXBYL3QUFZT2CZDTP
 |- Actor Path: /Game/FollowMeLibrary/Levels/Level01.Level01:PersistentLevel.WorldDataLayers
 |- Actor Package: /Game/__ExternalActors__/FollowMeLibrary/Levels/Level01/E/B0/TUPAOQAQ9YVLXI0RBBFGRS
 |- Actor Path: /Game/FollowMeLibrary/Levels/Level01.Level01:PersistentLevel.WorldInfo_0
 |- Actor Package: /Game/FollowMeLibrary/Levels/Level01
 |- Actor Path: /Game/FollowMeLibrary/Levels/Level01.Level01:PersistentLevel.WorldPartitionMiniMap_0
 |- Actor Package: /Game/__ExternalActors__/FollowMeLibrary/Levels/Level01/6/LX/59NQ4MW2A8CLXTHY27R9SS

----------------------------------------------------------------------------------------------------------------
Level01 - Runtime Spatial Hash - Streaming Grid - MainGrid
----------------------------------------------------------------------------------------------------------------
            Origin: X=0.000 Y=0.000 Z=0.000
         Cell Size: 12800
      World Bounds: IsValid=false, Min=(X=0.000 Y=0.000 Z=0.000), Max=(X=0.000 Y=0.000 Z=0.000)
     Loading Range: 25600.00
Block Slow Loading: No
 ClientOnlyVisible: No
            Origin: X=0.000 Y=0.000 Z=0.000

[+] Grid Levels: 1
 |- Level  0: Cell Count    0 | Cell Size   12800 | Actor Count    0 (0.0%)

[+] Content of Grid Level 0

