[+] Containers:
 |- [+] Container: /Game/ThirdPerson/Maps/TheDorm
 |   |- [+] ActorDescs:
 |   |   |- Guid:0A81760C4C43D71E4873B1822352BFB6 BaseClass: NativeClass:/Script/Engine.PostProcessVolume Name:PostProcessVolume_0 Label:PostProcessVolume SpatiallyLoaded:0 Bounds:IsValid=true, Min=(X=-3270.000 Y=0.000 Z=400.000), Max=(X=-3070.000 Y=200.000 Z=600.000) RuntimeGrid:None EditorOnly:0 RuntimeOnly:0 HLODRelevant:0 ListedInSceneOutliner:1 IsMainWorldOnly:0 FolderPath:Lighting FolderGuid:963EC3EB4002CCE9759E2EBA541A873A
 |   |   |- Guid:0F974CF34923B62C5FAB09A0F8A0D75F BaseClass: NativeClass:/Script/Engine.StaticMeshActor Name:StaticMeshActor_UAID_D843AE06D09D8AF501_1712065453 Label:Grass2 SpatiallyLoaded:1 Bounds:IsValid=true, Min=(X=4130.000 Y=-570.000 Z=-187.000), Max=(X=9330.000 Y=3430.000 Z=-167.000) RuntimeGrid:None EditorOnly:0 RuntimeOnly:0 HLODRelevant:1 ListedInSceneOutliner:1 IsMainWorldOnly:0 FolderPath:Grass FolderGuid:0D65C67C48187702EF84E2A9C1667C5F
 |   |   |- Guid:15DACBC945AF7DC20977BAA6A95A0043 BaseClass: NativeClass:/Script/Engine.TextRenderActor Name:TextRenderActor_1 Label:TextRenderActor SpatiallyLoaded:1 Bounds:IsValid=true, Min=(X=-2610.100 Y=1100.000 Z=65.013), Max=(X=-2610.100 Y=2392.308 Z=215.013) RuntimeGrid:None EditorOnly:0 RuntimeOnly:0 HLODRelevant:0 ListedInSceneOutliner:1 IsMainWorldOnly:0 FolderPath:Lighting FolderGuid:963EC3EB4002CCE9759E2EBA541A873A
 |   |   |- Guid:293A85E24F755E6DDC21EBAA997F5AE5 BaseClass:/Engine/EngineSky/BP_Sky_Sphere.BP_Sky_Sphere_C NativeClass:/Script/Engine.Actor Name:BP_Sky_Sphere_C_UAID_D843AE06D09D5BF401_1835930983 Label:BP_Sky_Sphere SpatiallyLoaded:0 Bounds:IsValid=true, Min=(X=-1330577.970 Y=-1329959.970 Z=-1331187.970), Max=(X=1331821.970 Y=1332439.970 Z=1331211.970) RuntimeGrid:None EditorOnly:0 RuntimeOnly:0 HLODRelevant:0 ListedInSceneOutliner:1 IsMainWorldOnly:0 FolderPath:Lighting FolderGuid:963EC3EB4002CCE9759E2EBA541A873A
 |   |   |- Guid:31C9C24743EB34C7DED425AB049B88AD BaseClass: NativeClass:/Script/Engine.SkyAtmosphere Name:SkyAtmosphere_0 Label:SkyAtmosphere SpatiallyLoaded:0 Bounds:IsValid=true, Min=(X=0.000 Y=0.000 Z=0.000), Max=(X=0.000 Y=0.000 Z=0.000) RuntimeGrid:None EditorOnly:0 RuntimeOnly:0 HLODRelevant:0 ListedInSceneOutliner:1 IsMainWorldOnly:0 FolderPath:Lighting FolderGuid:963EC3EB4002CCE9759E2EBA541A873A
 |   |   |- Guid:4DA52FE04669757D84EF45A90C005C32 BaseClass: NativeClass:/Script/NavigationSystem.RecastNavMesh Name:RecastNavMesh_UAID_D843AE06D09D55EE01-Default Label:RecastNavMesh-Default SpatiallyLoaded:0 Bounds:IsValid=true, Min=(X=0.000 Y=0.000 Z=0.000), Max=(X=0.000 Y=0.000 Z=0.000) RuntimeGrid:None EditorOnly:0 RuntimeOnly:0 HLODRelevant:0 ListedInSceneOutliner:1 IsMainWorldOnly:0
 |   |   |- Guid:62459DFF4A54CA2EA291B9BB9CF8A76B BaseClass: NativeClass:/Script/Engine.ExponentialHeightFog Name:ExponentialHeightFog_0 Label:ExponentialHeightFog SpatiallyLoaded:0 Bounds:IsValid=true, Min=(X=-8870.000 Y=-50.000 Z=-6850.000), Max=(X=-8870.000 Y=-50.000 Z=-6850.000) RuntimeGrid:None EditorOnly:0 RuntimeOnly:0 HLODRelevant:0 ListedInSceneOutliner:1 IsMainWorldOnly:0 FolderPath:Lighting FolderGuid:963EC3EB4002CCE9759E2EBA541A873A
 |   |   |- Guid:6823CDEA42BDF729936B3CB09E4D8A09 BaseClass: NativeClass:/Script/Engine.DirectionalLight Name:DirectionalLight_0 Label:DirectionalLight SpatiallyLoaded:0 Bounds:IsValid=true, Min=(X=-4398046511104.000 Y=-4398046511104.000 Z=-4398046511104.000), Max=(X=4398046511104.000 Y=4398046511104.000 Z=4398046511104.000) RuntimeGrid:None EditorOnly:0 RuntimeOnly:0 HLODRelevant:0 ListedInSceneOutliner:1 IsMainWorldOnly:0 FolderPath:Lighting FolderGuid:963EC3EB4002CCE9759E2EBA541A873A
 |   |   |- Guid:68D3B31941736B8AE74AEEBC174A5928 BaseClass:/Game/FollowMeLibrary/Player/ThirdPersonCharacter.ThirdPersonCharacter_C NativeClass:/Script/Engine.Character Name:ThirdPersonCharacter_C_UAID_D843AE06D09D17F101_2025650710 Label:ThirdPersonCharacter SpatiallyLoaded:1 Bounds:IsValid=true, Min=(X=-61.000 Y=0.000 Z=-143.146), Max=(X=10.591 Y=68.000 Z=37.237) RuntimeGrid:None EditorOnly:0 RuntimeOnly:0 HLODRelevant:0 ListedInSceneOutliner:1 IsMainWorldOnly:0 FolderPath:MyPlayer FolderGuid:EAEE21B84BF20B1F98098185499D2D8C
 |   |   |- Guid:6F5FDCFB4C8535D190DFB4B3B5DF339E BaseClass: NativeClass:/Script/NavigationSystem.NavMeshBoundsVolume Name:NavMeshBoundsVolume_UAID_D843AE06D09DD9F401_2024537016 Label:NavMeshBoundsVolume SpatiallyLoaded:0 Bounds:IsValid=true, Min=(X=-1713.000 Y=-784.846 Z=-354.769), Max=(X=15087.000 Y=3522.846 Z=506.769) RuntimeGrid:None EditorOnly:0 RuntimeOnly:0 HLODRelevant:0 ListedInSceneOutliner:1 IsMainWorldOnly:0 FolderPath:NavMesh FolderGuid:A6E81EF048CC3D644F7CFFA5B6DB642A
 |   |   |- Guid:7FF041E14420643E40CFC0884EF401AF BaseClass: NativeClass:/Script/Engine.StaticMeshActor Name:StaticMeshActor_UAID_D843AE06D09D25F601_1584465449 Label:TheParkingLot SpatiallyLoaded:1 Bounds:IsValid=true, Min=(X=9258.000 Y=-929.000 Z=-193.161), Max=(X=14939.115 Y=3639.000 Z=326.536) RuntimeGrid:None EditorOnly:0 RuntimeOnly:0 HLODRelevant:1 ListedInSceneOutliner:1 IsMainWorldOnly:0
 |   |   |- Guid:82B01A0349B009EA02EDFABF7F180EE2 BaseClass: NativeClass:/Script/Engine.WorldDataLayers Name:WorldDataLayers Label:WorldDataLayers SpatiallyLoaded:0 Bounds:Invalid RuntimeGrid:None EditorOnly:0 RuntimeOnly:0 HLODRelevant:0 ListedInSceneOutliner:1 IsMainWorldOnly:1 FolderPath:NavMesh FolderGuid:A6E81EF048CC3D644F7CFFA5B6DB642A
 |   |   |- Guid:835880F0461573A5C91E3B91E33CFADC BaseClass: NativeClass:/Script/Engine.StaticMeshActor Name:StaticMeshActor_UAID_D843AE06D09D8DF501_1873904253 Label:Grass3 SpatiallyLoaded:1 Bounds:IsValid=true, Min=(X=9331.000 Y=-565.000 Z=-187.000), Max=(X=14931.000 Y=3435.000 Z=-167.000) RuntimeGrid:None EditorOnly:0 RuntimeOnly:0 HLODRelevant:1 ListedInSceneOutliner:1 IsMainWorldOnly:0 FolderPath:Grass FolderGuid:0D65C67C48187702EF84E2A9C1667C5F
 |   |   |- Guid:8E057ED94A8D5463ABC068AAE5FA7D98 BaseClass: NativeClass:/Script/Engine.SkyLight Name:SkyLight_1 Label:SkyLight SpatiallyLoaded:0 Bounds:IsValid=true, Min=(X=0.000 Y=0.000 Z=0.000), Max=(X=0.000 Y=0.000 Z=0.000) RuntimeGrid:None EditorOnly:0 RuntimeOnly:0 HLODRelevant:0 ListedInSceneOutliner:1 IsMainWorldOnly:0 FolderPath:Lighting FolderGuid:963EC3EB4002CCE9759E2EBA541A873A
 |   |   |- Guid:9D585CAA4C633119E336DDAF66EE0397 BaseClass: NativeClass:/Script/NavigationSystem.RecastNavMesh Name:RecastNavMesh_UAID_D843AE06D09DD9F401-Default Label:RecastNavMesh-Default SpatiallyLoaded:0 Bounds:IsValid=true, Min=(X=0.000 Y=0.000 Z=0.000), Max=(X=0.000 Y=0.000 Z=0.000) RuntimeGrid:None EditorOnly:0 RuntimeOnly:0 HLODRelevant:0 ListedInSceneOutliner:1 IsMainWorldOnly:0 FolderPath:NavMesh FolderGuid:A6E81EF048CC3D644F7CFFA5B6DB642A
 |   |   |- Guid:A90FE5C446B14D6E10DD6081EDE43325 BaseClass:/Game/FollowMeLibrary/Companion/BTCompanion/Companion_BP.Companion_BP_C NativeClass:/Script/Engine.Character Name:Companion_BP_C_UAID_D843AE06D09D2DF501_1973985800 Label:Companion_BP SpatiallyLoaded:1 Bounds:IsValid=true, Min=(X=-114.000 Y=2606.000 Z=-152.146), Max=(X=-42.409 Y=2674.000 Z=28.237) RuntimeGrid:None EditorOnly:0 RuntimeOnly:0 HLODRelevant:0 ListedInSceneOutliner:1 IsMainWorldOnly:0 FolderPath:MyPlayer FolderGuid:EAEE21B84BF20B1F98098185499D2D8C
 |   |   |- Guid:B17D93DC452DAD8943CFA78496E02887 BaseClass: NativeClass:/Script/Engine.VolumetricCloud Name:VolumetricCloud_0 Label:VolumetricCloud SpatiallyLoaded:0 Bounds:IsValid=true, Min=(X=-3270.000 Y=0.000 Z=820.000), Max=(X=-3270.000 Y=0.000 Z=820.000) RuntimeGrid:None EditorOnly:0 RuntimeOnly:0 HLODRelevant:0 ListedInSceneOutliner:1 IsMainWorldOnly:0 FolderPath:Lighting FolderGuid:963EC3EB4002CCE9759E2EBA541A873A
 |   |   |- Guid:B6A5486E44433EE266A0B2A4E31992C3 BaseClass: NativeClass:/Script/Engine.StaticMeshActor Name:StaticMeshActor_UAID_D843AE06D09DE7F401_1306635489 Label:Grass SpatiallyLoaded:1 Bounds:IsValid=true, Min=(X=-1070.000 Y=-570.000 Z=-187.000), Max=(X=4130.000 Y=3430.000 Z=-167.000) RuntimeGrid:None EditorOnly:0 RuntimeOnly:0 HLODRelevant:1 ListedInSceneOutliner:1 IsMainWorldOnly:0 FolderPath:Grass FolderGuid:0D65C67C48187702EF84E2A9C1667C5F
 |   |   |- Guid:DC56D2F8412C1EF8E864ECA1DFDE1CFF BaseClass: NativeClass:/Script/Engine.StaticMeshActor Name:StaticMeshActor_UAID_A4AE111137DC5EFB00_1110535423 Label:SM_SkySphere SpatiallyLoaded:0 Bounds:IsValid=true, Min=(X=-1641670.000 Y=-1638400.000 Z=-1638400.000), Max=(X=1635130.000 Y=1638400.000 Z=1638400.000) RuntimeGrid:None EditorOnly:0 RuntimeOnly:0 HLODRelevant:1 ListedInSceneOutliner:1 IsMainWorldOnly:0 FolderPath:Lighting FolderGuid:963EC3EB4002CCE9759E2EBA541A873A
 |   |   |- Guid:E28F3C2C4915AF2302A00DBBEB549ED9 BaseClass: NativeClass:/Script/Engine.StaticMeshActor Name:StaticMeshActor_UAID_D843AE06D09D25F601_1502506448 Label:TheSchool SpatiallyLoaded:1 Bounds:IsValid=true, Min=(X=4066.000 Y=-268.000 Z=-168.000), Max=(X=9272.000 Y=3092.000 Z=272.000) RuntimeGrid:None EditorOnly:0 RuntimeOnly:0 HLODRelevant:1 ListedInSceneOutliner:1 IsMainWorldOnly:0 FolderPath:TheSchool FolderGuid:909EB71D4994197FE8129B98230C3588
 |   |   |- Guid:E7CE877143DDBCFD11D029891C96EED9 BaseClass: NativeClass:/Script/Engine.StaticMeshActor Name:StaticMeshActor_UAID_D843AE06D09D25F601_1405013447 Label:TheDorm SpatiallyLoaded:1 Bounds:IsValid=true, Min=(X=-647.000 Y=-190.000 Z=-167.000), Max=(X=4105.000 Y=3049.000 Z=273.000) RuntimeGrid:None EditorOnly:0 RuntimeOnly:0 HLODRelevant:1 ListedInSceneOutliner:1 IsMainWorldOnly:0 FolderPath:TheDorm FolderGuid:C73F09FC4215536B1DCE2A9E0A830C70
 |   |- [+] Clusters:
 |   |   |- [+] [  0]
 |   |   |   |- Guid:0A81760C4C43D71E4873B1822352BFB6 BaseClass: NativeClass:/Script/Engine.PostProcessVolume Name:PostProcessVolume_0 Label:PostProcessVolume SpatiallyLoaded:0 Bounds:IsValid=true, Min=(X=-3270.000 Y=0.000 Z=400.000), Max=(X=-3070.000 Y=200.000 Z=600.000) RuntimeGrid:None EditorOnly:0 RuntimeOnly:0 HLODRelevant:0 ListedInSceneOutliner:1 IsMainWorldOnly:0 FolderPath:Lighting FolderGuid:963EC3EB4002CCE9759E2EBA541A873A
 |   |   |- [+] [  1]
 |   |   |   |- Guid:0F974CF34923B62C5FAB09A0F8A0D75F BaseClass: NativeClass:/Script/Engine.StaticMeshActor Name:StaticMeshActor_UAID_D843AE06D09D8AF501_1712065453 Label:Grass2 SpatiallyLoaded:1 Bounds:IsValid=true, Min=(X=4130.000 Y=-570.000 Z=-187.000), Max=(X=9330.000 Y=3430.000 Z=-167.000) RuntimeGrid:None EditorOnly:0 RuntimeOnly:0 HLODRelevant:1 ListedInSceneOutliner:1 IsMainWorldOnly:0 FolderPath:Grass FolderGuid:0D65C67C48187702EF84E2A9C1667C5F
 |   |   |- [+] [  2]
 |   |   |   |- Guid:15DACBC945AF7DC20977BAA6A95A0043 BaseClass: NativeClass:/Script/Engine.TextRenderActor Name:TextRenderActor_1 Label:TextRenderActor SpatiallyLoaded:1 Bounds:IsValid=true, Min=(X=-2610.100 Y=1100.000 Z=65.013), Max=(X=-2610.100 Y=2392.308 Z=215.013) RuntimeGrid:None EditorOnly:0 RuntimeOnly:0 HLODRelevant:0 ListedInSceneOutliner:1 IsMainWorldOnly:0 FolderPath:Lighting FolderGuid:963EC3EB4002CCE9759E2EBA541A873A
 |   |   |- [+] [  3]
 |   |   |   |- Guid:293A85E24F755E6DDC21EBAA997F5AE5 BaseClass:/Engine/EngineSky/BP_Sky_Sphere.BP_Sky_Sphere_C NativeClass:/Script/Engine.Actor Name:BP_Sky_Sphere_C_UAID_D843AE06D09D5BF401_1835930983 Label:BP_Sky_Sphere SpatiallyLoaded:0 Bounds:IsValid=true, Min=(X=-1330577.970 Y=-1329959.970 Z=-1331187.970), Max=(X=1331821.970 Y=1332439.970 Z=1331211.970) RuntimeGrid:None EditorOnly:0 RuntimeOnly:0 HLODRelevant:0 ListedInSceneOutliner:1 IsMainWorldOnly:0 FolderPath:Lighting FolderGuid:963EC3EB4002CCE9759E2EBA541A873A
 |   |   |- [+] [  4]
 |   |   |   |- Guid:31C9C24743EB34C7DED425AB049B88AD BaseClass: NativeClass:/Script/Engine.SkyAtmosphere Name:SkyAtmosphere_0 Label:SkyAtmosphere SpatiallyLoaded:0 Bounds:IsValid=true, Min=(X=0.000 Y=0.000 Z=0.000), Max=(X=0.000 Y=0.000 Z=0.000) RuntimeGrid:None EditorOnly:0 RuntimeOnly:0 HLODRelevant:0 ListedInSceneOutliner:1 IsMainWorldOnly:0 FolderPath:Lighting FolderGuid:963EC3EB4002CCE9759E2EBA541A873A
 |   |   |- [+] [  5]
 |   |   |   |- Guid:4DA52FE04669757D84EF45A90C005C32 BaseClass: NativeClass:/Script/NavigationSystem.RecastNavMesh Name:RecastNavMesh_UAID_D843AE06D09D55EE01-Default Label:RecastNavMesh-Default SpatiallyLoaded:0 Bounds:IsValid=true, Min=(X=0.000 Y=0.000 Z=0.000), Max=(X=0.000 Y=0.000 Z=0.000) RuntimeGrid:None EditorOnly:0 RuntimeOnly:0 HLODRelevant:0 ListedInSceneOutliner:1 IsMainWorldOnly:0
 |   |   |- [+] [  6]
 |   |   |   |- Guid:62459DFF4A54CA2EA291B9BB9CF8A76B BaseClass: NativeClass:/Script/Engine.ExponentialHeightFog Name:ExponentialHeightFog_0 Label:ExponentialHeightFog SpatiallyLoaded:0 Bounds:IsValid=true, Min=(X=-8870.000 Y=-50.000 Z=-6850.000), Max=(X=-8870.000 Y=-50.000 Z=-6850.000) RuntimeGrid:None EditorOnly:0 RuntimeOnly:0 HLODRelevant:0 ListedInSceneOutliner:1 IsMainWorldOnly:0 FolderPath:Lighting FolderGuid:963EC3EB4002CCE9759E2EBA541A873A
 |   |   |- [+] [  7]
 |   |   |   |- Guid:6823CDEA42BDF729936B3CB09E4D8A09 BaseClass: NativeClass:/Script/Engine.DirectionalLight Name:DirectionalLight_0 Label:DirectionalLight SpatiallyLoaded:0 Bounds:IsValid=true, Min=(X=-4398046511104.000 Y=-4398046511104.000 Z=-4398046511104.000), Max=(X=4398046511104.000 Y=4398046511104.000 Z=4398046511104.000) RuntimeGrid:None EditorOnly:0 RuntimeOnly:0 HLODRelevant:0 ListedInSceneOutliner:1 IsMainWorldOnly:0 FolderPath:Lighting FolderGuid:963EC3EB4002CCE9759E2EBA541A873A
 |   |   |- [+] [  8]
 |   |   |   |- Guid:68D3B31941736B8AE74AEEBC174A5928 BaseClass:/Game/FollowMeLibrary/Player/ThirdPersonCharacter.ThirdPersonCharacter_C NativeClass:/Script/Engine.Character Name:ThirdPersonCharacter_C_UAID_D843AE06D09D17F101_2025650710 Label:ThirdPersonCharacter SpatiallyLoaded:1 Bounds:IsValid=true, Min=(X=-61.000 Y=0.000 Z=-143.146), Max=(X=10.591 Y=68.000 Z=37.237) RuntimeGrid:None EditorOnly:0 RuntimeOnly:0 HLODRelevant:0 ListedInSceneOutliner:1 IsMainWorldOnly:0 FolderPath:MyPlayer FolderGuid:EAEE21B84BF20B1F98098185499D2D8C
 |   |   |   |- Guid:A90FE5C446B14D6E10DD6081EDE43325 BaseClass:/Game/FollowMeLibrary/Companion/BTCompanion/Companion_BP.Companion_BP_C NativeClass:/Script/Engine.Character Name:Companion_BP_C_UAID_D843AE06D09D2DF501_1973985800 Label:Companion_BP SpatiallyLoaded:1 Bounds:IsValid=true, Min=(X=-114.000 Y=2606.000 Z=-152.146), Max=(X=-42.409 Y=2674.000 Z=28.237) RuntimeGrid:None EditorOnly:0 RuntimeOnly:0 HLODRelevant:0 ListedInSceneOutliner:1 IsMainWorldOnly:0 FolderPath:MyPlayer FolderGuid:EAEE21B84BF20B1F98098185499D2D8C
 |   |   |- [+] [  9]
 |   |   |   |- Guid:6F5FDCFB4C8535D190DFB4B3B5DF339E BaseClass: NativeClass:/Script/NavigationSystem.NavMeshBoundsVolume Name:NavMeshBoundsVolume_UAID_D843AE06D09DD9F401_2024537016 Label:NavMeshBoundsVolume SpatiallyLoaded:0 Bounds:IsValid=true, Min=(X=-1713.000 Y=-784.846 Z=-354.769), Max=(X=15087.000 Y=3522.846 Z=506.769) RuntimeGrid:None EditorOnly:0 RuntimeOnly:0 HLODRelevant:0 ListedInSceneOutliner:1 IsMainWorldOnly:0 FolderPath:NavMesh FolderGuid:A6E81EF048CC3D644F7CFFA5B6DB642A
 |   |   |- [+] [ 10]
 |   |   |   |- Guid:7FF041E14420643E40CFC0884EF401AF BaseClass: NativeClass:/Script/Engine.StaticMeshActor Name:StaticMeshActor_UAID_D843AE06D09D25F601_1584465449 Label:TheParkingLot SpatiallyLoaded:1 Bounds:IsValid=true, Min=(X=9258.000 Y=-929.000 Z=-193.161), Max=(X=14939.115 Y=3639.000 Z=326.536) RuntimeGrid:None EditorOnly:0 RuntimeOnly:0 HLODRelevant:1 ListedInSceneOutliner:1 IsMainWorldOnly:0
 |   |   |- [+] [ 11]
 |   |   |   |- Guid:82B01A0349B009EA02EDFABF7F180EE2 BaseClass: NativeClass:/Script/Engine.WorldDataLayers Name:WorldDataLayers Label:WorldDataLayers SpatiallyLoaded:0 Bounds:Invalid RuntimeGrid:None EditorOnly:0 RuntimeOnly:0 HLODRelevant:0 ListedInSceneOutliner:1 IsMainWorldOnly:1 FolderPath:NavMesh FolderGuid:A6E81EF048CC3D644F7CFFA5B6DB642A
 |   |   |- [+] [ 12]
 |   |   |   |- Guid:835880F0461573A5C91E3B91E33CFADC BaseClass: NativeClass:/Script/Engine.StaticMeshActor Name:StaticMeshActor_UAID_D843AE06D09D8DF501_1873904253 Label:Grass3 SpatiallyLoaded:1 Bounds:IsValid=true, Min=(X=9331.000 Y=-565.000 Z=-187.000), Max=(X=14931.000 Y=3435.000 Z=-167.000) RuntimeGrid:None EditorOnly:0 RuntimeOnly:0 HLODRelevant:1 ListedInSceneOutliner:1 IsMainWorldOnly:0 FolderPath:Grass FolderGuid:0D65C67C48187702EF84E2A9C1667C5F
 |   |   |- [+] [ 13]
 |   |   |   |- Guid:8E057ED94A8D5463ABC068AAE5FA7D98 BaseClass: NativeClass:/Script/Engine.SkyLight Name:SkyLight_1 Label:SkyLight SpatiallyLoaded:0 Bounds:IsValid=true, Min=(X=0.000 Y=0.000 Z=0.000), Max=(X=0.000 Y=0.000 Z=0.000) RuntimeGrid:None EditorOnly:0 RuntimeOnly:0 HLODRelevant:0 ListedInSceneOutliner:1 IsMainWorldOnly:0 FolderPath:Lighting FolderGuid:963EC3EB4002CCE9759E2EBA541A873A
 |   |   |- [+] [ 14]
 |   |   |   |- Guid:9D585CAA4C633119E336DDAF66EE0397 BaseClass: NativeClass:/Script/NavigationSystem.RecastNavMesh Name:RecastNavMesh_UAID_D843AE06D09DD9F401-Default Label:RecastNavMesh-Default SpatiallyLoaded:0 Bounds:IsValid=true, Min=(X=0.000 Y=0.000 Z=0.000), Max=(X=0.000 Y=0.000 Z=0.000) RuntimeGrid:None EditorOnly:0 RuntimeOnly:0 HLODRelevant:0 ListedInSceneOutliner:1 IsMainWorldOnly:0 FolderPath:NavMesh FolderGuid:A6E81EF048CC3D644F7CFFA5B6DB642A
 |   |   |- [+] [ 15]
 |   |   |   |- Guid:B17D93DC452DAD8943CFA78496E02887 BaseClass: NativeClass:/Script/Engine.VolumetricCloud Name:VolumetricCloud_0 Label:VolumetricCloud SpatiallyLoaded:0 Bounds:IsValid=true, Min=(X=-3270.000 Y=0.000 Z=820.000), Max=(X=-3270.000 Y=0.000 Z=820.000) RuntimeGrid:None EditorOnly:0 RuntimeOnly:0 HLODRelevant:0 ListedInSceneOutliner:1 IsMainWorldOnly:0 FolderPath:Lighting FolderGuid:963EC3EB4002CCE9759E2EBA541A873A
 |   |   |- [+] [ 16]
 |   |   |   |- Guid:B6A5486E44433EE266A0B2A4E31992C3 BaseClass: NativeClass:/Script/Engine.StaticMeshActor Name:StaticMeshActor_UAID_D843AE06D09DE7F401_1306635489 Label:Grass SpatiallyLoaded:1 Bounds:IsValid=true, Min=(X=-1070.000 Y=-570.000 Z=-187.000), Max=(X=4130.000 Y=3430.000 Z=-167.000) RuntimeGrid:None EditorOnly:0 RuntimeOnly:0 HLODRelevant:1 ListedInSceneOutliner:1 IsMainWorldOnly:0 FolderPath:Grass FolderGuid:0D65C67C48187702EF84E2A9C1667C5F
 |   |   |- [+] [ 17]
 |   |   |   |- Guid:DC56D2F8412C1EF8E864ECA1DFDE1CFF BaseClass: NativeClass:/Script/Engine.StaticMeshActor Name:StaticMeshActor_UAID_A4AE111137DC5EFB00_1110535423 Label:SM_SkySphere SpatiallyLoaded:0 Bounds:IsValid=true, Min=(X=-1641670.000 Y=-1638400.000 Z=-1638400.000), Max=(X=1635130.000 Y=1638400.000 Z=1638400.000) RuntimeGrid:None EditorOnly:0 RuntimeOnly:0 HLODRelevant:1 ListedInSceneOutliner:1 IsMainWorldOnly:0 FolderPath:Lighting FolderGuid:963EC3EB4002CCE9759E2EBA541A873A
 |   |   |- [+] [ 18]
 |   |   |   |- Guid:E28F3C2C4915AF2302A00DBBEB549ED9 BaseClass: NativeClass:/Script/Engine.StaticMeshActor Name:StaticMeshActor_UAID_D843AE06D09D25F601_1502506448 Label:TheSchool SpatiallyLoaded:1 Bounds:IsValid=true, Min=(X=4066.000 Y=-268.000 Z=-168.000), Max=(X=9272.000 Y=3092.000 Z=272.000) RuntimeGrid:None EditorOnly:0 RuntimeOnly:0 HLODRelevant:1 ListedInSceneOutliner:1 IsMainWorldOnly:0 FolderPath:TheSchool FolderGuid:909EB71D4994197FE8129B98230C3588
 |   |   |- [+] [ 19]
 |   |   |   |- Guid:E7CE877143DDBCFD11D029891C96EED9 BaseClass: NativeClass:/Script/Engine.StaticMeshActor Name:StaticMeshActor_UAID_D843AE06D09D25F601_1405013447 Label:TheDorm SpatiallyLoaded:1 Bounds:IsValid=true, Min=(X=-647.000 Y=-190.000 Z=-167.000), Max=(X=4105.000 Y=3049.000 Z=273.000) RuntimeGrid:None EditorOnly:0 RuntimeOnly:0 HLODRelevant:1 ListedInSceneOutliner:1 IsMainWorldOnly:0 FolderPath:TheDorm FolderGuid:C73F09FC4215536B1DCE2A9E0A830C70
 |- ContainerInstances:
 |- [+] MainContainer:
 |   |-        ID: 00000000000000000000000000000000
 |   |-  ParentID: 00000000000000000000000000000000
 |   |-    Bounds: IsValid=false, Min=(X=0.000 Y=0.000 Z=0.000), Max=(X=0.000 Y=0.000 Z=0.000)
 |   |- Transform: 0.000000,0.000000,0.000000|0.000000,0.000000,-0.000000|1.000000,1.000000,1.000000
 |   |- Container: /Game/ThirdPerson/Maps/TheDorm
----------------------------------------------------------------------------------------------------------------
TheDorm - Persistent Level
----------------------------------------------------------------------------------------------------------------
[+] Content of TheDorm Persistent Level
 |- Always loaded Actor Count: 27 
 |- Actor Path: /Game/ThirdPerson/Maps/TheDorm.TheDorm:PersistentLevel.AbstractNavData-Default
 |- Actor Package: /Game/ThirdPerson/Maps/TheDorm
 |- Actor Path: /Game/ThirdPerson/Maps/TheDorm.TheDorm:PersistentLevel.BP_Sky_Sphere_C_UAID_D843AE06D09D5BF401_1835930983
 |- Actor Package: /Game/__ExternalActors__/ThirdPerson/Maps/TheDorm/0/JV/4WYZO9YFSJ2T6A5U18U02X
 |- Actor Path: /Game/ThirdPerson/Maps/TheDorm.TheDorm:PersistentLevel.Brush_0
 |- Actor Package: /Game/ThirdPerson/Maps/TheDorm
 |- Actor Path: /Game/ThirdPerson/Maps/TheDorm.TheDorm:PersistentLevel.Companion_BP_C_UAID_D843AE06D09D2DF501_1973985800
 |- Actor Package: /Game/__ExternalActors__/ThirdPerson/Maps/TheDorm/0/3X/CFXIFB63AODL6T15M4IBVU
 |- Actor Path: /Game/ThirdPerson/Maps/TheDorm.TheDorm:PersistentLevel.DefaultPhysicsVolume_0
 |- Actor Package: /Game/ThirdPerson/Maps/TheDorm
 |- Actor Path: /Game/ThirdPerson/Maps/TheDorm.TheDorm:PersistentLevel.DirectionalLight_0
 |- Actor Package: /Game/__ExternalActors__/ThirdPerson/Maps/TheDorm/6/4F/8A9V2VQUTL6XRWP0HOMPZK
 |- Actor Path: /Game/ThirdPerson/Maps/TheDorm.TheDorm:PersistentLevel.ExponentialHeightFog_0
 |- Actor Package: /Game/__ExternalActors__/ThirdPerson/Maps/TheDorm/9/MA/QEYTM2Y6EBWPUION3204D6
 |- Actor Path: /Game/ThirdPerson/Maps/TheDorm.TheDorm:PersistentLevel.GameplayDebuggerPlayerManager_0
 |- Actor Package: /Game/ThirdPerson/Maps/TheDorm
 |- Actor Path: /Game/ThirdPerson/Maps/TheDorm.TheDorm:PersistentLevel.NavMeshBoundsVolume_UAID_D843AE06D09DD9F401_2024537016
 |- Actor Package: /Game/__ExternalActors__/ThirdPerson/Maps/TheDorm/2/Y8/RKR73Q4RQYJLOWCG9CVE0C
 |- Actor Path: /Game/ThirdPerson/Maps/TheDorm.TheDorm:PersistentLevel.PostProcessVolume_0
 |- Actor Package: /Game/__ExternalActors__/ThirdPerson/Maps/TheDorm/2/GB/4I1QH6RU2NSDXO2CZ02PGI
 |- Actor Path: /Game/ThirdPerson/Maps/TheDorm.TheDorm:PersistentLevel.RecastNavMesh_UAID_D843AE06D09DD9F401-Default
 |- Actor Package: /Game/__ExternalActors__/ThirdPerson/Maps/TheDorm/A/WI/SMBJJ73FM09331BBVTR584
 |- Actor Path: /Game/ThirdPerson/Maps/TheDorm.TheDorm:PersistentLevel.SkyAtmosphere_0
 |- Actor Package: /Game/__ExternalActors__/ThirdPerson/Maps/TheDorm/0/7Y/ID63IKPD0RDVDNUUM8LP3D
 |- Actor Path: /Game/ThirdPerson/Maps/TheDorm.TheDorm:PersistentLevel.SkyLight_1
 |- Actor Package: /Game/__ExternalActors__/ThirdPerson/Maps/TheDorm/3/BX/A5VZ2RT3O9W52C5QPDD14N
 |- Actor Path: /Game/ThirdPerson/Maps/TheDorm.TheDorm:PersistentLevel.StaticMeshActor_UAID_A4AE111137DC5EFB00_1110535423
 |- Actor Package: /Game/__ExternalActors__/ThirdPerson/Maps/TheDorm/D/0Y/LFTIIAGCEA50H83NF85DO7
 |- Actor Path: /Game/ThirdPerson/Maps/TheDorm.TheDorm:PersistentLevel.StaticMeshActor_UAID_D843AE06D09D25F601_1405013447
 |- Actor Package: /Game/__ExternalActors__/ThirdPerson/Maps/TheDorm/A/6N/4XMJOK7GIK7Q3FES94LJTB
 |- Actor Path: /Game/ThirdPerson/Maps/TheDorm.TheDorm:PersistentLevel.StaticMeshActor_UAID_D843AE06D09D25F601_1502506448
 |- Actor Package: /Game/__ExternalActors__/ThirdPerson/Maps/TheDorm/0/7G/Z0GOVSN81GN66ZR3UJ2LYM
 |- Actor Path: /Game/ThirdPerson/Maps/TheDorm.TheDorm:PersistentLevel.StaticMeshActor_UAID_D843AE06D09D25F601_1584465449
 |- Actor Package: /Game/__ExternalActors__/ThirdPerson/Maps/TheDorm/E/BQ/IJ1YHG4DBQ1GQBVR391JFZ
 |- Actor Path: /Game/ThirdPerson/Maps/TheDorm.TheDorm:PersistentLevel.StaticMeshActor_UAID_D843AE06D09D8AF501_1712065453
 |- Actor Package: /Game/__ExternalActors__/ThirdPerson/Maps/TheDorm/7/0K/QY7O6EVWU4X2PDCWFCH9RV
 |- Actor Path: /Game/ThirdPerson/Maps/TheDorm.TheDorm:PersistentLevel.StaticMeshActor_UAID_D843AE06D09D8DF501_1873904253
 |- Actor Package: /Game/__ExternalActors__/ThirdPerson/Maps/TheDorm/0/AK/NEU01LJZNGV7T4GQB5X8FQ
 |- Actor Path: /Game/ThirdPerson/Maps/TheDorm.TheDorm:PersistentLevel.StaticMeshActor_UAID_D843AE06D09DE7F401_1306635489
 |- Actor Package: /Game/__ExternalActors__/ThirdPerson/Maps/TheDorm/B/UK/I8AUKBQ5E05WR39UNJHU3U
 |- Actor Path: /Game/ThirdPerson/Maps/TheDorm.TheDorm:PersistentLevel.TextRenderActor_1
 |- Actor Package: /Game/__ExternalActors__/ThirdPerson/Maps/TheDorm/2/6Z/XD2RSVUVIRDP9AYGMKDRQU
 |- Actor Path: /Game/ThirdPerson/Maps/TheDorm.TheDorm:PersistentLevel.TheDorm_C_1
 |- Actor Package: /Game/ThirdPerson/Maps/TheDorm
 |- Actor Path: /Game/ThirdPerson/Maps/TheDorm.TheDorm:PersistentLevel.ThirdPersonCharacter_C_UAID_D843AE06D09D17F101_2025650710
 |- Actor Package: /Game/__ExternalActors__/ThirdPerson/Maps/TheDorm/F/4P/9AJB0ZS0PUIFAJ8Y5EMMSL
 |- Actor Path: /Game/ThirdPerson/Maps/TheDorm.TheDorm:PersistentLevel.VolumetricCloud_0
 |- Actor Package: /Game/__ExternalActors__/ThirdPerson/Maps/TheDorm/8/P0/GRV9MS77NXW27EEXH2TBGY
 |- Actor Path: /Game/ThirdPerson/Maps/TheDorm.TheDorm:PersistentLevel.WorldDataLayers
 |- Actor Package: /Game/__ExternalActors__/ThirdPerson/Maps/TheDorm/E/ML/7I8XAY2SNP66TFLCDIRSDY
 |- Actor Path: /Game/ThirdPerson/Maps/TheDorm.TheDorm:PersistentLevel.WorldInfo_0
 |- Actor Package: /Game/ThirdPerson/Maps/TheDorm
 |- Actor Path: /Game/ThirdPerson/Maps/TheDorm.TheDorm:PersistentLevel.WorldPartitionMiniMap_0
 |- Actor Package: /Game/__ExternalActors__/ThirdPerson/Maps/TheDorm/8/VP/6SO781U6W0SAW0RPHE9RR5

----------------------------------------------------------------------------------------------------------------
TheDorm - Runtime Spatial Hash - Streaming Grid - MainGrid
----------------------------------------------------------------------------------------------------------------
            Origin: X=0.000 Y=0.000 Z=0.000
         Cell Size: 12800
      World Bounds: IsValid=false, Min=(X=0.000 Y=0.000 Z=0.000), Max=(X=0.000 Y=0.000 Z=0.000)
     Loading Range: 25600.00
Block Slow Loading: No
 ClientOnlyVisible: No
            Origin: X=0.000 Y=0.000 Z=0.000

[+] Grid Levels: 1
 |- Level  0: Cell Count    0 | Cell Size   12800 | Actor Count    0 (0.0%)

[+] Content of Grid Level 0

